#
# A fatal error has been detected by the Java Runtime Environment:
#
#  SIGSEGV (0xb) at pc=0x00007fff8761a8f2, pid=20965, tid=0x0000000000000713
#
# JRE version: Java(TM) SE Runtime Environment (8.0_102-b04) (build 1.8.0_102-ea-b04)
# Java VM: Java HotSpot(TM) 64-Bit Server VM (25.102-b04 mixed mode bsd-amd64 compressed oops)
# Problematic frame:
# C  [libGPUSupportMercury.dylib+0xb8f2]  gldAttachDrawable+0x60
#
# Failed to write core dump. Core dumps have been disabled. To enable core dumping, try "ulimit -c unlimited" before starting Java again
#
# If you would like to submit a bug report, please visit:
#   http://bugreport.java.com/bugreport/crash.jsp
# The crash happened outside the Java Virtual Machine in native code.
# See problematic frame for where to report the bug.
#

---------------  T H R E A D  ---------------

Current thread (0x00007fee0286c000):  JavaThread "AppKit Thread" daemon [_thread_in_native, id=1811, stack(0x00007fff56dee000,0x00007fff575ee000)]

siginfo: si_signo: 11 (SIGSEGV), si_code: 0 (unknown), si_addr: 0x0000000000000000

Registers:
RAX=0x6000000000000000, RBX=0x000000000000271e, RCX=0x0000000000000000, RDX=0x00007fee01f34de8
RSP=0x00007fff575e7a20, RBP=0x00007fff575e7b20, RSI=0x0000000000000050, RDI=0x00007fff7591f070
R8 =0x00007fee05009e60, R9 =0x00007fee04800000, R10=0x000000000000003c, R11=0x0000000000000206
R12=0x0000000000002718, R13=0x00007fee021a8600, R14=0x0000000000000050, R15=0x0000000000000000
RIP=0x00007fff8761a8f2, EFLAGS=0x0000000000010212, ERR=0x0000000000000000
  TRAPNO=0x000000000000000d

Top of Stack: (sp=0x00007fff575e7a20)
0x00007fff575e7a20:   00007fff575e7a94 00007fee01d24d60
0x00007fff575e7a30:   ffffffffffffffff 0000206000000040
0x00007fff575e7a40:   00007fee01d24d78 00007fff913db64f
0x00007fff575e7a50:   0000000000000000 6000000000000000
0x00007fff575e7a60:   0000000300000003 00007fff575e7ba8
0x00007fff575e7a70:   00007fff575e7b34 000000000002839f
0x00007fff575e7a80:   00007fff575e7b2c 00007fff575e7b30
0x00007fff575e7a90:   00007fff575e7b10 00007fff88fc3359
0x00007fff575e7aa0:   0000000000000000 0000000000002e9a
0x00007fff575e7ab0:   0000003400001200 0000040b00000000
0x00007fff575e7ac0:   00007fff575e7af0 00007fff88f5cb9a
0x00007fff575e7ad0:   00007fff575e7b68 0000000000002e9a
0x00007fff575e7ae0:   00007fff575e7b20 0000000032d02ac1
0x00007fff575e7af0:   89009af0c0085467 00007fee05000000
0x00007fff575e7b00:   0000000000002718 0000000000000000
0x00007fff575e7b10:   0000000000000050 0000000000000000
0x00007fff575e7b20:   00007fff575e7b70 00007fff8ffc37fc
0x00007fff575e7b30:   00007fee05009e60 0000000000000000
0x00007fff575e7b40:   00007fee01f34de8 00007fee01e8e1e0
0x00007fff575e7b50:   0000000000000000 00007fee03963f50
0x00007fff575e7b60:   00007fee03962000 00007fff7591f070
0x00007fff575e7b70:   00007fff575e7c60 00007fff898fc870
0x00007fff575e7b80:   408c200000000000 4030000000000000
0x00007fff575e7b90:   4037000000000000 4096000000000000
0x00007fff575e7ba0:   408ab00000000000 0000000000000000
0x00007fff575e7bb0:   4036000000000000 4096000000000000
0x00007fff575e7bc0:   408a000000000000 0000000000000000
0x00007fff575e7bd0:   0000000000000000 0000000000000001
0x00007fff575e7be0:   00007fee01f34de8 0000000000000001
0x00007fff575e7bf0:   00007fff575e7c60 00007fff8990166b
0x00007fff575e7c00:   0000000100000003 00007fee03963f50
0x00007fff575e7c10:   00007fee03963e88 000000028856ffff 

Instructions: (pc=0x00007fff8761a8f2)
0x00007fff8761a8d2:   48 85 d2 b8 01 00 00 00 bb 15 27 00 00 0f 44 d8
0x00007fff8761a8e2:   e9 7f 01 00 00 49 8b 45 08 48 89 85 38 ff ff ff
0x00007fff8761a8f2:   48 8b 00 48 89 85 30 ff ff ff 83 fe 4f 0f 8f fd
0x00007fff8761a902:   00 00 00 48 89 d0 bb 15 27 00 00 83 fe 35 0f 84 

Register to memory mapping:

RAX=0x6000000000000000 is an unknown value
RBX=0x000000000000271e is an unknown value
RCX=0x0000000000000000 is an unknown value
RDX=0x00007fee01f34de8 is an unknown value
RSP=0x00007fff575e7a20 is pointing into the stack for thread: 0x00007fee0286c000
RBP=0x00007fff575e7b20 is pointing into the stack for thread: 0x00007fee0286c000
RSI=0x0000000000000050 is an unknown value
RDI=0x00007fff7591f070: __stack_chk_guard+0 in /usr/lib/system/libsystem_c.dylib at 0x00007fff8e03c000
R8 =0x00007fee05009e60 is an unknown value
R9 =0x00007fee04800000 is an unknown value
R10=0x000000000000003c is an unknown value
R11=0x0000000000000206 is an unknown value
R12=0x0000000000002718 is an unknown value
R13=0x00007fee021a8600 is an unknown value
R14=0x0000000000000050 is an unknown value
R15=0x0000000000000000 is an unknown value


Stack: [0x00007fff56dee000,0x00007fff575ee000],  sp=0x00007fff575e7a20,  free space=8166k
Native frames: (J=compiled Java code, j=interpreted, Vv=VM code, C=native code)
C  [libGPUSupportMercury.dylib+0xb8f2]  gldAttachDrawable+0x60
C  [GLEngine+0x167fc]  gliAttachDrawableWithOptions+0x101
C  [OpenGL+0x3870]  glcGetIOAccelService+0xe03
C  [OpenGL+0x7412]  CGLSetPBuffer+0xb90
C  [OpenGL+0x7735]  CGLSetSurface+0x124
C  [AppKit+0x332c34]  NSOpenGLContextAttachOnScreenViewSurface+0x109
C  [AppKit+0x31db7c]  -[NSOpenGLContext setView:]+0x83
C  [liblwjgl.dylib+0xa586]  -[MacOSXOpenGLView lockFocus]+0x76
C  [AppKit+0xe1f45]  -[NSView _recursiveDisplayRectIfNeededIgnoringOpacity:isVisibleRect:rectIsVisibleRectForView:topView:]+0x740
C  [AppKit+0xe2fa0]  -[NSView _recursiveDisplayRectIfNeededIgnoringOpacity:isVisibleRect:rectIsVisibleRectForView:topView:]+0x179b
C  [AppKit+0xe12f3]  -[NSThemeFrame _recursiveDisplayRectIfNeededIgnoringOpacity:isVisibleRect:rectIsVisibleRectForView:topView:]+0x14d
C  [AppKit+0xdd68b]  -[NSView _displayRectIgnoringOpacity:isVisibleRect:rectIsVisibleRectForView:]+0xac9
C  [AppKit+0x951ae]  -[NSView displayIfNeeded]+0x754
C  [AppKit+0x94a09]  -[NSWindow displayIfNeeded]+0xec
C  [AppKit+0x94672]  _handleWindowNeedsDisplayOrLayoutOrUpdateConstraints+0x3a8
C  [Foundation+0x4ba23]  __NSFireTimer+0x5f
C  [CoreFoundation+0xb72e4]  __CFRUNLOOP_IS_CALLING_OUT_TO_A_TIMER_CALLBACK_FUNCTION__+0x14
C  [CoreFoundation+0xb6f73]  __CFRunLoopDoTimer+0x423
C  [CoreFoundation+0x12a53d]  __CFRunLoopDoTimers+0x12d
C  [CoreFoundation+0x72608]  __CFRunLoopRun+0x7e8
C  [CoreFoundation+0x71bd8]  CFRunLoopRunSpecific+0x128
C  [HIToolbox+0x3256f]  RunCurrentEventLoopInMode+0xeb
C  [HIToolbox+0x322ea]  ReceiveNextEventCommon+0x1af
C  [HIToolbox+0x3212b]  _BlockUntilNextEventMatchingListInModeWithFilter+0x47
C  [AppKit+0x918ab]  _DPSNextEvent+0x3d2
C  [AppKit+0x90e58]  -[NSApplication nextEventMatchingMask:untilDate:inMode:dequeue:]+0x15a
C  [libosxapp.dylib+0x23aa]  -[NSApplicationAWT nextEventMatchingMask:untilDate:inMode:dequeue:]+0x7c
C  [AppKit+0x86af3]  -[NSApplication run]+0x252
C  [libosxapp.dylib+0x214d]  +[NSApplicationAWT runAWTLoopWithApp:]+0x9c
C  [libawt_lwawt.dylib+0x444b3]  -[AWTStarter starter:]+0x389
C  [Foundation+0x92dd0]  __NSThreadPerformPerform+0x125
C  [CoreFoundation+0x80a01]  __CFRUNLOOP_IS_CALLING_OUT_TO_A_SOURCE0_PERFORM_FUNCTION__+0x11
C  [CoreFoundation+0x72b8d]  __CFRunLoopDoSources0+0x10d
C  [CoreFoundation+0x721bf]  __CFRunLoopRun+0x39f
C  [CoreFoundation+0x71bd8]  CFRunLoopRunSpecific+0x128
C  [java+0x6465]  CreateExecutionEnvironment+0x367
C  [java+0x218c]  JLI_Launch+0x7a0
C  [java+0x84c2]  main+0x65
C  [java+0x19e4]  start+0x34
C  0x0000000000000006


---------------  P R O C E S S  ---------------

Java Threads: ( => current thread )
  0x00007fee02afa000 JavaThread "AWT-Shutdown" [_thread_blocked, id=28723, stack(0x000000019ff41000,0x00000001a0041000)]
=>0x00007fee0286c000 JavaThread "AppKit Thread" daemon [_thread_in_native, id=1811, stack(0x00007fff56dee000,0x00007fff575ee000)]
  0x00007fee02026800 JavaThread "Service Thread" daemon [_thread_blocked, id=18179, stack(0x000000019f9af000,0x000000019faaf000)]
  0x00007fee0200b800 JavaThread "C1 CompilerThread2" daemon [_thread_blocked, id=17667, stack(0x000000019f8ac000,0x000000019f9ac000)]
  0x00007fee0200a800 JavaThread "C2 CompilerThread1" daemon [_thread_blocked, id=17155, stack(0x000000019f7a9000,0x000000019f8a9000)]
  0x00007fee02005800 JavaThread "C2 CompilerThread0" daemon [_thread_blocked, id=16643, stack(0x000000019f6a6000,0x000000019f7a6000)]
  0x00007fee02005000 JavaThread "Signal Dispatcher" daemon [_thread_blocked, id=16151, stack(0x000000019f5a3000,0x000000019f6a3000)]
  0x00007fee02860000 JavaThread "Finalizer" daemon [_thread_blocked, id=11523, stack(0x000000019db94000,0x000000019dc94000)]
  0x00007fee03801000 JavaThread "Reference Handler" daemon [_thread_blocked, id=11011, stack(0x000000019da91000,0x000000019db91000)]
  0x00007fee0300a000 JavaThread "main" [_thread_in_native, id=4867, stack(0x0000000109e18000,0x0000000109f18000)]

Other Threads:
  0x00007fee02859000 VMThread [stack: 0x000000019d98e000,0x000000019da8e000] [id=10499]
  0x00007fee02834800 WatcherThread [stack: 0x000000019fab2000,0x000000019fbb2000] [id=18691]

VM state:not at safepoint (normal execution)

VM Mutex/Monitor currently owned by a thread: None

Heap:
 PSYoungGen      total 18944K, used 8843K [0x0000000144100000, 0x0000000145600000, 0x0000000159600000)
  eden space 16384K, 41% used [0x0000000144100000,0x000000014479edd0,0x0000000145100000)
  from space 2560K, 80% used [0x0000000145100000,0x0000000145304010,0x0000000145380000)
  to   space 2560K, 0% used [0x0000000145380000,0x0000000145380000,0x0000000145600000)
 ParOldGen       total 44032K, used 8K [0x0000000119600000, 0x000000011c100000, 0x0000000144100000)
  object space 44032K, 0% used [0x0000000119600000,0x0000000119602000,0x000000011c100000)
 Metaspace       used 6741K, capacity 6875K, committed 7168K, reserved 1056768K
  class space    used 654K, capacity 728K, committed 768K, reserved 1048576K

Card table byte_map: [0x0000000159600000,0x0000000159801000] byte_map_base: 0x0000000158d35000

Marking Bits: (ParMarkBitMap*) 0x0000000108fa2610
 Begin Bits: [0x0000000159d63000, 0x000000015ad63000)
 End Bits:   [0x000000015ad63000, 0x000000015bd63000)

Polling page: 0x00000001095ff000

CodeCache: size=245760Kb used=3178Kb max_used=3178Kb free=242582Kb
 bounds [0x0000000109f6f000, 0x000000010a28f000, 0x0000000118f6f000]
 total_blobs=1224 nmethods=858 adapters=281
 compilation: enabled

Compilation events (10 events):
Event: 16.325 Thread 0x00007fee0200b800  854       3       sun.awt.AWTAutoShutdown::notifyToolkitThreadFree (8 bytes)
Event: 16.325 Thread 0x00007fee0200b800 nmethod 854 0x000000010a28ab10 code [0x000000010a28ac80, 0x000000010a28ae48]
Event: 16.681 Thread 0x00007fee0200b800  855       3       java.nio.HeapByteBuffer::putLong (21 bytes)
Event: 16.682 Thread 0x00007fee0200b800 nmethod 855 0x000000010a28a450 code [0x000000010a28a5e0, 0x000000010a28a9a8]
Event: 16.682 Thread 0x00007fee0200b800  856       3       java.nio.Bits::putLong (21 bytes)
Event: 16.682 Thread 0x00007fee0200b800 nmethod 856 0x000000010a28a010 code [0x000000010a28a180, 0x000000010a28a378]
Event: 16.819 Thread 0x00007fee0200b800  857       3       org.lwjgl.opengl.MacOSXNativeMouse::putMouseEventWithCoords (58 bytes)
Event: 16.820 Thread 0x00007fee0200b800 nmethod 857 0x000000010a2891d0 code [0x000000010a2893c0, 0x000000010a289c68]
Event: 16.870 Thread 0x00007fee0200b800  858  s    3       org.lwjgl.opengl.MacOSXNativeMouse::mouseMoved (138 bytes)
Event: 16.871 Thread 0x00007fee0200b800 nmethod 858 0x000000010a28b890 code [0x000000010a28baa0, 0x000000010a28c328]

GC Heap History (2 events):
Event: 1.895 GC heap before
{Heap before GC invocations=1 (full 0):
 PSYoungGen      total 18944K, used 16384K [0x0000000144100000, 0x0000000145600000, 0x0000000159600000)
  eden space 16384K, 100% used [0x0000000144100000,0x0000000145100000,0x0000000145100000)
  from space 2560K, 0% used [0x0000000145380000,0x0000000145380000,0x0000000145600000)
  to   space 2560K, 0% used [0x0000000145100000,0x0000000145100000,0x0000000145380000)
 ParOldGen       total 44032K, used 0K [0x0000000119600000, 0x000000011c100000, 0x0000000144100000)
  object space 44032K, 0% used [0x0000000119600000,0x0000000119600000,0x000000011c100000)
 Metaspace       used 6516K, capacity 6651K, committed 6912K, reserved 1056768K
  class space    used 644K, capacity 696K, committed 768K, reserved 1048576K
Event: 1.901 GC heap after
Heap after GC invocations=1 (full 0):
 PSYoungGen      total 18944K, used 2064K [0x0000000144100000, 0x0000000145600000, 0x0000000159600000)
  eden space 16384K, 0% used [0x0000000144100000,0x0000000144100000,0x0000000145100000)
  from space 2560K, 80% used [0x0000000145100000,0x0000000145304010,0x0000000145380000)
  to   space 2560K, 0% used [0x0000000145380000,0x0000000145380000,0x0000000145600000)
 ParOldGen       total 44032K, used 8K [0x0000000119600000, 0x000000011c100000, 0x0000000144100000)
  object space 44032K, 0% used [0x0000000119600000,0x0000000119602000,0x000000011c100000)
 Metaspace       used 6516K, capacity 6651K, committed 6912K, reserved 1056768K
  class space    used 644K, capacity 696K, committed 768K, reserved 1048576K
}

Deoptimization events (2 events):
Event: 0.701 Thread 0x00007fee0300a000 Uncommon trap: reason=unstable_if action=reinterpret pc=0x000000010a114a5c method=java.lang.String.replace(CC)Ljava/lang/String; @ 26
Event: 5.087 Thread 0x00007fee0300a000 Uncommon trap: reason=unstable_if action=reinterpret pc=0x000000010a217780 method=org.newdawn.slick.opengl.TextureImpl.bind()V @ 4

Internal exceptions (10 events):
Event: 0.168 Thread 0x00007fee0300a000 Exception <a 'java/security/PrivilegedActionException'> (0x00000001442c0da0) thrown at [/HUDSON3/workspace/8-2-build-macosx-x86_64/jdk8u102/6817.nc/hotspot/src/share/vm/prims/jvm.cpp, line 1386]
Event: 0.168 Thread 0x00007fee0300a000 Exception <a 'java/security/PrivilegedActionException'> (0x00000001442c0fb0) thrown at [/HUDSON3/workspace/8-2-build-macosx-x86_64/jdk8u102/6817.nc/hotspot/src/share/vm/prims/jvm.cpp, line 1386]
Event: 0.168 Thread 0x00007fee0300a000 Exception <a 'java/security/PrivilegedActionException'> (0x00000001442c3b98) thrown at [/HUDSON3/workspace/8-2-build-macosx-x86_64/jdk8u102/6817.nc/hotspot/src/share/vm/prims/jvm.cpp, line 1386]
Event: 0.168 Thread 0x00007fee0300a000 Exception <a 'java/security/PrivilegedActionException'> (0x00000001442c3da8) thrown at [/HUDSON3/workspace/8-2-build-macosx-x86_64/jdk8u102/6817.nc/hotspot/src/share/vm/prims/jvm.cpp, line 1386]
Event: 0.168 Thread 0x00007fee0300a000 Exception <a 'java/security/PrivilegedActionException'> (0x00000001442c4cd8) thrown at [/HUDSON3/workspace/8-2-build-macosx-x86_64/jdk8u102/6817.nc/hotspot/src/share/vm/prims/jvm.cpp, line 1386]
Event: 0.168 Thread 0x00007fee0300a000 Exception <a 'java/security/PrivilegedActionException'> (0x00000001442c4ee8) thrown at [/HUDSON3/workspace/8-2-build-macosx-x86_64/jdk8u102/6817.nc/hotspot/src/share/vm/prims/jvm.cpp, line 1386]
Event: 0.225 Thread 0x00007fee0300a000 Exception <a 'java/lang/NoSuchFieldError': method resolution failed> (0x0000000144393150) thrown at [/HUDSON3/workspace/8-2-build-macosx-x86_64/jdk8u102/6817.nc/hotspot/src/share/vm/prims/methodHandles.cpp, line 1146]
Event: 0.227 Thread 0x00007fee0300a000 Exception <a 'java/lang/NoSuchFieldError': method resolution failed> (0x00000001443a08a0) thrown at [/HUDSON3/workspace/8-2-build-macosx-x86_64/jdk8u102/6817.nc/hotspot/src/share/vm/prims/methodHandles.cpp, line 1146]
Event: 0.435 Thread 0x00007fee0300a000 Exception <a 'java/io/FileNotFoundException'> (0x000000014441b3a8) thrown at [/HUDSON3/workspace/8-2-build-macosx-x86_64/jdk8u102/6817.nc/hotspot/src/share/vm/prims/jni.cpp, line 709]
Event: 0.435 Thread 0x00007fee0300a000 Exception <a 'java/io/FileNotFoundException'> (0x000000014441bf30) thrown at [/HUDSON3/workspace/8-2-build-macosx-x86_64/jdk8u102/6817.nc/hotspot/src/share/vm/prims/jni.cpp, line 709]

Events (10 events):
Event: 14.139 Executing VM operation: RevokeBias
Event: 14.139 Executing VM operation: RevokeBias done
Event: 14.139 Thread 0x00007fee02af7800 Thread exited: 0x00007fee02af7800
Event: 14.556 Thread 0x00007fee03974000 Thread added: 0x00007fee03974000
Event: 18.962 Executing VM operation: RevokeBias
Event: 18.963 Executing VM operation: RevokeBias done
Event: 18.963 Thread 0x00007fee03974000 Thread exited: 0x00007fee03974000
Event: 19.062 Thread 0x00007fee02afa000 Thread added: 0x00007fee02afa000
Event: 19.191 loading class org/lwjgl/opengl/CallbackUtil
Event: 19.191 loading class org/lwjgl/opengl/CallbackUtil done


Dynamic libraries:
0x0000000003df7000 	/System/Library/Frameworks/Cocoa.framework/Versions/A/Cocoa
0x0000000003df7000 	/System/Library/Frameworks/Security.framework/Versions/A/Security
0x0000000003df7000 	/System/Library/Frameworks/ApplicationServices.framework/Versions/A/ApplicationServices
0x0000000003df7000 	/usr/lib/libz.1.dylib
0x0000000003df7000 	/usr/lib/libSystem.B.dylib
0x0000000003df7000 	/usr/lib/libobjc.A.dylib
0x0000000003df7000 	/System/Library/Frameworks/CoreFoundation.framework/Versions/A/CoreFoundation
0x0000000003df7000 	/System/Library/Frameworks/Foundation.framework/Versions/C/Foundation
0x0000000003df7000 	/System/Library/Frameworks/AppKit.framework/Versions/C/AppKit
0x0000000003df7000 	/System/Library/Frameworks/CoreData.framework/Versions/A/CoreData
0x0000000003df7000 	/System/Library/PrivateFrameworks/RemoteViewServices.framework/Versions/A/RemoteViewServices
0x0000000003df7000 	/System/Library/PrivateFrameworks/UIFoundation.framework/Versions/A/UIFoundation
0x0000000003df7000 	/System/Library/Frameworks/IOSurface.framework/Versions/A/IOSurface
0x0000000003df7000 	/System/Library/Frameworks/AudioToolbox.framework/Versions/A/AudioToolbox
0x0000000003df7000 	/System/Library/Frameworks/AudioUnit.framework/Versions/A/AudioUnit
0x0000000003df7000 	/System/Library/PrivateFrameworks/DataDetectorsCore.framework/Versions/A/DataDetectorsCore
0x0000000003df7000 	/System/Library/PrivateFrameworks/DesktopServicesPriv.framework/Versions/A/DesktopServicesPriv
0x0000000003df7000 	/System/Library/Frameworks/Carbon.framework/Versions/A/Frameworks/HIToolbox.framework/Versions/A/HIToolbox
0x0000000003df7000 	/System/Library/Frameworks/QuartzCore.framework/Versions/A/QuartzCore
0x0000000003df7000 	/System/Library/Frameworks/Carbon.framework/Versions/A/Frameworks/SpeechRecognition.framework/Versions/A/SpeechRecognition
0x0000000003df7000 	/usr/lib/libauto.dylib
0x0000000003df7000 	/usr/lib/libicucore.A.dylib
0x0000000003df7000 	/usr/lib/libxml2.2.dylib
0x0000000003df7000 	/System/Library/PrivateFrameworks/CoreUI.framework/Versions/A/CoreUI
0x0000000003df7000 	/System/Library/Frameworks/CoreAudio.framework/Versions/A/CoreAudio
0x0000000003df7000 	/System/Library/Frameworks/DiskArbitration.framework/Versions/A/DiskArbitration
0x0000000003df7000 	/usr/lib/liblangid.dylib
0x0000000003df7000 	/System/Library/PrivateFrameworks/MultitouchSupport.framework/Versions/A/MultitouchSupport
0x0000000003df7000 	/System/Library/Frameworks/IOKit.framework/Versions/A/IOKit
0x0000000003df7000 	/usr/lib/libDiagnosticMessagesClient.dylib
0x0000000003df7000 	/System/Library/Frameworks/CoreServices.framework/Versions/A/CoreServices
0x0000000003df7000 	/System/Library/PrivateFrameworks/PerformanceAnalysis.framework/Versions/A/PerformanceAnalysis
0x0000000003df7000 	/System/Library/PrivateFrameworks/GenerationalStorage.framework/Versions/A/GenerationalStorage
0x0000000003df7000 	/System/Library/Frameworks/OpenGL.framework/Versions/A/OpenGL
0x0000000003df7000 	/System/Library/PrivateFrameworks/Sharing.framework/Versions/A/Sharing
0x0000000003df7000 	/System/Library/Frameworks/CoreGraphics.framework/Versions/A/CoreGraphics
0x0000000003df7000 	/System/Library/Frameworks/CoreText.framework/Versions/A/CoreText
0x0000000003df7000 	/System/Library/Frameworks/ImageIO.framework/Versions/A/ImageIO
0x0000000003df7000 	/usr/lib/libextension.dylib
0x0000000003df7000 	/System/Library/PrivateFrameworks/Backup.framework/Versions/A/Backup
0x0000000003df7000 	/usr/lib/libarchive.2.dylib
0x0000000003df7000 	/System/Library/Frameworks/CFNetwork.framework/Versions/A/CFNetwork
0x0000000003df7000 	/System/Library/Frameworks/SystemConfiguration.framework/Versions/A/SystemConfiguration
0x0000000003df7000 	/usr/lib/libCRFSuite.dylib
0x0000000003df7000 	/usr/lib/libc++.1.dylib
0x0000000003df7000 	/usr/lib/libc++abi.dylib
0x0000000003df7000 	/usr/lib/system/libcache.dylib
0x0000000003df7000 	/usr/lib/system/libcommonCrypto.dylib
0x0000000003df7000 	/usr/lib/system/libcompiler_rt.dylib
0x0000000003df7000 	/usr/lib/system/libcopyfile.dylib
0x0000000003df7000 	/usr/lib/system/libcorecrypto.dylib
0x0000000003df7000 	/usr/lib/system/libdispatch.dylib
0x0000000003df7000 	/usr/lib/system/libdyld.dylib
0x0000000003df7000 	/usr/lib/system/libkeymgr.dylib
0x0000000003df7000 	/usr/lib/system/liblaunch.dylib
0x0000000003df7000 	/usr/lib/system/libmacho.dylib
0x0000000003df7000 	/usr/lib/system/libquarantine.dylib
0x0000000003df7000 	/usr/lib/system/libremovefile.dylib
0x0000000003df7000 	/usr/lib/system/libsystem_asl.dylib
0x0000000003df7000 	/usr/lib/system/libsystem_blocks.dylib
0x0000000003df7000 	/usr/lib/system/libsystem_c.dylib
0x0000000003df7000 	/usr/lib/system/libsystem_configuration.dylib
0x0000000003df7000 	/usr/lib/system/libsystem_coreservices.dylib
0x0000000003df7000 	/usr/lib/system/libsystem_coretls.dylib
0x0000000003df7000 	/usr/lib/system/libsystem_dnssd.dylib
0x0000000003df7000 	/usr/lib/system/libsystem_info.dylib
0x0000000003df7000 	/usr/lib/system/libsystem_kernel.dylib
0x0000000003df7000 	/usr/lib/system/libsystem_m.dylib
0x0000000003df7000 	/usr/lib/system/libsystem_malloc.dylib
0x0000000003df7000 	/usr/lib/system/libsystem_network.dylib
0x0000000003df7000 	/usr/lib/system/libsystem_networkextension.dylib
0x0000000003df7000 	/usr/lib/system/libsystem_notify.dylib
0x0000000003df7000 	/usr/lib/system/libsystem_platform.dylib
0x0000000003df7000 	/usr/lib/system/libsystem_pthread.dylib
0x0000000003df7000 	/usr/lib/system/libsystem_sandbox.dylib
0x0000000003df7000 	/usr/lib/system/libsystem_secinit.dylib
0x0000000003df7000 	/usr/lib/system/libsystem_stats.dylib
0x0000000003df7000 	/usr/lib/system/libsystem_trace.dylib
0x0000000003df7000 	/usr/lib/system/libunc.dylib
0x0000000003df7000 	/usr/lib/system/libunwind.dylib
0x0000000003df7000 	/usr/lib/system/libxpc.dylib
0x0000000003df7000 	/usr/lib/libbz2.1.0.dylib
0x0000000003df7000 	/usr/lib/liblzma.5.dylib
0x0000000003df7000 	/usr/lib/libbsm.0.dylib
0x0000000003df7000 	/usr/lib/libsqlite3.dylib
0x0000000003df7000 	/usr/lib/system/libkxld.dylib
0x0000000003df7000 	/usr/lib/libxar.1.dylib
0x0000000003df7000 	/usr/lib/libpam.2.dylib
0x0000000003df7000 	/usr/lib/libOpenScriptingUtil.dylib
0x0000000003df7000 	/System/Library/Frameworks/CoreServices.framework/Versions/A/Frameworks/FSEvents.framework/Versions/A/FSEvents
0x0000000003df7000 	/System/Library/Frameworks/CoreServices.framework/Versions/A/Frameworks/CarbonCore.framework/Versions/A/CarbonCore
0x0000000003df7000 	/System/Library/Frameworks/CoreServices.framework/Versions/A/Frameworks/Metadata.framework/Versions/A/Metadata
0x0000000003df7000 	/System/Library/Frameworks/CoreServices.framework/Versions/A/Frameworks/OSServices.framework/Versions/A/OSServices
0x0000000003df7000 	/System/Library/Frameworks/CoreServices.framework/Versions/A/Frameworks/SearchKit.framework/Versions/A/SearchKit
0x0000000003df7000 	/System/Library/Frameworks/CoreServices.framework/Versions/A/Frameworks/AE.framework/Versions/A/AE
0x0000000003df7000 	/System/Library/Frameworks/CoreServices.framework/Versions/A/Frameworks/LaunchServices.framework/Versions/A/LaunchServices
0x0000000003df7000 	/System/Library/Frameworks/CoreServices.framework/Versions/A/Frameworks/DictionaryServices.framework/Versions/A/DictionaryServices
0x0000000003df7000 	/System/Library/Frameworks/NetFS.framework/Versions/A/NetFS
0x0000000003df7000 	/System/Library/PrivateFrameworks/NetAuth.framework/Versions/A/NetAuth
0x0000000003df7000 	/System/Library/PrivateFrameworks/login.framework/Versions/A/Frameworks/loginsupport.framework/Versions/A/loginsupport
0x0000000003df7000 	/System/Library/PrivateFrameworks/TCC.framework/Versions/A/TCC
0x0000000003df7000 	/usr/lib/libmecabra.dylib
0x0000000003df7000 	/System/Library/Frameworks/ApplicationServices.framework/Versions/A/Frameworks/ATS.framework/Versions/A/ATS
0x0000000003df7000 	/System/Library/Frameworks/ApplicationServices.framework/Versions/A/Frameworks/ColorSync.framework/Versions/A/ColorSync
0x0000000003df7000 	/System/Library/Frameworks/ApplicationServices.framework/Versions/A/Frameworks/HIServices.framework/Versions/A/HIServices
0x0000000003df7000 	/System/Library/Frameworks/ApplicationServices.framework/Versions/A/Frameworks/LangAnalysis.framework/Versions/A/LangAnalysis
0x0000000003df7000 	/System/Library/Frameworks/ApplicationServices.framework/Versions/A/Frameworks/PrintCore.framework/Versions/A/PrintCore
0x0000000003df7000 	/System/Library/Frameworks/ApplicationServices.framework/Versions/A/Frameworks/QD.framework/Versions/A/QD
0x0000000003df7000 	/System/Library/Frameworks/ApplicationServices.framework/Versions/A/Frameworks/SpeechSynthesis.framework/Versions/A/SpeechSynthesis
0x0000000003df7000 	/System/Library/Frameworks/Accelerate.framework/Versions/A/Accelerate
0x0000000003df7000 	/System/Library/Frameworks/Accelerate.framework/Versions/A/Frameworks/vImage.framework/Versions/A/vImage
0x0000000003df7000 	/System/Library/Frameworks/Accelerate.framework/Versions/A/Frameworks/vecLib.framework/Versions/A/vecLib
0x0000000003df7000 	/System/Library/Frameworks/Accelerate.framework/Versions/A/Frameworks/vecLib.framework/Versions/A/libvDSP.dylib
0x0000000003df7000 	/System/Library/Frameworks/Accelerate.framework/Versions/A/Frameworks/vecLib.framework/Versions/A/libvMisc.dylib
0x0000000003df7000 	/System/Library/Frameworks/Accelerate.framework/Versions/A/Frameworks/vecLib.framework/Versions/A/libLAPACK.dylib
0x0000000003df7000 	/System/Library/Frameworks/Accelerate.framework/Versions/A/Frameworks/vecLib.framework/Versions/A/libBLAS.dylib
0x0000000003df7000 	/System/Library/Frameworks/Accelerate.framework/Versions/A/Frameworks/vecLib.framework/Versions/A/libLinearAlgebra.dylib
0x0000000003df7000 	/System/Library/Frameworks/ApplicationServices.framework/Versions/A/Frameworks/ATS.framework/Versions/A/Resources/libFontParser.dylib
0x0000000003df7000 	/System/Library/Frameworks/ApplicationServices.framework/Versions/A/Frameworks/ATS.framework/Versions/A/Resources/libFontRegistry.dylib
0x0000000003df7000 	/System/Library/PrivateFrameworks/AppleVPA.framework/Versions/A/AppleVPA
0x0000000003df7000 	/System/Library/PrivateFrameworks/AppleJPEG.framework/Versions/A/AppleJPEG
0x0000000003df7000 	/System/Library/Frameworks/ImageIO.framework/Versions/A/Resources/libJPEG.dylib
0x0000000003df7000 	/System/Library/Frameworks/ImageIO.framework/Versions/A/Resources/libTIFF.dylib
0x0000000003df7000 	/System/Library/Frameworks/ImageIO.framework/Versions/A/Resources/libPng.dylib
0x0000000003df7000 	/System/Library/Frameworks/ImageIO.framework/Versions/A/Resources/libGIF.dylib
0x0000000003df7000 	/System/Library/Frameworks/ImageIO.framework/Versions/A/Resources/libJP2.dylib
0x0000000003df7000 	/System/Library/Frameworks/ImageIO.framework/Versions/A/Resources/libRadiance.dylib
0x0000000003df7000 	/System/Library/Frameworks/CoreVideo.framework/Versions/A/CoreVideo
0x0000000003df7000 	/System/Library/Frameworks/OpenGL.framework/Versions/A/Libraries/libGLU.dylib
0x0000000003df7000 	/System/Library/Frameworks/OpenGL.framework/Versions/A/Libraries/libGFXShared.dylib
0x0000000003df7000 	/System/Library/Frameworks/OpenGL.framework/Versions/A/Libraries/libGL.dylib
0x0000000003df7000 	/System/Library/Frameworks/OpenGL.framework/Versions/A/Libraries/libGLImage.dylib
0x0000000003df7000 	/System/Library/Frameworks/OpenGL.framework/Versions/A/Libraries/libCVMSPluginSupport.dylib
0x0000000003df7000 	/System/Library/Frameworks/OpenGL.framework/Versions/A/Libraries/libCoreVMClient.dylib
0x0000000003df7000 	/usr/lib/libcups.2.dylib
0x0000000003df7000 	/System/Library/Frameworks/Kerberos.framework/Versions/A/Kerberos
0x0000000003df7000 	/System/Library/Frameworks/GSS.framework/Versions/A/GSS
0x0000000003df7000 	/usr/lib/libresolv.9.dylib
0x0000000003df7000 	/usr/lib/libiconv.2.dylib
0x0000000003df7000 	/System/Library/PrivateFrameworks/Heimdal.framework/Versions/A/Heimdal
0x0000000003df7000 	/usr/lib/libheimdal-asn1.dylib
0x0000000003df7000 	/System/Library/Frameworks/OpenDirectory.framework/Versions/A/OpenDirectory
0x0000000003df7000 	/System/Library/PrivateFrameworks/CommonAuth.framework/Versions/A/CommonAuth
0x0000000003df7000 	/System/Library/Frameworks/OpenDirectory.framework/Versions/A/Frameworks/CFOpenDirectory.framework/Versions/A/CFOpenDirectory
0x0000000003df7000 	/System/Library/Frameworks/SecurityFoundation.framework/Versions/A/SecurityFoundation
0x0000000003df7000 	/System/Library/PrivateFrameworks/LanguageModeling.framework/Versions/A/LanguageModeling
0x0000000003df7000 	/usr/lib/libcmph.dylib
0x0000000003df7000 	/System/Library/Frameworks/ServiceManagement.framework/Versions/A/ServiceManagement
0x0000000003df7000 	/usr/lib/libxslt.1.dylib
0x0000000003df7000 	/System/Library/Frameworks/Carbon.framework/Versions/A/Frameworks/Ink.framework/Versions/A/Ink
0x0000000003df7000 	/System/Library/Frameworks/QuartzCore.framework/Versions/A/Frameworks/CoreImage.framework/Versions/A/CoreImage
0x0000000003df7000 	/System/Library/PrivateFrameworks/CrashReporterSupport.framework/Versions/A/CrashReporterSupport
0x0000000003df7000 	/System/Library/Frameworks/OpenCL.framework/Versions/A/OpenCL
0x0000000003df7000 	/System/Library/PrivateFrameworks/FaceCore.framework/Versions/A/FaceCore
0x0000000003df7000 	/System/Library/PrivateFrameworks/Ubiquity.framework/Versions/A/Ubiquity
0x0000000003df7000 	/System/Library/PrivateFrameworks/IconServices.framework/Versions/A/IconServices
0x0000000003df7000 	/System/Library/PrivateFrameworks/ChunkingLibrary.framework/Versions/A/ChunkingLibrary
0x0000000003df7000 	/System/Library/PrivateFrameworks/Apple80211.framework/Versions/A/Apple80211
0x0000000003df7000 	/System/Library/Frameworks/CoreWLAN.framework/Versions/A/CoreWLAN
0x0000000003df7000 	/System/Library/Frameworks/IOBluetooth.framework/Versions/A/IOBluetooth
0x0000000003df7000 	/System/Library/PrivateFrameworks/CoreWiFi.framework/Versions/A/CoreWiFi
0x0000000003df7000 	/System/Library/Frameworks/CoreBluetooth.framework/Versions/A/CoreBluetooth
0x0000000003df7000 	/System/Library/PrivateFrameworks/DebugSymbols.framework/Versions/A/DebugSymbols
0x0000000003df7000 	/System/Library/PrivateFrameworks/CoreSymbolication.framework/Versions/A/CoreSymbolication
0x0000000003df7000 	/System/Library/PrivateFrameworks/Symbolication.framework/Versions/A/Symbolication
0x0000000003df7000 	/System/Library/PrivateFrameworks/SpeechRecognitionCore.framework/Versions/A/SpeechRecognitionCore
0x0000000108711000 	/Library/Java/JavaVirtualMachines/jdk1.8.0_102.jdk/Contents/Home/jre/lib/server/libjvm.dylib
0x0000000003df7000 	/usr/lib/libstdc++.6.dylib
0x0000000109f1a000 	/Library/Java/JavaVirtualMachines/jdk1.8.0_102.jdk/Contents/Home/jre/lib/libverify.dylib
0x0000000109f28000 	/Library/Java/JavaVirtualMachines/jdk1.8.0_102.jdk/Contents/Home/jre/lib/libjava.dylib
0x0000000109f66000 	/Library/Java/JavaVirtualMachines/jdk1.8.0_102.jdk/Contents/Home/jre/lib/libzip.dylib
0x000000019dc96000 	/System/Library/Frameworks/JavaVM.framework/Frameworks/JavaRuntimeSupport.framework/JavaRuntimeSupport
0x00000001193e7000 	/System/Library/Frameworks/JavaVM.framework/Versions/A/Frameworks/JavaNativeFoundation.framework/Versions/A/JavaNativeFoundation
0x000000019dcb1000 	/System/Library/Frameworks/JavaVM.framework/Versions/A/JavaVM
0x0000000003df7000 	/System/Library/Frameworks/Carbon.framework/Versions/A/Carbon
0x000000019dcbe000 	/System/Library/PrivateFrameworks/JavaLaunching.framework/Versions/A/JavaLaunching
0x0000000003df7000 	/System/Library/Frameworks/Carbon.framework/Versions/A/Frameworks/CommonPanels.framework/Versions/A/CommonPanels
0x0000000003df7000 	/System/Library/Frameworks/Carbon.framework/Versions/A/Frameworks/Help.framework/Versions/A/Help
0x0000000003df7000 	/System/Library/Frameworks/Carbon.framework/Versions/A/Frameworks/ImageCapture.framework/Versions/A/ImageCapture
0x0000000003df7000 	/System/Library/Frameworks/Carbon.framework/Versions/A/Frameworks/OpenScripting.framework/Versions/A/OpenScripting
0x0000000003df7000 	/System/Library/Frameworks/Carbon.framework/Versions/A/Frameworks/Print.framework/Versions/A/Print
0x0000000003df7000 	/System/Library/Frameworks/Carbon.framework/Versions/A/Frameworks/SecurityHI.framework/Versions/A/SecurityHI
0x000000019fc06000 	/Library/Java/JavaVirtualMachines/jdk1.8.0_102.jdk/Contents/Home/jre/lib/libawt.dylib
0x000000019fcae000 	/Library/Java/JavaVirtualMachines/jdk1.8.0_102.jdk/Contents/Home/jre/lib/./libmlib_image.dylib
0x000000019fd7a000 	/Library/Java/JavaVirtualMachines/jdk1.8.0_102.jdk/Contents/Home/jre/lib/libawt_lwawt.dylib
0x000000019fe2f000 	/Library/Java/JavaVirtualMachines/jdk1.8.0_102.jdk/Contents/Home/jre/lib/./libosxapp.dylib
0x0000000003df7000 	/System/Library/Frameworks/ExceptionHandling.framework/Versions/A/ExceptionHandling
0x0000000003df7000 	/System/Library/PrivateFrameworks/CoreServicesInternal.framework/Versions/A/CoreServicesInternal
0x0000000003df7000 	/System/Library/PrivateFrameworks/CloudDocs.framework/Versions/A/CloudDocs
0x0000000003df7000 	/System/Library/PrivateFrameworks/CoreDuet.framework/Versions/A/CoreDuet
0x0000000003df7000 	/System/Library/Frameworks/CloudKit.framework/Versions/A/CloudKit
0x0000000003df7000 	/System/Library/PrivateFrameworks/ProtocolBuffer.framework/Versions/A/ProtocolBuffer
0x0000000003df7000 	/System/Library/PrivateFrameworks/CoreDuetDaemonProtocol.framework/Versions/A/CoreDuetDaemonProtocol
0x0000000003df7000 	/System/Library/PrivateFrameworks/CoreDuetDebugLogging.framework/Versions/A/CoreDuetDebugLogging
0x0000000003df7000 	/System/Library/PrivateFrameworks/MMCS.framework/Versions/A/MMCS
0x0000000003df7000 	/System/Library/Frameworks/CoreLocation.framework/Versions/A/CoreLocation
0x0000000003df7000 	/System/Library/PrivateFrameworks/ProtectedCloudStorage.framework/Versions/A/ProtectedCloudStorage
0x0000000003df7000 	/System/Library/PrivateFrameworks/GeoServices.framework/Versions/A/GeoServices
0x0000000003df7000 	/System/Library/Frameworks/CoreGraphics.framework/Versions/A/Resources/libCGCMS.A.dylib
0x0000000003df7000 	/System/Library/Frameworks/CoreGraphics.framework/Versions/A/Resources/libRIP.A.dylib
0x0000000003df7000 	/System/Library/Frameworks/CoreGraphics.framework/Versions/A/Resources/libCGXType.A.dylib
0x0000000003df7000 	/System/Library/Frameworks/OpenCL.framework/Versions/A/Libraries/libcldcpuengine.dylib
0x0000000003df7000 	/System/Library/PrivateFrameworks/DiskImages.framework/Versions/A/DiskImages
0x0000000003df7000 	/System/Library/Frameworks/DiscRecording.framework/Versions/A/DiscRecording
0x0000000003df7000 	/usr/lib/libcsfde.dylib
0x0000000003df7000 	/usr/lib/libcurl.4.dylib
0x0000000003df7000 	/System/Library/PrivateFrameworks/MediaKit.framework/Versions/A/MediaKit
0x0000000003df7000 	/usr/lib/libCoreStorage.dylib
0x0000000003df7000 	/System/Library/PrivateFrameworks/EFILogin.framework/Versions/A/EFILogin
0x0000000003df7000 	/usr/lib/libutil.dylib
0x0000000003df7000 	/System/Library/PrivateFrameworks/FindMyDevice.framework/Versions/A/FindMyDevice
0x0000000003df7000 	/System/Library/Frameworks/LDAP.framework/Versions/A/LDAP
0x0000000003df7000 	/usr/lib/libsasl2.2.dylib
0x0000000003df7000 	/System/Library/PrivateFrameworks/CoreDaemon.framework/Versions/B/CoreDaemon
0x0000000003df7000 	/usr/lib/libcrypto.0.9.8.dylib
0x0000000003df7000 	/System/Library/PrivateFrameworks/AppleSRP.framework/Versions/A/AppleSRP
0x0000000003df7000 	/System/Library/PrivateFrameworks/TrustEvaluationAgent.framework/Versions/A/TrustEvaluationAgent
0x00000001a2e01000 	cl_kernels
0x00000001a2e03000 	/System/Library/Frameworks/OpenCL.framework/Versions/A/Libraries/ImageFormats/unorm8_bgra.dylib
0x00000001a2df2000 	cl_kernels
0x0000000003df7000 	/System/Library/PrivateFrameworks/FamilyControls.framework/Versions/A/FamilyControls
0x0000000003df7000 	/System/Library/PrivateFrameworks/CommerceKit.framework/Versions/A/Frameworks/CommerceCore.framework/Versions/A/CommerceCore
0x0000000003df7000 	/System/Library/PrivateFrameworks/SystemAdministration.framework/Versions/A/SystemAdministration
0x0000000003df7000 	/System/Library/PrivateFrameworks/AppContainer.framework/Versions/A/AppContainer
0x0000000003df7000 	/System/Library/PrivateFrameworks/SecCodeWrapper.framework/Versions/A/SecCodeWrapper
0x0000000003df7000 	/System/Library/Frameworks/DirectoryService.framework/Versions/A/DirectoryService
0x0000000003df7000 	/System/Library/PrivateFrameworks/LoginUIKit.framework/Versions/A/Frameworks/LoginUICore.framework/Versions/A/LoginUICore
0x0000000003df7000 	/usr/lib/libodfde.dylib
0x00000001a3fc9000 	/Library/Java/JavaVirtualMachines/jdk1.8.0_102.jdk/Contents/Home/jre/lib/libfontmanager.dylib
0x00000001a4030000 	/Users/EnemyBoss/Projects/Game/lib/jars/lwjgl_2.9.3/native/macosx/liblwjgl.dylib
0x00000001a2333000 	/Library/Java/JavaVirtualMachines/jdk1.8.0_102.jdk/Contents/Home/jre/lib/libjawt.dylib
0x0000000003df7000 	/System/Library/Frameworks/OpenGL.framework/Versions/A/Resources/GLEngine.bundle/GLEngine
0x0000000003df7000 	/System/Library/Frameworks/OpenGL.framework/Versions/A/Libraries/libGLProgrammability.dylib
0x00000001a40b2000 	/System/Library/Extensions/AppleIntelBDWGraphicsGLDriver.bundle/Contents/MacOS/AppleIntelBDWGraphicsGLDriver
0x0000000003df7000 	/System/Library/PrivateFrameworks/IOAccelerator.framework/Versions/A/IOAccelerator
0x0000000003df7000 	/System/Library/PrivateFrameworks/GPUSupport.framework/Versions/A/Libraries/libGPUSupportMercury.dylib
0x0000000003df7000 	/System/Library/Frameworks/OpenGL.framework/Versions/A/Resources/GLRendererFloat.bundle/GLRendererFloat

VM Arguments:
jvm_args: -Djava.library.path=/Users/EnemyBoss/Projects/Game/lib/jars/lwjgl_2.9.3/native/macosx -Dfile.encoding=UTF-8 
java_command: data.Boot
java_class_path (initial): /Users/EnemyBoss/Projects/Game/GameTutorial/bin:/Users/EnemyBoss/Projects/Game/lib/jars/slick-util.jar:/Users/EnemyBoss/Projects/Game/lib/jars/lwjgl_2.9.3/jar/lwjgl_util.jar:/Users/EnemyBoss/Projects/Game/lib/jars/lwjgl_2.9.3/jar/lwjgl.jar
Launcher Type: SUN_STANDARD

Environment Variables:
PATH=/usr/bin:/bin:/usr/sbin:/sbin
SHELL=/bin/zsh

Signal Handlers:
SIGSEGV: [libjvm.dylib+0x57d451], sa_mask[0]=11111111011111110111111111111111, sa_flags=SA_ONSTACK|SA_RESTART|SA_SIGINFO
SIGBUS: [libjvm.dylib+0x57d451], sa_mask[0]=11111111011111110111111111111111, sa_flags=SA_RESTART|SA_SIGINFO
SIGFPE: [libjvm.dylib+0x45744c], sa_mask[0]=11111111011111110111111111111111, sa_flags=SA_RESTART|SA_SIGINFO
SIGPIPE: [libjvm.dylib+0x45744c], sa_mask[0]=11111111011111110111111111111111, sa_flags=SA_RESTART|SA_SIGINFO
SIGXFSZ: [libjvm.dylib+0x45744c], sa_mask[0]=11111111011111110111111111111111, sa_flags=SA_RESTART|SA_SIGINFO
SIGILL: [libjvm.dylib+0x45744c], sa_mask[0]=11111111011111110111111111111111, sa_flags=SA_RESTART|SA_SIGINFO
SIGUSR1: SIG_DFL, sa_mask[0]=00000000000000000000000000000000, sa_flags=none
SIGUSR2: [libjvm.dylib+0x456f6a], sa_mask[0]=00100000000000000000000000000000, sa_flags=SA_RESTART|SA_SIGINFO
SIGHUP: [libjvm.dylib+0x455541], sa_mask[0]=11111111011111110111111111111111, sa_flags=SA_RESTART|SA_SIGINFO
SIGINT: [libjvm.dylib+0x455541], sa_mask[0]=11111111011111110111111111111111, sa_flags=SA_RESTART|SA_SIGINFO
SIGTERM: [libjvm.dylib+0x455541], sa_mask[0]=11111111011111110111111111111111, sa_flags=SA_RESTART|SA_SIGINFO
SIGQUIT: [libjvm.dylib+0x455541], sa_mask[0]=11111111011111110111111111111111, sa_flags=SA_RESTART|SA_SIGINFO


---------------  S Y S T E M  ---------------

OS:Bsduname:Darwin 14.5.0 Darwin Kernel Version 14.5.0: Mon Aug 29 21:14:16 PDT 2016; root:xnu-2782.50.6~1/RELEASE_X86_64 x86_64
rlimit: STACK 8192k, CORE 0k, NPROC 709, NOFILE 10240, AS infinity
load average:2.38 2.05 1.94

CPU:total 4 (2 cores per cpu, 2 threads per core) family 6 model 61 stepping 4, cmov, cx8, fxsr, mmx, sse, sse2, sse3, ssse3, sse4.1, sse4.2, popcnt, avx, avx2, aes, clmul, erms, 3dnowpref, lzcnt, ht, tsc, tscinvbit, bmi1, bmi2, adx

Memory: 4k page, physical 4194304k(46980k free)

/proc/meminfo:


vm_info: Java HotSpot(TM) 64-Bit Server VM (25.102-b04) for bsd-amd64 JRE (1.8.0_102-ea-b04), built on Apr 25 2016 14:13:06 by "java_re" with gcc 4.2.1 (Based on Apple Inc. build 5658) (LLVM build 2336.11.00)

time: Wed Sep 28 13:32:55 2016
elapsed time: 19 seconds (0d 0h 0m 19s)

