#
# A fatal error has been detected by the Java Runtime Environment:
#
#  SIGSEGV (0xb) at pc=0x00007fff92fed0dd, pid=65443, tid=0x0000000000000713
#
# JRE version: Java(TM) SE Runtime Environment (8.0_102-b04) (build 1.8.0_102-ea-b04)
# Java VM: Java HotSpot(TM) 64-Bit Server VM (25.102-b04 mixed mode bsd-amd64 compressed oops)
# Problematic frame:
# C  [libobjc.A.dylib+0x10dd]  objc_msgSend+0x1d
#
# Failed to write core dump. Core dumps have been disabled. To enable core dumping, try "ulimit -c unlimited" before starting Java again
#
# If you would like to submit a bug report, please visit:
#   http://bugreport.java.com/bugreport/crash.jsp
# The crash happened outside the Java Virtual Machine in native code.
# See problematic frame for where to report the bug.
#

---------------  T H R E A D  ---------------

Current thread (0x00007fdd918bf000):  JavaThread "AppKit Thread" daemon [_thread_in_native, id=1811, stack(0x00007fff54961000,0x00007fff55161000)]

siginfo: si_signo: 11 (SIGSEGV), si_code: 1 (SEGV_MAPERR), si_addr: 0x0000000000000018

Registers:
RAX=0x00007fdd90dbc2e0, RBX=0x00007fff5515ca48, RCX=0x0000000000000000, RDX=0x00007fdd90ddfa60
RSP=0x00007fff5515c868, RBP=0x00007fff5515c870, RSI=0x00007fff9702b41e, RDI=0x00007fdd90dbc2e0
R8 =0x00007fff5515c850, R9 =0x0000000000000055, R10=0x00007fff9702b41e, R11=0x0000000000000000
R12=0x00007fdd90c165e0, R13=0x00000000000f42ee, R14=0x00007fdd90dbff50, R15=0x00007fff5515c9a8
RIP=0x00007fff92fed0dd, EFLAGS=0x0000000000010246, ERR=0x0000000000000004
  TRAPNO=0x000000000000000e

Top of Stack: (sp=0x00007fff5515c868)
0x00007fff5515c868:   00007fff9933345c 00007fff5515cbd0
0x00007fff5515c878:   00007fff99223634 00007fff5515c8fc
0x00007fff5515c888:   00007fff5515c900 00007fff5515c904
0x00007fff5515c898:   00007fff7bd5de00 ffffffffffffffff
0x00007fff5515c8a8:   00000000000007f8 00007fff7bd5de18
0x00007fff5515c8b8:   00007fdd90dbff50 0000000000000000
0x00007fff5515c8c8:   00007fff5515c9a0 0000000000000000
0x00007fff5515c8d8:   00007fdd90d5c040 00007fff5515ca20
0x00007fff5515c8e8:   0000000000000055 00000000000f42f0
0x00007fff5515c8f8:   00007fdd90ddfa60 00007fdd90dbf0e0
0x00007fff5515c908:   00007fdd90c165e0 0000000000000001
0x00007fff5515c918:   00000000000f42ee 00007fdd90c165d0
0x00007fff5515c928:   00007fff9633dc05 0000000190e209a0
0x00007fff5515c938:   00007fff7c3e10d0 0000000042000000
0x00007fff5515c948:   00007fff96344e63 00007fff7bd28240
0x00007fff5515c958:   00007fff5515ca28 00007fff5515c980
0x00007fff5515c968:   00007fff5515c9a0 0000000000000000
0x00007fff5515c978:   000000000000001a 00026a0300000001
0x00007fff5515c988:   00007fdd90c16604 0000000000000000
0x00007fff5515c998:   0000000000000000 00007fdd90d5c0c0
0x00007fff5515c9a8:   00007fdd90dbff50 0000002000000000
0x00007fff5515c9b8:   0000000000000000 00007fff7c3e10d0
0x00007fff5515c9c8:   0000000042000000 00007fff963444f8
0x00007fff5515c9d8:   00007fff7bd28350 00007fff5515c938
0x00007fff5515c9e8:   0000000000000000 00007fff5515cab8
0x00007fff5515c9f8:   00007fff7bd7cea0 00007fff5515caf0
0x00007fff5515ca08:   00007fff8e865770 00007fff5515caa0
0x00007fff5515ca18:   00007fff9675f4ed 0000000000000051
0x00007fff5515ca28:   0000000000000000 00000000000f42e3
0x00007fff5515ca38:   0000000000000053 0000000000000000
0x00007fff5515ca48:   00000000000f42ee 00007fff5515cac4
0x00007fff5515ca58:   00000000003c5201 00000000ffffffff 

Instructions: (pc=0x00007fff92fed0dd)
0x00007fff92fed0bd:   00 00 00 48 85 ff 2e 74 7a 40 f6 c7 01 2e 75 7e
0x00007fff92fed0cd:   49 bb f8 ff ff ff ff 7f 00 00 4c 23 1f 49 89 f2
0x00007fff92fed0dd:   45 23 53 18 49 c1 e2 04 4d 03 53 10 49 3b 32 75
0x00007fff92fed0ed:   04 41 ff 62 08 49 83 3a 00 74 6a 4d 3b 53 10 74 

Register to memory mapping:

RAX=0x00007fdd90dbc2e0 is an unknown value
RBX=0x00007fff5515ca48 is pointing into the stack for thread: 0x00007fdd918bf000
RCX=0x0000000000000000 is an unknown value
RDX=0x00007fdd90ddfa60 is an unknown value
RSP=0x00007fff5515c868 is pointing into the stack for thread: 0x00007fdd918bf000
RBP=0x00007fff5515c870 is pointing into the stack for thread: 0x00007fdd918bf000
RSI=0x00007fff9702b41e: -[NSTitlebarContainerView transparent]+0x5e312 in /System/Library/Frameworks/AppKit.framework/Versions/C/AppKit at 0x00007fff9662a000
RDI=0x00007fdd90dbc2e0 is an unknown value
R8 =0x00007fff5515c850 is pointing into the stack for thread: 0x00007fdd918bf000
R9 =0x0000000000000055 is an unknown value
R10=0x00007fff9702b41e: -[NSTitlebarContainerView transparent]+0x5e312 in /System/Library/Frameworks/AppKit.framework/Versions/C/AppKit at 0x00007fff9662a000
R11=0x0000000000000000 is an unknown value
R12=0x00007fdd90c165e0 is an unknown value
R13=0x00000000000f42ee is an unknown value
R14=0x00007fdd90dbff50 is an unknown value
R15=0x00007fff5515c9a8 is pointing into the stack for thread: 0x00007fdd918bf000


Stack: [0x00007fff54961000,0x00007fff55161000],  sp=0x00007fff5515c868,  free space=8174k
Native frames: (J=compiled Java code, j=interpreted, Vv=VM code, C=native code)
C  [libobjc.A.dylib+0x10dd]  objc_msgSend+0x1d
C  [CoreFoundation+0x10634]  _CFXNotificationPost+0xc44
C  [Foundation+0x7aa1]  -[NSNotificationCenter postNotificationName:object:userInfo:]+0x42
C  [AppKit+0x439c2]  -[NSSurface _disposeSurface]+0x98
C  [AppKit+0x43426]  -[NSSurface setWindow:]+0x42
C  [AppKit+0x33910]  -[NSView _setWindow:]+0xa33
C  [AppKit+0x6af91]  -[NSView removeFromSuperview]+0x1c5
C  [AppKit+0x14bd99]  -[NSView removeFromSuperviewWithoutNeedingDisplay]+0x26
C  [liblwjgl.dylib+0xa205]  +[MacOSXKeyableWindow destroyWindow]+0xb5
C  [Foundation+0x92dd0]  __NSThreadPerformPerform+0x125
C  [CoreFoundation+0x80a01]  __CFRUNLOOP_IS_CALLING_OUT_TO_A_SOURCE0_PERFORM_FUNCTION__+0x11
C  [CoreFoundation+0x72b8d]  __CFRunLoopDoSources0+0x10d
C  [CoreFoundation+0x721bf]  __CFRunLoopRun+0x39f
C  [CoreFoundation+0x71bd8]  CFRunLoopRunSpecific+0x128
C  [HIToolbox+0x3256f]  RunCurrentEventLoopInMode+0xeb
C  [HIToolbox+0x322ea]  ReceiveNextEventCommon+0x1af
C  [HIToolbox+0x3212b]  _BlockUntilNextEventMatchingListInModeWithFilter+0x47
C  [AppKit+0x918ab]  _DPSNextEvent+0x3d2
C  [AppKit+0x90e58]  -[NSApplication nextEventMatchingMask:untilDate:inMode:dequeue:]+0x15a
C  [libosxapp.dylib+0x23aa]  -[NSApplicationAWT nextEventMatchingMask:untilDate:inMode:dequeue:]+0x7c
C  [AppKit+0x86af3]  -[NSApplication run]+0x252
C  [libosxapp.dylib+0x214d]  +[NSApplicationAWT runAWTLoopWithApp:]+0x9c
C  [libawt_lwawt.dylib+0x444b3]  -[AWTStarter starter:]+0x389
C  [Foundation+0x92dd0]  __NSThreadPerformPerform+0x125
C  [CoreFoundation+0x80a01]  __CFRUNLOOP_IS_CALLING_OUT_TO_A_SOURCE0_PERFORM_FUNCTION__+0x11
C  [CoreFoundation+0x72b8d]  __CFRunLoopDoSources0+0x10d
C  [CoreFoundation+0x721bf]  __CFRunLoopRun+0x39f
C  [CoreFoundation+0x71bd8]  CFRunLoopRunSpecific+0x128
C  [java+0x6465]  CreateExecutionEnvironment+0x367
C  [java+0x218c]  JLI_Launch+0x7a0
C  [java+0x84c2]  main+0x65
C  [java+0x19e4]  start+0x34
C  0x0000000000000006


---------------  P R O C E S S  ---------------

Java Threads: ( => current thread )
  0x00007fdd91b92800 JavaThread "AWT-Shutdown" [_thread_blocked, id=12043, stack(0x0000000127d07000,0x0000000127e07000)]
=>0x00007fdd918bf000 JavaThread "AppKit Thread" daemon [_thread_in_native, id=1811, stack(0x00007fff54961000,0x00007fff55161000)]
  0x00007fdd91051800 JavaThread "Service Thread" daemon [_thread_blocked, id=17923, stack(0x0000000121bba000,0x0000000121cba000)]
  0x00007fdd91051000 JavaThread "C1 CompilerThread2" daemon [_thread_blocked, id=17411, stack(0x0000000121ab7000,0x0000000121bb7000)]
  0x00007fdd9104a000 JavaThread "C2 CompilerThread1" daemon [_thread_blocked, id=16899, stack(0x00000001219b4000,0x0000000121ab4000)]
  0x00007fdd9104f800 JavaThread "C2 CompilerThread0" daemon [_thread_blocked, id=16387, stack(0x00000001218b1000,0x00000001219b1000)]
  0x00007fdd91049800 JavaThread "Signal Dispatcher" daemon [_thread_blocked, id=13583, stack(0x00000001217ae000,0x00000001218ae000)]
  0x00007fdd92815000 JavaThread "Finalizer" daemon [_thread_blocked, id=11523, stack(0x000000011fe0b000,0x000000011ff0b000)]
  0x00007fdd91811800 JavaThread "Reference Handler" daemon [_thread_blocked, id=11011, stack(0x000000011fd08000,0x000000011fe08000)]
  0x00007fdd91008800 JavaThread "main" [_thread_in_native, id=4867, stack(0x000000010baa4000,0x000000010bba4000)]

Other Threads:
  0x00007fdd91034000 VMThread [stack: 0x000000011fc05000,0x000000011fd05000] [id=10499]
  0x00007fdd92021800 WatcherThread [stack: 0x0000000121cbd000,0x0000000121dbd000] [id=18435]

VM state:not at safepoint (normal execution)

VM Mutex/Monitor currently owned by a thread: None

Heap:
 PSYoungGen      total 18944K, used 8499K [0x00000007aab00000, 0x00000007ac000000, 0x00000007c0000000)
  eden space 16384K, 39% used [0x00000007aab00000,0x00000007ab148e70,0x00000007abb00000)
  from space 2560K, 80% used [0x00000007abb00000,0x00000007abd04010,0x00000007abd80000)
  to   space 2560K, 0% used [0x00000007abd80000,0x00000007abd80000,0x00000007ac000000)
 ParOldGen       total 44032K, used 16K [0x0000000780000000, 0x0000000782b00000, 0x00000007aab00000)
  object space 44032K, 0% used [0x0000000780000000,0x0000000780004000,0x0000000782b00000)
 Metaspace       used 6702K, capacity 6847K, committed 7168K, reserved 1056768K
  class space    used 651K, capacity 696K, committed 768K, reserved 1048576K

Card table byte_map: [0x000000011b7c0000,0x000000011b9c1000] byte_map_base: 0x0000000117bc0000

Marking Bits: (ParMarkBitMap*) 0x000000010b42f610
 Begin Bits: [0x000000011bf23000, 0x000000011cf23000)
 End Bits:   [0x000000011cf23000, 0x000000011df23000)

Polling page: 0x000000010bbe9000

CodeCache: size=245760Kb used=3073Kb max_used=3085Kb free=242686Kb
 bounds [0x000000010c400000, 0x000000010c710000, 0x000000011b400000]
 total_blobs=1162 nmethods=797 adapters=280
 compilation: enabled

Compilation events (10 events):
Event: 10.139 Thread 0x00007fdd91051000  790       3       org.newdawn.slick.opengl.TextureImpl::setHeight (23 bytes)
Event: 10.140 Thread 0x00007fdd91051000 nmethod 790 0x000000010c6fe0d0 code [0x000000010c6fe240, 0x000000010c6fe3f0]
Event: 10.140 Thread 0x00007fdd91051000  791       3       org.newdawn.slick.opengl.renderer.ImmediateModeOGLRenderer::glTexParameteri (7 bytes)
Event: 10.141 Thread 0x00007fdd91051000 nmethod 791 0x000000010c6fe490 code [0x000000010c6fe680, 0x000000010c6fedf8]
Event: 10.141 Thread 0x00007fdd91051000  792       3       org.lwjgl.opengl.GL11::glTexParameteri (24 bytes)
Event: 10.142 Thread 0x00007fdd91051000 nmethod 792 0x000000010c6ff390 code [0x000000010c6ff580, 0x000000010c6ffc78]
Event: 10.685 Thread 0x00007fdd91051000  794       3       data.TowerCannon::update (75 bytes)
Event: 10.687 Thread 0x00007fdd91051000 nmethod 794 0x000000010c700450 code [0x000000010c7006a0, 0x000000010c701088]
Event: 10.917 Thread 0x00007fdd9104f800  797       4       java.nio.DirectByteBuffer::put (18 bytes)
Event: 10.918 Thread 0x00007fdd9104f800 nmethod 797 0x000000010c6c37d0 code [0x000000010c6c3920, 0x000000010c6c39d8]

GC Heap History (2 events):
Event: 2.046 GC heap before
{Heap before GC invocations=1 (full 0):
 PSYoungGen      total 18944K, used 16377K [0x00000007aab00000, 0x00000007ac000000, 0x00000007c0000000)
  eden space 16384K, 99% used [0x00000007aab00000,0x00000007abafe550,0x00000007abb00000)
  from space 2560K, 0% used [0x00000007abd80000,0x00000007abd80000,0x00000007ac000000)
  to   space 2560K, 0% used [0x00000007abb00000,0x00000007abb00000,0x00000007abd80000)
 ParOldGen       total 44032K, used 0K [0x0000000780000000, 0x0000000782b00000, 0x00000007aab00000)
  object space 44032K, 0% used [0x0000000780000000,0x0000000780000000,0x0000000782b00000)
 Metaspace       used 6497K, capacity 6655K, committed 6912K, reserved 1056768K
  class space    used 639K, capacity 696K, committed 768K, reserved 1048576K
Event: 2.053 GC heap after
Heap after GC invocations=1 (full 0):
 PSYoungGen      total 18944K, used 2064K [0x00000007aab00000, 0x00000007ac000000, 0x00000007c0000000)
  eden space 16384K, 0% used [0x00000007aab00000,0x00000007aab00000,0x00000007abb00000)
  from space 2560K, 80% used [0x00000007abb00000,0x00000007abd04010,0x00000007abd80000)
  to   space 2560K, 0% used [0x00000007abd80000,0x00000007abd80000,0x00000007ac000000)
 ParOldGen       total 44032K, used 16K [0x0000000780000000, 0x0000000782b00000, 0x00000007aab00000)
  object space 44032K, 0% used [0x0000000780000000,0x0000000780004000,0x0000000782b00000)
 Metaspace       used 6497K, capacity 6655K, committed 6912K, reserved 1056768K
  class space    used 639K, capacity 696K, committed 768K, reserved 1048576K
}

Deoptimization events (4 events):
Event: 1.606 Thread 0x00007fdd91008800 Uncommon trap: reason=unstable_if action=reinterpret pc=0x000000010c5af91c method=java.lang.String.replace(CC)Ljava/lang/String; @ 26
Event: 2.182 Thread 0x00007fdd91008800 Uncommon trap: reason=unstable_if action=reinterpret pc=0x000000010c642d20 method=java.nio.DirectByteBuffer.put([BII)Ljava/nio/ByteBuffer; @ 8
Event: 6.124 Thread 0x00007fdd91008800 Uncommon trap: reason=unstable_if action=reinterpret pc=0x000000010c6acf80 method=org.newdawn.slick.opengl.TextureImpl.bind()V @ 4
Event: 6.136 Thread 0x00007fdd91008800 Uncommon trap: reason=unstable_if action=reinterpret pc=0x000000010c6a41b4 method=org.newdawn.slick.opengl.TextureImpl.bind()V @ 4

Internal exceptions (10 events):
Event: 0.273 Thread 0x00007fdd91008800 Exception <a 'java/security/PrivilegedActionException'> (0x00000007aacc1580) thrown at [/HUDSON3/workspace/8-2-build-macosx-x86_64/jdk8u102/6817.nc/hotspot/src/share/vm/prims/jvm.cpp, line 1386]
Event: 0.273 Thread 0x00007fdd91008800 Exception <a 'java/security/PrivilegedActionException'> (0x00000007aacc1790) thrown at [/HUDSON3/workspace/8-2-build-macosx-x86_64/jdk8u102/6817.nc/hotspot/src/share/vm/prims/jvm.cpp, line 1386]
Event: 0.273 Thread 0x00007fdd91008800 Exception <a 'java/security/PrivilegedActionException'> (0x00000007aacc4378) thrown at [/HUDSON3/workspace/8-2-build-macosx-x86_64/jdk8u102/6817.nc/hotspot/src/share/vm/prims/jvm.cpp, line 1386]
Event: 0.273 Thread 0x00007fdd91008800 Exception <a 'java/security/PrivilegedActionException'> (0x00000007aacc4588) thrown at [/HUDSON3/workspace/8-2-build-macosx-x86_64/jdk8u102/6817.nc/hotspot/src/share/vm/prims/jvm.cpp, line 1386]
Event: 0.273 Thread 0x00007fdd91008800 Exception <a 'java/security/PrivilegedActionException'> (0x00000007aacc54b8) thrown at [/HUDSON3/workspace/8-2-build-macosx-x86_64/jdk8u102/6817.nc/hotspot/src/share/vm/prims/jvm.cpp, line 1386]
Event: 0.273 Thread 0x00007fdd91008800 Exception <a 'java/security/PrivilegedActionException'> (0x00000007aacc56c8) thrown at [/HUDSON3/workspace/8-2-build-macosx-x86_64/jdk8u102/6817.nc/hotspot/src/share/vm/prims/jvm.cpp, line 1386]
Event: 0.350 Thread 0x00007fdd91008800 Exception <a 'java/lang/NoSuchFieldError': method resolution failed> (0x00000007aad93d30) thrown at [/HUDSON3/workspace/8-2-build-macosx-x86_64/jdk8u102/6817.nc/hotspot/src/share/vm/prims/methodHandles.cpp, line 1146]
Event: 0.352 Thread 0x00007fdd91008800 Exception <a 'java/lang/NoSuchFieldError': method resolution failed> (0x00000007aada1480) thrown at [/HUDSON3/workspace/8-2-build-macosx-x86_64/jdk8u102/6817.nc/hotspot/src/share/vm/prims/methodHandles.cpp, line 1146]
Event: 1.134 Thread 0x00007fdd91008800 Exception <a 'java/io/FileNotFoundException'> (0x00000007aae1c038) thrown at [/HUDSON3/workspace/8-2-build-macosx-x86_64/jdk8u102/6817.nc/hotspot/src/share/vm/prims/jni.cpp, line 709]
Event: 1.134 Thread 0x00007fdd91008800 Exception <a 'java/io/FileNotFoundException'> (0x00000007aae1cbc0) thrown at [/HUDSON3/workspace/8-2-build-macosx-x86_64/jdk8u102/6817.nc/hotspot/src/share/vm/prims/jni.cpp, line 709]

Events (10 events):
Event: 7.095 loading class java/util/IdentityHashMap$IdentityHashMapIterator done
Event: 7.095 loading class java/util/IdentityHashMap$ValueIterator done
Event: 7.095 loading class java/util/HashMap$KeySet
Event: 7.095 loading class java/util/HashMap$KeySet done
Event: 7.096 loading class java/util/HashMap$KeyIterator
Event: 7.096 loading class java/util/HashMap$KeyIterator done
Event: 7.096 Thread 0x00007fdd91195000 Thread exited: 0x00007fdd91195000
Event: 10.758 Thread 0x00007fdd91b92800 Thread added: 0x00007fdd91b92800
Event: 10.914 loading class org/lwjgl/opengl/CallbackUtil
Event: 10.914 loading class org/lwjgl/opengl/CallbackUtil done


Dynamic libraries:
0x000000000a2ac000 	/System/Library/Frameworks/Cocoa.framework/Versions/A/Cocoa
0x000000000a2ac000 	/System/Library/Frameworks/Security.framework/Versions/A/Security
0x000000000a2ac000 	/System/Library/Frameworks/ApplicationServices.framework/Versions/A/ApplicationServices
0x000000000a2ac000 	/usr/lib/libz.1.dylib
0x000000000a2ac000 	/usr/lib/libSystem.B.dylib
0x000000000a2ac000 	/usr/lib/libobjc.A.dylib
0x000000000a2ac000 	/System/Library/Frameworks/CoreFoundation.framework/Versions/A/CoreFoundation
0x000000000a2ac000 	/System/Library/Frameworks/Foundation.framework/Versions/C/Foundation
0x000000000a2ac000 	/System/Library/Frameworks/AppKit.framework/Versions/C/AppKit
0x000000000a2ac000 	/System/Library/Frameworks/CoreData.framework/Versions/A/CoreData
0x000000000a2ac000 	/System/Library/PrivateFrameworks/RemoteViewServices.framework/Versions/A/RemoteViewServices
0x000000000a2ac000 	/System/Library/PrivateFrameworks/UIFoundation.framework/Versions/A/UIFoundation
0x000000000a2ac000 	/System/Library/Frameworks/IOSurface.framework/Versions/A/IOSurface
0x000000000a2ac000 	/System/Library/Frameworks/AudioToolbox.framework/Versions/A/AudioToolbox
0x000000000a2ac000 	/System/Library/Frameworks/AudioUnit.framework/Versions/A/AudioUnit
0x000000000a2ac000 	/System/Library/PrivateFrameworks/DataDetectorsCore.framework/Versions/A/DataDetectorsCore
0x000000000a2ac000 	/System/Library/PrivateFrameworks/DesktopServicesPriv.framework/Versions/A/DesktopServicesPriv
0x000000000a2ac000 	/System/Library/Frameworks/Carbon.framework/Versions/A/Frameworks/HIToolbox.framework/Versions/A/HIToolbox
0x000000000a2ac000 	/System/Library/Frameworks/QuartzCore.framework/Versions/A/QuartzCore
0x000000000a2ac000 	/System/Library/Frameworks/Carbon.framework/Versions/A/Frameworks/SpeechRecognition.framework/Versions/A/SpeechRecognition
0x000000000a2ac000 	/usr/lib/libauto.dylib
0x000000000a2ac000 	/usr/lib/libicucore.A.dylib
0x000000000a2ac000 	/usr/lib/libxml2.2.dylib
0x000000000a2ac000 	/System/Library/PrivateFrameworks/CoreUI.framework/Versions/A/CoreUI
0x000000000a2ac000 	/System/Library/Frameworks/CoreAudio.framework/Versions/A/CoreAudio
0x000000000a2ac000 	/System/Library/Frameworks/DiskArbitration.framework/Versions/A/DiskArbitration
0x000000000a2ac000 	/usr/lib/liblangid.dylib
0x000000000a2ac000 	/System/Library/PrivateFrameworks/MultitouchSupport.framework/Versions/A/MultitouchSupport
0x000000000a2ac000 	/System/Library/Frameworks/IOKit.framework/Versions/A/IOKit
0x000000000a2ac000 	/usr/lib/libDiagnosticMessagesClient.dylib
0x000000000a2ac000 	/System/Library/Frameworks/CoreServices.framework/Versions/A/CoreServices
0x000000000a2ac000 	/System/Library/PrivateFrameworks/PerformanceAnalysis.framework/Versions/A/PerformanceAnalysis
0x000000000a2ac000 	/System/Library/PrivateFrameworks/GenerationalStorage.framework/Versions/A/GenerationalStorage
0x000000000a2ac000 	/System/Library/Frameworks/OpenGL.framework/Versions/A/OpenGL
0x000000000a2ac000 	/System/Library/PrivateFrameworks/Sharing.framework/Versions/A/Sharing
0x000000000a2ac000 	/System/Library/Frameworks/CoreGraphics.framework/Versions/A/CoreGraphics
0x000000000a2ac000 	/System/Library/Frameworks/CoreText.framework/Versions/A/CoreText
0x000000000a2ac000 	/System/Library/Frameworks/ImageIO.framework/Versions/A/ImageIO
0x000000000a2ac000 	/usr/lib/libextension.dylib
0x000000000a2ac000 	/System/Library/PrivateFrameworks/Backup.framework/Versions/A/Backup
0x000000000a2ac000 	/usr/lib/libarchive.2.dylib
0x000000000a2ac000 	/System/Library/Frameworks/CFNetwork.framework/Versions/A/CFNetwork
0x000000000a2ac000 	/System/Library/Frameworks/SystemConfiguration.framework/Versions/A/SystemConfiguration
0x000000000a2ac000 	/usr/lib/libCRFSuite.dylib
0x000000000a2ac000 	/usr/lib/libc++.1.dylib
0x000000000a2ac000 	/usr/lib/libc++abi.dylib
0x000000000a2ac000 	/usr/lib/system/libcache.dylib
0x000000000a2ac000 	/usr/lib/system/libcommonCrypto.dylib
0x000000000a2ac000 	/usr/lib/system/libcompiler_rt.dylib
0x000000000a2ac000 	/usr/lib/system/libcopyfile.dylib
0x000000000a2ac000 	/usr/lib/system/libcorecrypto.dylib
0x000000000a2ac000 	/usr/lib/system/libdispatch.dylib
0x000000000a2ac000 	/usr/lib/system/libdyld.dylib
0x000000000a2ac000 	/usr/lib/system/libkeymgr.dylib
0x000000000a2ac000 	/usr/lib/system/liblaunch.dylib
0x000000000a2ac000 	/usr/lib/system/libmacho.dylib
0x000000000a2ac000 	/usr/lib/system/libquarantine.dylib
0x000000000a2ac000 	/usr/lib/system/libremovefile.dylib
0x000000000a2ac000 	/usr/lib/system/libsystem_asl.dylib
0x000000000a2ac000 	/usr/lib/system/libsystem_blocks.dylib
0x000000000a2ac000 	/usr/lib/system/libsystem_c.dylib
0x000000000a2ac000 	/usr/lib/system/libsystem_configuration.dylib
0x000000000a2ac000 	/usr/lib/system/libsystem_coreservices.dylib
0x000000000a2ac000 	/usr/lib/system/libsystem_coretls.dylib
0x000000000a2ac000 	/usr/lib/system/libsystem_dnssd.dylib
0x000000000a2ac000 	/usr/lib/system/libsystem_info.dylib
0x000000000a2ac000 	/usr/lib/system/libsystem_kernel.dylib
0x000000000a2ac000 	/usr/lib/system/libsystem_m.dylib
0x000000000a2ac000 	/usr/lib/system/libsystem_malloc.dylib
0x000000000a2ac000 	/usr/lib/system/libsystem_network.dylib
0x000000000a2ac000 	/usr/lib/system/libsystem_networkextension.dylib
0x000000000a2ac000 	/usr/lib/system/libsystem_notify.dylib
0x000000000a2ac000 	/usr/lib/system/libsystem_platform.dylib
0x000000000a2ac000 	/usr/lib/system/libsystem_pthread.dylib
0x000000000a2ac000 	/usr/lib/system/libsystem_sandbox.dylib
0x000000000a2ac000 	/usr/lib/system/libsystem_secinit.dylib
0x000000000a2ac000 	/usr/lib/system/libsystem_stats.dylib
0x000000000a2ac000 	/usr/lib/system/libsystem_trace.dylib
0x000000000a2ac000 	/usr/lib/system/libunc.dylib
0x000000000a2ac000 	/usr/lib/system/libunwind.dylib
0x000000000a2ac000 	/usr/lib/system/libxpc.dylib
0x000000000a2ac000 	/usr/lib/libbz2.1.0.dylib
0x000000000a2ac000 	/usr/lib/liblzma.5.dylib
0x000000000a2ac000 	/usr/lib/libbsm.0.dylib
0x000000000a2ac000 	/usr/lib/libsqlite3.dylib
0x000000000a2ac000 	/usr/lib/system/libkxld.dylib
0x000000000a2ac000 	/usr/lib/libxar.1.dylib
0x000000000a2ac000 	/usr/lib/libpam.2.dylib
0x000000000a2ac000 	/usr/lib/libOpenScriptingUtil.dylib
0x000000000a2ac000 	/System/Library/Frameworks/CoreServices.framework/Versions/A/Frameworks/FSEvents.framework/Versions/A/FSEvents
0x000000000a2ac000 	/System/Library/Frameworks/CoreServices.framework/Versions/A/Frameworks/CarbonCore.framework/Versions/A/CarbonCore
0x000000000a2ac000 	/System/Library/Frameworks/CoreServices.framework/Versions/A/Frameworks/Metadata.framework/Versions/A/Metadata
0x000000000a2ac000 	/System/Library/Frameworks/CoreServices.framework/Versions/A/Frameworks/OSServices.framework/Versions/A/OSServices
0x000000000a2ac000 	/System/Library/Frameworks/CoreServices.framework/Versions/A/Frameworks/SearchKit.framework/Versions/A/SearchKit
0x000000000a2ac000 	/System/Library/Frameworks/CoreServices.framework/Versions/A/Frameworks/AE.framework/Versions/A/AE
0x000000000a2ac000 	/System/Library/Frameworks/CoreServices.framework/Versions/A/Frameworks/LaunchServices.framework/Versions/A/LaunchServices
0x000000000a2ac000 	/System/Library/Frameworks/CoreServices.framework/Versions/A/Frameworks/DictionaryServices.framework/Versions/A/DictionaryServices
0x000000000a2ac000 	/System/Library/Frameworks/NetFS.framework/Versions/A/NetFS
0x000000000a2ac000 	/System/Library/PrivateFrameworks/NetAuth.framework/Versions/A/NetAuth
0x000000000a2ac000 	/System/Library/PrivateFrameworks/login.framework/Versions/A/Frameworks/loginsupport.framework/Versions/A/loginsupport
0x000000000a2ac000 	/System/Library/PrivateFrameworks/TCC.framework/Versions/A/TCC
0x000000000a2ac000 	/usr/lib/libmecabra.dylib
0x000000000a2ac000 	/System/Library/Frameworks/ApplicationServices.framework/Versions/A/Frameworks/ATS.framework/Versions/A/ATS
0x000000000a2ac000 	/System/Library/Frameworks/ApplicationServices.framework/Versions/A/Frameworks/ColorSync.framework/Versions/A/ColorSync
0x000000000a2ac000 	/System/Library/Frameworks/ApplicationServices.framework/Versions/A/Frameworks/HIServices.framework/Versions/A/HIServices
0x000000000a2ac000 	/System/Library/Frameworks/ApplicationServices.framework/Versions/A/Frameworks/LangAnalysis.framework/Versions/A/LangAnalysis
0x000000000a2ac000 	/System/Library/Frameworks/ApplicationServices.framework/Versions/A/Frameworks/PrintCore.framework/Versions/A/PrintCore
0x000000000a2ac000 	/System/Library/Frameworks/ApplicationServices.framework/Versions/A/Frameworks/QD.framework/Versions/A/QD
0x000000000a2ac000 	/System/Library/Frameworks/ApplicationServices.framework/Versions/A/Frameworks/SpeechSynthesis.framework/Versions/A/SpeechSynthesis
0x000000000a2ac000 	/System/Library/Frameworks/Accelerate.framework/Versions/A/Accelerate
0x000000000a2ac000 	/System/Library/Frameworks/Accelerate.framework/Versions/A/Frameworks/vImage.framework/Versions/A/vImage
0x000000000a2ac000 	/System/Library/Frameworks/Accelerate.framework/Versions/A/Frameworks/vecLib.framework/Versions/A/vecLib
0x000000000a2ac000 	/System/Library/Frameworks/Accelerate.framework/Versions/A/Frameworks/vecLib.framework/Versions/A/libvDSP.dylib
0x000000000a2ac000 	/System/Library/Frameworks/Accelerate.framework/Versions/A/Frameworks/vecLib.framework/Versions/A/libvMisc.dylib
0x000000000a2ac000 	/System/Library/Frameworks/Accelerate.framework/Versions/A/Frameworks/vecLib.framework/Versions/A/libLAPACK.dylib
0x000000000a2ac000 	/System/Library/Frameworks/Accelerate.framework/Versions/A/Frameworks/vecLib.framework/Versions/A/libBLAS.dylib
0x000000000a2ac000 	/System/Library/Frameworks/Accelerate.framework/Versions/A/Frameworks/vecLib.framework/Versions/A/libLinearAlgebra.dylib
0x000000000a2ac000 	/System/Library/Frameworks/ApplicationServices.framework/Versions/A/Frameworks/ATS.framework/Versions/A/Resources/libFontParser.dylib
0x000000000a2ac000 	/System/Library/Frameworks/ApplicationServices.framework/Versions/A/Frameworks/ATS.framework/Versions/A/Resources/libFontRegistry.dylib
0x000000000a2ac000 	/System/Library/PrivateFrameworks/AppleVPA.framework/Versions/A/AppleVPA
0x000000000a2ac000 	/System/Library/PrivateFrameworks/AppleJPEG.framework/Versions/A/AppleJPEG
0x000000000a2ac000 	/System/Library/Frameworks/ImageIO.framework/Versions/A/Resources/libJPEG.dylib
0x000000000a2ac000 	/System/Library/Frameworks/ImageIO.framework/Versions/A/Resources/libTIFF.dylib
0x000000000a2ac000 	/System/Library/Frameworks/ImageIO.framework/Versions/A/Resources/libPng.dylib
0x000000000a2ac000 	/System/Library/Frameworks/ImageIO.framework/Versions/A/Resources/libGIF.dylib
0x000000000a2ac000 	/System/Library/Frameworks/ImageIO.framework/Versions/A/Resources/libJP2.dylib
0x000000000a2ac000 	/System/Library/Frameworks/ImageIO.framework/Versions/A/Resources/libRadiance.dylib
0x000000000a2ac000 	/System/Library/Frameworks/CoreVideo.framework/Versions/A/CoreVideo
0x000000000a2ac000 	/System/Library/Frameworks/OpenGL.framework/Versions/A/Libraries/libGLU.dylib
0x000000000a2ac000 	/System/Library/Frameworks/OpenGL.framework/Versions/A/Libraries/libGFXShared.dylib
0x000000000a2ac000 	/System/Library/Frameworks/OpenGL.framework/Versions/A/Libraries/libGL.dylib
0x000000000a2ac000 	/System/Library/Frameworks/OpenGL.framework/Versions/A/Libraries/libGLImage.dylib
0x000000000a2ac000 	/System/Library/Frameworks/OpenGL.framework/Versions/A/Libraries/libCVMSPluginSupport.dylib
0x000000000a2ac000 	/System/Library/Frameworks/OpenGL.framework/Versions/A/Libraries/libCoreVMClient.dylib
0x000000000a2ac000 	/usr/lib/libcups.2.dylib
0x000000000a2ac000 	/System/Library/Frameworks/Kerberos.framework/Versions/A/Kerberos
0x000000000a2ac000 	/System/Library/Frameworks/GSS.framework/Versions/A/GSS
0x000000000a2ac000 	/usr/lib/libresolv.9.dylib
0x000000000a2ac000 	/usr/lib/libiconv.2.dylib
0x000000000a2ac000 	/System/Library/PrivateFrameworks/Heimdal.framework/Versions/A/Heimdal
0x000000000a2ac000 	/usr/lib/libheimdal-asn1.dylib
0x000000000a2ac000 	/System/Library/Frameworks/OpenDirectory.framework/Versions/A/OpenDirectory
0x000000000a2ac000 	/System/Library/PrivateFrameworks/CommonAuth.framework/Versions/A/CommonAuth
0x000000000a2ac000 	/System/Library/Frameworks/OpenDirectory.framework/Versions/A/Frameworks/CFOpenDirectory.framework/Versions/A/CFOpenDirectory
0x000000000a2ac000 	/System/Library/Frameworks/SecurityFoundation.framework/Versions/A/SecurityFoundation
0x000000000a2ac000 	/System/Library/PrivateFrameworks/LanguageModeling.framework/Versions/A/LanguageModeling
0x000000000a2ac000 	/usr/lib/libcmph.dylib
0x000000000a2ac000 	/System/Library/Frameworks/ServiceManagement.framework/Versions/A/ServiceManagement
0x000000000a2ac000 	/usr/lib/libxslt.1.dylib
0x000000000a2ac000 	/System/Library/Frameworks/Carbon.framework/Versions/A/Frameworks/Ink.framework/Versions/A/Ink
0x000000000a2ac000 	/System/Library/Frameworks/QuartzCore.framework/Versions/A/Frameworks/CoreImage.framework/Versions/A/CoreImage
0x000000000a2ac000 	/System/Library/PrivateFrameworks/CrashReporterSupport.framework/Versions/A/CrashReporterSupport
0x000000000a2ac000 	/System/Library/Frameworks/OpenCL.framework/Versions/A/OpenCL
0x000000000a2ac000 	/System/Library/PrivateFrameworks/FaceCore.framework/Versions/A/FaceCore
0x000000000a2ac000 	/System/Library/PrivateFrameworks/Ubiquity.framework/Versions/A/Ubiquity
0x000000000a2ac000 	/System/Library/PrivateFrameworks/IconServices.framework/Versions/A/IconServices
0x000000000a2ac000 	/System/Library/PrivateFrameworks/ChunkingLibrary.framework/Versions/A/ChunkingLibrary
0x000000000a2ac000 	/System/Library/PrivateFrameworks/Apple80211.framework/Versions/A/Apple80211
0x000000000a2ac000 	/System/Library/Frameworks/CoreWLAN.framework/Versions/A/CoreWLAN
0x000000000a2ac000 	/System/Library/Frameworks/IOBluetooth.framework/Versions/A/IOBluetooth
0x000000000a2ac000 	/System/Library/PrivateFrameworks/CoreWiFi.framework/Versions/A/CoreWiFi
0x000000000a2ac000 	/System/Library/Frameworks/CoreBluetooth.framework/Versions/A/CoreBluetooth
0x000000000a2ac000 	/System/Library/PrivateFrameworks/DebugSymbols.framework/Versions/A/DebugSymbols
0x000000000a2ac000 	/System/Library/PrivateFrameworks/CoreSymbolication.framework/Versions/A/CoreSymbolication
0x000000000a2ac000 	/System/Library/PrivateFrameworks/Symbolication.framework/Versions/A/Symbolication
0x000000000a2ac000 	/System/Library/PrivateFrameworks/SpeechRecognitionCore.framework/Versions/A/SpeechRecognitionCore
0x000000010ab9e000 	/Library/Java/JavaVirtualMachines/jdk1.8.0_102.jdk/Contents/Home/jre/lib/server/libjvm.dylib
0x000000000a2ac000 	/usr/lib/libstdc++.6.dylib
0x000000010bba6000 	/Library/Java/JavaVirtualMachines/jdk1.8.0_102.jdk/Contents/Home/jre/lib/libverify.dylib
0x000000010bbb4000 	/Library/Java/JavaVirtualMachines/jdk1.8.0_102.jdk/Contents/Home/jre/lib/libjava.dylib
0x000000010bbf3000 	/Library/Java/JavaVirtualMachines/jdk1.8.0_102.jdk/Contents/Home/jre/lib/libzip.dylib
0x000000011ff0d000 	/System/Library/Frameworks/JavaVM.framework/Frameworks/JavaRuntimeSupport.framework/JavaRuntimeSupport
0x000000011ff28000 	/System/Library/Frameworks/JavaVM.framework/Versions/A/Frameworks/JavaNativeFoundation.framework/Versions/A/JavaNativeFoundation
0x000000011ff3d000 	/System/Library/Frameworks/JavaVM.framework/Versions/A/JavaVM
0x000000000a2ac000 	/System/Library/Frameworks/Carbon.framework/Versions/A/Carbon
0x000000011ff4a000 	/System/Library/PrivateFrameworks/JavaLaunching.framework/Versions/A/JavaLaunching
0x000000000a2ac000 	/System/Library/Frameworks/Carbon.framework/Versions/A/Frameworks/CommonPanels.framework/Versions/A/CommonPanels
0x000000000a2ac000 	/System/Library/Frameworks/Carbon.framework/Versions/A/Frameworks/Help.framework/Versions/A/Help
0x000000000a2ac000 	/System/Library/Frameworks/Carbon.framework/Versions/A/Frameworks/ImageCapture.framework/Versions/A/ImageCapture
0x000000000a2ac000 	/System/Library/Frameworks/Carbon.framework/Versions/A/Frameworks/OpenScripting.framework/Versions/A/OpenScripting
0x000000000a2ac000 	/System/Library/Frameworks/Carbon.framework/Versions/A/Frameworks/Print.framework/Versions/A/Print
0x000000000a2ac000 	/System/Library/Frameworks/Carbon.framework/Versions/A/Frameworks/SecurityHI.framework/Versions/A/SecurityHI
0x0000000121e10000 	/Library/Java/JavaVirtualMachines/jdk1.8.0_102.jdk/Contents/Home/jre/lib/libawt.dylib
0x0000000121eb8000 	/Library/Java/JavaVirtualMachines/jdk1.8.0_102.jdk/Contents/Home/jre/lib/./libmlib_image.dylib
0x0000000121f84000 	/Library/Java/JavaVirtualMachines/jdk1.8.0_102.jdk/Contents/Home/jre/lib/libawt_lwawt.dylib
0x0000000122039000 	/Library/Java/JavaVirtualMachines/jdk1.8.0_102.jdk/Contents/Home/jre/lib/./libosxapp.dylib
0x000000000a2ac000 	/System/Library/Frameworks/ExceptionHandling.framework/Versions/A/ExceptionHandling
0x000000000a2ac000 	/System/Library/PrivateFrameworks/CoreServicesInternal.framework/Versions/A/CoreServicesInternal
0x000000000a2ac000 	/System/Library/PrivateFrameworks/CloudDocs.framework/Versions/A/CloudDocs
0x000000000a2ac000 	/System/Library/PrivateFrameworks/CoreDuet.framework/Versions/A/CoreDuet
0x000000000a2ac000 	/System/Library/Frameworks/CloudKit.framework/Versions/A/CloudKit
0x000000000a2ac000 	/System/Library/PrivateFrameworks/ProtocolBuffer.framework/Versions/A/ProtocolBuffer
0x000000000a2ac000 	/System/Library/PrivateFrameworks/CoreDuetDaemonProtocol.framework/Versions/A/CoreDuetDaemonProtocol
0x000000000a2ac000 	/System/Library/PrivateFrameworks/CoreDuetDebugLogging.framework/Versions/A/CoreDuetDebugLogging
0x000000000a2ac000 	/System/Library/PrivateFrameworks/MMCS.framework/Versions/A/MMCS
0x000000000a2ac000 	/System/Library/Frameworks/CoreLocation.framework/Versions/A/CoreLocation
0x000000000a2ac000 	/System/Library/PrivateFrameworks/ProtectedCloudStorage.framework/Versions/A/ProtectedCloudStorage
0x000000000a2ac000 	/System/Library/PrivateFrameworks/GeoServices.framework/Versions/A/GeoServices
0x0000000123910000 	/System/Library/Frameworks/CoreGraphics.framework/Versions/A/Resources/libCGCMS.A.dylib
0x00000001243f3000 	/System/Library/Frameworks/CoreGraphics.framework/Versions/A/Resources/libRIP.A.dylib
0x000000012466c000 	/System/Library/Frameworks/CoreGraphics.framework/Versions/A/Resources/libCGXType.A.dylib
0x000000000a2ac000 	/System/Library/Frameworks/OpenCL.framework/Versions/A/Libraries/libcldcpuengine.dylib
0x000000000a2ac000 	/System/Library/PrivateFrameworks/DiskImages.framework/Versions/A/DiskImages
0x000000000a2ac000 	/System/Library/Frameworks/DiscRecording.framework/Versions/A/DiscRecording
0x000000000a2ac000 	/usr/lib/libcsfde.dylib
0x000000000a2ac000 	/usr/lib/libcurl.4.dylib
0x000000000a2ac000 	/System/Library/PrivateFrameworks/MediaKit.framework/Versions/A/MediaKit
0x000000000a2ac000 	/usr/lib/libCoreStorage.dylib
0x000000000a2ac000 	/System/Library/PrivateFrameworks/EFILogin.framework/Versions/A/EFILogin
0x000000000a2ac000 	/usr/lib/libutil.dylib
0x000000000a2ac000 	/System/Library/PrivateFrameworks/FindMyDevice.framework/Versions/A/FindMyDevice
0x000000000a2ac000 	/System/Library/Frameworks/LDAP.framework/Versions/A/LDAP
0x000000000a2ac000 	/usr/lib/libsasl2.2.dylib
0x000000000a2ac000 	/System/Library/PrivateFrameworks/CoreDaemon.framework/Versions/B/CoreDaemon
0x000000000a2ac000 	/usr/lib/libcrypto.0.9.8.dylib
0x000000000a2ac000 	/System/Library/PrivateFrameworks/AppleSRP.framework/Versions/A/AppleSRP
0x000000000a2ac000 	/System/Library/PrivateFrameworks/TrustEvaluationAgent.framework/Versions/A/TrustEvaluationAgent
0x00000001250dd000 	cl_kernels
0x00000001250df000 	/System/Library/Frameworks/OpenCL.framework/Versions/A/Libraries/ImageFormats/unorm8_bgra.dylib
0x00000001250ce000 	cl_kernels
0x000000000a2ac000 	/System/Library/PrivateFrameworks/FamilyControls.framework/Versions/A/FamilyControls
0x000000000a2ac000 	/System/Library/PrivateFrameworks/CommerceKit.framework/Versions/A/Frameworks/CommerceCore.framework/Versions/A/CommerceCore
0x000000000a2ac000 	/System/Library/PrivateFrameworks/SystemAdministration.framework/Versions/A/SystemAdministration
0x000000000a2ac000 	/System/Library/PrivateFrameworks/AppContainer.framework/Versions/A/AppContainer
0x000000000a2ac000 	/System/Library/PrivateFrameworks/SecCodeWrapper.framework/Versions/A/SecCodeWrapper
0x000000000a2ac000 	/System/Library/Frameworks/DirectoryService.framework/Versions/A/DirectoryService
0x000000000a2ac000 	/System/Library/PrivateFrameworks/LoginUIKit.framework/Versions/A/Frameworks/LoginUICore.framework/Versions/A/LoginUICore
0x000000000a2ac000 	/usr/lib/libodfde.dylib
0x00000001262a5000 	/Library/Java/JavaVirtualMachines/jdk1.8.0_102.jdk/Contents/Home/jre/lib/libfontmanager.dylib
0x000000012630c000 	/Users/EnemyBoss/Projects/Game/lib/jars/lwjgl_2.9.3/native/macosx/liblwjgl.dylib
0x0000000124604000 	/Library/Java/JavaVirtualMachines/jdk1.8.0_102.jdk/Contents/Home/jre/lib/libjawt.dylib
0x000000012638e000 	/System/Library/Frameworks/OpenGL.framework/Resources/GLEngine.bundle/GLEngine
0x000000000a2ac000 	/System/Library/Frameworks/OpenGL.framework/Versions/A/Libraries/libGLProgrammability.dylib
0x0000000126579000 	/System/Library/Extensions/AppleIntelBDWGraphicsGLDriver.bundle/Contents/MacOS/AppleIntelBDWGraphicsGLDriver
0x000000000a2ac000 	/System/Library/PrivateFrameworks/IOAccelerator.framework/Versions/A/IOAccelerator
0x000000000a2ac000 	/System/Library/PrivateFrameworks/GPUSupport.framework/Versions/A/Libraries/libGPUSupportMercury.dylib
0x0000000126c6f000 	/System/Library/Frameworks/OpenGL.framework/Resources//GLRendererFloat.bundle/GLRendererFloat

VM Arguments:
jvm_args: -Djava.library.path=/Users/EnemyBoss/Projects/Game/lib/jars/lwjgl_2.9.3/native/macosx -Dfile.encoding=UTF-8 
java_command: data.Boot
java_class_path (initial): /Users/EnemyBoss/Projects/Game/GameTutorial/bin:/Users/EnemyBoss/Projects/Game/lib/jars/slick-util.jar:/Users/EnemyBoss/Projects/Game/lib/jars/lwjgl_2.9.3/jar/lwjgl_util.jar:/Users/EnemyBoss/Projects/Game/lib/jars/lwjgl_2.9.3/jar/lwjgl.jar
Launcher Type: SUN_STANDARD

Environment Variables:
PATH=/usr/bin:/bin:/usr/sbin:/sbin
SHELL=/bin/zsh

Signal Handlers:
SIGSEGV: [libjvm.dylib+0x57d451], sa_mask[0]=11111111011111110111111111111111, sa_flags=SA_ONSTACK|SA_RESTART|SA_SIGINFO
SIGBUS: [libjvm.dylib+0x57d451], sa_mask[0]=11111111011111110111111111111111, sa_flags=SA_RESTART|SA_SIGINFO
SIGFPE: [libjvm.dylib+0x45744c], sa_mask[0]=11111111011111110111111111111111, sa_flags=SA_RESTART|SA_SIGINFO
SIGPIPE: [libjvm.dylib+0x45744c], sa_mask[0]=11111111011111110111111111111111, sa_flags=SA_RESTART|SA_SIGINFO
SIGXFSZ: [libjvm.dylib+0x45744c], sa_mask[0]=11111111011111110111111111111111, sa_flags=SA_RESTART|SA_SIGINFO
SIGILL: [libjvm.dylib+0x45744c], sa_mask[0]=11111111011111110111111111111111, sa_flags=SA_RESTART|SA_SIGINFO
SIGUSR1: SIG_DFL, sa_mask[0]=00000000000000000000000000000000, sa_flags=none
SIGUSR2: [libjvm.dylib+0x456f6a], sa_mask[0]=00100000000000000000000000000000, sa_flags=SA_RESTART|SA_SIGINFO
SIGHUP: [libjvm.dylib+0x455541], sa_mask[0]=11111111011111110111111111111111, sa_flags=SA_RESTART|SA_SIGINFO
SIGINT: [libjvm.dylib+0x455541], sa_mask[0]=11111111011111110111111111111111, sa_flags=SA_RESTART|SA_SIGINFO
SIGTERM: [libjvm.dylib+0x455541], sa_mask[0]=11111111011111110111111111111111, sa_flags=SA_RESTART|SA_SIGINFO
SIGQUIT: [libjvm.dylib+0x455541], sa_mask[0]=11111111011111110111111111111111, sa_flags=SA_RESTART|SA_SIGINFO


---------------  S Y S T E M  ---------------

OS:Bsduname:Darwin 14.5.0 Darwin Kernel Version 14.5.0: Mon Aug 29 21:14:16 PDT 2016; root:xnu-2782.50.6~1/RELEASE_X86_64 x86_64
rlimit: STACK 8192k, CORE 0k, NPROC 709, NOFILE 10240, AS infinity
load average:2.12 2.04 2.01

CPU:total 4 (2 cores per cpu, 2 threads per core) family 6 model 61 stepping 4, cmov, cx8, fxsr, mmx, sse, sse2, sse3, ssse3, sse4.1, sse4.2, popcnt, avx, avx2, aes, clmul, erms, 3dnowpref, lzcnt, ht, tsc, tscinvbit, bmi1, bmi2, adx

Memory: 4k page, physical 4194304k(34948k free)

/proc/meminfo:


vm_info: Java HotSpot(TM) 64-Bit Server VM (25.102-b04) for bsd-amd64 JRE (1.8.0_102-ea-b04), built on Apr 25 2016 14:13:06 by "java_re" with gcc 4.2.1 (Based on Apple Inc. build 5658) (LLVM build 2336.11.00)

time: Mon Sep 19 18:42:37 2016
elapsed time: 10 seconds (0d 0h 0m 10s)

