#
# A fatal error has been detected by the Java Runtime Environment:
#
#  SIGSEGV (0xb) at pc=0x00007fff8a09b0dd, pid=65293, tid=0x0000000000000713
#
# JRE version: Java(TM) SE Runtime Environment (8.0_102-b04) (build 1.8.0_102-ea-b04)
# Java VM: Java HotSpot(TM) 64-Bit Server VM (25.102-b04 mixed mode bsd-amd64 compressed oops)
# Problematic frame:
# C  [libobjc.A.dylib+0x10dd]  objc_msgSend+0x1d
#
# Failed to write core dump. Core dumps have been disabled. To enable core dumping, try "ulimit -c unlimited" before starting Java again
#
# If you would like to submit a bug report, please visit:
#   http://bugreport.java.com/bugreport/crash.jsp
# The crash happened outside the Java Virtual Machine in native code.
# See problematic frame for where to report the bug.
#

---------------  T H R E A D  ---------------

Current thread (0x00007ffb49929800):  JavaThread "AppKit Thread" daemon [_thread_in_native, id=1811, stack(0x00007fff52eb5000,0x00007fff536b5000)]

siginfo: si_signo: 11 (SIGSEGV), si_code: 1 (SEGV_MAPERR), si_addr: 0x0000000000000018

Registers:
RAX=0x00007ffb48598e00, RBX=0x00007fff536b0a08, RCX=0x0000000000000000, RDX=0x00007ffb485a60e0
RSP=0x00007fff536b0828, RBP=0x00007fff536b0830, RSI=0x00007fff8913e41e, RDI=0x00007ffb48598e00
R8 =0x00007fff536b0810, R9 =0x0000000000000055, R10=0x00007fff8913e41e, R11=0x0000000000000000
R12=0x00007ffb4850f380, R13=0x00000000000f42f0, R14=0x00007ffb48598980, R15=0x00007fff536b0968
RIP=0x00007fff8a09b0dd, EFLAGS=0x0000000000010246, ERR=0x0000000000000004
  TRAPNO=0x000000000000000e

Top of Stack: (sp=0x00007fff536b0828)
0x00007fff536b0828:   00007fff94d3c45c 00007fff536b0b90
0x00007fff536b0838:   00007fff94c2c634 00007fff536b08bc
0x00007fff536b0848:   00007fff536b08c0 00007fff536b08c4
0x00007fff536b0858:   00007fff792dfe00 ffffffffffffffff
0x00007fff536b0868:   00000000000007f8 00007fff792dfe18
0x00007fff536b0878:   00007ffb48598980 0000000000000000
0x00007fff536b0888:   00007fff536b0960 0000000000000000
0x00007fff536b0898:   00007ffb48788080 00007fff536b09e0
0x00007fff536b08a8:   0000000000000055 00000000000f42f2
0x00007fff536b08b8:   00007ffb485a60e0 00007ffb48787750
0x00007fff536b08c8:   00007ffb4850f380 0000000000000001
0x00007fff536b08d8:   00000000000f42f0 00007ffb4850f370
0x00007fff536b08e8:   00007fff91a37c05 000000014872ed70
0x00007fff536b08f8:   00007fff78c3b0d0 0000000042000000
0x00007fff536b0908:   00007fff91a3ee63 00007fff792aa240
0x00007fff536b0918:   00007fff536b09e8 00007fff536b0940
0x00007fff536b0928:   00007fff536b0960 0000000000000000
0x00007fff536b0938:   000000000000001e 00024d0300000001
0x00007fff536b0948:   00007ffb4850f3a4 0000000000000000
0x00007fff536b0958:   0000000000000000 00007ffb48788100
0x00007fff536b0968:   00007ffb48598980 0000002000000000
0x00007fff536b0978:   0000000000000000 00007fff78c3b0d0
0x00007fff536b0988:   0000000042000000 00007fff91a3e4f8
0x00007fff536b0998:   00007fff792aa350 00007fff536b08f8
0x00007fff536b09a8:   0000000000000000 00007fff536b0a78
0x00007fff536b09b8:   00007fff779dbea0 00007fff536b0ab0
0x00007fff536b09c8:   00007fff91889770 00007fff536b0a60
0x00007fff536b09d8:   00007fff888724ed 0000000000000051
0x00007fff536b09e8:   0000000000000000 00000000000f42e2
0x00007fff536b09f8:   0000000000000053 0000000000000000
0x00007fff536b0a08:   00000000000f42f0 00007fff536b0a84
0x00007fff536b0a18:   00000000003c1601 00000000ffffffff 

Instructions: (pc=0x00007fff8a09b0dd)
0x00007fff8a09b0bd:   00 00 00 48 85 ff 2e 74 7a 40 f6 c7 01 2e 75 7e
0x00007fff8a09b0cd:   49 bb f8 ff ff ff ff 7f 00 00 4c 23 1f 49 89 f2
0x00007fff8a09b0dd:   45 23 53 18 49 c1 e2 04 4d 03 53 10 49 3b 32 75
0x00007fff8a09b0ed:   04 41 ff 62 08 49 83 3a 00 74 6a 4d 3b 53 10 74 

Register to memory mapping:

RAX=0x00007ffb48598e00 is an unknown value
RBX=0x00007fff536b0a08 is pointing into the stack for thread: 0x00007ffb49929800
RCX=0x0000000000000000 is an unknown value
RDX=0x00007ffb485a60e0 is an unknown value
RSP=0x00007fff536b0828 is pointing into the stack for thread: 0x00007ffb49929800
RBP=0x00007fff536b0830 is pointing into the stack for thread: 0x00007ffb49929800
RSI=0x00007fff8913e41e: -[NSTitlebarContainerView transparent]+0x5e312 in /System/Library/Frameworks/AppKit.framework/Versions/C/AppKit at 0x00007fff8873d000
RDI=0x00007ffb48598e00 is an unknown value
R8 =0x00007fff536b0810 is pointing into the stack for thread: 0x00007ffb49929800
R9 =0x0000000000000055 is an unknown value
R10=0x00007fff8913e41e: -[NSTitlebarContainerView transparent]+0x5e312 in /System/Library/Frameworks/AppKit.framework/Versions/C/AppKit at 0x00007fff8873d000
R11=0x0000000000000000 is an unknown value
R12=0x00007ffb4850f380 is an unknown value
R13=0x00000000000f42f0 is an unknown value
R14=0x00007ffb48598980 is an unknown value
R15=0x00007fff536b0968 is pointing into the stack for thread: 0x00007ffb49929800


Stack: [0x00007fff52eb5000,0x00007fff536b5000],  sp=0x00007fff536b0828,  free space=8174k
Native frames: (J=compiled Java code, j=interpreted, Vv=VM code, C=native code)
C  [libobjc.A.dylib+0x10dd]  objc_msgSend+0x1d
C  [CoreFoundation+0x10634]  _CFXNotificationPost+0xc44
C  [Foundation+0x7aa1]  -[NSNotificationCenter postNotificationName:object:userInfo:]+0x42
C  [AppKit+0x439c2]  -[NSSurface _disposeSurface]+0x98
C  [AppKit+0x43426]  -[NSSurface setWindow:]+0x42
C  [AppKit+0x33910]  -[NSView _setWindow:]+0xa33
C  [AppKit+0x6af91]  -[NSView removeFromSuperview]+0x1c5
C  [AppKit+0x14bd99]  -[NSView removeFromSuperviewWithoutNeedingDisplay]+0x26
C  [liblwjgl.dylib+0xa205]  +[MacOSXKeyableWindow destroyWindow]+0xb5
C  [Foundation+0x92dd0]  __NSThreadPerformPerform+0x125
C  [CoreFoundation+0x80a01]  __CFRUNLOOP_IS_CALLING_OUT_TO_A_SOURCE0_PERFORM_FUNCTION__+0x11
C  [CoreFoundation+0x72b8d]  __CFRunLoopDoSources0+0x10d
C  [CoreFoundation+0x721bf]  __CFRunLoopRun+0x39f
C  [CoreFoundation+0x71bd8]  CFRunLoopRunSpecific+0x128
C  [HIToolbox+0x3256f]  RunCurrentEventLoopInMode+0xeb
C  [HIToolbox+0x322ea]  ReceiveNextEventCommon+0x1af
C  [HIToolbox+0x3212b]  _BlockUntilNextEventMatchingListInModeWithFilter+0x47
C  [AppKit+0x918ab]  _DPSNextEvent+0x3d2
C  [AppKit+0x90e58]  -[NSApplication nextEventMatchingMask:untilDate:inMode:dequeue:]+0x15a
C  [libosxapp.dylib+0x23aa]  -[NSApplicationAWT nextEventMatchingMask:untilDate:inMode:dequeue:]+0x7c
C  [AppKit+0x86af3]  -[NSApplication run]+0x252
C  [libosxapp.dylib+0x214d]  +[NSApplicationAWT runAWTLoopWithApp:]+0x9c
C  [libawt_lwawt.dylib+0x444b3]  -[AWTStarter starter:]+0x389
C  [Foundation+0x92dd0]  __NSThreadPerformPerform+0x125
C  [CoreFoundation+0x80a01]  __CFRUNLOOP_IS_CALLING_OUT_TO_A_SOURCE0_PERFORM_FUNCTION__+0x11
C  [CoreFoundation+0x72b8d]  __CFRunLoopDoSources0+0x10d
C  [CoreFoundation+0x721bf]  __CFRunLoopRun+0x39f
C  [CoreFoundation+0x71bd8]  CFRunLoopRunSpecific+0x128
C  [java+0x6465]  CreateExecutionEnvironment+0x367
C  [java+0x218c]  JLI_Launch+0x7a0
C  [java+0x84c2]  main+0x65
C  [java+0x19e4]  start+0x34
C  0x0000000000000006


---------------  P R O C E S S  ---------------

Java Threads: ( => current thread )
  0x00007ffb4992d000 JavaThread "AWT-Shutdown" [_thread_blocked, id=28179, stack(0x0000000125337000,0x0000000125437000)]
=>0x00007ffb49929800 JavaThread "AppKit Thread" daemon [_thread_in_native, id=1811, stack(0x00007fff52eb5000,0x00007fff536b5000)]
  0x00007ffb4981e800 JavaThread "Service Thread" daemon [_thread_blocked, id=18179, stack(0x00000001236e9000,0x00000001237e9000)]
  0x00007ffb4a017000 JavaThread "C1 CompilerThread2" daemon [_thread_blocked, id=17667, stack(0x00000001235e6000,0x00000001236e6000)]
  0x00007ffb4a016000 JavaThread "C2 CompilerThread1" daemon [_thread_blocked, id=17155, stack(0x00000001234e3000,0x00000001235e3000)]
  0x00007ffb4983a000 JavaThread "C2 CompilerThread0" daemon [_thread_blocked, id=16643, stack(0x00000001233e0000,0x00000001234e0000)]
  0x00007ffb49839800 JavaThread "Signal Dispatcher" daemon [_thread_blocked, id=13327, stack(0x00000001232dd000,0x00000001233dd000)]
  0x00007ffb49836000 JavaThread "Finalizer" daemon [_thread_blocked, id=11523, stack(0x00000001218d2000,0x00000001219d2000)]
  0x00007ffb49833000 JavaThread "Reference Handler" daemon [_thread_blocked, id=11011, stack(0x00000001217cf000,0x00000001218cf000)]
  0x00007ffb49007800 JavaThread "main" [_thread_in_native, id=4867, stack(0x000000010de01000,0x000000010df01000)]

Other Threads:
  0x00007ffb4a00d000 VMThread [stack: 0x00000001216cc000,0x00000001217cc000] [id=10499]
  0x00007ffb4986f800 WatcherThread [stack: 0x00000001237ec000,0x00000001238ec000] [id=18691]

VM state:not at safepoint (normal execution)

VM Mutex/Monitor currently owned by a thread: None

Heap:
 PSYoungGen      total 18944K, used 6106K [0x00000007aab00000, 0x00000007ac000000, 0x00000007c0000000)
  eden space 16384K, 37% used [0x00000007aab00000,0x00000007ab0f69b8,0x00000007abb00000)
  from space 2560K, 0% used [0x00000007abd80000,0x00000007abd80000,0x00000007ac000000)
  to   space 2560K, 0% used [0x00000007abb00000,0x00000007abb00000,0x00000007abd80000)
 ParOldGen       total 44032K, used 0K [0x0000000780000000, 0x0000000782b00000, 0x00000007aab00000)
  object space 44032K, 0% used [0x0000000780000000,0x0000000780000000,0x0000000782b00000)
 Metaspace       used 5790K, capacity 5975K, committed 6144K, reserved 1056768K
  class space    used 572K, capacity 664K, committed 768K, reserved 1048576K

Card table byte_map: [0x000000011d2c3000,0x000000011d4c4000] byte_map_base: 0x00000001196c3000

Marking Bits: (ParMarkBitMap*) 0x000000010cedb610
 Begin Bits: [0x000000011da26000, 0x000000011ea26000)
 End Bits:   [0x000000011ea26000, 0x000000011fa26000)

Polling page: 0x000000010d592000

CodeCache: size=245760Kb used=2040Kb max_used=2051Kb free=243719Kb
 bounds [0x000000010df03000, 0x000000010e173000, 0x000000011cf03000]
 total_blobs=803 nmethods=466 adapters=252
 compilation: enabled

Compilation events (10 events):
Event: 5.490 Thread 0x00007ffb4a017000  463       1       java.nio.HeapByteBuffer::_put (8 bytes)
Event: 5.491 Thread 0x00007ffb4a017000 nmethod 463 0x000000010e101190 code [0x000000010e1012e0, 0x000000010e101410]
Event: 6.000 Thread 0x00007ffb4a016000  464   !   4       org.lwjgl.opengl.Display::isCreated (17 bytes)
Event: 6.002 Thread 0x00007ffb4a016000 nmethod 464 0x000000010e104310 code [0x000000010e104460, 0x000000010e104678]
Event: 6.563 Thread 0x00007ffb4a017000  465       3       java.nio.HeapByteBuffer::putInt (20 bytes)
Event: 6.564 Thread 0x00007ffb4a017000 nmethod 465 0x000000010e103c50 code [0x000000010e103de0, 0x000000010e1041a8]
Event: 6.564 Thread 0x00007ffb4a017000  466       3       java.nio.Bits::putInt (20 bytes)
Event: 6.564 Thread 0x00007ffb4a017000 nmethod 466 0x000000010e103810 code [0x000000010e103980, 0x000000010e103b78]
Event: 6.939 Thread 0x00007ffb4983a000  467       4       java.nio.DirectByteBuffer::put (18 bytes)
Event: 6.940 Thread 0x00007ffb4983a000 nmethod 467 0x000000010e0f5250 code [0x000000010e0f53a0, 0x000000010e0f5458]

GC Heap History (0 events):
No events

Deoptimization events (0 events):
No events

Internal exceptions (10 events):
Event: 0.168 Thread 0x00007ffb49007800 Exception <a 'java/security/PrivilegedActionException'> (0x00000007aacbd530) thrown at [/HUDSON3/workspace/8-2-build-macosx-x86_64/jdk8u102/6817.nc/hotspot/src/share/vm/prims/jvm.cpp, line 1386]
Event: 0.168 Thread 0x00007ffb49007800 Exception <a 'java/security/PrivilegedActionException'> (0x00000007aacbd740) thrown at [/HUDSON3/workspace/8-2-build-macosx-x86_64/jdk8u102/6817.nc/hotspot/src/share/vm/prims/jvm.cpp, line 1386]
Event: 0.168 Thread 0x00007ffb49007800 Exception <a 'java/security/PrivilegedActionException'> (0x00000007aacc0328) thrown at [/HUDSON3/workspace/8-2-build-macosx-x86_64/jdk8u102/6817.nc/hotspot/src/share/vm/prims/jvm.cpp, line 1386]
Event: 0.168 Thread 0x00007ffb49007800 Exception <a 'java/security/PrivilegedActionException'> (0x00000007aacc0538) thrown at [/HUDSON3/workspace/8-2-build-macosx-x86_64/jdk8u102/6817.nc/hotspot/src/share/vm/prims/jvm.cpp, line 1386]
Event: 0.168 Thread 0x00007ffb49007800 Exception <a 'java/security/PrivilegedActionException'> (0x00000007aacc1468) thrown at [/HUDSON3/workspace/8-2-build-macosx-x86_64/jdk8u102/6817.nc/hotspot/src/share/vm/prims/jvm.cpp, line 1386]
Event: 0.168 Thread 0x00007ffb49007800 Exception <a 'java/security/PrivilegedActionException'> (0x00000007aacc1678) thrown at [/HUDSON3/workspace/8-2-build-macosx-x86_64/jdk8u102/6817.nc/hotspot/src/share/vm/prims/jvm.cpp, line 1386]
Event: 0.225 Thread 0x00007ffb49007800 Exception <a 'java/lang/NoSuchFieldError': method resolution failed> (0x00000007aad8fbf8) thrown at [/HUDSON3/workspace/8-2-build-macosx-x86_64/jdk8u102/6817.nc/hotspot/src/share/vm/prims/methodHandles.cpp, line 1146]
Event: 0.227 Thread 0x00007ffb49007800 Exception <a 'java/lang/NoSuchFieldError': method resolution failed> (0x00000007aad9d348) thrown at [/HUDSON3/workspace/8-2-build-macosx-x86_64/jdk8u102/6817.nc/hotspot/src/share/vm/prims/methodHandles.cpp, line 1146]
Event: 0.432 Thread 0x00007ffb49007800 Exception <a 'java/io/FileNotFoundException'> (0x00000007aae18098) thrown at [/HUDSON3/workspace/8-2-build-macosx-x86_64/jdk8u102/6817.nc/hotspot/src/share/vm/prims/jni.cpp, line 709]
Event: 0.433 Thread 0x00007ffb49007800 Exception <a 'java/io/FileNotFoundException'> (0x00000007aae18c20) thrown at [/HUDSON3/workspace/8-2-build-macosx-x86_64/jdk8u102/6817.nc/hotspot/src/share/vm/prims/jni.cpp, line 709]

Events (10 events):
Event: 0.750 loading class org/lwjgl/opengl/Sync
Event: 0.750 loading class org/lwjgl/opengl/Sync done
Event: 0.751 loading class org/lwjgl/opengl/Sync$RunningAvg
Event: 0.751 loading class org/lwjgl/opengl/Sync$RunningAvg done
Event: 3.333 Thread 0x00007ffb49007800 DEOPT PACKING pc=0x000000010e0eaf13 sp=0x000000010df006f0
Event: 3.333 Thread 0x00007ffb49007800 DEOPT UNPACKING pc=0x000000010df4a373 sp=0x000000010df00520 mode 0
Event: 4.126 Executing VM operation: EnableBiasedLocking
Event: 4.126 Executing VM operation: EnableBiasedLocking done
Event: 6.938 loading class org/lwjgl/opengl/CallbackUtil
Event: 6.938 loading class org/lwjgl/opengl/CallbackUtil done


Dynamic libraries:
0x000000000762d000 	/System/Library/Frameworks/Cocoa.framework/Versions/A/Cocoa
0x000000000762d000 	/System/Library/Frameworks/Security.framework/Versions/A/Security
0x000000000762d000 	/System/Library/Frameworks/ApplicationServices.framework/Versions/A/ApplicationServices
0x000000000762d000 	/usr/lib/libz.1.dylib
0x000000000762d000 	/usr/lib/libSystem.B.dylib
0x000000000762d000 	/usr/lib/libobjc.A.dylib
0x000000000762d000 	/System/Library/Frameworks/CoreFoundation.framework/Versions/A/CoreFoundation
0x000000000762d000 	/System/Library/Frameworks/Foundation.framework/Versions/C/Foundation
0x000000000762d000 	/System/Library/Frameworks/AppKit.framework/Versions/C/AppKit
0x000000000762d000 	/System/Library/Frameworks/CoreData.framework/Versions/A/CoreData
0x000000000762d000 	/System/Library/PrivateFrameworks/RemoteViewServices.framework/Versions/A/RemoteViewServices
0x000000000762d000 	/System/Library/PrivateFrameworks/UIFoundation.framework/Versions/A/UIFoundation
0x000000000762d000 	/System/Library/Frameworks/IOSurface.framework/Versions/A/IOSurface
0x000000000762d000 	/System/Library/Frameworks/AudioToolbox.framework/Versions/A/AudioToolbox
0x000000000762d000 	/System/Library/Frameworks/AudioUnit.framework/Versions/A/AudioUnit
0x000000000762d000 	/System/Library/PrivateFrameworks/DataDetectorsCore.framework/Versions/A/DataDetectorsCore
0x000000000762d000 	/System/Library/PrivateFrameworks/DesktopServicesPriv.framework/Versions/A/DesktopServicesPriv
0x000000000762d000 	/System/Library/Frameworks/Carbon.framework/Versions/A/Frameworks/HIToolbox.framework/Versions/A/HIToolbox
0x000000000762d000 	/System/Library/Frameworks/QuartzCore.framework/Versions/A/QuartzCore
0x000000000762d000 	/System/Library/Frameworks/Carbon.framework/Versions/A/Frameworks/SpeechRecognition.framework/Versions/A/SpeechRecognition
0x000000000762d000 	/usr/lib/libauto.dylib
0x000000000762d000 	/usr/lib/libicucore.A.dylib
0x000000000762d000 	/usr/lib/libxml2.2.dylib
0x000000000762d000 	/System/Library/PrivateFrameworks/CoreUI.framework/Versions/A/CoreUI
0x000000000762d000 	/System/Library/Frameworks/CoreAudio.framework/Versions/A/CoreAudio
0x000000000762d000 	/System/Library/Frameworks/DiskArbitration.framework/Versions/A/DiskArbitration
0x000000000762d000 	/usr/lib/liblangid.dylib
0x000000000762d000 	/System/Library/PrivateFrameworks/MultitouchSupport.framework/Versions/A/MultitouchSupport
0x000000000762d000 	/System/Library/Frameworks/IOKit.framework/Versions/A/IOKit
0x000000000762d000 	/usr/lib/libDiagnosticMessagesClient.dylib
0x000000000762d000 	/System/Library/Frameworks/CoreServices.framework/Versions/A/CoreServices
0x000000000762d000 	/System/Library/PrivateFrameworks/PerformanceAnalysis.framework/Versions/A/PerformanceAnalysis
0x000000000762d000 	/System/Library/PrivateFrameworks/GenerationalStorage.framework/Versions/A/GenerationalStorage
0x000000000762d000 	/System/Library/Frameworks/OpenGL.framework/Versions/A/OpenGL
0x000000000762d000 	/System/Library/PrivateFrameworks/Sharing.framework/Versions/A/Sharing
0x000000000762d000 	/System/Library/Frameworks/CoreGraphics.framework/Versions/A/CoreGraphics
0x000000000762d000 	/System/Library/Frameworks/CoreText.framework/Versions/A/CoreText
0x000000000762d000 	/System/Library/Frameworks/ImageIO.framework/Versions/A/ImageIO
0x000000000762d000 	/usr/lib/libextension.dylib
0x000000000762d000 	/System/Library/PrivateFrameworks/Backup.framework/Versions/A/Backup
0x000000000762d000 	/usr/lib/libarchive.2.dylib
0x000000000762d000 	/System/Library/Frameworks/CFNetwork.framework/Versions/A/CFNetwork
0x000000000762d000 	/System/Library/Frameworks/SystemConfiguration.framework/Versions/A/SystemConfiguration
0x000000000762d000 	/usr/lib/libCRFSuite.dylib
0x000000000762d000 	/usr/lib/libc++.1.dylib
0x000000000762d000 	/usr/lib/libc++abi.dylib
0x000000000762d000 	/usr/lib/system/libcache.dylib
0x000000000762d000 	/usr/lib/system/libcommonCrypto.dylib
0x000000000762d000 	/usr/lib/system/libcompiler_rt.dylib
0x000000000762d000 	/usr/lib/system/libcopyfile.dylib
0x000000000762d000 	/usr/lib/system/libcorecrypto.dylib
0x000000000762d000 	/usr/lib/system/libdispatch.dylib
0x000000000762d000 	/usr/lib/system/libdyld.dylib
0x000000000762d000 	/usr/lib/system/libkeymgr.dylib
0x000000000762d000 	/usr/lib/system/liblaunch.dylib
0x000000000762d000 	/usr/lib/system/libmacho.dylib
0x000000000762d000 	/usr/lib/system/libquarantine.dylib
0x000000000762d000 	/usr/lib/system/libremovefile.dylib
0x000000000762d000 	/usr/lib/system/libsystem_asl.dylib
0x000000000762d000 	/usr/lib/system/libsystem_blocks.dylib
0x000000000762d000 	/usr/lib/system/libsystem_c.dylib
0x000000000762d000 	/usr/lib/system/libsystem_configuration.dylib
0x000000000762d000 	/usr/lib/system/libsystem_coreservices.dylib
0x000000000762d000 	/usr/lib/system/libsystem_coretls.dylib
0x000000000762d000 	/usr/lib/system/libsystem_dnssd.dylib
0x000000000762d000 	/usr/lib/system/libsystem_info.dylib
0x000000000762d000 	/usr/lib/system/libsystem_kernel.dylib
0x000000000762d000 	/usr/lib/system/libsystem_m.dylib
0x000000000762d000 	/usr/lib/system/libsystem_malloc.dylib
0x000000000762d000 	/usr/lib/system/libsystem_network.dylib
0x000000000762d000 	/usr/lib/system/libsystem_networkextension.dylib
0x000000000762d000 	/usr/lib/system/libsystem_notify.dylib
0x000000000762d000 	/usr/lib/system/libsystem_platform.dylib
0x000000000762d000 	/usr/lib/system/libsystem_pthread.dylib
0x000000000762d000 	/usr/lib/system/libsystem_sandbox.dylib
0x000000000762d000 	/usr/lib/system/libsystem_secinit.dylib
0x000000000762d000 	/usr/lib/system/libsystem_stats.dylib
0x000000000762d000 	/usr/lib/system/libsystem_trace.dylib
0x000000000762d000 	/usr/lib/system/libunc.dylib
0x000000000762d000 	/usr/lib/system/libunwind.dylib
0x000000000762d000 	/usr/lib/system/libxpc.dylib
0x000000000762d000 	/usr/lib/libbz2.1.0.dylib
0x000000000762d000 	/usr/lib/liblzma.5.dylib
0x000000000762d000 	/usr/lib/libbsm.0.dylib
0x000000000762d000 	/usr/lib/libsqlite3.dylib
0x000000000762d000 	/usr/lib/system/libkxld.dylib
0x000000000762d000 	/usr/lib/libxar.1.dylib
0x000000000762d000 	/usr/lib/libpam.2.dylib
0x000000000762d000 	/usr/lib/libOpenScriptingUtil.dylib
0x000000000762d000 	/System/Library/Frameworks/CoreServices.framework/Versions/A/Frameworks/FSEvents.framework/Versions/A/FSEvents
0x000000000762d000 	/System/Library/Frameworks/CoreServices.framework/Versions/A/Frameworks/CarbonCore.framework/Versions/A/CarbonCore
0x000000000762d000 	/System/Library/Frameworks/CoreServices.framework/Versions/A/Frameworks/Metadata.framework/Versions/A/Metadata
0x000000000762d000 	/System/Library/Frameworks/CoreServices.framework/Versions/A/Frameworks/OSServices.framework/Versions/A/OSServices
0x000000000762d000 	/System/Library/Frameworks/CoreServices.framework/Versions/A/Frameworks/SearchKit.framework/Versions/A/SearchKit
0x000000000762d000 	/System/Library/Frameworks/CoreServices.framework/Versions/A/Frameworks/AE.framework/Versions/A/AE
0x000000000762d000 	/System/Library/Frameworks/CoreServices.framework/Versions/A/Frameworks/LaunchServices.framework/Versions/A/LaunchServices
0x000000000762d000 	/System/Library/Frameworks/CoreServices.framework/Versions/A/Frameworks/DictionaryServices.framework/Versions/A/DictionaryServices
0x000000000762d000 	/System/Library/Frameworks/NetFS.framework/Versions/A/NetFS
0x000000000762d000 	/System/Library/PrivateFrameworks/NetAuth.framework/Versions/A/NetAuth
0x000000000762d000 	/System/Library/PrivateFrameworks/login.framework/Versions/A/Frameworks/loginsupport.framework/Versions/A/loginsupport
0x000000000762d000 	/System/Library/PrivateFrameworks/TCC.framework/Versions/A/TCC
0x000000000762d000 	/usr/lib/libmecabra.dylib
0x000000000762d000 	/System/Library/Frameworks/ApplicationServices.framework/Versions/A/Frameworks/ATS.framework/Versions/A/ATS
0x000000000762d000 	/System/Library/Frameworks/ApplicationServices.framework/Versions/A/Frameworks/ColorSync.framework/Versions/A/ColorSync
0x000000000762d000 	/System/Library/Frameworks/ApplicationServices.framework/Versions/A/Frameworks/HIServices.framework/Versions/A/HIServices
0x000000000762d000 	/System/Library/Frameworks/ApplicationServices.framework/Versions/A/Frameworks/LangAnalysis.framework/Versions/A/LangAnalysis
0x000000000762d000 	/System/Library/Frameworks/ApplicationServices.framework/Versions/A/Frameworks/PrintCore.framework/Versions/A/PrintCore
0x000000000762d000 	/System/Library/Frameworks/ApplicationServices.framework/Versions/A/Frameworks/QD.framework/Versions/A/QD
0x000000000762d000 	/System/Library/Frameworks/ApplicationServices.framework/Versions/A/Frameworks/SpeechSynthesis.framework/Versions/A/SpeechSynthesis
0x000000000762d000 	/System/Library/Frameworks/Accelerate.framework/Versions/A/Accelerate
0x000000000762d000 	/System/Library/Frameworks/Accelerate.framework/Versions/A/Frameworks/vImage.framework/Versions/A/vImage
0x000000000762d000 	/System/Library/Frameworks/Accelerate.framework/Versions/A/Frameworks/vecLib.framework/Versions/A/vecLib
0x000000000762d000 	/System/Library/Frameworks/Accelerate.framework/Versions/A/Frameworks/vecLib.framework/Versions/A/libvDSP.dylib
0x000000000762d000 	/System/Library/Frameworks/Accelerate.framework/Versions/A/Frameworks/vecLib.framework/Versions/A/libvMisc.dylib
0x000000000762d000 	/System/Library/Frameworks/Accelerate.framework/Versions/A/Frameworks/vecLib.framework/Versions/A/libLAPACK.dylib
0x000000000762d000 	/System/Library/Frameworks/Accelerate.framework/Versions/A/Frameworks/vecLib.framework/Versions/A/libBLAS.dylib
0x000000000762d000 	/System/Library/Frameworks/Accelerate.framework/Versions/A/Frameworks/vecLib.framework/Versions/A/libLinearAlgebra.dylib
0x000000000762d000 	/System/Library/Frameworks/ApplicationServices.framework/Versions/A/Frameworks/ATS.framework/Versions/A/Resources/libFontParser.dylib
0x000000000762d000 	/System/Library/Frameworks/ApplicationServices.framework/Versions/A/Frameworks/ATS.framework/Versions/A/Resources/libFontRegistry.dylib
0x000000000762d000 	/System/Library/PrivateFrameworks/AppleVPA.framework/Versions/A/AppleVPA
0x000000000762d000 	/System/Library/PrivateFrameworks/AppleJPEG.framework/Versions/A/AppleJPEG
0x000000000762d000 	/System/Library/Frameworks/ImageIO.framework/Versions/A/Resources/libJPEG.dylib
0x000000000762d000 	/System/Library/Frameworks/ImageIO.framework/Versions/A/Resources/libTIFF.dylib
0x000000000762d000 	/System/Library/Frameworks/ImageIO.framework/Versions/A/Resources/libPng.dylib
0x000000000762d000 	/System/Library/Frameworks/ImageIO.framework/Versions/A/Resources/libGIF.dylib
0x000000000762d000 	/System/Library/Frameworks/ImageIO.framework/Versions/A/Resources/libJP2.dylib
0x000000000762d000 	/System/Library/Frameworks/ImageIO.framework/Versions/A/Resources/libRadiance.dylib
0x000000000762d000 	/System/Library/Frameworks/CoreVideo.framework/Versions/A/CoreVideo
0x000000000762d000 	/System/Library/Frameworks/OpenGL.framework/Versions/A/Libraries/libGLU.dylib
0x000000000762d000 	/System/Library/Frameworks/OpenGL.framework/Versions/A/Libraries/libGFXShared.dylib
0x000000000762d000 	/System/Library/Frameworks/OpenGL.framework/Versions/A/Libraries/libGL.dylib
0x000000000762d000 	/System/Library/Frameworks/OpenGL.framework/Versions/A/Libraries/libGLImage.dylib
0x000000000762d000 	/System/Library/Frameworks/OpenGL.framework/Versions/A/Libraries/libCVMSPluginSupport.dylib
0x000000000762d000 	/System/Library/Frameworks/OpenGL.framework/Versions/A/Libraries/libCoreVMClient.dylib
0x000000000762d000 	/usr/lib/libcups.2.dylib
0x000000000762d000 	/System/Library/Frameworks/Kerberos.framework/Versions/A/Kerberos
0x000000000762d000 	/System/Library/Frameworks/GSS.framework/Versions/A/GSS
0x000000000762d000 	/usr/lib/libresolv.9.dylib
0x000000000762d000 	/usr/lib/libiconv.2.dylib
0x000000000762d000 	/System/Library/PrivateFrameworks/Heimdal.framework/Versions/A/Heimdal
0x000000000762d000 	/usr/lib/libheimdal-asn1.dylib
0x000000000762d000 	/System/Library/Frameworks/OpenDirectory.framework/Versions/A/OpenDirectory
0x000000000762d000 	/System/Library/PrivateFrameworks/CommonAuth.framework/Versions/A/CommonAuth
0x000000000762d000 	/System/Library/Frameworks/OpenDirectory.framework/Versions/A/Frameworks/CFOpenDirectory.framework/Versions/A/CFOpenDirectory
0x000000000762d000 	/System/Library/Frameworks/SecurityFoundation.framework/Versions/A/SecurityFoundation
0x000000000762d000 	/System/Library/PrivateFrameworks/LanguageModeling.framework/Versions/A/LanguageModeling
0x000000000762d000 	/usr/lib/libcmph.dylib
0x000000000762d000 	/System/Library/Frameworks/ServiceManagement.framework/Versions/A/ServiceManagement
0x000000000762d000 	/usr/lib/libxslt.1.dylib
0x000000000762d000 	/System/Library/Frameworks/Carbon.framework/Versions/A/Frameworks/Ink.framework/Versions/A/Ink
0x000000000762d000 	/System/Library/Frameworks/QuartzCore.framework/Versions/A/Frameworks/CoreImage.framework/Versions/A/CoreImage
0x000000000762d000 	/System/Library/PrivateFrameworks/CrashReporterSupport.framework/Versions/A/CrashReporterSupport
0x000000000762d000 	/System/Library/Frameworks/OpenCL.framework/Versions/A/OpenCL
0x000000000762d000 	/System/Library/PrivateFrameworks/FaceCore.framework/Versions/A/FaceCore
0x000000000762d000 	/System/Library/PrivateFrameworks/Ubiquity.framework/Versions/A/Ubiquity
0x000000000762d000 	/System/Library/PrivateFrameworks/IconServices.framework/Versions/A/IconServices
0x000000000762d000 	/System/Library/PrivateFrameworks/ChunkingLibrary.framework/Versions/A/ChunkingLibrary
0x000000000762d000 	/System/Library/PrivateFrameworks/Apple80211.framework/Versions/A/Apple80211
0x000000000762d000 	/System/Library/Frameworks/CoreWLAN.framework/Versions/A/CoreWLAN
0x000000000762d000 	/System/Library/Frameworks/IOBluetooth.framework/Versions/A/IOBluetooth
0x000000000762d000 	/System/Library/PrivateFrameworks/CoreWiFi.framework/Versions/A/CoreWiFi
0x000000000762d000 	/System/Library/Frameworks/CoreBluetooth.framework/Versions/A/CoreBluetooth
0x000000000762d000 	/System/Library/PrivateFrameworks/DebugSymbols.framework/Versions/A/DebugSymbols
0x000000000762d000 	/System/Library/PrivateFrameworks/CoreSymbolication.framework/Versions/A/CoreSymbolication
0x000000000762d000 	/System/Library/PrivateFrameworks/Symbolication.framework/Versions/A/Symbolication
0x000000000762d000 	/System/Library/PrivateFrameworks/SpeechRecognitionCore.framework/Versions/A/SpeechRecognitionCore
0x000000010c64a000 	/Library/Java/JavaVirtualMachines/jdk1.8.0_102.jdk/Contents/Home/jre/lib/server/libjvm.dylib
0x000000000762d000 	/usr/lib/libstdc++.6.dylib
0x000000010d54f000 	/Library/Java/JavaVirtualMachines/jdk1.8.0_102.jdk/Contents/Home/jre/lib/libverify.dylib
0x000000010d55d000 	/Library/Java/JavaVirtualMachines/jdk1.8.0_102.jdk/Contents/Home/jre/lib/libjava.dylib
0x000000010d59c000 	/Library/Java/JavaVirtualMachines/jdk1.8.0_102.jdk/Contents/Home/jre/lib/libzip.dylib
0x000000010d5e2000 	/System/Library/Frameworks/JavaVM.framework/Frameworks/JavaRuntimeSupport.framework/JavaRuntimeSupport
0x00000001219d4000 	/System/Library/Frameworks/JavaVM.framework/Versions/A/Frameworks/JavaNativeFoundation.framework/Versions/A/JavaNativeFoundation
0x00000001219e9000 	/System/Library/Frameworks/JavaVM.framework/Versions/A/JavaVM
0x000000000762d000 	/System/Library/Frameworks/Carbon.framework/Versions/A/Carbon
0x00000001219f6000 	/System/Library/PrivateFrameworks/JavaLaunching.framework/Versions/A/JavaLaunching
0x000000000762d000 	/System/Library/Frameworks/Carbon.framework/Versions/A/Frameworks/CommonPanels.framework/Versions/A/CommonPanels
0x000000000762d000 	/System/Library/Frameworks/Carbon.framework/Versions/A/Frameworks/Help.framework/Versions/A/Help
0x000000000762d000 	/System/Library/Frameworks/Carbon.framework/Versions/A/Frameworks/ImageCapture.framework/Versions/A/ImageCapture
0x000000000762d000 	/System/Library/Frameworks/Carbon.framework/Versions/A/Frameworks/OpenScripting.framework/Versions/A/OpenScripting
0x000000000762d000 	/System/Library/Frameworks/Carbon.framework/Versions/A/Frameworks/Print.framework/Versions/A/Print
0x000000000762d000 	/System/Library/Frameworks/Carbon.framework/Versions/A/Frameworks/SecurityHI.framework/Versions/A/SecurityHI
0x000000012393f000 	/Library/Java/JavaVirtualMachines/jdk1.8.0_102.jdk/Contents/Home/jre/lib/libawt.dylib
0x00000001239e7000 	/Library/Java/JavaVirtualMachines/jdk1.8.0_102.jdk/Contents/Home/jre/lib/./libmlib_image.dylib
0x0000000123ab3000 	/Library/Java/JavaVirtualMachines/jdk1.8.0_102.jdk/Contents/Home/jre/lib/libawt_lwawt.dylib
0x0000000123b68000 	/Library/Java/JavaVirtualMachines/jdk1.8.0_102.jdk/Contents/Home/jre/lib/./libosxapp.dylib
0x000000000762d000 	/System/Library/Frameworks/ExceptionHandling.framework/Versions/A/ExceptionHandling
0x000000000762d000 	/System/Library/PrivateFrameworks/CoreServicesInternal.framework/Versions/A/CoreServicesInternal
0x000000000762d000 	/System/Library/PrivateFrameworks/CloudDocs.framework/Versions/A/CloudDocs
0x000000000762d000 	/System/Library/PrivateFrameworks/CoreDuet.framework/Versions/A/CoreDuet
0x000000000762d000 	/System/Library/Frameworks/CloudKit.framework/Versions/A/CloudKit
0x000000000762d000 	/System/Library/PrivateFrameworks/ProtocolBuffer.framework/Versions/A/ProtocolBuffer
0x000000000762d000 	/System/Library/PrivateFrameworks/CoreDuetDaemonProtocol.framework/Versions/A/CoreDuetDaemonProtocol
0x000000000762d000 	/System/Library/PrivateFrameworks/CoreDuetDebugLogging.framework/Versions/A/CoreDuetDebugLogging
0x000000000762d000 	/System/Library/PrivateFrameworks/MMCS.framework/Versions/A/MMCS
0x000000000762d000 	/System/Library/Frameworks/CoreLocation.framework/Versions/A/CoreLocation
0x000000000762d000 	/System/Library/PrivateFrameworks/ProtectedCloudStorage.framework/Versions/A/ProtectedCloudStorage
0x000000000762d000 	/System/Library/PrivateFrameworks/GeoServices.framework/Versions/A/GeoServices
0x000000000762d000 	/System/Library/Frameworks/CoreGraphics.framework/Versions/A/Resources/libCGCMS.A.dylib
0x000000000762d000 	/System/Library/Frameworks/CoreGraphics.framework/Versions/A/Resources/libRIP.A.dylib
0x000000000762d000 	/System/Library/Frameworks/CoreGraphics.framework/Versions/A/Resources/libCGXType.A.dylib
0x000000000762d000 	/System/Library/Frameworks/OpenCL.framework/Versions/A/Libraries/libcldcpuengine.dylib
0x000000000762d000 	/System/Library/PrivateFrameworks/DiskImages.framework/Versions/A/DiskImages
0x000000000762d000 	/System/Library/Frameworks/DiscRecording.framework/Versions/A/DiscRecording
0x000000000762d000 	/usr/lib/libcsfde.dylib
0x000000000762d000 	/usr/lib/libcurl.4.dylib
0x000000000762d000 	/System/Library/PrivateFrameworks/MediaKit.framework/Versions/A/MediaKit
0x000000000762d000 	/usr/lib/libCoreStorage.dylib
0x000000000762d000 	/System/Library/PrivateFrameworks/EFILogin.framework/Versions/A/EFILogin
0x000000000762d000 	/usr/lib/libutil.dylib
0x000000000762d000 	/System/Library/PrivateFrameworks/FindMyDevice.framework/Versions/A/FindMyDevice
0x000000000762d000 	/System/Library/Frameworks/LDAP.framework/Versions/A/LDAP
0x000000000762d000 	/usr/lib/libsasl2.2.dylib
0x000000000762d000 	/System/Library/PrivateFrameworks/CoreDaemon.framework/Versions/B/CoreDaemon
0x000000000762d000 	/usr/lib/libcrypto.0.9.8.dylib
0x000000000762d000 	/System/Library/PrivateFrameworks/AppleSRP.framework/Versions/A/AppleSRP
0x000000000762d000 	/System/Library/PrivateFrameworks/TrustEvaluationAgent.framework/Versions/A/TrustEvaluationAgent
0x0000000126ab4000 	cl_kernels
0x0000000126ab6000 	/System/Library/Frameworks/OpenCL.framework/Versions/A/Libraries/ImageFormats/unorm8_bgra.dylib
0x0000000126aa5000 	cl_kernels
0x000000000762d000 	/System/Library/PrivateFrameworks/FamilyControls.framework/Versions/A/FamilyControls
0x000000000762d000 	/System/Library/PrivateFrameworks/CommerceKit.framework/Versions/A/Frameworks/CommerceCore.framework/Versions/A/CommerceCore
0x000000000762d000 	/System/Library/PrivateFrameworks/SystemAdministration.framework/Versions/A/SystemAdministration
0x000000000762d000 	/System/Library/PrivateFrameworks/AppContainer.framework/Versions/A/AppContainer
0x000000000762d000 	/System/Library/PrivateFrameworks/SecCodeWrapper.framework/Versions/A/SecCodeWrapper
0x000000000762d000 	/System/Library/Frameworks/DirectoryService.framework/Versions/A/DirectoryService
0x000000000762d000 	/System/Library/PrivateFrameworks/LoginUIKit.framework/Versions/A/Frameworks/LoginUICore.framework/Versions/A/LoginUICore
0x000000000762d000 	/usr/lib/libodfde.dylib
0x0000000127c7c000 	/Library/Java/JavaVirtualMachines/jdk1.8.0_102.jdk/Contents/Home/jre/lib/libfontmanager.dylib
0x0000000127ce3000 	/Users/EnemyBoss/Projects/Game/lib/jars/lwjgl_2.9.3/native/macosx/liblwjgl.dylib
0x0000000125fe3000 	/Library/Java/JavaVirtualMachines/jdk1.8.0_102.jdk/Contents/Home/jre/lib/libjawt.dylib
0x000000000762d000 	/System/Library/Frameworks/OpenGL.framework/Versions/A/Resources/GLEngine.bundle/GLEngine
0x000000000762d000 	/System/Library/Frameworks/OpenGL.framework/Versions/A/Libraries/libGLProgrammability.dylib
0x0000000127d65000 	/System/Library/Extensions/AppleIntelBDWGraphicsGLDriver.bundle/Contents/MacOS/AppleIntelBDWGraphicsGLDriver
0x000000000762d000 	/System/Library/PrivateFrameworks/IOAccelerator.framework/Versions/A/IOAccelerator
0x000000000762d000 	/System/Library/PrivateFrameworks/GPUSupport.framework/Versions/A/Libraries/libGPUSupportMercury.dylib
0x000000000762d000 	/System/Library/Frameworks/OpenGL.framework/Versions/A/Resources/GLRendererFloat.bundle/GLRendererFloat

VM Arguments:
jvm_args: -Djava.library.path=/Users/EnemyBoss/Projects/Game/lib/jars/lwjgl_2.9.3/native/macosx -Dfile.encoding=UTF-8 
java_command: data.Boot
java_class_path (initial): /Users/EnemyBoss/Projects/Game/GameTutorial/bin:/Users/EnemyBoss/Projects/Game/lib/jars/slick-util.jar:/Users/EnemyBoss/Projects/Game/lib/jars/lwjgl_2.9.3/jar/lwjgl_util.jar:/Users/EnemyBoss/Projects/Game/lib/jars/lwjgl_2.9.3/jar/lwjgl.jar
Launcher Type: SUN_STANDARD

Environment Variables:
PATH=/usr/bin:/bin:/usr/sbin:/sbin
SHELL=/bin/zsh

Signal Handlers:
SIGSEGV: [libjvm.dylib+0x57d451], sa_mask[0]=11111111011111110111111111111111, sa_flags=SA_ONSTACK|SA_RESTART|SA_SIGINFO
SIGBUS: [libjvm.dylib+0x57d451], sa_mask[0]=11111111011111110111111111111111, sa_flags=SA_RESTART|SA_SIGINFO
SIGFPE: [libjvm.dylib+0x45744c], sa_mask[0]=11111111011111110111111111111111, sa_flags=SA_RESTART|SA_SIGINFO
SIGPIPE: [libjvm.dylib+0x45744c], sa_mask[0]=11111111011111110111111111111111, sa_flags=SA_RESTART|SA_SIGINFO
SIGXFSZ: [libjvm.dylib+0x45744c], sa_mask[0]=11111111011111110111111111111111, sa_flags=SA_RESTART|SA_SIGINFO
SIGILL: [libjvm.dylib+0x45744c], sa_mask[0]=11111111011111110111111111111111, sa_flags=SA_RESTART|SA_SIGINFO
SIGUSR1: SIG_DFL, sa_mask[0]=00000000000000000000000000000000, sa_flags=none
SIGUSR2: [libjvm.dylib+0x456f6a], sa_mask[0]=00100000000000000000000000000000, sa_flags=SA_RESTART|SA_SIGINFO
SIGHUP: [libjvm.dylib+0x455541], sa_mask[0]=11111111011111110111111111111111, sa_flags=SA_RESTART|SA_SIGINFO
SIGINT: [libjvm.dylib+0x455541], sa_mask[0]=11111111011111110111111111111111, sa_flags=SA_RESTART|SA_SIGINFO
SIGTERM: [libjvm.dylib+0x455541], sa_mask[0]=11111111011111110111111111111111, sa_flags=SA_RESTART|SA_SIGINFO
SIGQUIT: [libjvm.dylib+0x455541], sa_mask[0]=11111111011111110111111111111111, sa_flags=SA_RESTART|SA_SIGINFO


---------------  S Y S T E M  ---------------

OS:Bsduname:Darwin 14.5.0 Darwin Kernel Version 14.5.0: Thu Apr 21 20:40:54 PDT 2016; root:xnu-2782.50.3~1/RELEASE_X86_64 x86_64
rlimit: STACK 8192k, CORE 0k, NPROC 709, NOFILE 10240, AS infinity
load average:2.05 2.23 2.19

CPU:total 4 (2 cores per cpu, 2 threads per core) family 6 model 61 stepping 4, cmov, cx8, fxsr, mmx, sse, sse2, sse3, ssse3, sse4.1, sse4.2, popcnt, avx, avx2, aes, clmul, erms, 3dnowpref, lzcnt, ht, tsc, tscinvbit, bmi1, bmi2, adx

Memory: 4k page, physical 4194304k(20976k free)

/proc/meminfo:


vm_info: Java HotSpot(TM) 64-Bit Server VM (25.102-b04) for bsd-amd64 JRE (1.8.0_102-ea-b04), built on Apr 25 2016 14:13:06 by "java_re" with gcc 4.2.1 (Based on Apple Inc. build 5658) (LLVM build 2336.11.00)

time: Thu Sep  8 12:17:26 2016
elapsed time: 7 seconds (0d 0h 0m 7s)

