#
# A fatal error has been detected by the Java Runtime Environment:
#
#  SIGSEGV (0xb) at pc=0x00007fff92fed0dd, pid=37624, tid=0x0000000000000713
#
# JRE version: Java(TM) SE Runtime Environment (8.0_102-b04) (build 1.8.0_102-ea-b04)
# Java VM: Java HotSpot(TM) 64-Bit Server VM (25.102-b04 mixed mode bsd-amd64 compressed oops)
# Problematic frame:
# C  [libobjc.A.dylib+0x10dd]  objc_msgSend+0x1d
#
# Failed to write core dump. Core dumps have been disabled. To enable core dumping, try "ulimit -c unlimited" before starting Java again
#
# If you would like to submit a bug report, please visit:
#   http://bugreport.java.com/bugreport/crash.jsp
# The crash happened outside the Java Virtual Machine in native code.
# See problematic frame for where to report the bug.
#

---------------  T H R E A D  ---------------

Current thread (0x00007fa10a157800):  JavaThread "AppKit Thread" daemon [_thread_in_native, id=1811, stack(0x00007fff596b6000,0x00007fff59eb6000)]

siginfo: si_signo: 11 (SIGSEGV), si_code: 1 (SEGV_MAPERR), si_addr: 0x0000000000000018

Registers:
RAX=0x00007fa109e78d40, RBX=0x00007fff59eb1a48, RCX=0x0000000000000000, RDX=0x00007fa109e675e0
RSP=0x00007fff59eb1868, RBP=0x00007fff59eb1870, RSI=0x00007fff9702b41e, RDI=0x00007fa109e78d40
R8 =0x00007fff59eb1850, R9 =0x0000000000000055, R10=0x00007fff9702b41e, R11=0x0000000000000000
R12=0x00007fa109e15a80, R13=0x00000000000f42ec, R14=0x00007fa109f41fc0, R15=0x00007fff59eb19a8
RIP=0x00007fff92fed0dd, EFLAGS=0x0000000000010246, ERR=0x0000000000000004
  TRAPNO=0x000000000000000e

Top of Stack: (sp=0x00007fff59eb1868)
0x00007fff59eb1868:   00007fff9933345c 00007fff59eb1bd0
0x00007fff59eb1878:   00007fff99223634 00007fff59eb18fc
0x00007fff59eb1888:   00007fff59eb1900 00007fff59eb1904
0x00007fff59eb1898:   00007fff7bd5de00 ffffffffffffffff
0x00007fff59eb18a8:   00000000000007f8 00007fff7bd5de18
0x00007fff59eb18b8:   00007fa109f41fc0 0000000000000000
0x00007fff59eb18c8:   00007fff59eb19a0 0000000000000000
0x00007fff59eb18d8:   00007fa109c4c910 00007fff59eb1a20
0x00007fff59eb18e8:   0000000000000055 00000000000f42ee
0x00007fff59eb18f8:   00007fa109e675e0 00007fa109c4b320
0x00007fff59eb1908:   00007fa109e15a80 0000000000000001
0x00007fff59eb1918:   00000000000f42ec 00007fa109e15a70
0x00007fff59eb1928:   00007fff9633dc05 0000000109e90a20
0x00007fff59eb1938:   00007fff7c3e10d0 0000000042000000
0x00007fff59eb1948:   00007fff96344e63 00007fff7bd28240
0x00007fff59eb1958:   00007fff59eb1a28 00007fff59eb1980
0x00007fff59eb1968:   00007fff59eb19a0 0000000000000000
0x00007fff59eb1978:   0000000000000010 0001dc0300000001
0x00007fff59eb1988:   00007fa109e15aa4 0000000000000000
0x00007fff59eb1998:   0000000000000000 00007fa109c4c990
0x00007fff59eb19a8:   00007fa109f41fc0 0000002000000000
0x00007fff59eb19b8:   0000000000000000 00007fff7c3e10d0
0x00007fff59eb19c8:   0000000042000000 00007fff963444f8
0x00007fff59eb19d8:   00007fff7bd28350 00007fff59eb1938
0x00007fff59eb19e8:   0000000000000000 00007fff59eb1ab8
0x00007fff59eb19f8:   00007fff7bd7cea0 00007fff59eb1af0
0x00007fff59eb1a08:   00007fff8e865770 00007fff59eb1aa0
0x00007fff59eb1a18:   00007fff9675f4ed 0000000000000051
0x00007fff59eb1a28:   0000000000000000 00000000000f42e3
0x00007fff59eb1a38:   0000000000000053 0000000000000000
0x00007fff59eb1a48:   00000000000f42ec 00007fff59eb1ac4
0x00007fff59eb1a58:   00000000003c0d01 00000000ffffffff 

Instructions: (pc=0x00007fff92fed0dd)
0x00007fff92fed0bd:   00 00 00 48 85 ff 2e 74 7a 40 f6 c7 01 2e 75 7e
0x00007fff92fed0cd:   49 bb f8 ff ff ff ff 7f 00 00 4c 23 1f 49 89 f2
0x00007fff92fed0dd:   45 23 53 18 49 c1 e2 04 4d 03 53 10 49 3b 32 75
0x00007fff92fed0ed:   04 41 ff 62 08 49 83 3a 00 74 6a 4d 3b 53 10 74 

Register to memory mapping:

RAX=0x00007fa109e78d40 is an unknown value
RBX=0x00007fff59eb1a48 is pointing into the stack for thread: 0x00007fa10a157800
RCX=0x0000000000000000 is an unknown value
RDX=0x00007fa109e675e0 is an unknown value
RSP=0x00007fff59eb1868 is pointing into the stack for thread: 0x00007fa10a157800
RBP=0x00007fff59eb1870 is pointing into the stack for thread: 0x00007fa10a157800
RSI=0x00007fff9702b41e: -[NSTitlebarContainerView transparent]+0x5e312 in /System/Library/Frameworks/AppKit.framework/Versions/C/AppKit at 0x00007fff9662a000
RDI=0x00007fa109e78d40 is an unknown value
R8 =0x00007fff59eb1850 is pointing into the stack for thread: 0x00007fa10a157800
R9 =0x0000000000000055 is an unknown value
R10=0x00007fff9702b41e: -[NSTitlebarContainerView transparent]+0x5e312 in /System/Library/Frameworks/AppKit.framework/Versions/C/AppKit at 0x00007fff9662a000
R11=0x0000000000000000 is an unknown value
R12=0x00007fa109e15a80 is an unknown value
R13=0x00000000000f42ec is an unknown value
R14=0x00007fa109f41fc0 is an unknown value
R15=0x00007fff59eb19a8 is pointing into the stack for thread: 0x00007fa10a157800


Stack: [0x00007fff596b6000,0x00007fff59eb6000],  sp=0x00007fff59eb1868,  free space=8174k
Native frames: (J=compiled Java code, j=interpreted, Vv=VM code, C=native code)
C  [libobjc.A.dylib+0x10dd]  objc_msgSend+0x1d
C  [CoreFoundation+0x10634]  _CFXNotificationPost+0xc44
C  [Foundation+0x7aa1]  -[NSNotificationCenter postNotificationName:object:userInfo:]+0x42
C  [AppKit+0x439c2]  -[NSSurface _disposeSurface]+0x98
C  [AppKit+0x43426]  -[NSSurface setWindow:]+0x42
C  [AppKit+0x33910]  -[NSView _setWindow:]+0xa33
C  [AppKit+0x6af91]  -[NSView removeFromSuperview]+0x1c5
C  [AppKit+0x14bd99]  -[NSView removeFromSuperviewWithoutNeedingDisplay]+0x26
C  [liblwjgl.dylib+0xa205]  +[MacOSXKeyableWindow destroyWindow]+0xb5
C  [Foundation+0x92dd0]  __NSThreadPerformPerform+0x125
C  [CoreFoundation+0x80a01]  __CFRUNLOOP_IS_CALLING_OUT_TO_A_SOURCE0_PERFORM_FUNCTION__+0x11
C  [CoreFoundation+0x72b8d]  __CFRunLoopDoSources0+0x10d
C  [CoreFoundation+0x721bf]  __CFRunLoopRun+0x39f
C  [CoreFoundation+0x71bd8]  CFRunLoopRunSpecific+0x128
C  [HIToolbox+0x3256f]  RunCurrentEventLoopInMode+0xeb
C  [HIToolbox+0x322ea]  ReceiveNextEventCommon+0x1af
C  [HIToolbox+0x3212b]  _BlockUntilNextEventMatchingListInModeWithFilter+0x47
C  [AppKit+0x918ab]  _DPSNextEvent+0x3d2
C  [AppKit+0x90e58]  -[NSApplication nextEventMatchingMask:untilDate:inMode:dequeue:]+0x15a
C  [libosxapp.dylib+0x23aa]  -[NSApplicationAWT nextEventMatchingMask:untilDate:inMode:dequeue:]+0x7c
C  [AppKit+0x86af3]  -[NSApplication run]+0x252
C  [libosxapp.dylib+0x214d]  +[NSApplicationAWT runAWTLoopWithApp:]+0x9c
C  [libawt_lwawt.dylib+0x444b3]  -[AWTStarter starter:]+0x389
C  [Foundation+0x92dd0]  __NSThreadPerformPerform+0x125
C  [CoreFoundation+0x80a01]  __CFRUNLOOP_IS_CALLING_OUT_TO_A_SOURCE0_PERFORM_FUNCTION__+0x11
C  [CoreFoundation+0x72b8d]  __CFRunLoopDoSources0+0x10d
C  [CoreFoundation+0x721bf]  __CFRunLoopRun+0x39f
C  [CoreFoundation+0x71bd8]  CFRunLoopRunSpecific+0x128
C  [java+0x6465]  CreateExecutionEnvironment+0x367
C  [java+0x218c]  JLI_Launch+0x7a0
C  [java+0x84c2]  main+0x65
C  [java+0x19e4]  start+0x34
C  0x0000000000000006


---------------  P R O C E S S  ---------------

Java Threads: ( => current thread )
  0x00007fa10b10a000 JavaThread "AWT-Shutdown" [_thread_blocked, id=28695, stack(0x000000011ebca000,0x000000011ecca000)]
=>0x00007fa10a157800 JavaThread "AppKit Thread" daemon [_thread_in_native, id=1811, stack(0x00007fff596b6000,0x00007fff59eb6000)]
  0x00007fa10b037800 JavaThread "Service Thread" daemon [_thread_blocked, id=17923, stack(0x000000011ce64000,0x000000011cf64000)]
  0x00007fa10b02b800 JavaThread "C1 CompilerThread2" daemon [_thread_blocked, id=17411, stack(0x000000011cd61000,0x000000011ce61000)]
  0x00007fa10a804800 JavaThread "C2 CompilerThread1" daemon [_thread_blocked, id=16899, stack(0x000000011cc5e000,0x000000011cd5e000)]
  0x00007fa10b831000 JavaThread "C2 CompilerThread0" daemon [_thread_blocked, id=16387, stack(0x000000011cb5b000,0x000000011cc5b000)]
  0x00007fa10b02e800 JavaThread "Signal Dispatcher" daemon [_thread_blocked, id=12307, stack(0x000000011ca58000,0x000000011cb58000)]
  0x00007fa10b82d800 JavaThread "Finalizer" daemon [_thread_blocked, id=11523, stack(0x000000011b0d2000,0x000000011b1d2000)]
  0x00007fa10a007800 JavaThread "Reference Handler" daemon [_thread_blocked, id=11011, stack(0x000000011afcf000,0x000000011b0cf000)]
  0x00007fa10b005800 JavaThread "main" [_thread_in_native, id=4867, stack(0x0000000107601000,0x0000000107701000)]

Other Threads:
  0x00007fa10b827800 VMThread [stack: 0x000000011aecc000,0x000000011afcc000] [id=10499]
  0x00007fa10b831800 WatcherThread [stack: 0x000000011cf67000,0x000000011d067000] [id=18435]

VM state:not at safepoint (normal execution)

VM Mutex/Monitor currently owned by a thread: None

Heap:
 PSYoungGen      total 18944K, used 6685K [0x00000007aab00000, 0x00000007ac000000, 0x00000007c0000000)
  eden space 16384K, 28% used [0x00000007aab00000,0x00000007aaf83730,0x00000007abb00000)
  from space 2560K, 80% used [0x00000007abb00000,0x00000007abd04010,0x00000007abd80000)
  to   space 2560K, 0% used [0x00000007abd80000,0x00000007abd80000,0x00000007ac000000)
 ParOldGen       total 44032K, used 16K [0x0000000780000000, 0x0000000782b00000, 0x00000007aab00000)
  object space 44032K, 0% used [0x0000000780000000,0x0000000780004000,0x0000000782b00000)
 Metaspace       used 6687K, capacity 6783K, committed 6912K, reserved 1056768K
  class space    used 649K, capacity 696K, committed 768K, reserved 1048576K

Card table byte_map: [0x0000000116ac3000,0x0000000116cc4000] byte_map_base: 0x0000000112ec3000

Marking Bits: (ParMarkBitMap*) 0x00000001066da610
 Begin Bits: [0x0000000117226000, 0x0000000118226000)
 End Bits:   [0x0000000118226000, 0x0000000119226000)

Polling page: 0x0000000106d91000

CodeCache: size=245760Kb used=3041Kb max_used=3052Kb free=242718Kb
 bounds [0x0000000107703000, 0x0000000107a03000, 0x0000000116703000]
 total_blobs=1164 nmethods=799 adapters=280
 compilation: enabled

Compilation events (10 events):
Event: 8.639 Thread 0x00007fa10b02b800  796  s    3       java.io.BufferedOutputStream::write (67 bytes)
Event: 8.639 Thread 0x00007fa10b02b800 nmethod 796 0x00000001079fa250 code [0x00000001079fa420, 0x00000001079fac78]
Event: 8.639 Thread 0x00007fa10b02b800  788       3       java.io.BufferedWriter::newLine (9 bytes)
Event: 8.639 Thread 0x00007fa10b02b800 nmethod 788 0x00000001079faf50 code [0x00000001079fb0e0, 0x00000001079fb448]
Event: 8.667 Thread 0x00007fa10b02b800  797   !   3       java.io.PrintStream::write (83 bytes)
Event: 8.669 Thread 0x00007fa10b02b800 nmethod 797 0x00000001079fb5d0 code [0x00000001079fb800, 0x00000001079fc3a8]
Event: 8.669 Thread 0x00007fa10b02b800  798   !   3       java.io.PrintStream::newLine (73 bytes)
Event: 8.670 Thread 0x00007fa10b02b800 nmethod 798 0x00000001079fcb50 code [0x00000001079fcd60, 0x00000001079fd798]
Event: 8.847 Thread 0x00007fa10a804800  799       4       java.nio.DirectByteBuffer::put (18 bytes)
Event: 8.848 Thread 0x00007fa10a804800 nmethod 799 0x0000000107a00b90 code [0x0000000107a00ce0, 0x0000000107a00d98]

GC Heap History (2 events):
Event: 1.723 GC heap before
{Heap before GC invocations=1 (full 0):
 PSYoungGen      total 18944K, used 16384K [0x00000007aab00000, 0x00000007ac000000, 0x00000007c0000000)
  eden space 16384K, 100% used [0x00000007aab00000,0x00000007abb00000,0x00000007abb00000)
  from space 2560K, 0% used [0x00000007abd80000,0x00000007abd80000,0x00000007ac000000)
  to   space 2560K, 0% used [0x00000007abb00000,0x00000007abb00000,0x00000007abd80000)
 ParOldGen       total 44032K, used 0K [0x0000000780000000, 0x0000000782b00000, 0x00000007aab00000)
  object space 44032K, 0% used [0x0000000780000000,0x0000000780000000,0x0000000782b00000)
 Metaspace       used 6510K, capacity 6655K, committed 6912K, reserved 1056768K
  class space    used 639K, capacity 696K, committed 768K, reserved 1048576K
Event: 1.728 GC heap after
Heap after GC invocations=1 (full 0):
 PSYoungGen      total 18944K, used 2064K [0x00000007aab00000, 0x00000007ac000000, 0x00000007c0000000)
  eden space 16384K, 0% used [0x00000007aab00000,0x00000007aab00000,0x00000007abb00000)
  from space 2560K, 80% used [0x00000007abb00000,0x00000007abd04010,0x00000007abd80000)
  to   space 2560K, 0% used [0x00000007abd80000,0x00000007abd80000,0x00000007ac000000)
 ParOldGen       total 44032K, used 16K [0x0000000780000000, 0x0000000782b00000, 0x00000007aab00000)
  object space 44032K, 0% used [0x0000000780000000,0x0000000780004000,0x0000000782b00000)
 Metaspace       used 6510K, capacity 6655K, committed 6912K, reserved 1056768K
  class space    used 639K, capacity 696K, committed 768K, reserved 1048576K
}

Deoptimization events (4 events):
Event: 1.420 Thread 0x00007fa10b005800 Uncommon trap: reason=unstable_if action=reinterpret pc=0x00000001078ac61c method=java.lang.String.replace(CC)Ljava/lang/String; @ 26
Event: 1.831 Thread 0x00007fa10b005800 Uncommon trap: reason=unstable_if action=reinterpret pc=0x0000000107927720 method=java.nio.DirectByteBuffer.put([BII)Ljava/nio/ByteBuffer; @ 8
Event: 3.817 Thread 0x00007fa10b005800 Uncommon trap: reason=unstable_if action=reinterpret pc=0x00000001079a7900 method=org.newdawn.slick.opengl.TextureImpl.bind()V @ 4
Event: 3.835 Thread 0x00007fa10b005800 Uncommon trap: reason=unstable_if action=reinterpret pc=0x00000001079a1934 method=org.newdawn.slick.opengl.TextureImpl.bind()V @ 4

Internal exceptions (10 events):
Event: 0.298 Thread 0x00007fa10b005800 Exception <a 'java/security/PrivilegedActionException'> (0x00000007aacc0740) thrown at [/HUDSON3/workspace/8-2-build-macosx-x86_64/jdk8u102/6817.nc/hotspot/src/share/vm/prims/jvm.cpp, line 1386]
Event: 0.298 Thread 0x00007fa10b005800 Exception <a 'java/security/PrivilegedActionException'> (0x00000007aacc0950) thrown at [/HUDSON3/workspace/8-2-build-macosx-x86_64/jdk8u102/6817.nc/hotspot/src/share/vm/prims/jvm.cpp, line 1386]
Event: 0.299 Thread 0x00007fa10b005800 Exception <a 'java/security/PrivilegedActionException'> (0x00000007aacc3538) thrown at [/HUDSON3/workspace/8-2-build-macosx-x86_64/jdk8u102/6817.nc/hotspot/src/share/vm/prims/jvm.cpp, line 1386]
Event: 0.299 Thread 0x00007fa10b005800 Exception <a 'java/security/PrivilegedActionException'> (0x00000007aacc3748) thrown at [/HUDSON3/workspace/8-2-build-macosx-x86_64/jdk8u102/6817.nc/hotspot/src/share/vm/prims/jvm.cpp, line 1386]
Event: 0.299 Thread 0x00007fa10b005800 Exception <a 'java/security/PrivilegedActionException'> (0x00000007aacc4678) thrown at [/HUDSON3/workspace/8-2-build-macosx-x86_64/jdk8u102/6817.nc/hotspot/src/share/vm/prims/jvm.cpp, line 1386]
Event: 0.299 Thread 0x00007fa10b005800 Exception <a 'java/security/PrivilegedActionException'> (0x00000007aacc4888) thrown at [/HUDSON3/workspace/8-2-build-macosx-x86_64/jdk8u102/6817.nc/hotspot/src/share/vm/prims/jvm.cpp, line 1386]
Event: 0.370 Thread 0x00007fa10b005800 Exception <a 'java/lang/NoSuchFieldError': method resolution failed> (0x00000007aad92de8) thrown at [/HUDSON3/workspace/8-2-build-macosx-x86_64/jdk8u102/6817.nc/hotspot/src/share/vm/prims/methodHandles.cpp, line 1146]
Event: 0.371 Thread 0x00007fa10b005800 Exception <a 'java/lang/NoSuchFieldError': method resolution failed> (0x00000007aada0538) thrown at [/HUDSON3/workspace/8-2-build-macosx-x86_64/jdk8u102/6817.nc/hotspot/src/share/vm/prims/methodHandles.cpp, line 1146]
Event: 1.092 Thread 0x00007fa10b005800 Exception <a 'java/io/FileNotFoundException'> (0x00000007aae1b048) thrown at [/HUDSON3/workspace/8-2-build-macosx-x86_64/jdk8u102/6817.nc/hotspot/src/share/vm/prims/jni.cpp, line 709]
Event: 1.092 Thread 0x00007fa10b005800 Exception <a 'java/io/FileNotFoundException'> (0x00000007aae1bbd0) thrown at [/HUDSON3/workspace/8-2-build-macosx-x86_64/jdk8u102/6817.nc/hotspot/src/share/vm/prims/jni.cpp, line 709]

Events (10 events):
Event: 3.835 Thread 0x00007fa10b005800 DEOPT UNPACKING pc=0x0000000107707f69 sp=0x00000001077006b0 mode 2
Event: 4.201 Executing VM operation: EnableBiasedLocking
Event: 4.201 Executing VM operation: EnableBiasedLocking done
Event: 4.515 Thread 0x00007fa10b005800 DEOPT PACKING pc=0x00000001079aeed3 sp=0x00000001077006c0
Event: 4.515 Thread 0x00007fa10b005800 DEOPT UNPACKING pc=0x000000010774a373 sp=0x00000001077004f0 mode 0
Event: 6.000 Thread 0x00007fa10b005800 DEOPT PACKING pc=0x00000001079a5438 sp=0x00000001077007e0
Event: 6.000 Thread 0x00007fa10b005800 DEOPT UNPACKING pc=0x000000010774a373 sp=0x0000000107700550 mode 0
Event: 6.048 Thread 0x00007fa10b10a000 Thread added: 0x00007fa10b10a000
Event: 8.843 loading class org/lwjgl/opengl/CallbackUtil
Event: 8.843 loading class org/lwjgl/opengl/CallbackUtil done


Dynamic libraries:
0x000000000a2ac000 	/System/Library/Frameworks/Cocoa.framework/Versions/A/Cocoa
0x000000000a2ac000 	/System/Library/Frameworks/Security.framework/Versions/A/Security
0x000000000a2ac000 	/System/Library/Frameworks/ApplicationServices.framework/Versions/A/ApplicationServices
0x000000000a2ac000 	/usr/lib/libz.1.dylib
0x000000000a2ac000 	/usr/lib/libSystem.B.dylib
0x000000000a2ac000 	/usr/lib/libobjc.A.dylib
0x000000000a2ac000 	/System/Library/Frameworks/CoreFoundation.framework/Versions/A/CoreFoundation
0x000000000a2ac000 	/System/Library/Frameworks/Foundation.framework/Versions/C/Foundation
0x000000000a2ac000 	/System/Library/Frameworks/AppKit.framework/Versions/C/AppKit
0x000000000a2ac000 	/System/Library/Frameworks/CoreData.framework/Versions/A/CoreData
0x000000000a2ac000 	/System/Library/PrivateFrameworks/RemoteViewServices.framework/Versions/A/RemoteViewServices
0x000000000a2ac000 	/System/Library/PrivateFrameworks/UIFoundation.framework/Versions/A/UIFoundation
0x000000000a2ac000 	/System/Library/Frameworks/IOSurface.framework/Versions/A/IOSurface
0x000000000a2ac000 	/System/Library/Frameworks/AudioToolbox.framework/Versions/A/AudioToolbox
0x000000000a2ac000 	/System/Library/Frameworks/AudioUnit.framework/Versions/A/AudioUnit
0x000000000a2ac000 	/System/Library/PrivateFrameworks/DataDetectorsCore.framework/Versions/A/DataDetectorsCore
0x000000000a2ac000 	/System/Library/PrivateFrameworks/DesktopServicesPriv.framework/Versions/A/DesktopServicesPriv
0x000000000a2ac000 	/System/Library/Frameworks/Carbon.framework/Versions/A/Frameworks/HIToolbox.framework/Versions/A/HIToolbox
0x000000000a2ac000 	/System/Library/Frameworks/QuartzCore.framework/Versions/A/QuartzCore
0x000000000a2ac000 	/System/Library/Frameworks/Carbon.framework/Versions/A/Frameworks/SpeechRecognition.framework/Versions/A/SpeechRecognition
0x000000000a2ac000 	/usr/lib/libauto.dylib
0x000000000a2ac000 	/usr/lib/libicucore.A.dylib
0x000000000a2ac000 	/usr/lib/libxml2.2.dylib
0x000000000a2ac000 	/System/Library/PrivateFrameworks/CoreUI.framework/Versions/A/CoreUI
0x000000000a2ac000 	/System/Library/Frameworks/CoreAudio.framework/Versions/A/CoreAudio
0x000000000a2ac000 	/System/Library/Frameworks/DiskArbitration.framework/Versions/A/DiskArbitration
0x000000000a2ac000 	/usr/lib/liblangid.dylib
0x000000000a2ac000 	/System/Library/PrivateFrameworks/MultitouchSupport.framework/Versions/A/MultitouchSupport
0x000000000a2ac000 	/System/Library/Frameworks/IOKit.framework/Versions/A/IOKit
0x000000000a2ac000 	/usr/lib/libDiagnosticMessagesClient.dylib
0x000000000a2ac000 	/System/Library/Frameworks/CoreServices.framework/Versions/A/CoreServices
0x000000000a2ac000 	/System/Library/PrivateFrameworks/PerformanceAnalysis.framework/Versions/A/PerformanceAnalysis
0x000000000a2ac000 	/System/Library/PrivateFrameworks/GenerationalStorage.framework/Versions/A/GenerationalStorage
0x000000000a2ac000 	/System/Library/Frameworks/OpenGL.framework/Versions/A/OpenGL
0x000000000a2ac000 	/System/Library/PrivateFrameworks/Sharing.framework/Versions/A/Sharing
0x000000000a2ac000 	/System/Library/Frameworks/CoreGraphics.framework/Versions/A/CoreGraphics
0x000000000a2ac000 	/System/Library/Frameworks/CoreText.framework/Versions/A/CoreText
0x000000000a2ac000 	/System/Library/Frameworks/ImageIO.framework/Versions/A/ImageIO
0x000000000a2ac000 	/usr/lib/libextension.dylib
0x000000000a2ac000 	/System/Library/PrivateFrameworks/Backup.framework/Versions/A/Backup
0x000000000a2ac000 	/usr/lib/libarchive.2.dylib
0x000000000a2ac000 	/System/Library/Frameworks/CFNetwork.framework/Versions/A/CFNetwork
0x000000000a2ac000 	/System/Library/Frameworks/SystemConfiguration.framework/Versions/A/SystemConfiguration
0x000000000a2ac000 	/usr/lib/libCRFSuite.dylib
0x000000000a2ac000 	/usr/lib/libc++.1.dylib
0x000000000a2ac000 	/usr/lib/libc++abi.dylib
0x000000000a2ac000 	/usr/lib/system/libcache.dylib
0x000000000a2ac000 	/usr/lib/system/libcommonCrypto.dylib
0x000000000a2ac000 	/usr/lib/system/libcompiler_rt.dylib
0x000000000a2ac000 	/usr/lib/system/libcopyfile.dylib
0x000000000a2ac000 	/usr/lib/system/libcorecrypto.dylib
0x000000000a2ac000 	/usr/lib/system/libdispatch.dylib
0x000000000a2ac000 	/usr/lib/system/libdyld.dylib
0x000000000a2ac000 	/usr/lib/system/libkeymgr.dylib
0x000000000a2ac000 	/usr/lib/system/liblaunch.dylib
0x000000000a2ac000 	/usr/lib/system/libmacho.dylib
0x000000000a2ac000 	/usr/lib/system/libquarantine.dylib
0x000000000a2ac000 	/usr/lib/system/libremovefile.dylib
0x000000000a2ac000 	/usr/lib/system/libsystem_asl.dylib
0x000000000a2ac000 	/usr/lib/system/libsystem_blocks.dylib
0x000000000a2ac000 	/usr/lib/system/libsystem_c.dylib
0x000000000a2ac000 	/usr/lib/system/libsystem_configuration.dylib
0x000000000a2ac000 	/usr/lib/system/libsystem_coreservices.dylib
0x000000000a2ac000 	/usr/lib/system/libsystem_coretls.dylib
0x000000000a2ac000 	/usr/lib/system/libsystem_dnssd.dylib
0x000000000a2ac000 	/usr/lib/system/libsystem_info.dylib
0x000000000a2ac000 	/usr/lib/system/libsystem_kernel.dylib
0x000000000a2ac000 	/usr/lib/system/libsystem_m.dylib
0x000000000a2ac000 	/usr/lib/system/libsystem_malloc.dylib
0x000000000a2ac000 	/usr/lib/system/libsystem_network.dylib
0x000000000a2ac000 	/usr/lib/system/libsystem_networkextension.dylib
0x000000000a2ac000 	/usr/lib/system/libsystem_notify.dylib
0x000000000a2ac000 	/usr/lib/system/libsystem_platform.dylib
0x000000000a2ac000 	/usr/lib/system/libsystem_pthread.dylib
0x000000000a2ac000 	/usr/lib/system/libsystem_sandbox.dylib
0x000000000a2ac000 	/usr/lib/system/libsystem_secinit.dylib
0x000000000a2ac000 	/usr/lib/system/libsystem_stats.dylib
0x000000000a2ac000 	/usr/lib/system/libsystem_trace.dylib
0x000000000a2ac000 	/usr/lib/system/libunc.dylib
0x000000000a2ac000 	/usr/lib/system/libunwind.dylib
0x000000000a2ac000 	/usr/lib/system/libxpc.dylib
0x000000000a2ac000 	/usr/lib/libbz2.1.0.dylib
0x000000000a2ac000 	/usr/lib/liblzma.5.dylib
0x000000000a2ac000 	/usr/lib/libbsm.0.dylib
0x000000000a2ac000 	/usr/lib/libsqlite3.dylib
0x000000000a2ac000 	/usr/lib/system/libkxld.dylib
0x000000000a2ac000 	/usr/lib/libxar.1.dylib
0x000000000a2ac000 	/usr/lib/libpam.2.dylib
0x000000000a2ac000 	/usr/lib/libOpenScriptingUtil.dylib
0x000000000a2ac000 	/System/Library/Frameworks/CoreServices.framework/Versions/A/Frameworks/FSEvents.framework/Versions/A/FSEvents
0x000000000a2ac000 	/System/Library/Frameworks/CoreServices.framework/Versions/A/Frameworks/CarbonCore.framework/Versions/A/CarbonCore
0x000000000a2ac000 	/System/Library/Frameworks/CoreServices.framework/Versions/A/Frameworks/Metadata.framework/Versions/A/Metadata
0x000000000a2ac000 	/System/Library/Frameworks/CoreServices.framework/Versions/A/Frameworks/OSServices.framework/Versions/A/OSServices
0x000000000a2ac000 	/System/Library/Frameworks/CoreServices.framework/Versions/A/Frameworks/SearchKit.framework/Versions/A/SearchKit
0x000000000a2ac000 	/System/Library/Frameworks/CoreServices.framework/Versions/A/Frameworks/AE.framework/Versions/A/AE
0x000000000a2ac000 	/System/Library/Frameworks/CoreServices.framework/Versions/A/Frameworks/LaunchServices.framework/Versions/A/LaunchServices
0x000000000a2ac000 	/System/Library/Frameworks/CoreServices.framework/Versions/A/Frameworks/DictionaryServices.framework/Versions/A/DictionaryServices
0x000000000a2ac000 	/System/Library/Frameworks/NetFS.framework/Versions/A/NetFS
0x000000000a2ac000 	/System/Library/PrivateFrameworks/NetAuth.framework/Versions/A/NetAuth
0x000000000a2ac000 	/System/Library/PrivateFrameworks/login.framework/Versions/A/Frameworks/loginsupport.framework/Versions/A/loginsupport
0x000000000a2ac000 	/System/Library/PrivateFrameworks/TCC.framework/Versions/A/TCC
0x000000000a2ac000 	/usr/lib/libmecabra.dylib
0x000000000a2ac000 	/System/Library/Frameworks/ApplicationServices.framework/Versions/A/Frameworks/ATS.framework/Versions/A/ATS
0x000000000a2ac000 	/System/Library/Frameworks/ApplicationServices.framework/Versions/A/Frameworks/ColorSync.framework/Versions/A/ColorSync
0x000000000a2ac000 	/System/Library/Frameworks/ApplicationServices.framework/Versions/A/Frameworks/HIServices.framework/Versions/A/HIServices
0x000000000a2ac000 	/System/Library/Frameworks/ApplicationServices.framework/Versions/A/Frameworks/LangAnalysis.framework/Versions/A/LangAnalysis
0x000000000a2ac000 	/System/Library/Frameworks/ApplicationServices.framework/Versions/A/Frameworks/PrintCore.framework/Versions/A/PrintCore
0x000000000a2ac000 	/System/Library/Frameworks/ApplicationServices.framework/Versions/A/Frameworks/QD.framework/Versions/A/QD
0x000000000a2ac000 	/System/Library/Frameworks/ApplicationServices.framework/Versions/A/Frameworks/SpeechSynthesis.framework/Versions/A/SpeechSynthesis
0x000000000a2ac000 	/System/Library/Frameworks/Accelerate.framework/Versions/A/Accelerate
0x000000000a2ac000 	/System/Library/Frameworks/Accelerate.framework/Versions/A/Frameworks/vImage.framework/Versions/A/vImage
0x000000000a2ac000 	/System/Library/Frameworks/Accelerate.framework/Versions/A/Frameworks/vecLib.framework/Versions/A/vecLib
0x000000000a2ac000 	/System/Library/Frameworks/Accelerate.framework/Versions/A/Frameworks/vecLib.framework/Versions/A/libvDSP.dylib
0x000000000a2ac000 	/System/Library/Frameworks/Accelerate.framework/Versions/A/Frameworks/vecLib.framework/Versions/A/libvMisc.dylib
0x000000000a2ac000 	/System/Library/Frameworks/Accelerate.framework/Versions/A/Frameworks/vecLib.framework/Versions/A/libLAPACK.dylib
0x000000000a2ac000 	/System/Library/Frameworks/Accelerate.framework/Versions/A/Frameworks/vecLib.framework/Versions/A/libBLAS.dylib
0x000000000a2ac000 	/System/Library/Frameworks/Accelerate.framework/Versions/A/Frameworks/vecLib.framework/Versions/A/libLinearAlgebra.dylib
0x000000000a2ac000 	/System/Library/Frameworks/ApplicationServices.framework/Versions/A/Frameworks/ATS.framework/Versions/A/Resources/libFontParser.dylib
0x000000000a2ac000 	/System/Library/Frameworks/ApplicationServices.framework/Versions/A/Frameworks/ATS.framework/Versions/A/Resources/libFontRegistry.dylib
0x000000000a2ac000 	/System/Library/PrivateFrameworks/AppleVPA.framework/Versions/A/AppleVPA
0x000000000a2ac000 	/System/Library/PrivateFrameworks/AppleJPEG.framework/Versions/A/AppleJPEG
0x000000000a2ac000 	/System/Library/Frameworks/ImageIO.framework/Versions/A/Resources/libJPEG.dylib
0x000000000a2ac000 	/System/Library/Frameworks/ImageIO.framework/Versions/A/Resources/libTIFF.dylib
0x000000000a2ac000 	/System/Library/Frameworks/ImageIO.framework/Versions/A/Resources/libPng.dylib
0x000000000a2ac000 	/System/Library/Frameworks/ImageIO.framework/Versions/A/Resources/libGIF.dylib
0x000000000a2ac000 	/System/Library/Frameworks/ImageIO.framework/Versions/A/Resources/libJP2.dylib
0x000000000a2ac000 	/System/Library/Frameworks/ImageIO.framework/Versions/A/Resources/libRadiance.dylib
0x000000000a2ac000 	/System/Library/Frameworks/CoreVideo.framework/Versions/A/CoreVideo
0x000000000a2ac000 	/System/Library/Frameworks/OpenGL.framework/Versions/A/Libraries/libGLU.dylib
0x000000000a2ac000 	/System/Library/Frameworks/OpenGL.framework/Versions/A/Libraries/libGFXShared.dylib
0x000000000a2ac000 	/System/Library/Frameworks/OpenGL.framework/Versions/A/Libraries/libGL.dylib
0x000000000a2ac000 	/System/Library/Frameworks/OpenGL.framework/Versions/A/Libraries/libGLImage.dylib
0x000000000a2ac000 	/System/Library/Frameworks/OpenGL.framework/Versions/A/Libraries/libCVMSPluginSupport.dylib
0x000000000a2ac000 	/System/Library/Frameworks/OpenGL.framework/Versions/A/Libraries/libCoreVMClient.dylib
0x000000000a2ac000 	/usr/lib/libcups.2.dylib
0x000000000a2ac000 	/System/Library/Frameworks/Kerberos.framework/Versions/A/Kerberos
0x000000000a2ac000 	/System/Library/Frameworks/GSS.framework/Versions/A/GSS
0x000000000a2ac000 	/usr/lib/libresolv.9.dylib
0x000000000a2ac000 	/usr/lib/libiconv.2.dylib
0x000000000a2ac000 	/System/Library/PrivateFrameworks/Heimdal.framework/Versions/A/Heimdal
0x000000000a2ac000 	/usr/lib/libheimdal-asn1.dylib
0x000000000a2ac000 	/System/Library/Frameworks/OpenDirectory.framework/Versions/A/OpenDirectory
0x000000000a2ac000 	/System/Library/PrivateFrameworks/CommonAuth.framework/Versions/A/CommonAuth
0x000000000a2ac000 	/System/Library/Frameworks/OpenDirectory.framework/Versions/A/Frameworks/CFOpenDirectory.framework/Versions/A/CFOpenDirectory
0x000000000a2ac000 	/System/Library/Frameworks/SecurityFoundation.framework/Versions/A/SecurityFoundation
0x000000000a2ac000 	/System/Library/PrivateFrameworks/LanguageModeling.framework/Versions/A/LanguageModeling
0x000000000a2ac000 	/usr/lib/libcmph.dylib
0x000000000a2ac000 	/System/Library/Frameworks/ServiceManagement.framework/Versions/A/ServiceManagement
0x000000000a2ac000 	/usr/lib/libxslt.1.dylib
0x000000000a2ac000 	/System/Library/Frameworks/Carbon.framework/Versions/A/Frameworks/Ink.framework/Versions/A/Ink
0x000000000a2ac000 	/System/Library/Frameworks/QuartzCore.framework/Versions/A/Frameworks/CoreImage.framework/Versions/A/CoreImage
0x000000000a2ac000 	/System/Library/PrivateFrameworks/CrashReporterSupport.framework/Versions/A/CrashReporterSupport
0x000000000a2ac000 	/System/Library/Frameworks/OpenCL.framework/Versions/A/OpenCL
0x000000000a2ac000 	/System/Library/PrivateFrameworks/FaceCore.framework/Versions/A/FaceCore
0x000000000a2ac000 	/System/Library/PrivateFrameworks/Ubiquity.framework/Versions/A/Ubiquity
0x000000000a2ac000 	/System/Library/PrivateFrameworks/IconServices.framework/Versions/A/IconServices
0x000000000a2ac000 	/System/Library/PrivateFrameworks/ChunkingLibrary.framework/Versions/A/ChunkingLibrary
0x000000000a2ac000 	/System/Library/PrivateFrameworks/Apple80211.framework/Versions/A/Apple80211
0x000000000a2ac000 	/System/Library/Frameworks/CoreWLAN.framework/Versions/A/CoreWLAN
0x000000000a2ac000 	/System/Library/Frameworks/IOBluetooth.framework/Versions/A/IOBluetooth
0x000000000a2ac000 	/System/Library/PrivateFrameworks/CoreWiFi.framework/Versions/A/CoreWiFi
0x000000000a2ac000 	/System/Library/Frameworks/CoreBluetooth.framework/Versions/A/CoreBluetooth
0x000000000a2ac000 	/System/Library/PrivateFrameworks/DebugSymbols.framework/Versions/A/DebugSymbols
0x000000000a2ac000 	/System/Library/PrivateFrameworks/CoreSymbolication.framework/Versions/A/CoreSymbolication
0x000000000a2ac000 	/System/Library/PrivateFrameworks/Symbolication.framework/Versions/A/Symbolication
0x000000000a2ac000 	/System/Library/PrivateFrameworks/SpeechRecognitionCore.framework/Versions/A/SpeechRecognitionCore
0x0000000105e49000 	/Library/Java/JavaVirtualMachines/jdk1.8.0_102.jdk/Contents/Home/jre/lib/server/libjvm.dylib
0x000000000a2ac000 	/usr/lib/libstdc++.6.dylib
0x0000000106d4e000 	/Library/Java/JavaVirtualMachines/jdk1.8.0_102.jdk/Contents/Home/jre/lib/libverify.dylib
0x0000000106d5c000 	/Library/Java/JavaVirtualMachines/jdk1.8.0_102.jdk/Contents/Home/jre/lib/libjava.dylib
0x0000000106d9b000 	/Library/Java/JavaVirtualMachines/jdk1.8.0_102.jdk/Contents/Home/jre/lib/libzip.dylib
0x0000000106de1000 	/System/Library/Frameworks/JavaVM.framework/Frameworks/JavaRuntimeSupport.framework/JavaRuntimeSupport
0x000000011b1d4000 	/System/Library/Frameworks/JavaVM.framework/Versions/A/Frameworks/JavaNativeFoundation.framework/Versions/A/JavaNativeFoundation
0x000000011b1e9000 	/System/Library/Frameworks/JavaVM.framework/Versions/A/JavaVM
0x000000000a2ac000 	/System/Library/Frameworks/Carbon.framework/Versions/A/Carbon
0x000000011b1f6000 	/System/Library/PrivateFrameworks/JavaLaunching.framework/Versions/A/JavaLaunching
0x000000000a2ac000 	/System/Library/Frameworks/Carbon.framework/Versions/A/Frameworks/CommonPanels.framework/Versions/A/CommonPanels
0x000000000a2ac000 	/System/Library/Frameworks/Carbon.framework/Versions/A/Frameworks/Help.framework/Versions/A/Help
0x000000000a2ac000 	/System/Library/Frameworks/Carbon.framework/Versions/A/Frameworks/ImageCapture.framework/Versions/A/ImageCapture
0x000000000a2ac000 	/System/Library/Frameworks/Carbon.framework/Versions/A/Frameworks/OpenScripting.framework/Versions/A/OpenScripting
0x000000000a2ac000 	/System/Library/Frameworks/Carbon.framework/Versions/A/Frameworks/Print.framework/Versions/A/Print
0x000000000a2ac000 	/System/Library/Frameworks/Carbon.framework/Versions/A/Frameworks/SecurityHI.framework/Versions/A/SecurityHI
0x000000011d0bb000 	/Library/Java/JavaVirtualMachines/jdk1.8.0_102.jdk/Contents/Home/jre/lib/libawt.dylib
0x000000011d163000 	/Library/Java/JavaVirtualMachines/jdk1.8.0_102.jdk/Contents/Home/jre/lib/./libmlib_image.dylib
0x000000011d22f000 	/Library/Java/JavaVirtualMachines/jdk1.8.0_102.jdk/Contents/Home/jre/lib/libawt_lwawt.dylib
0x000000011d2e4000 	/Library/Java/JavaVirtualMachines/jdk1.8.0_102.jdk/Contents/Home/jre/lib/./libosxapp.dylib
0x000000000a2ac000 	/System/Library/Frameworks/ExceptionHandling.framework/Versions/A/ExceptionHandling
0x000000000a2ac000 	/System/Library/PrivateFrameworks/CoreServicesInternal.framework/Versions/A/CoreServicesInternal
0x000000000a2ac000 	/System/Library/PrivateFrameworks/CloudDocs.framework/Versions/A/CloudDocs
0x000000000a2ac000 	/System/Library/PrivateFrameworks/CoreDuet.framework/Versions/A/CoreDuet
0x000000000a2ac000 	/System/Library/Frameworks/CloudKit.framework/Versions/A/CloudKit
0x000000000a2ac000 	/System/Library/PrivateFrameworks/ProtocolBuffer.framework/Versions/A/ProtocolBuffer
0x000000000a2ac000 	/System/Library/PrivateFrameworks/CoreDuetDaemonProtocol.framework/Versions/A/CoreDuetDaemonProtocol
0x000000000a2ac000 	/System/Library/PrivateFrameworks/CoreDuetDebugLogging.framework/Versions/A/CoreDuetDebugLogging
0x000000000a2ac000 	/System/Library/PrivateFrameworks/MMCS.framework/Versions/A/MMCS
0x000000000a2ac000 	/System/Library/Frameworks/CoreLocation.framework/Versions/A/CoreLocation
0x000000000a2ac000 	/System/Library/PrivateFrameworks/ProtectedCloudStorage.framework/Versions/A/ProtectedCloudStorage
0x000000000a2ac000 	/System/Library/PrivateFrameworks/GeoServices.framework/Versions/A/GeoServices
0x000000011ebba000 	/System/Library/Frameworks/CoreGraphics.framework/Versions/A/Resources/libCGCMS.A.dylib
0x000000011f69d000 	/System/Library/Frameworks/CoreGraphics.framework/Versions/A/Resources/libRIP.A.dylib
0x000000011f917000 	/System/Library/Frameworks/CoreGraphics.framework/Versions/A/Resources/libCGXType.A.dylib
0x000000000a2ac000 	/System/Library/Frameworks/OpenCL.framework/Versions/A/Libraries/libcldcpuengine.dylib
0x000000000a2ac000 	/System/Library/PrivateFrameworks/DiskImages.framework/Versions/A/DiskImages
0x000000000a2ac000 	/System/Library/Frameworks/DiscRecording.framework/Versions/A/DiscRecording
0x000000000a2ac000 	/usr/lib/libcsfde.dylib
0x000000000a2ac000 	/usr/lib/libcurl.4.dylib
0x000000000a2ac000 	/System/Library/PrivateFrameworks/MediaKit.framework/Versions/A/MediaKit
0x000000000a2ac000 	/usr/lib/libCoreStorage.dylib
0x000000000a2ac000 	/System/Library/PrivateFrameworks/EFILogin.framework/Versions/A/EFILogin
0x000000000a2ac000 	/usr/lib/libutil.dylib
0x000000000a2ac000 	/System/Library/PrivateFrameworks/FindMyDevice.framework/Versions/A/FindMyDevice
0x000000000a2ac000 	/System/Library/Frameworks/LDAP.framework/Versions/A/LDAP
0x000000000a2ac000 	/usr/lib/libsasl2.2.dylib
0x000000000a2ac000 	/System/Library/PrivateFrameworks/CoreDaemon.framework/Versions/B/CoreDaemon
0x000000000a2ac000 	/usr/lib/libcrypto.0.9.8.dylib
0x000000000a2ac000 	/System/Library/PrivateFrameworks/AppleSRP.framework/Versions/A/AppleSRP
0x000000000a2ac000 	/System/Library/PrivateFrameworks/TrustEvaluationAgent.framework/Versions/A/TrustEvaluationAgent
0x0000000120388000 	cl_kernels
0x000000012038a000 	/System/Library/Frameworks/OpenCL.framework/Versions/A/Libraries/ImageFormats/unorm8_bgra.dylib
0x0000000120379000 	cl_kernels
0x000000000a2ac000 	/System/Library/PrivateFrameworks/FamilyControls.framework/Versions/A/FamilyControls
0x000000000a2ac000 	/System/Library/PrivateFrameworks/CommerceKit.framework/Versions/A/Frameworks/CommerceCore.framework/Versions/A/CommerceCore
0x000000000a2ac000 	/System/Library/PrivateFrameworks/SystemAdministration.framework/Versions/A/SystemAdministration
0x000000000a2ac000 	/System/Library/PrivateFrameworks/AppContainer.framework/Versions/A/AppContainer
0x000000000a2ac000 	/System/Library/PrivateFrameworks/SecCodeWrapper.framework/Versions/A/SecCodeWrapper
0x000000000a2ac000 	/System/Library/Frameworks/DirectoryService.framework/Versions/A/DirectoryService
0x000000000a2ac000 	/System/Library/PrivateFrameworks/LoginUIKit.framework/Versions/A/Frameworks/LoginUICore.framework/Versions/A/LoginUICore
0x000000000a2ac000 	/usr/lib/libodfde.dylib
0x0000000121550000 	/Library/Java/JavaVirtualMachines/jdk1.8.0_102.jdk/Contents/Home/jre/lib/libfontmanager.dylib
0x00000001215b7000 	/Users/EnemyBoss/Projects/Game/lib/jars/lwjgl_2.9.3/native/macosx/liblwjgl.dylib
0x000000011f8ae000 	/Library/Java/JavaVirtualMachines/jdk1.8.0_102.jdk/Contents/Home/jre/lib/libjawt.dylib
0x0000000121639000 	/System/Library/Frameworks/OpenGL.framework/Resources/GLEngine.bundle/GLEngine
0x000000000a2ac000 	/System/Library/Frameworks/OpenGL.framework/Versions/A/Libraries/libGLProgrammability.dylib
0x0000000121824000 	/System/Library/Extensions/AppleIntelBDWGraphicsGLDriver.bundle/Contents/MacOS/AppleIntelBDWGraphicsGLDriver
0x000000000a2ac000 	/System/Library/PrivateFrameworks/IOAccelerator.framework/Versions/A/IOAccelerator
0x000000000a2ac000 	/System/Library/PrivateFrameworks/GPUSupport.framework/Versions/A/Libraries/libGPUSupportMercury.dylib
0x0000000121f1a000 	/System/Library/Frameworks/OpenGL.framework/Resources//GLRendererFloat.bundle/GLRendererFloat

VM Arguments:
jvm_args: -Djava.library.path=/Users/EnemyBoss/Projects/Game/lib/jars/lwjgl_2.9.3/native/macosx -Dfile.encoding=UTF-8 
java_command: data.Boot
java_class_path (initial): /Users/EnemyBoss/Projects/Game/GameTutorial/bin:/Users/EnemyBoss/Projects/Game/lib/jars/slick-util.jar:/Users/EnemyBoss/Projects/Game/lib/jars/lwjgl_2.9.3/jar/lwjgl_util.jar:/Users/EnemyBoss/Projects/Game/lib/jars/lwjgl_2.9.3/jar/lwjgl.jar
Launcher Type: SUN_STANDARD

Environment Variables:
PATH=/usr/bin:/bin:/usr/sbin:/sbin
SHELL=/bin/zsh

Signal Handlers:
SIGSEGV: [libjvm.dylib+0x57d451], sa_mask[0]=11111111011111110111111111111111, sa_flags=SA_ONSTACK|SA_RESTART|SA_SIGINFO
SIGBUS: [libjvm.dylib+0x57d451], sa_mask[0]=11111111011111110111111111111111, sa_flags=SA_RESTART|SA_SIGINFO
SIGFPE: [libjvm.dylib+0x45744c], sa_mask[0]=11111111011111110111111111111111, sa_flags=SA_RESTART|SA_SIGINFO
SIGPIPE: [libjvm.dylib+0x45744c], sa_mask[0]=11111111011111110111111111111111, sa_flags=SA_RESTART|SA_SIGINFO
SIGXFSZ: [libjvm.dylib+0x45744c], sa_mask[0]=11111111011111110111111111111111, sa_flags=SA_RESTART|SA_SIGINFO
SIGILL: [libjvm.dylib+0x45744c], sa_mask[0]=11111111011111110111111111111111, sa_flags=SA_RESTART|SA_SIGINFO
SIGUSR1: SIG_DFL, sa_mask[0]=00000000000000000000000000000000, sa_flags=none
SIGUSR2: [libjvm.dylib+0x456f6a], sa_mask[0]=00100000000000000000000000000000, sa_flags=SA_RESTART|SA_SIGINFO
SIGHUP: [libjvm.dylib+0x455541], sa_mask[0]=11111111011111110111111111111111, sa_flags=SA_RESTART|SA_SIGINFO
SIGINT: [libjvm.dylib+0x455541], sa_mask[0]=11111111011111110111111111111111, sa_flags=SA_RESTART|SA_SIGINFO
SIGTERM: [libjvm.dylib+0x455541], sa_mask[0]=11111111011111110111111111111111, sa_flags=SA_RESTART|SA_SIGINFO
SIGQUIT: [libjvm.dylib+0x455541], sa_mask[0]=11111111011111110111111111111111, sa_flags=SA_RESTART|SA_SIGINFO


---------------  S Y S T E M  ---------------

OS:Bsduname:Darwin 14.5.0 Darwin Kernel Version 14.5.0: Mon Aug 29 21:14:16 PDT 2016; root:xnu-2782.50.6~1/RELEASE_X86_64 x86_64
rlimit: STACK 8192k, CORE 0k, NPROC 709, NOFILE 10240, AS infinity
load average:2.00 1.75 1.78

CPU:total 4 (2 cores per cpu, 2 threads per core) family 6 model 61 stepping 4, cmov, cx8, fxsr, mmx, sse, sse2, sse3, ssse3, sse4.1, sse4.2, popcnt, avx, avx2, aes, clmul, erms, 3dnowpref, lzcnt, ht, tsc, tscinvbit, bmi1, bmi2, adx

Memory: 4k page, physical 4194304k(55920k free)

/proc/meminfo:


vm_info: Java HotSpot(TM) 64-Bit Server VM (25.102-b04) for bsd-amd64 JRE (1.8.0_102-ea-b04), built on Apr 25 2016 14:13:06 by "java_re" with gcc 4.2.1 (Based on Apple Inc. build 5658) (LLVM build 2336.11.00)

time: Thu Sep 15 14:03:08 2016
elapsed time: 8 seconds (0d 0h 0m 8s)

