#
# A fatal error has been detected by the Java Runtime Environment:
#
#  SIGSEGV (0xb) at pc=0x00007fff9547d0dd, pid=30595, tid=0x0000000000000713
#
# JRE version: Java(TM) SE Runtime Environment (8.0_102-b04) (build 1.8.0_102-ea-b04)
# Java VM: Java HotSpot(TM) 64-Bit Server VM (25.102-b04 mixed mode bsd-amd64 compressed oops)
# Problematic frame:
# C  [libobjc.A.dylib+0x10dd]  objc_msgSend+0x1d
#
# Failed to write core dump. Core dumps have been disabled. To enable core dumping, try "ulimit -c unlimited" before starting Java again
#
# If you would like to submit a bug report, please visit:
#   http://bugreport.java.com/bugreport/crash.jsp
# The crash happened outside the Java Virtual Machine in native code.
# See problematic frame for where to report the bug.
#

---------------  T H R E A D  ---------------

Current thread (0x00007f8b01184800):  JavaThread "AppKit Thread" daemon [_thread_in_native, id=1811, stack(0x00007fff5e65e000,0x00007fff5ee5e000)]

siginfo: si_signo: 11 (SIGSEGV), si_code: 1 (SEGV_MAPERR), si_addr: 0x000007f8b0057928

Registers:
RAX=0x00007f8b00579830, RBX=0x00007fff5ee59a48, RCX=0x0000000000000000, RDX=0x00007f8b00592a40
RSP=0x00007fff5ee59868, RBP=0x00007fff5ee59870, RSI=0x00007fff90aae41e, RDI=0x00007f8b00579830
R8 =0x00007fff5ee59850, R9 =0x0000000000000055, R10=0x00007fff90aae41e, R11=0x000007f8b0057910
R12=0x00007f8b00611310, R13=0x00000000000f42ec, R14=0x00007f8b00637150, R15=0x00007fff5ee599a8
RIP=0x00007fff9547d0dd, EFLAGS=0x0000000000010202, ERR=0x0000000000000004
  TRAPNO=0x000000000000000e

Top of Stack: (sp=0x00007fff5ee59868)
0x00007fff5ee59868:   00007fff95b7645c 00007fff5ee59bd0
0x00007fff5ee59878:   00007fff95a66634 00007fff5ee598fc
0x00007fff5ee59888:   00007fff5ee59900 00007fff5ee59904
0x00007fff5ee59898:   00007fff77ecae00 ffffffffffffffff
0x00007fff5ee598a8:   00000000000007f8 00007fff77ecae18
0x00007fff5ee598b8:   00007f8b00637150 0000000000000000
0x00007fff5ee598c8:   00007fff5ee599a0 0000000000000000
0x00007fff5ee598d8:   00007f8b0072e530 00007fff5ee59a20
0x00007fff5ee598e8:   0000000000000055 00000000000f42ee
0x00007fff5ee598f8:   00007f8b00592a40 00007f8b0072dfd0
0x00007fff5ee59908:   00007f8b00611310 0000000000000001
0x00007fff5ee59918:   00000000000f42ec 00007f8b00611300
0x00007fff5ee59928:   00007fff89563c05 0000000100736630
0x00007fff5ee59938:   00007fff78d210d0 0000000042000000
0x00007fff5ee59948:   00007fff8956ae63 00007fff77e95240
0x00007fff5ee59958:   00007fff5ee59a28 00007fff5ee59980
0x00007fff5ee59968:   00007fff5ee599a0 0000000000000000
0x00007fff5ee59978:   0000000000000019 0006c30300000001
0x00007fff5ee59988:   00007f8b00611334 0000000000000000
0x00007fff5ee59998:   0000000000000000 00007f8b0072e5b0
0x00007fff5ee599a8:   00007f8b00637150 0000002000000000
0x00007fff5ee599b8:   0000000000000000 00007fff78d210d0
0x00007fff5ee599c8:   0000000042000000 00007fff8956a4f8
0x00007fff5ee599d8:   00007fff77e95350 00007fff5ee59938
0x00007fff5ee599e8:   0000000000000000 00007fff5ee59ab8
0x00007fff5ee599f8:   00007fff78f2eea0 00007fff5ee59af0
0x00007fff5ee59a08:   00007fff97496770 00007fff5ee59aa0
0x00007fff5ee59a18:   00007fff901e24ed 0000000000000051
0x00007fff5ee59a28:   0000000000000000 00000000000f42e3
0x00007fff5ee59a38:   0000000000000053 0000000000000000
0x00007fff5ee59a48:   00000000000f42ec 00007fff5ee59ac4
0x00007fff5ee59a58:   00000000003d9301 00000000ffffffff 

Instructions: (pc=0x00007fff9547d0dd)
0x00007fff9547d0bd:   00 00 00 48 85 ff 2e 74 7a 40 f6 c7 01 2e 75 7e
0x00007fff9547d0cd:   49 bb f8 ff ff ff ff 7f 00 00 4c 23 1f 49 89 f2
0x00007fff9547d0dd:   45 23 53 18 49 c1 e2 04 4d 03 53 10 49 3b 32 75
0x00007fff9547d0ed:   04 41 ff 62 08 49 83 3a 00 74 6a 4d 3b 53 10 74 

Register to memory mapping:

RAX=0x00007f8b00579830 is an unknown value
RBX=0x00007fff5ee59a48 is pointing into the stack for thread: 0x00007f8b01184800
RCX=0x0000000000000000 is an unknown value
RDX=0x00007f8b00592a40 is an unknown value
RSP=0x00007fff5ee59868 is pointing into the stack for thread: 0x00007f8b01184800
RBP=0x00007fff5ee59870 is pointing into the stack for thread: 0x00007f8b01184800
RSI=0x00007fff90aae41e: -[NSTitlebarContainerView transparent]+0x5e312 in /System/Library/Frameworks/AppKit.framework/Versions/C/AppKit at 0x00007fff900ad000
RDI=0x00007f8b00579830 is an unknown value
R8 =0x00007fff5ee59850 is pointing into the stack for thread: 0x00007f8b01184800
R9 =0x0000000000000055 is an unknown value
R10=0x00007fff90aae41e: -[NSTitlebarContainerView transparent]+0x5e312 in /System/Library/Frameworks/AppKit.framework/Versions/C/AppKit at 0x00007fff900ad000
R11=0x000007f8b0057910 is an unknown value
R12=0x00007f8b00611310 is an unknown value
R13=0x00000000000f42ec is an unknown value
R14=0x00007f8b00637150 is an unknown value
R15=0x00007fff5ee599a8 is pointing into the stack for thread: 0x00007f8b01184800


Stack: [0x00007fff5e65e000,0x00007fff5ee5e000],  sp=0x00007fff5ee59868,  free space=8174k
Native frames: (J=compiled Java code, j=interpreted, Vv=VM code, C=native code)
C  [libobjc.A.dylib+0x10dd]  objc_msgSend+0x1d
C  [CoreFoundation+0x10634]  _CFXNotificationPost+0xc44
C  [Foundation+0x7aa1]  -[NSNotificationCenter postNotificationName:object:userInfo:]+0x42
C  [AppKit+0x439c2]  -[NSSurface _disposeSurface]+0x98
C  [AppKit+0x43426]  -[NSSurface setWindow:]+0x42
C  [AppKit+0x33910]  -[NSView _setWindow:]+0xa33
C  [AppKit+0x6af91]  -[NSView removeFromSuperview]+0x1c5
C  [AppKit+0x14bd99]  -[NSView removeFromSuperviewWithoutNeedingDisplay]+0x26
C  [liblwjgl.dylib+0xa205]  +[MacOSXKeyableWindow destroyWindow]+0xb5
C  [Foundation+0x92dd0]  __NSThreadPerformPerform+0x125
C  [CoreFoundation+0x80a01]  __CFRUNLOOP_IS_CALLING_OUT_TO_A_SOURCE0_PERFORM_FUNCTION__+0x11
C  [CoreFoundation+0x72b8d]  __CFRunLoopDoSources0+0x10d
C  [CoreFoundation+0x721bf]  __CFRunLoopRun+0x39f
C  [CoreFoundation+0x71bd8]  CFRunLoopRunSpecific+0x128
C  [HIToolbox+0x3256f]  RunCurrentEventLoopInMode+0xeb
C  [HIToolbox+0x322ea]  ReceiveNextEventCommon+0x1af
C  [HIToolbox+0x3212b]  _BlockUntilNextEventMatchingListInModeWithFilter+0x47
C  [AppKit+0x918ab]  _DPSNextEvent+0x3d2
C  [AppKit+0x90e58]  -[NSApplication nextEventMatchingMask:untilDate:inMode:dequeue:]+0x15a
C  [libosxapp.dylib+0x23aa]  -[NSApplicationAWT nextEventMatchingMask:untilDate:inMode:dequeue:]+0x7c
C  [AppKit+0x86af3]  -[NSApplication run]+0x252
C  [libosxapp.dylib+0x214d]  +[NSApplicationAWT runAWTLoopWithApp:]+0x9c
C  [libawt_lwawt.dylib+0x444b3]  -[AWTStarter starter:]+0x389
C  [Foundation+0x92dd0]  __NSThreadPerformPerform+0x125
C  [CoreFoundation+0x80a01]  __CFRUNLOOP_IS_CALLING_OUT_TO_A_SOURCE0_PERFORM_FUNCTION__+0x11
C  [CoreFoundation+0x72b8d]  __CFRunLoopDoSources0+0x10d
C  [CoreFoundation+0x721bf]  __CFRunLoopRun+0x39f
C  [CoreFoundation+0x71bd8]  CFRunLoopRunSpecific+0x128
C  [java+0x6465]  CreateExecutionEnvironment+0x367
C  [java+0x218c]  JLI_Launch+0x7a0
C  [java+0x84c2]  main+0x65
C  [java+0x19e4]  start+0x34
C  0x0000000000000006


---------------  P R O C E S S  ---------------

Java Threads: ( => current thread )
  0x00007f8b008e0000 JavaThread "AWT-Shutdown" [_thread_blocked, id=12303, stack(0x000000019864e000,0x000000019874e000)]
=>0x00007f8b01184800 JavaThread "AppKit Thread" daemon [_thread_in_native, id=1811, stack(0x00007fff5e65e000,0x00007fff5ee5e000)]
  0x00007f8b00821800 JavaThread "Service Thread" daemon [_thread_blocked, id=18179, stack(0x0000000198140000,0x0000000198240000)]
  0x00007f8b02036000 JavaThread "C1 CompilerThread2" daemon [_thread_blocked, id=17667, stack(0x000000019803d000,0x000000019813d000)]
  0x00007f8b0100b800 JavaThread "C2 CompilerThread1" daemon [_thread_blocked, id=17155, stack(0x0000000197f3a000,0x000000019803a000)]
  0x00007f8b01029000 JavaThread "C2 CompilerThread0" daemon [_thread_blocked, id=16643, stack(0x0000000197e37000,0x0000000197f37000)]
  0x00007f8b01028800 JavaThread "Signal Dispatcher" daemon [_thread_blocked, id=13335, stack(0x0000000197d34000,0x0000000197e34000)]
  0x00007f8b01001800 JavaThread "Finalizer" daemon [_thread_blocked, id=11523, stack(0x000000019630c000,0x000000019640c000)]
  0x00007f8b0180d000 JavaThread "Reference Handler" daemon [_thread_blocked, id=11011, stack(0x0000000196209000,0x0000000196309000)]
  0x00007f8b02004800 JavaThread "main" [_thread_in_native, id=4867, stack(0x0000000100eb9000,0x0000000100fb9000)]

Other Threads:
  0x00007f8b01808800 VMThread [stack: 0x0000000196106000,0x0000000196206000] [id=10499]
  0x00007f8b02034000 WatcherThread [stack: 0x0000000198243000,0x0000000198343000] [id=18691]

VM state:not at safepoint (normal execution)

VM Mutex/Monitor currently owned by a thread: None

Heap:
 PSYoungGen      total 18944K, used 5642K [0x000000013c900000, 0x000000013de00000, 0x0000000151e00000)
  eden space 16384K, 23% used [0x000000013c900000,0x000000013ccc2808,0x000000013d900000)
  from space 2560K, 70% used [0x000000013db80000,0x000000013dd40000,0x000000013de00000)
  to   space 2560K, 0% used [0x000000013d900000,0x000000013d900000,0x000000013db80000)
 ParOldGen       total 44032K, used 16K [0x0000000111e00000, 0x0000000114900000, 0x000000013c900000)
  object space 44032K, 0% used [0x0000000111e00000,0x0000000111e04000,0x0000000114900000)
 Metaspace       used 6837K, capacity 7003K, committed 7168K, reserved 1056768K
  class space    used 663K, capacity 728K, committed 768K, reserved 1048576K

Card table byte_map: [0x0000000151e00000,0x0000000152001000] byte_map_base: 0x0000000151571000

Marking Bits: (ParMarkBitMap*) 0x0000000102091610
 Begin Bits: [0x0000000152460000, 0x0000000153460000)
 End Bits:   [0x0000000153460000, 0x0000000154460000)

Polling page: 0x0000000100ffe000

CodeCache: size=245760Kb used=3603Kb max_used=3614Kb free=242156Kb
 bounds [0x00000001026ff000, 0x0000000102a8f000, 0x00000001116ff000]
 total_blobs=1304 nmethods=934 adapters=285
 compilation: enabled

Compilation events (10 events):
Event: 21.302 Thread 0x00007f8b02036000  930       3       java.nio.Bits::long3 (7 bytes)
Event: 21.302 Thread 0x00007f8b02036000 nmethod 930 0x0000000102a76410 code [0x0000000102a76560, 0x0000000102a766b0]
Event: 22.799 Thread 0x00007f8b02036000  931       3       org.lwjgl.opengl.MacOSXNativeMouse::setCursorPos (55 bytes)
Event: 22.799 Thread 0x00007f8b02036000 nmethod 931 0x0000000102a75dd0 code [0x0000000102a75f60, 0x0000000102a76328]
Event: 22.799 Thread 0x00007f8b02036000  932       3       org.lwjgl.opengl.MacOSXNativeMouse::addDelta (22 bytes)
Event: 22.799 Thread 0x00007f8b02036000 nmethod 932 0x0000000102a83fd0 code [0x0000000102a84140, 0x0000000102a842b0]
Event: 23.565 Thread 0x00007f8b01029000  933       4       java.nio.HeapByteBuffer::compact (52 bytes)
Event: 23.567 Thread 0x00007f8b01029000 nmethod 933 0x0000000102a82550 code [0x0000000102a826c0, 0x0000000102a828d8]
Event: 24.093 Thread 0x00007f8b0100b800  934   !   4       org.lwjgl.input.Mouse::isButtonDown (61 bytes)
Event: 24.096 Thread 0x00007f8b0100b800 nmethod 934 0x0000000102a88e50 code [0x0000000102a88fc0, 0x0000000102a892d8]

GC Heap History (4 events):
Event: 1.453 GC heap before
{Heap before GC invocations=1 (full 0):
 PSYoungGen      total 18944K, used 16377K [0x000000013c900000, 0x000000013de00000, 0x0000000151e00000)
  eden space 16384K, 99% used [0x000000013c900000,0x000000013d8fe5c8,0x000000013d900000)
  from space 2560K, 0% used [0x000000013db80000,0x000000013db80000,0x000000013de00000)
  to   space 2560K, 0% used [0x000000013d900000,0x000000013d900000,0x000000013db80000)
 ParOldGen       total 44032K, used 0K [0x0000000111e00000, 0x0000000114900000, 0x000000013c900000)
  object space 44032K, 0% used [0x0000000111e00000,0x0000000111e00000,0x0000000114900000)
 Metaspace       used 6510K, capacity 6651K, committed 6912K, reserved 1056768K
  class space    used 645K, capacity 696K, committed 768K, reserved 1048576K
Event: 1.458 GC heap after
Heap after GC invocations=1 (full 0):
 PSYoungGen      total 18944K, used 2064K [0x000000013c900000, 0x000000013de00000, 0x0000000151e00000)
  eden space 16384K, 0% used [0x000000013c900000,0x000000013c900000,0x000000013d900000)
  from space 2560K, 80% used [0x000000013d900000,0x000000013db04010,0x000000013db80000)
  to   space 2560K, 0% used [0x000000013db80000,0x000000013db80000,0x000000013de00000)
 ParOldGen       total 44032K, used 8K [0x0000000111e00000, 0x0000000114900000, 0x000000013c900000)
  object space 44032K, 0% used [0x0000000111e00000,0x0000000111e02000,0x0000000114900000)
 Metaspace       used 6510K, capacity 6651K, committed 6912K, reserved 1056768K
  class space    used 645K, capacity 696K, committed 768K, reserved 1048576K
}
Event: 1.786 GC heap before
{Heap before GC invocations=2 (full 0):
 PSYoungGen      total 18944K, used 18448K [0x000000013c900000, 0x000000013de00000, 0x0000000151e00000)
  eden space 16384K, 100% used [0x000000013c900000,0x000000013d900000,0x000000013d900000)
  from space 2560K, 80% used [0x000000013d900000,0x000000013db04010,0x000000013db80000)
  to   space 2560K, 0% used [0x000000013db80000,0x000000013db80000,0x000000013de00000)
 ParOldGen       total 44032K, used 8K [0x0000000111e00000, 0x0000000114900000, 0x000000013c900000)
  object space 44032K, 0% used [0x0000000111e00000,0x0000000111e02000,0x0000000114900000)
 Metaspace       used 6597K, capacity 6715K, committed 6912K, reserved 1056768K
  class space    used 645K, capacity 696K, committed 768K, reserved 1048576K
Event: 1.792 GC heap after
Heap after GC invocations=2 (full 0):
 PSYoungGen      total 18944K, used 1792K [0x000000013c900000, 0x000000013de00000, 0x0000000151e00000)
  eden space 16384K, 0% used [0x000000013c900000,0x000000013c900000,0x000000013d900000)
  from space 2560K, 70% used [0x000000013db80000,0x000000013dd40000,0x000000013de00000)
  to   space 2560K, 0% used [0x000000013d900000,0x000000013d900000,0x000000013db80000)
 ParOldGen       total 44032K, used 16K [0x0000000111e00000, 0x0000000114900000, 0x000000013c900000)
  object space 44032K, 0% used [0x0000000111e00000,0x0000000111e04000,0x0000000114900000)
 Metaspace       used 6597K, capacity 6715K, committed 6912K, reserved 1056768K
  class space    used 645K, capacity 696K, committed 768K, reserved 1048576K
}

Deoptimization events (10 events):
Event: 13.878 Thread 0x00007f8b02004800 Uncommon trap: reason=class_check action=maybe_recompile pc=0x0000000102a61d3c method=data.Tower.update()V @ 118
Event: 16.561 Thread 0x00007f8b02004800 Uncommon trap: reason=class_check action=maybe_recompile pc=0x0000000102a6eca0 method=data.Projectile.update()V @ 179
Event: 16.878 Thread 0x00007f8b02004800 Uncommon trap: reason=class_check action=maybe_recompile pc=0x0000000102a6eca0 method=data.Projectile.update()V @ 179
Event: 16.911 Thread 0x00007f8b02004800 Uncommon trap: reason=class_check action=maybe_recompile pc=0x0000000102a6eca0 method=data.Projectile.update()V @ 179
Event: 17.744 Thread 0x00007f8b02004800 Uncommon trap: reason=class_check action=maybe_recompile pc=0x0000000102a6eca0 method=data.Projectile.update()V @ 179
Event: 18.328 Thread 0x00007f8b02004800 Uncommon trap: reason=unstable_if action=reinterpret pc=0x0000000102a73a88 method=data.Tower.update()V @ 43
Event: 18.478 Thread 0x00007f8b02004800 Uncommon trap: reason=class_check action=maybe_recompile pc=0x0000000102a696e8 method=data.Projectile.update()V @ 179
Event: 19.311 Thread 0x00007f8b02004800 Uncommon trap: reason=unstable_if action=reinterpret pc=0x0000000102a7be10 method=data.Tower.update()V @ 32
Event: 19.311 Thread 0x00007f8b02004800 Uncommon trap: reason=unstable_if action=reinterpret pc=0x0000000102a678e0 method=data.Projectile.update()V @ 132
Event: 19.328 Thread 0x00007f8b02004800 Uncommon trap: reason=unstable_if action=reinterpret pc=0x0000000102a686d0 method=data.Projectile.update()V @ 132

Internal exceptions (10 events):
Event: 0.147 Thread 0x00007f8b02004800 Exception <a 'java/security/PrivilegedActionException'> (0x000000013cac0e00) thrown at [/HUDSON3/workspace/8-2-build-macosx-x86_64/jdk8u102/6817.nc/hotspot/src/share/vm/prims/jvm.cpp, line 1386]
Event: 0.147 Thread 0x00007f8b02004800 Exception <a 'java/security/PrivilegedActionException'> (0x000000013cac1010) thrown at [/HUDSON3/workspace/8-2-build-macosx-x86_64/jdk8u102/6817.nc/hotspot/src/share/vm/prims/jvm.cpp, line 1386]
Event: 0.147 Thread 0x00007f8b02004800 Exception <a 'java/security/PrivilegedActionException'> (0x000000013cac3bf8) thrown at [/HUDSON3/workspace/8-2-build-macosx-x86_64/jdk8u102/6817.nc/hotspot/src/share/vm/prims/jvm.cpp, line 1386]
Event: 0.147 Thread 0x00007f8b02004800 Exception <a 'java/security/PrivilegedActionException'> (0x000000013cac3e08) thrown at [/HUDSON3/workspace/8-2-build-macosx-x86_64/jdk8u102/6817.nc/hotspot/src/share/vm/prims/jvm.cpp, line 1386]
Event: 0.147 Thread 0x00007f8b02004800 Exception <a 'java/security/PrivilegedActionException'> (0x000000013cac4d38) thrown at [/HUDSON3/workspace/8-2-build-macosx-x86_64/jdk8u102/6817.nc/hotspot/src/share/vm/prims/jvm.cpp, line 1386]
Event: 0.147 Thread 0x00007f8b02004800 Exception <a 'java/security/PrivilegedActionException'> (0x000000013cac4f48) thrown at [/HUDSON3/workspace/8-2-build-macosx-x86_64/jdk8u102/6817.nc/hotspot/src/share/vm/prims/jvm.cpp, line 1386]
Event: 0.200 Thread 0x00007f8b02004800 Exception <a 'java/lang/NoSuchFieldError': method resolution failed> (0x000000013cb93168) thrown at [/HUDSON3/workspace/8-2-build-macosx-x86_64/jdk8u102/6817.nc/hotspot/src/share/vm/prims/methodHandles.cpp, line 1146]
Event: 0.202 Thread 0x00007f8b02004800 Exception <a 'java/lang/NoSuchFieldError': method resolution failed> (0x000000013cba08b8) thrown at [/HUDSON3/workspace/8-2-build-macosx-x86_64/jdk8u102/6817.nc/hotspot/src/share/vm/prims/methodHandles.cpp, line 1146]
Event: 0.372 Thread 0x00007f8b02004800 Exception <a 'java/io/FileNotFoundException'> (0x000000013cc1b3c0) thrown at [/HUDSON3/workspace/8-2-build-macosx-x86_64/jdk8u102/6817.nc/hotspot/src/share/vm/prims/jni.cpp, line 709]
Event: 0.372 Thread 0x00007f8b02004800 Exception <a 'java/io/FileNotFoundException'> (0x000000013cc1bf48) thrown at [/HUDSON3/workspace/8-2-build-macosx-x86_64/jdk8u102/6817.nc/hotspot/src/share/vm/prims/jni.cpp, line 709]

Events (10 events):
Event: 19.328 Thread 0x00007f8b02004800 Uncommon trap: trap_request=0xffffff65 fr.pc=0x0000000102a686d0
Event: 19.328 Thread 0x00007f8b02004800 DEOPT PACKING pc=0x0000000102a686d0 sp=0x0000000100fb8660
Event: 19.328 Thread 0x00007f8b02004800 DEOPT UNPACKING pc=0x0000000102703f69 sp=0x0000000100fb85d8 mode 2
Event: 19.577 Thread 0x00007f8b02004800 DEOPT PACKING pc=0x0000000102a7ef70 sp=0x0000000100fb8610
Event: 19.577 Thread 0x00007f8b02004800 DEOPT UNPACKING pc=0x0000000102746373 sp=0x0000000100fb83b0 mode 0
Event: 19.611 Thread 0x00007f8b02004800 DEOPT PACKING pc=0x0000000102a7ef70 sp=0x0000000100fb8610
Event: 19.611 Thread 0x00007f8b02004800 DEOPT UNPACKING pc=0x0000000102746373 sp=0x0000000100fb83b0 mode 0
Event: 20.448 Thread 0x00007f8b008e0000 Thread added: 0x00007f8b008e0000
Event: 24.927 loading class org/lwjgl/opengl/CallbackUtil
Event: 24.927 loading class org/lwjgl/opengl/CallbackUtil done


Dynamic libraries:
0x0000000007a41000 	/System/Library/Frameworks/Cocoa.framework/Versions/A/Cocoa
0x0000000007a41000 	/System/Library/Frameworks/Security.framework/Versions/A/Security
0x0000000007a41000 	/System/Library/Frameworks/ApplicationServices.framework/Versions/A/ApplicationServices
0x0000000007a41000 	/usr/lib/libz.1.dylib
0x0000000007a41000 	/usr/lib/libSystem.B.dylib
0x0000000007a41000 	/usr/lib/libobjc.A.dylib
0x0000000007a41000 	/System/Library/Frameworks/CoreFoundation.framework/Versions/A/CoreFoundation
0x0000000007a41000 	/System/Library/Frameworks/Foundation.framework/Versions/C/Foundation
0x0000000007a41000 	/System/Library/Frameworks/AppKit.framework/Versions/C/AppKit
0x0000000007a41000 	/System/Library/Frameworks/CoreData.framework/Versions/A/CoreData
0x0000000007a41000 	/System/Library/PrivateFrameworks/RemoteViewServices.framework/Versions/A/RemoteViewServices
0x0000000007a41000 	/System/Library/PrivateFrameworks/UIFoundation.framework/Versions/A/UIFoundation
0x0000000007a41000 	/System/Library/Frameworks/IOSurface.framework/Versions/A/IOSurface
0x0000000007a41000 	/System/Library/Frameworks/AudioToolbox.framework/Versions/A/AudioToolbox
0x0000000007a41000 	/System/Library/Frameworks/AudioUnit.framework/Versions/A/AudioUnit
0x0000000007a41000 	/System/Library/PrivateFrameworks/DataDetectorsCore.framework/Versions/A/DataDetectorsCore
0x0000000007a41000 	/System/Library/PrivateFrameworks/DesktopServicesPriv.framework/Versions/A/DesktopServicesPriv
0x0000000007a41000 	/System/Library/Frameworks/Carbon.framework/Versions/A/Frameworks/HIToolbox.framework/Versions/A/HIToolbox
0x0000000007a41000 	/System/Library/Frameworks/QuartzCore.framework/Versions/A/QuartzCore
0x0000000007a41000 	/System/Library/Frameworks/Carbon.framework/Versions/A/Frameworks/SpeechRecognition.framework/Versions/A/SpeechRecognition
0x0000000007a41000 	/usr/lib/libauto.dylib
0x0000000007a41000 	/usr/lib/libicucore.A.dylib
0x0000000007a41000 	/usr/lib/libxml2.2.dylib
0x0000000007a41000 	/System/Library/PrivateFrameworks/CoreUI.framework/Versions/A/CoreUI
0x0000000007a41000 	/System/Library/Frameworks/CoreAudio.framework/Versions/A/CoreAudio
0x0000000007a41000 	/System/Library/Frameworks/DiskArbitration.framework/Versions/A/DiskArbitration
0x0000000007a41000 	/usr/lib/liblangid.dylib
0x0000000007a41000 	/System/Library/PrivateFrameworks/MultitouchSupport.framework/Versions/A/MultitouchSupport
0x0000000007a41000 	/System/Library/Frameworks/IOKit.framework/Versions/A/IOKit
0x0000000007a41000 	/usr/lib/libDiagnosticMessagesClient.dylib
0x0000000007a41000 	/System/Library/Frameworks/CoreServices.framework/Versions/A/CoreServices
0x0000000007a41000 	/System/Library/PrivateFrameworks/PerformanceAnalysis.framework/Versions/A/PerformanceAnalysis
0x0000000007a41000 	/System/Library/PrivateFrameworks/GenerationalStorage.framework/Versions/A/GenerationalStorage
0x0000000007a41000 	/System/Library/Frameworks/OpenGL.framework/Versions/A/OpenGL
0x0000000007a41000 	/System/Library/PrivateFrameworks/Sharing.framework/Versions/A/Sharing
0x0000000007a41000 	/System/Library/Frameworks/CoreGraphics.framework/Versions/A/CoreGraphics
0x0000000007a41000 	/System/Library/Frameworks/CoreText.framework/Versions/A/CoreText
0x0000000007a41000 	/System/Library/Frameworks/ImageIO.framework/Versions/A/ImageIO
0x0000000007a41000 	/usr/lib/libextension.dylib
0x0000000007a41000 	/System/Library/PrivateFrameworks/Backup.framework/Versions/A/Backup
0x0000000007a41000 	/usr/lib/libarchive.2.dylib
0x0000000007a41000 	/System/Library/Frameworks/CFNetwork.framework/Versions/A/CFNetwork
0x0000000007a41000 	/System/Library/Frameworks/SystemConfiguration.framework/Versions/A/SystemConfiguration
0x0000000007a41000 	/usr/lib/libCRFSuite.dylib
0x0000000007a41000 	/usr/lib/libc++.1.dylib
0x0000000007a41000 	/usr/lib/libc++abi.dylib
0x0000000007a41000 	/usr/lib/system/libcache.dylib
0x0000000007a41000 	/usr/lib/system/libcommonCrypto.dylib
0x0000000007a41000 	/usr/lib/system/libcompiler_rt.dylib
0x0000000007a41000 	/usr/lib/system/libcopyfile.dylib
0x0000000007a41000 	/usr/lib/system/libcorecrypto.dylib
0x0000000007a41000 	/usr/lib/system/libdispatch.dylib
0x0000000007a41000 	/usr/lib/system/libdyld.dylib
0x0000000007a41000 	/usr/lib/system/libkeymgr.dylib
0x0000000007a41000 	/usr/lib/system/liblaunch.dylib
0x0000000007a41000 	/usr/lib/system/libmacho.dylib
0x0000000007a41000 	/usr/lib/system/libquarantine.dylib
0x0000000007a41000 	/usr/lib/system/libremovefile.dylib
0x0000000007a41000 	/usr/lib/system/libsystem_asl.dylib
0x0000000007a41000 	/usr/lib/system/libsystem_blocks.dylib
0x0000000007a41000 	/usr/lib/system/libsystem_c.dylib
0x0000000007a41000 	/usr/lib/system/libsystem_configuration.dylib
0x0000000007a41000 	/usr/lib/system/libsystem_coreservices.dylib
0x0000000007a41000 	/usr/lib/system/libsystem_coretls.dylib
0x0000000007a41000 	/usr/lib/system/libsystem_dnssd.dylib
0x0000000007a41000 	/usr/lib/system/libsystem_info.dylib
0x0000000007a41000 	/usr/lib/system/libsystem_kernel.dylib
0x0000000007a41000 	/usr/lib/system/libsystem_m.dylib
0x0000000007a41000 	/usr/lib/system/libsystem_malloc.dylib
0x0000000007a41000 	/usr/lib/system/libsystem_network.dylib
0x0000000007a41000 	/usr/lib/system/libsystem_networkextension.dylib
0x0000000007a41000 	/usr/lib/system/libsystem_notify.dylib
0x0000000007a41000 	/usr/lib/system/libsystem_platform.dylib
0x0000000007a41000 	/usr/lib/system/libsystem_pthread.dylib
0x0000000007a41000 	/usr/lib/system/libsystem_sandbox.dylib
0x0000000007a41000 	/usr/lib/system/libsystem_secinit.dylib
0x0000000007a41000 	/usr/lib/system/libsystem_stats.dylib
0x0000000007a41000 	/usr/lib/system/libsystem_trace.dylib
0x0000000007a41000 	/usr/lib/system/libunc.dylib
0x0000000007a41000 	/usr/lib/system/libunwind.dylib
0x0000000007a41000 	/usr/lib/system/libxpc.dylib
0x0000000007a41000 	/usr/lib/libbz2.1.0.dylib
0x0000000007a41000 	/usr/lib/liblzma.5.dylib
0x0000000007a41000 	/usr/lib/libbsm.0.dylib
0x0000000007a41000 	/usr/lib/libsqlite3.dylib
0x0000000007a41000 	/usr/lib/system/libkxld.dylib
0x0000000007a41000 	/usr/lib/libxar.1.dylib
0x0000000007a41000 	/usr/lib/libpam.2.dylib
0x0000000007a41000 	/usr/lib/libOpenScriptingUtil.dylib
0x0000000007a41000 	/System/Library/Frameworks/CoreServices.framework/Versions/A/Frameworks/FSEvents.framework/Versions/A/FSEvents
0x0000000007a41000 	/System/Library/Frameworks/CoreServices.framework/Versions/A/Frameworks/CarbonCore.framework/Versions/A/CarbonCore
0x0000000007a41000 	/System/Library/Frameworks/CoreServices.framework/Versions/A/Frameworks/Metadata.framework/Versions/A/Metadata
0x0000000007a41000 	/System/Library/Frameworks/CoreServices.framework/Versions/A/Frameworks/OSServices.framework/Versions/A/OSServices
0x0000000007a41000 	/System/Library/Frameworks/CoreServices.framework/Versions/A/Frameworks/SearchKit.framework/Versions/A/SearchKit
0x0000000007a41000 	/System/Library/Frameworks/CoreServices.framework/Versions/A/Frameworks/AE.framework/Versions/A/AE
0x0000000007a41000 	/System/Library/Frameworks/CoreServices.framework/Versions/A/Frameworks/LaunchServices.framework/Versions/A/LaunchServices
0x0000000007a41000 	/System/Library/Frameworks/CoreServices.framework/Versions/A/Frameworks/DictionaryServices.framework/Versions/A/DictionaryServices
0x0000000007a41000 	/System/Library/Frameworks/NetFS.framework/Versions/A/NetFS
0x0000000007a41000 	/System/Library/PrivateFrameworks/NetAuth.framework/Versions/A/NetAuth
0x0000000007a41000 	/System/Library/PrivateFrameworks/login.framework/Versions/A/Frameworks/loginsupport.framework/Versions/A/loginsupport
0x0000000007a41000 	/System/Library/PrivateFrameworks/TCC.framework/Versions/A/TCC
0x0000000007a41000 	/usr/lib/libmecabra.dylib
0x0000000007a41000 	/System/Library/Frameworks/ApplicationServices.framework/Versions/A/Frameworks/ATS.framework/Versions/A/ATS
0x0000000007a41000 	/System/Library/Frameworks/ApplicationServices.framework/Versions/A/Frameworks/ColorSync.framework/Versions/A/ColorSync
0x0000000007a41000 	/System/Library/Frameworks/ApplicationServices.framework/Versions/A/Frameworks/HIServices.framework/Versions/A/HIServices
0x0000000007a41000 	/System/Library/Frameworks/ApplicationServices.framework/Versions/A/Frameworks/LangAnalysis.framework/Versions/A/LangAnalysis
0x0000000007a41000 	/System/Library/Frameworks/ApplicationServices.framework/Versions/A/Frameworks/PrintCore.framework/Versions/A/PrintCore
0x0000000007a41000 	/System/Library/Frameworks/ApplicationServices.framework/Versions/A/Frameworks/QD.framework/Versions/A/QD
0x0000000007a41000 	/System/Library/Frameworks/ApplicationServices.framework/Versions/A/Frameworks/SpeechSynthesis.framework/Versions/A/SpeechSynthesis
0x0000000007a41000 	/System/Library/Frameworks/Accelerate.framework/Versions/A/Accelerate
0x0000000007a41000 	/System/Library/Frameworks/Accelerate.framework/Versions/A/Frameworks/vImage.framework/Versions/A/vImage
0x0000000007a41000 	/System/Library/Frameworks/Accelerate.framework/Versions/A/Frameworks/vecLib.framework/Versions/A/vecLib
0x0000000007a41000 	/System/Library/Frameworks/Accelerate.framework/Versions/A/Frameworks/vecLib.framework/Versions/A/libvDSP.dylib
0x0000000007a41000 	/System/Library/Frameworks/Accelerate.framework/Versions/A/Frameworks/vecLib.framework/Versions/A/libvMisc.dylib
0x0000000007a41000 	/System/Library/Frameworks/Accelerate.framework/Versions/A/Frameworks/vecLib.framework/Versions/A/libLAPACK.dylib
0x0000000007a41000 	/System/Library/Frameworks/Accelerate.framework/Versions/A/Frameworks/vecLib.framework/Versions/A/libBLAS.dylib
0x0000000007a41000 	/System/Library/Frameworks/Accelerate.framework/Versions/A/Frameworks/vecLib.framework/Versions/A/libLinearAlgebra.dylib
0x0000000007a41000 	/System/Library/Frameworks/ApplicationServices.framework/Versions/A/Frameworks/ATS.framework/Versions/A/Resources/libFontParser.dylib
0x0000000007a41000 	/System/Library/Frameworks/ApplicationServices.framework/Versions/A/Frameworks/ATS.framework/Versions/A/Resources/libFontRegistry.dylib
0x0000000007a41000 	/System/Library/PrivateFrameworks/AppleVPA.framework/Versions/A/AppleVPA
0x0000000007a41000 	/System/Library/PrivateFrameworks/AppleJPEG.framework/Versions/A/AppleJPEG
0x0000000007a41000 	/System/Library/Frameworks/ImageIO.framework/Versions/A/Resources/libJPEG.dylib
0x0000000007a41000 	/System/Library/Frameworks/ImageIO.framework/Versions/A/Resources/libTIFF.dylib
0x0000000007a41000 	/System/Library/Frameworks/ImageIO.framework/Versions/A/Resources/libPng.dylib
0x0000000007a41000 	/System/Library/Frameworks/ImageIO.framework/Versions/A/Resources/libGIF.dylib
0x0000000007a41000 	/System/Library/Frameworks/ImageIO.framework/Versions/A/Resources/libJP2.dylib
0x0000000007a41000 	/System/Library/Frameworks/ImageIO.framework/Versions/A/Resources/libRadiance.dylib
0x0000000007a41000 	/System/Library/Frameworks/CoreVideo.framework/Versions/A/CoreVideo
0x0000000007a41000 	/System/Library/Frameworks/OpenGL.framework/Versions/A/Libraries/libGLU.dylib
0x0000000007a41000 	/System/Library/Frameworks/OpenGL.framework/Versions/A/Libraries/libGFXShared.dylib
0x0000000007a41000 	/System/Library/Frameworks/OpenGL.framework/Versions/A/Libraries/libGL.dylib
0x0000000007a41000 	/System/Library/Frameworks/OpenGL.framework/Versions/A/Libraries/libGLImage.dylib
0x0000000007a41000 	/System/Library/Frameworks/OpenGL.framework/Versions/A/Libraries/libCVMSPluginSupport.dylib
0x0000000007a41000 	/System/Library/Frameworks/OpenGL.framework/Versions/A/Libraries/libCoreVMClient.dylib
0x0000000007a41000 	/usr/lib/libcups.2.dylib
0x0000000007a41000 	/System/Library/Frameworks/Kerberos.framework/Versions/A/Kerberos
0x0000000007a41000 	/System/Library/Frameworks/GSS.framework/Versions/A/GSS
0x0000000007a41000 	/usr/lib/libresolv.9.dylib
0x0000000007a41000 	/usr/lib/libiconv.2.dylib
0x0000000007a41000 	/System/Library/PrivateFrameworks/Heimdal.framework/Versions/A/Heimdal
0x0000000007a41000 	/usr/lib/libheimdal-asn1.dylib
0x0000000007a41000 	/System/Library/Frameworks/OpenDirectory.framework/Versions/A/OpenDirectory
0x0000000007a41000 	/System/Library/PrivateFrameworks/CommonAuth.framework/Versions/A/CommonAuth
0x0000000007a41000 	/System/Library/Frameworks/OpenDirectory.framework/Versions/A/Frameworks/CFOpenDirectory.framework/Versions/A/CFOpenDirectory
0x0000000007a41000 	/System/Library/Frameworks/SecurityFoundation.framework/Versions/A/SecurityFoundation
0x0000000007a41000 	/System/Library/PrivateFrameworks/LanguageModeling.framework/Versions/A/LanguageModeling
0x0000000007a41000 	/usr/lib/libcmph.dylib
0x0000000007a41000 	/System/Library/Frameworks/ServiceManagement.framework/Versions/A/ServiceManagement
0x0000000007a41000 	/usr/lib/libxslt.1.dylib
0x0000000007a41000 	/System/Library/Frameworks/Carbon.framework/Versions/A/Frameworks/Ink.framework/Versions/A/Ink
0x0000000007a41000 	/System/Library/Frameworks/QuartzCore.framework/Versions/A/Frameworks/CoreImage.framework/Versions/A/CoreImage
0x0000000007a41000 	/System/Library/PrivateFrameworks/CrashReporterSupport.framework/Versions/A/CrashReporterSupport
0x0000000007a41000 	/System/Library/Frameworks/OpenCL.framework/Versions/A/OpenCL
0x0000000007a41000 	/System/Library/PrivateFrameworks/FaceCore.framework/Versions/A/FaceCore
0x0000000007a41000 	/System/Library/PrivateFrameworks/Ubiquity.framework/Versions/A/Ubiquity
0x0000000007a41000 	/System/Library/PrivateFrameworks/IconServices.framework/Versions/A/IconServices
0x0000000007a41000 	/System/Library/PrivateFrameworks/ChunkingLibrary.framework/Versions/A/ChunkingLibrary
0x0000000007a41000 	/System/Library/PrivateFrameworks/Apple80211.framework/Versions/A/Apple80211
0x0000000007a41000 	/System/Library/Frameworks/CoreWLAN.framework/Versions/A/CoreWLAN
0x0000000007a41000 	/System/Library/Frameworks/IOBluetooth.framework/Versions/A/IOBluetooth
0x0000000007a41000 	/System/Library/PrivateFrameworks/CoreWiFi.framework/Versions/A/CoreWiFi
0x0000000007a41000 	/System/Library/Frameworks/CoreBluetooth.framework/Versions/A/CoreBluetooth
0x0000000007a41000 	/System/Library/PrivateFrameworks/DebugSymbols.framework/Versions/A/DebugSymbols
0x0000000007a41000 	/System/Library/PrivateFrameworks/CoreSymbolication.framework/Versions/A/CoreSymbolication
0x0000000007a41000 	/System/Library/PrivateFrameworks/Symbolication.framework/Versions/A/Symbolication
0x0000000007a41000 	/System/Library/PrivateFrameworks/SpeechRecognitionCore.framework/Versions/A/SpeechRecognitionCore
0x0000000101800000 	/Library/Java/JavaVirtualMachines/jdk1.8.0_102.jdk/Contents/Home/jre/lib/server/libjvm.dylib
0x0000000007a41000 	/usr/lib/libstdc++.6.dylib
0x0000000100fbb000 	/Library/Java/JavaVirtualMachines/jdk1.8.0_102.jdk/Contents/Home/jre/lib/libverify.dylib
0x0000000100fc9000 	/Library/Java/JavaVirtualMachines/jdk1.8.0_102.jdk/Contents/Home/jre/lib/libjava.dylib
0x00000001026f6000 	/Library/Java/JavaVirtualMachines/jdk1.8.0_102.jdk/Contents/Home/jre/lib/libzip.dylib
0x000000019640e000 	/System/Library/Frameworks/JavaVM.framework/Frameworks/JavaRuntimeSupport.framework/JavaRuntimeSupport
0x0000000196429000 	/System/Library/Frameworks/JavaVM.framework/Versions/A/Frameworks/JavaNativeFoundation.framework/Versions/A/JavaNativeFoundation
0x000000019643e000 	/System/Library/Frameworks/JavaVM.framework/Versions/A/JavaVM
0x0000000007a41000 	/System/Library/Frameworks/Carbon.framework/Versions/A/Carbon
0x000000019644b000 	/System/Library/PrivateFrameworks/JavaLaunching.framework/Versions/A/JavaLaunching
0x0000000007a41000 	/System/Library/Frameworks/Carbon.framework/Versions/A/Frameworks/CommonPanels.framework/Versions/A/CommonPanels
0x0000000007a41000 	/System/Library/Frameworks/Carbon.framework/Versions/A/Frameworks/Help.framework/Versions/A/Help
0x0000000007a41000 	/System/Library/Frameworks/Carbon.framework/Versions/A/Frameworks/ImageCapture.framework/Versions/A/ImageCapture
0x0000000007a41000 	/System/Library/Frameworks/Carbon.framework/Versions/A/Frameworks/OpenScripting.framework/Versions/A/OpenScripting
0x0000000007a41000 	/System/Library/Frameworks/Carbon.framework/Versions/A/Frameworks/Print.framework/Versions/A/Print
0x0000000007a41000 	/System/Library/Frameworks/Carbon.framework/Versions/A/Frameworks/SecurityHI.framework/Versions/A/SecurityHI
0x0000000198396000 	/Library/Java/JavaVirtualMachines/jdk1.8.0_102.jdk/Contents/Home/jre/lib/libawt.dylib
0x000000019843e000 	/Library/Java/JavaVirtualMachines/jdk1.8.0_102.jdk/Contents/Home/jre/lib/./libmlib_image.dylib
0x000000019850a000 	/Library/Java/JavaVirtualMachines/jdk1.8.0_102.jdk/Contents/Home/jre/lib/libawt_lwawt.dylib
0x00000001985bf000 	/Library/Java/JavaVirtualMachines/jdk1.8.0_102.jdk/Contents/Home/jre/lib/./libosxapp.dylib
0x0000000007a41000 	/System/Library/Frameworks/ExceptionHandling.framework/Versions/A/ExceptionHandling
0x0000000007a41000 	/System/Library/PrivateFrameworks/CoreServicesInternal.framework/Versions/A/CoreServicesInternal
0x0000000007a41000 	/System/Library/PrivateFrameworks/CloudDocs.framework/Versions/A/CloudDocs
0x0000000007a41000 	/System/Library/PrivateFrameworks/CoreDuet.framework/Versions/A/CoreDuet
0x0000000007a41000 	/System/Library/Frameworks/CloudKit.framework/Versions/A/CloudKit
0x0000000007a41000 	/System/Library/PrivateFrameworks/ProtocolBuffer.framework/Versions/A/ProtocolBuffer
0x0000000007a41000 	/System/Library/PrivateFrameworks/CoreDuetDaemonProtocol.framework/Versions/A/CoreDuetDaemonProtocol
0x0000000007a41000 	/System/Library/PrivateFrameworks/CoreDuetDebugLogging.framework/Versions/A/CoreDuetDebugLogging
0x0000000007a41000 	/System/Library/PrivateFrameworks/MMCS.framework/Versions/A/MMCS
0x0000000007a41000 	/System/Library/Frameworks/CoreLocation.framework/Versions/A/CoreLocation
0x0000000007a41000 	/System/Library/PrivateFrameworks/ProtectedCloudStorage.framework/Versions/A/ProtectedCloudStorage
0x0000000007a41000 	/System/Library/PrivateFrameworks/GeoServices.framework/Versions/A/GeoServices
0x0000000007a41000 	/System/Library/Frameworks/CoreGraphics.framework/Versions/A/Resources/libCGCMS.A.dylib
0x0000000007a41000 	/System/Library/Frameworks/CoreGraphics.framework/Versions/A/Resources/libRIP.A.dylib
0x0000000007a41000 	/System/Library/Frameworks/CoreGraphics.framework/Versions/A/Resources/libCGXType.A.dylib
0x0000000007a41000 	/System/Library/Frameworks/OpenCL.framework/Versions/A/Libraries/libcldcpuengine.dylib
0x0000000007a41000 	/System/Library/PrivateFrameworks/DiskImages.framework/Versions/A/DiskImages
0x0000000007a41000 	/System/Library/Frameworks/DiscRecording.framework/Versions/A/DiscRecording
0x0000000007a41000 	/usr/lib/libcsfde.dylib
0x0000000007a41000 	/usr/lib/libcurl.4.dylib
0x0000000007a41000 	/System/Library/PrivateFrameworks/MediaKit.framework/Versions/A/MediaKit
0x0000000007a41000 	/usr/lib/libCoreStorage.dylib
0x0000000007a41000 	/System/Library/PrivateFrameworks/EFILogin.framework/Versions/A/EFILogin
0x0000000007a41000 	/usr/lib/libutil.dylib
0x0000000007a41000 	/System/Library/PrivateFrameworks/FindMyDevice.framework/Versions/A/FindMyDevice
0x0000000007a41000 	/System/Library/Frameworks/LDAP.framework/Versions/A/LDAP
0x0000000007a41000 	/usr/lib/libsasl2.2.dylib
0x0000000007a41000 	/System/Library/PrivateFrameworks/CoreDaemon.framework/Versions/B/CoreDaemon
0x0000000007a41000 	/usr/lib/libcrypto.0.9.8.dylib
0x0000000007a41000 	/System/Library/PrivateFrameworks/AppleSRP.framework/Versions/A/AppleSRP
0x0000000007a41000 	/System/Library/PrivateFrameworks/TrustEvaluationAgent.framework/Versions/A/TrustEvaluationAgent
0x000000019b53e000 	cl_kernels
0x000000019b540000 	/System/Library/Frameworks/OpenCL.framework/Versions/A/Libraries/ImageFormats/unorm8_bgra.dylib
0x000000019b52f000 	cl_kernels
0x0000000007a41000 	/System/Library/PrivateFrameworks/FamilyControls.framework/Versions/A/FamilyControls
0x0000000007a41000 	/System/Library/PrivateFrameworks/CommerceKit.framework/Versions/A/Frameworks/CommerceCore.framework/Versions/A/CommerceCore
0x0000000007a41000 	/System/Library/PrivateFrameworks/SystemAdministration.framework/Versions/A/SystemAdministration
0x0000000007a41000 	/System/Library/PrivateFrameworks/AppContainer.framework/Versions/A/AppContainer
0x0000000007a41000 	/System/Library/PrivateFrameworks/SecCodeWrapper.framework/Versions/A/SecCodeWrapper
0x0000000007a41000 	/System/Library/Frameworks/DirectoryService.framework/Versions/A/DirectoryService
0x0000000007a41000 	/System/Library/PrivateFrameworks/LoginUIKit.framework/Versions/A/Frameworks/LoginUICore.framework/Versions/A/LoginUICore
0x0000000007a41000 	/usr/lib/libodfde.dylib
0x000000019c706000 	/Library/Java/JavaVirtualMachines/jdk1.8.0_102.jdk/Contents/Home/jre/lib/libfontmanager.dylib
0x000000019c76d000 	/Users/EnemyBoss/Projects/Game/lib/jars/lwjgl_2.9.3/native/macosx/liblwjgl.dylib
0x000000019aa6f000 	/Library/Java/JavaVirtualMachines/jdk1.8.0_102.jdk/Contents/Home/jre/lib/libjawt.dylib
0x0000000007a41000 	/System/Library/Frameworks/OpenGL.framework/Versions/A/Resources/GLEngine.bundle/GLEngine
0x0000000007a41000 	/System/Library/Frameworks/OpenGL.framework/Versions/A/Libraries/libGLProgrammability.dylib
0x000000019c7ef000 	/System/Library/Extensions/AppleIntelBDWGraphicsGLDriver.bundle/Contents/MacOS/AppleIntelBDWGraphicsGLDriver
0x0000000007a41000 	/System/Library/PrivateFrameworks/IOAccelerator.framework/Versions/A/IOAccelerator
0x0000000007a41000 	/System/Library/PrivateFrameworks/GPUSupport.framework/Versions/A/Libraries/libGPUSupportMercury.dylib
0x0000000007a41000 	/System/Library/Frameworks/OpenGL.framework/Versions/A/Resources/GLRendererFloat.bundle/GLRendererFloat

VM Arguments:
jvm_args: -Djava.library.path=/Users/EnemyBoss/Projects/Game/lib/jars/lwjgl_2.9.3/native/macosx -Dfile.encoding=UTF-8 
java_command: data.Boot
java_class_path (initial): /Users/EnemyBoss/Projects/Game/GameTutorial/bin:/Users/EnemyBoss/Projects/Game/lib/jars/slick-util.jar:/Users/EnemyBoss/Projects/Game/lib/jars/lwjgl_2.9.3/jar/lwjgl_util.jar:/Users/EnemyBoss/Projects/Game/lib/jars/lwjgl_2.9.3/jar/lwjgl.jar
Launcher Type: SUN_STANDARD

Environment Variables:
PATH=/usr/bin:/bin:/usr/sbin:/sbin
SHELL=/bin/zsh

Signal Handlers:
SIGSEGV: [libjvm.dylib+0x57d451], sa_mask[0]=11111111011111110111111111111111, sa_flags=SA_ONSTACK|SA_RESTART|SA_SIGINFO
SIGBUS: [libjvm.dylib+0x57d451], sa_mask[0]=11111111011111110111111111111111, sa_flags=SA_RESTART|SA_SIGINFO
SIGFPE: [libjvm.dylib+0x45744c], sa_mask[0]=11111111011111110111111111111111, sa_flags=SA_RESTART|SA_SIGINFO
SIGPIPE: [libjvm.dylib+0x45744c], sa_mask[0]=11111111011111110111111111111111, sa_flags=SA_RESTART|SA_SIGINFO
SIGXFSZ: [libjvm.dylib+0x45744c], sa_mask[0]=11111111011111110111111111111111, sa_flags=SA_RESTART|SA_SIGINFO
SIGILL: [libjvm.dylib+0x45744c], sa_mask[0]=11111111011111110111111111111111, sa_flags=SA_RESTART|SA_SIGINFO
SIGUSR1: SIG_DFL, sa_mask[0]=00000000000000000000000000000000, sa_flags=none
SIGUSR2: [libjvm.dylib+0x456f6a], sa_mask[0]=00100000000000000000000000000000, sa_flags=SA_RESTART|SA_SIGINFO
SIGHUP: [libjvm.dylib+0x455541], sa_mask[0]=11111111011111110111111111111111, sa_flags=SA_RESTART|SA_SIGINFO
SIGINT: [libjvm.dylib+0x455541], sa_mask[0]=11111111011111110111111111111111, sa_flags=SA_RESTART|SA_SIGINFO
SIGTERM: [libjvm.dylib+0x455541], sa_mask[0]=11111111011111110111111111111111, sa_flags=SA_RESTART|SA_SIGINFO
SIGQUIT: [libjvm.dylib+0x455541], sa_mask[0]=11111111011111110111111111111111, sa_flags=SA_RESTART|SA_SIGINFO


---------------  S Y S T E M  ---------------

OS:Bsduname:Darwin 14.5.0 Darwin Kernel Version 14.5.0: Mon Aug 29 21:14:16 PDT 2016; root:xnu-2782.50.6~1/RELEASE_X86_64 x86_64
rlimit: STACK 8192k, CORE 0k, NPROC 709, NOFILE 10240, AS infinity
load average:2.23 1.97 1.88

CPU:total 4 (2 cores per cpu, 2 threads per core) family 6 model 61 stepping 4, cmov, cx8, fxsr, mmx, sse, sse2, sse3, ssse3, sse4.1, sse4.2, popcnt, avx, avx2, aes, clmul, erms, 3dnowpref, lzcnt, ht, tsc, tscinvbit, bmi1, bmi2, adx

Memory: 4k page, physical 4194304k(55128k free)

/proc/meminfo:


vm_info: Java HotSpot(TM) 64-Bit Server VM (25.102-b04) for bsd-amd64 JRE (1.8.0_102-ea-b04), built on Apr 25 2016 14:13:06 by "java_re" with gcc 4.2.1 (Based on Apple Inc. build 5658) (LLVM build 2336.11.00)

time: Tue Oct  4 13:50:40 2016
elapsed time: 24 seconds (0d 0h 0m 24s)

