#
# A fatal error has been detected by the Java Runtime Environment:
#
#  SIGSEGV (0xb) at pc=0x00007fff92fed0dd, pid=19448, tid=0x0000000000000713
#
# JRE version: Java(TM) SE Runtime Environment (8.0_102-b04) (build 1.8.0_102-ea-b04)
# Java VM: Java HotSpot(TM) 64-Bit Server VM (25.102-b04 mixed mode bsd-amd64 compressed oops)
# Problematic frame:
# C  [libobjc.A.dylib+0x10dd]  objc_msgSend+0x1d
#
# Failed to write core dump. Core dumps have been disabled. To enable core dumping, try "ulimit -c unlimited" before starting Java again
#
# If you would like to submit a bug report, please visit:
#   http://bugreport.java.com/bugreport/crash.jsp
# The crash happened outside the Java Virtual Machine in native code.
# See problematic frame for where to report the bug.
#

---------------  T H R E A D  ---------------

Current thread (0x00007fa3bd160000):  JavaThread "AppKit Thread" daemon [_thread_in_native, id=1811, stack(0x00007fff53d18000,0x00007fff54518000)]

siginfo: si_signo: 11 (SIGSEGV), si_code: 1 (SEGV_MAPERR), si_addr: 0x0000005c4485bb48

Registers:
RAX=0x00007fa3bb7a5bd0, RBX=0x00007fff54513a48, RCX=0x0000000000000000, RDX=0x00007fa3bb62d920
RSP=0x00007fff54513868, RBP=0x00007fff54513870, RSI=0x00007fff9702b41e, RDI=0x00007fa3bb7a5bd0
R8 =0x00007fff54513850, R9 =0x0000000000000055, R10=0x00007fff9702b41e, R11=0x0000005c4485bb30
R12=0x00007fa3bb601cc0, R13=0x00000000000f42ec, R14=0x00007fa3bb5854a0, R15=0x00007fff545139a8
RIP=0x00007fff92fed0dd, EFLAGS=0x0000000000010206, ERR=0x0000000000000004
  TRAPNO=0x000000000000000e

Top of Stack: (sp=0x00007fff54513868)
0x00007fff54513868:   00007fff9933345c 00007fff54513bd0
0x00007fff54513878:   00007fff99223634 00007fff545138fc
0x00007fff54513888:   00007fff54513900 00007fff54513904
0x00007fff54513898:   00007fff7bd5de00 ffffffffffffffff
0x00007fff545138a8:   00000000000007f8 00007fff7bd5de18
0x00007fff545138b8:   00007fa3bb5854a0 0000000000000000
0x00007fff545138c8:   00007fff545139a0 0000000000000000
0x00007fff545138d8:   00007fa3bb7a98c0 00007fff54513a20
0x00007fff545138e8:   0000000000000055 00000000000f42ee
0x00007fff545138f8:   00007fa3bb62d920 00007fa3bb7a9320
0x00007fff54513908:   00007fa3bb601cc0 0000000000000001
0x00007fff54513918:   00000000000f42ec 00007fa3bb601cb0
0x00007fff54513928:   00007fff9633dc05 00000001bb62f1e0
0x00007fff54513938:   00007fff7c3e10d0 0000000042000000
0x00007fff54513948:   00007fff96344e63 00007fff7bd28240
0x00007fff54513958:   00007fff54513a28 00007fff54513980
0x00007fff54513968:   00007fff545139a0 0000000000000000
0x00007fff54513978:   0000000000000016 00024b03bb627dc2
0x00007fff54513988:   00007fa3bb601ce4 0000000000000000
0x00007fff54513998:   0000000000000000 00007fa3bb7a9940
0x00007fff545139a8:   00007fa3bb5854a0 0000002000000000
0x00007fff545139b8:   0000000000000000 00007fff7c3e10d0
0x00007fff545139c8:   0000000042000000 00007fff963444f8
0x00007fff545139d8:   00007fff7bd28350 00007fff54513938
0x00007fff545139e8:   0000000000000000 00007fff54513ab8
0x00007fff545139f8:   00007fff7bd7cea0 00007fff54513af0
0x00007fff54513a08:   00007fff8e865770 00007fff54513aa0
0x00007fff54513a18:   00007fff9675f4ed 0000000000000051
0x00007fff54513a28:   0000000000000000 00000000000f42e3
0x00007fff54513a38:   0000000000000053 0000000000000000
0x00007fff54513a48:   00000000000f42ec 00007fff54513ac4
0x00007fff54513a58:   00000000003c0d01 00000000ffffffff 

Instructions: (pc=0x00007fff92fed0dd)
0x00007fff92fed0bd:   00 00 00 48 85 ff 2e 74 7a 40 f6 c7 01 2e 75 7e
0x00007fff92fed0cd:   49 bb f8 ff ff ff ff 7f 00 00 4c 23 1f 49 89 f2
0x00007fff92fed0dd:   45 23 53 18 49 c1 e2 04 4d 03 53 10 49 3b 32 75
0x00007fff92fed0ed:   04 41 ff 62 08 49 83 3a 00 74 6a 4d 3b 53 10 74 

Register to memory mapping:

RAX=0x00007fa3bb7a5bd0 is an unknown value
RBX=0x00007fff54513a48 is pointing into the stack for thread: 0x00007fa3bd160000
RCX=0x0000000000000000 is an unknown value
RDX=0x00007fa3bb62d920 is an unknown value
RSP=0x00007fff54513868 is pointing into the stack for thread: 0x00007fa3bd160000
RBP=0x00007fff54513870 is pointing into the stack for thread: 0x00007fa3bd160000
RSI=0x00007fff9702b41e: -[NSTitlebarContainerView transparent]+0x5e312 in /System/Library/Frameworks/AppKit.framework/Versions/C/AppKit at 0x00007fff9662a000
RDI=0x00007fa3bb7a5bd0 is an unknown value
R8 =0x00007fff54513850 is pointing into the stack for thread: 0x00007fa3bd160000
R9 =0x0000000000000055 is an unknown value
R10=0x00007fff9702b41e: -[NSTitlebarContainerView transparent]+0x5e312 in /System/Library/Frameworks/AppKit.framework/Versions/C/AppKit at 0x00007fff9662a000
R11=0x0000005c4485bb30 is an unknown value
R12=0x00007fa3bb601cc0 is an unknown value
R13=0x00000000000f42ec is an unknown value
R14=0x00007fa3bb5854a0 is an unknown value
R15=0x00007fff545139a8 is pointing into the stack for thread: 0x00007fa3bd160000


Stack: [0x00007fff53d18000,0x00007fff54518000],  sp=0x00007fff54513868,  free space=8174k
Native frames: (J=compiled Java code, j=interpreted, Vv=VM code, C=native code)
C  [libobjc.A.dylib+0x10dd]  objc_msgSend+0x1d
C  [CoreFoundation+0x10634]  _CFXNotificationPost+0xc44
C  [Foundation+0x7aa1]  -[NSNotificationCenter postNotificationName:object:userInfo:]+0x42
C  [AppKit+0x439c2]  -[NSSurface _disposeSurface]+0x98
C  [AppKit+0x43426]  -[NSSurface setWindow:]+0x42
C  [AppKit+0x33910]  -[NSView _setWindow:]+0xa33
C  [AppKit+0x6af91]  -[NSView removeFromSuperview]+0x1c5
C  [AppKit+0x14bd99]  -[NSView removeFromSuperviewWithoutNeedingDisplay]+0x26
C  [liblwjgl.dylib+0xa205]  +[MacOSXKeyableWindow destroyWindow]+0xb5
C  [Foundation+0x92dd0]  __NSThreadPerformPerform+0x125
C  [CoreFoundation+0x80a01]  __CFRUNLOOP_IS_CALLING_OUT_TO_A_SOURCE0_PERFORM_FUNCTION__+0x11
C  [CoreFoundation+0x72b8d]  __CFRunLoopDoSources0+0x10d
C  [CoreFoundation+0x721bf]  __CFRunLoopRun+0x39f
C  [CoreFoundation+0x71bd8]  CFRunLoopRunSpecific+0x128
C  [HIToolbox+0x3256f]  RunCurrentEventLoopInMode+0xeb
C  [HIToolbox+0x322ea]  ReceiveNextEventCommon+0x1af
C  [HIToolbox+0x3212b]  _BlockUntilNextEventMatchingListInModeWithFilter+0x47
C  [AppKit+0x918ab]  _DPSNextEvent+0x3d2
C  [AppKit+0x90e58]  -[NSApplication nextEventMatchingMask:untilDate:inMode:dequeue:]+0x15a
C  [libosxapp.dylib+0x23aa]  -[NSApplicationAWT nextEventMatchingMask:untilDate:inMode:dequeue:]+0x7c
C  [AppKit+0x86af3]  -[NSApplication run]+0x252
C  [libosxapp.dylib+0x214d]  +[NSApplicationAWT runAWTLoopWithApp:]+0x9c
C  [libawt_lwawt.dylib+0x444b3]  -[AWTStarter starter:]+0x389
C  [Foundation+0x92dd0]  __NSThreadPerformPerform+0x125
C  [CoreFoundation+0x80a01]  __CFRUNLOOP_IS_CALLING_OUT_TO_A_SOURCE0_PERFORM_FUNCTION__+0x11
C  [CoreFoundation+0x72b8d]  __CFRunLoopDoSources0+0x10d
C  [CoreFoundation+0x721bf]  __CFRunLoopRun+0x39f
C  [CoreFoundation+0x71bd8]  CFRunLoopRunSpecific+0x128
C  [java+0x6465]  CreateExecutionEnvironment+0x367
C  [java+0x218c]  JLI_Launch+0x7a0
C  [java+0x84c2]  main+0x65
C  [java+0x19e4]  start+0x34
C  0x0000000000000006


---------------  P R O C E S S  ---------------

Java Threads: ( => current thread )
  0x00007fa3bd156000 JavaThread "AWT-Shutdown" [_thread_blocked, id=27667, stack(0x00000001a466d000,0x00000001a476d000)]
=>0x00007fa3bd160000 JavaThread "AppKit Thread" daemon [_thread_in_native, id=1811, stack(0x00007fff53d18000,0x00007fff54518000)]
  0x00007fa3bc82c000 JavaThread "Service Thread" daemon [_thread_blocked, id=17923, stack(0x00000001a2a02000,0x00000001a2b02000)]
  0x00007fa3bd028000 JavaThread "C1 CompilerThread2" daemon [_thread_blocked, id=17411, stack(0x00000001a28ff000,0x00000001a29ff000)]
  0x00007fa3bd027000 JavaThread "C2 CompilerThread1" daemon [_thread_blocked, id=16899, stack(0x00000001a27fc000,0x00000001a28fc000)]
  0x00007fa3bc823000 JavaThread "C2 CompilerThread0" daemon [_thread_blocked, id=16387, stack(0x00000001a26f9000,0x00000001a27f9000)]
  0x00007fa3bc839000 JavaThread "Signal Dispatcher" daemon [_thread_blocked, id=12307, stack(0x00000001a25f6000,0x00000001a26f6000)]
  0x00007fa3bb852000 JavaThread "Finalizer" daemon [_thread_blocked, id=11523, stack(0x00000001a0c5e000,0x00000001a0d5e000)]
  0x00007fa3bb84f000 JavaThread "Reference Handler" daemon [_thread_blocked, id=11011, stack(0x00000001a0b5b000,0x00000001a0c5b000)]
  0x00007fa3bd006000 JavaThread "main" [_thread_in_native, id=4867, stack(0x000000010ceef000,0x000000010cfef000)]

Other Threads:
  0x00007fa3bd015800 VMThread [stack: 0x00000001a0a58000,0x00000001a0b58000] [id=10499]
  0x00007fa3bd020800 WatcherThread [stack: 0x00000001a2b05000,0x00000001a2c05000] [id=18435]

VM state:not at safepoint (normal execution)

VM Mutex/Monitor currently owned by a thread: None

Heap:
 PSYoungGen      total 18944K, used 7199K [0x0000000147300000, 0x0000000148800000, 0x000000015c800000)
  eden space 16384K, 31% used [0x0000000147300000,0x00000001477fa168,0x0000000148300000)
  from space 2560K, 82% used [0x0000000148300000,0x000000014850dd30,0x0000000148580000)
  to   space 2560K, 0% used [0x0000000148580000,0x0000000148580000,0x0000000148800000)
 ParOldGen       total 44032K, used 16K [0x000000011c800000, 0x000000011f300000, 0x0000000147300000)
  object space 44032K, 0% used [0x000000011c800000,0x000000011c804000,0x000000011f300000)
 Metaspace       used 6568K, capacity 6719K, committed 6912K, reserved 1056768K
  class space    used 643K, capacity 696K, committed 768K, reserved 1048576K

Card table byte_map: [0x000000015c800000,0x000000015ca01000] byte_map_base: 0x000000015bf1c000

Marking Bits: (ParMarkBitMap*) 0x000000010c891610
 Begin Bits: [0x000000015ce0d000, 0x000000015de0d000)
 End Bits:   [0x000000015de0d000, 0x000000015ee0d000)

Polling page: 0x000000010b7fe000

CodeCache: size=245760Kb used=2775Kb max_used=2786Kb free=242984Kb
 bounds [0x000000010d045000, 0x000000010d305000, 0x000000011c045000]
 total_blobs=1077 nmethods=715 adapters=277
 compilation: enabled

Compilation events (10 events):
Event: 3.280 Thread 0x00007fa3bd028000  710       3       helpers.Clock::getTime (12 bytes)
Event: 3.281 Thread 0x00007fa3bd028000 nmethod 710 0x000000010d2ed1d0 code [0x000000010d2ed360, 0x000000010d2ed770]
Event: 3.414 Thread 0x00007fa3bc823000  711 % !   4       org.lwjgl.opengl.Sync::sync @ 65 (125 bytes)
Event: 3.421 Thread 0x00007fa3bc823000 nmethod 711% 0x000000010d2ec950 code [0x000000010d2ecae0, 0x000000010d2ecec8]
Event: 3.515 Thread 0x00007fa3bd027000  713       4       helpers.Artist::DrawQuadText (66 bytes)
Event: 3.515 Thread 0x00007fa3bc823000  714       4       org.newdawn.slick.opengl.TextureImpl::bind (39 bytes)
Event: 3.520 Thread 0x00007fa3bc823000 nmethod 714 0x000000010d2f9750 code [0x000000010d2f98e0, 0x000000010d2f9bf8]
Event: 3.531 Thread 0x00007fa3bd027000 nmethod 713 0x000000010d2fd290 code [0x000000010d2fd5c0, 0x000000010d2fe4e8]
Event: 3.562 Thread 0x00007fa3bc823000  715       4       java.nio.DirectByteBuffer::put (18 bytes)
Event: 3.564 Thread 0x00007fa3bc823000 nmethod 715 0x000000010d2f9490 code [0x000000010d2f95e0, 0x000000010d2f9698]

GC Heap History (2 events):
Event: 1.072 GC heap before
{Heap before GC invocations=1 (full 0):
 PSYoungGen      total 18944K, used 16384K [0x0000000147300000, 0x0000000148800000, 0x000000015c800000)
  eden space 16384K, 100% used [0x0000000147300000,0x0000000148300000,0x0000000148300000)
  from space 2560K, 0% used [0x0000000148580000,0x0000000148580000,0x0000000148800000)
  to   space 2560K, 0% used [0x0000000148300000,0x0000000148300000,0x0000000148580000)
 ParOldGen       total 44032K, used 0K [0x000000011c800000, 0x000000011f300000, 0x0000000147300000)
  object space 44032K, 0% used [0x000000011c800000,0x000000011c800000,0x000000011f300000)
 Metaspace       used 6478K, capacity 6655K, committed 6912K, reserved 1056768K
  class space    used 639K, capacity 696K, committed 768K, reserved 1048576K
Event: 1.077 GC heap after
Heap after GC invocations=1 (full 0):
 PSYoungGen      total 18944K, used 2103K [0x0000000147300000, 0x0000000148800000, 0x000000015c800000)
  eden space 16384K, 0% used [0x0000000147300000,0x0000000147300000,0x0000000148300000)
  from space 2560K, 82% used [0x0000000148300000,0x000000014850dd30,0x0000000148580000)
  to   space 2560K, 0% used [0x0000000148580000,0x0000000148580000,0x0000000148800000)
 ParOldGen       total 44032K, used 16K [0x000000011c800000, 0x000000011f300000, 0x0000000147300000)
  object space 44032K, 0% used [0x000000011c800000,0x000000011c804000,0x000000011f300000)
 Metaspace       used 6478K, capacity 6655K, committed 6912K, reserved 1056768K
  class space    used 639K, capacity 696K, committed 768K, reserved 1048576K
}

Deoptimization events (3 events):
Event: 0.784 Thread 0x00007fa3bd006000 Uncommon trap: reason=unstable_if action=reinterpret pc=0x000000010d1e51dc method=java.lang.String.replace(CC)Ljava/lang/String; @ 26
Event: 1.179 Thread 0x00007fa3bd006000 Uncommon trap: reason=unstable_if action=reinterpret pc=0x000000010d28fce0 method=java.nio.DirectByteBuffer.put([BII)Ljava/nio/ByteBuffer; @ 8
Event: 3.165 Thread 0x00007fa3bd006000 Uncommon trap: reason=unstable_if action=reinterpret pc=0x000000010d2dd200 method=org.newdawn.slick.opengl.TextureImpl.bind()V @ 4

Internal exceptions (10 events):
Event: 0.212 Thread 0x00007fa3bd006000 Exception <a 'java/security/PrivilegedActionException'> (0x00000001474c07e8) thrown at [/HUDSON3/workspace/8-2-build-macosx-x86_64/jdk8u102/6817.nc/hotspot/src/share/vm/prims/jvm.cpp, line 1386]
Event: 0.212 Thread 0x00007fa3bd006000 Exception <a 'java/security/PrivilegedActionException'> (0x00000001474c09f8) thrown at [/HUDSON3/workspace/8-2-build-macosx-x86_64/jdk8u102/6817.nc/hotspot/src/share/vm/prims/jvm.cpp, line 1386]
Event: 0.212 Thread 0x00007fa3bd006000 Exception <a 'java/security/PrivilegedActionException'> (0x00000001474c35e0) thrown at [/HUDSON3/workspace/8-2-build-macosx-x86_64/jdk8u102/6817.nc/hotspot/src/share/vm/prims/jvm.cpp, line 1386]
Event: 0.212 Thread 0x00007fa3bd006000 Exception <a 'java/security/PrivilegedActionException'> (0x00000001474c37f0) thrown at [/HUDSON3/workspace/8-2-build-macosx-x86_64/jdk8u102/6817.nc/hotspot/src/share/vm/prims/jvm.cpp, line 1386]
Event: 0.212 Thread 0x00007fa3bd006000 Exception <a 'java/security/PrivilegedActionException'> (0x00000001474c4720) thrown at [/HUDSON3/workspace/8-2-build-macosx-x86_64/jdk8u102/6817.nc/hotspot/src/share/vm/prims/jvm.cpp, line 1386]
Event: 0.212 Thread 0x00007fa3bd006000 Exception <a 'java/security/PrivilegedActionException'> (0x00000001474c4930) thrown at [/HUDSON3/workspace/8-2-build-macosx-x86_64/jdk8u102/6817.nc/hotspot/src/share/vm/prims/jvm.cpp, line 1386]
Event: 0.273 Thread 0x00007fa3bd006000 Exception <a 'java/lang/NoSuchFieldError': method resolution failed> (0x0000000147592e90) thrown at [/HUDSON3/workspace/8-2-build-macosx-x86_64/jdk8u102/6817.nc/hotspot/src/share/vm/prims/methodHandles.cpp, line 1146]
Event: 0.276 Thread 0x00007fa3bd006000 Exception <a 'java/lang/NoSuchFieldError': method resolution failed> (0x00000001475a05e0) thrown at [/HUDSON3/workspace/8-2-build-macosx-x86_64/jdk8u102/6817.nc/hotspot/src/share/vm/prims/methodHandles.cpp, line 1146]
Event: 0.531 Thread 0x00007fa3bd006000 Exception <a 'java/io/FileNotFoundException'> (0x000000014761b0f0) thrown at [/HUDSON3/workspace/8-2-build-macosx-x86_64/jdk8u102/6817.nc/hotspot/src/share/vm/prims/jni.cpp, line 709]
Event: 0.531 Thread 0x00007fa3bd006000 Exception <a 'java/io/FileNotFoundException'> (0x000000014761bc78) thrown at [/HUDSON3/workspace/8-2-build-macosx-x86_64/jdk8u102/6817.nc/hotspot/src/share/vm/prims/jni.cpp, line 709]

Events (10 events):
Event: 1.179 loading class org/lwjgl/opengl/Sync done
Event: 1.180 loading class org/lwjgl/opengl/Sync$RunningAvg
Event: 1.180 loading class org/lwjgl/opengl/Sync$RunningAvg done
Event: 1.549 loading class java/lang/StrictMath
Event: 1.549 loading class java/lang/StrictMath done
Event: 3.165 Thread 0x00007fa3bd006000 Uncommon trap: trap_request=0xffffff65 fr.pc=0x000000010d2dd200
Event: 3.165 Thread 0x00007fa3bd006000 DEOPT PACKING pc=0x000000010d2dd200 sp=0x000000010cfee740
Event: 3.165 Thread 0x00007fa3bd006000 DEOPT UNPACKING pc=0x000000010d049f69 sp=0x000000010cfee6b8 mode 2
Event: 3.559 loading class org/lwjgl/opengl/CallbackUtil
Event: 3.559 loading class org/lwjgl/opengl/CallbackUtil done


Dynamic libraries:
0x000000000a2ac000 	/System/Library/Frameworks/Cocoa.framework/Versions/A/Cocoa
0x000000000a2ac000 	/System/Library/Frameworks/Security.framework/Versions/A/Security
0x000000000a2ac000 	/System/Library/Frameworks/ApplicationServices.framework/Versions/A/ApplicationServices
0x000000000a2ac000 	/usr/lib/libz.1.dylib
0x000000000a2ac000 	/usr/lib/libSystem.B.dylib
0x000000000a2ac000 	/usr/lib/libobjc.A.dylib
0x000000000a2ac000 	/System/Library/Frameworks/CoreFoundation.framework/Versions/A/CoreFoundation
0x000000000a2ac000 	/System/Library/Frameworks/Foundation.framework/Versions/C/Foundation
0x000000000a2ac000 	/System/Library/Frameworks/AppKit.framework/Versions/C/AppKit
0x000000000a2ac000 	/System/Library/Frameworks/CoreData.framework/Versions/A/CoreData
0x000000000a2ac000 	/System/Library/PrivateFrameworks/RemoteViewServices.framework/Versions/A/RemoteViewServices
0x000000000a2ac000 	/System/Library/PrivateFrameworks/UIFoundation.framework/Versions/A/UIFoundation
0x000000000a2ac000 	/System/Library/Frameworks/IOSurface.framework/Versions/A/IOSurface
0x000000000a2ac000 	/System/Library/Frameworks/AudioToolbox.framework/Versions/A/AudioToolbox
0x000000000a2ac000 	/System/Library/Frameworks/AudioUnit.framework/Versions/A/AudioUnit
0x000000000a2ac000 	/System/Library/PrivateFrameworks/DataDetectorsCore.framework/Versions/A/DataDetectorsCore
0x000000000a2ac000 	/System/Library/PrivateFrameworks/DesktopServicesPriv.framework/Versions/A/DesktopServicesPriv
0x000000000a2ac000 	/System/Library/Frameworks/Carbon.framework/Versions/A/Frameworks/HIToolbox.framework/Versions/A/HIToolbox
0x000000000a2ac000 	/System/Library/Frameworks/QuartzCore.framework/Versions/A/QuartzCore
0x000000000a2ac000 	/System/Library/Frameworks/Carbon.framework/Versions/A/Frameworks/SpeechRecognition.framework/Versions/A/SpeechRecognition
0x000000000a2ac000 	/usr/lib/libauto.dylib
0x000000000a2ac000 	/usr/lib/libicucore.A.dylib
0x000000000a2ac000 	/usr/lib/libxml2.2.dylib
0x000000000a2ac000 	/System/Library/PrivateFrameworks/CoreUI.framework/Versions/A/CoreUI
0x000000000a2ac000 	/System/Library/Frameworks/CoreAudio.framework/Versions/A/CoreAudio
0x000000000a2ac000 	/System/Library/Frameworks/DiskArbitration.framework/Versions/A/DiskArbitration
0x000000000a2ac000 	/usr/lib/liblangid.dylib
0x000000000a2ac000 	/System/Library/PrivateFrameworks/MultitouchSupport.framework/Versions/A/MultitouchSupport
0x000000000a2ac000 	/System/Library/Frameworks/IOKit.framework/Versions/A/IOKit
0x000000000a2ac000 	/usr/lib/libDiagnosticMessagesClient.dylib
0x000000000a2ac000 	/System/Library/Frameworks/CoreServices.framework/Versions/A/CoreServices
0x000000000a2ac000 	/System/Library/PrivateFrameworks/PerformanceAnalysis.framework/Versions/A/PerformanceAnalysis
0x000000000a2ac000 	/System/Library/PrivateFrameworks/GenerationalStorage.framework/Versions/A/GenerationalStorage
0x000000000a2ac000 	/System/Library/Frameworks/OpenGL.framework/Versions/A/OpenGL
0x000000000a2ac000 	/System/Library/PrivateFrameworks/Sharing.framework/Versions/A/Sharing
0x000000000a2ac000 	/System/Library/Frameworks/CoreGraphics.framework/Versions/A/CoreGraphics
0x000000000a2ac000 	/System/Library/Frameworks/CoreText.framework/Versions/A/CoreText
0x000000000a2ac000 	/System/Library/Frameworks/ImageIO.framework/Versions/A/ImageIO
0x000000000a2ac000 	/usr/lib/libextension.dylib
0x000000000a2ac000 	/System/Library/PrivateFrameworks/Backup.framework/Versions/A/Backup
0x000000000a2ac000 	/usr/lib/libarchive.2.dylib
0x000000000a2ac000 	/System/Library/Frameworks/CFNetwork.framework/Versions/A/CFNetwork
0x000000000a2ac000 	/System/Library/Frameworks/SystemConfiguration.framework/Versions/A/SystemConfiguration
0x000000000a2ac000 	/usr/lib/libCRFSuite.dylib
0x000000000a2ac000 	/usr/lib/libc++.1.dylib
0x000000000a2ac000 	/usr/lib/libc++abi.dylib
0x000000000a2ac000 	/usr/lib/system/libcache.dylib
0x000000000a2ac000 	/usr/lib/system/libcommonCrypto.dylib
0x000000000a2ac000 	/usr/lib/system/libcompiler_rt.dylib
0x000000000a2ac000 	/usr/lib/system/libcopyfile.dylib
0x000000000a2ac000 	/usr/lib/system/libcorecrypto.dylib
0x000000000a2ac000 	/usr/lib/system/libdispatch.dylib
0x000000000a2ac000 	/usr/lib/system/libdyld.dylib
0x000000000a2ac000 	/usr/lib/system/libkeymgr.dylib
0x000000000a2ac000 	/usr/lib/system/liblaunch.dylib
0x000000000a2ac000 	/usr/lib/system/libmacho.dylib
0x000000000a2ac000 	/usr/lib/system/libquarantine.dylib
0x000000000a2ac000 	/usr/lib/system/libremovefile.dylib
0x000000000a2ac000 	/usr/lib/system/libsystem_asl.dylib
0x000000000a2ac000 	/usr/lib/system/libsystem_blocks.dylib
0x000000000a2ac000 	/usr/lib/system/libsystem_c.dylib
0x000000000a2ac000 	/usr/lib/system/libsystem_configuration.dylib
0x000000000a2ac000 	/usr/lib/system/libsystem_coreservices.dylib
0x000000000a2ac000 	/usr/lib/system/libsystem_coretls.dylib
0x000000000a2ac000 	/usr/lib/system/libsystem_dnssd.dylib
0x000000000a2ac000 	/usr/lib/system/libsystem_info.dylib
0x000000000a2ac000 	/usr/lib/system/libsystem_kernel.dylib
0x000000000a2ac000 	/usr/lib/system/libsystem_m.dylib
0x000000000a2ac000 	/usr/lib/system/libsystem_malloc.dylib
0x000000000a2ac000 	/usr/lib/system/libsystem_network.dylib
0x000000000a2ac000 	/usr/lib/system/libsystem_networkextension.dylib
0x000000000a2ac000 	/usr/lib/system/libsystem_notify.dylib
0x000000000a2ac000 	/usr/lib/system/libsystem_platform.dylib
0x000000000a2ac000 	/usr/lib/system/libsystem_pthread.dylib
0x000000000a2ac000 	/usr/lib/system/libsystem_sandbox.dylib
0x000000000a2ac000 	/usr/lib/system/libsystem_secinit.dylib
0x000000000a2ac000 	/usr/lib/system/libsystem_stats.dylib
0x000000000a2ac000 	/usr/lib/system/libsystem_trace.dylib
0x000000000a2ac000 	/usr/lib/system/libunc.dylib
0x000000000a2ac000 	/usr/lib/system/libunwind.dylib
0x000000000a2ac000 	/usr/lib/system/libxpc.dylib
0x000000000a2ac000 	/usr/lib/libbz2.1.0.dylib
0x000000000a2ac000 	/usr/lib/liblzma.5.dylib
0x000000000a2ac000 	/usr/lib/libbsm.0.dylib
0x000000000a2ac000 	/usr/lib/libsqlite3.dylib
0x000000000a2ac000 	/usr/lib/system/libkxld.dylib
0x000000000a2ac000 	/usr/lib/libxar.1.dylib
0x000000000a2ac000 	/usr/lib/libpam.2.dylib
0x000000000a2ac000 	/usr/lib/libOpenScriptingUtil.dylib
0x000000000a2ac000 	/System/Library/Frameworks/CoreServices.framework/Versions/A/Frameworks/FSEvents.framework/Versions/A/FSEvents
0x000000000a2ac000 	/System/Library/Frameworks/CoreServices.framework/Versions/A/Frameworks/CarbonCore.framework/Versions/A/CarbonCore
0x000000000a2ac000 	/System/Library/Frameworks/CoreServices.framework/Versions/A/Frameworks/Metadata.framework/Versions/A/Metadata
0x000000000a2ac000 	/System/Library/Frameworks/CoreServices.framework/Versions/A/Frameworks/OSServices.framework/Versions/A/OSServices
0x000000000a2ac000 	/System/Library/Frameworks/CoreServices.framework/Versions/A/Frameworks/SearchKit.framework/Versions/A/SearchKit
0x000000000a2ac000 	/System/Library/Frameworks/CoreServices.framework/Versions/A/Frameworks/AE.framework/Versions/A/AE
0x000000000a2ac000 	/System/Library/Frameworks/CoreServices.framework/Versions/A/Frameworks/LaunchServices.framework/Versions/A/LaunchServices
0x000000000a2ac000 	/System/Library/Frameworks/CoreServices.framework/Versions/A/Frameworks/DictionaryServices.framework/Versions/A/DictionaryServices
0x000000000a2ac000 	/System/Library/Frameworks/NetFS.framework/Versions/A/NetFS
0x000000000a2ac000 	/System/Library/PrivateFrameworks/NetAuth.framework/Versions/A/NetAuth
0x000000000a2ac000 	/System/Library/PrivateFrameworks/login.framework/Versions/A/Frameworks/loginsupport.framework/Versions/A/loginsupport
0x000000000a2ac000 	/System/Library/PrivateFrameworks/TCC.framework/Versions/A/TCC
0x000000000a2ac000 	/usr/lib/libmecabra.dylib
0x000000000a2ac000 	/System/Library/Frameworks/ApplicationServices.framework/Versions/A/Frameworks/ATS.framework/Versions/A/ATS
0x000000000a2ac000 	/System/Library/Frameworks/ApplicationServices.framework/Versions/A/Frameworks/ColorSync.framework/Versions/A/ColorSync
0x000000000a2ac000 	/System/Library/Frameworks/ApplicationServices.framework/Versions/A/Frameworks/HIServices.framework/Versions/A/HIServices
0x000000000a2ac000 	/System/Library/Frameworks/ApplicationServices.framework/Versions/A/Frameworks/LangAnalysis.framework/Versions/A/LangAnalysis
0x000000000a2ac000 	/System/Library/Frameworks/ApplicationServices.framework/Versions/A/Frameworks/PrintCore.framework/Versions/A/PrintCore
0x000000000a2ac000 	/System/Library/Frameworks/ApplicationServices.framework/Versions/A/Frameworks/QD.framework/Versions/A/QD
0x000000000a2ac000 	/System/Library/Frameworks/ApplicationServices.framework/Versions/A/Frameworks/SpeechSynthesis.framework/Versions/A/SpeechSynthesis
0x000000000a2ac000 	/System/Library/Frameworks/Accelerate.framework/Versions/A/Accelerate
0x000000000a2ac000 	/System/Library/Frameworks/Accelerate.framework/Versions/A/Frameworks/vImage.framework/Versions/A/vImage
0x000000000a2ac000 	/System/Library/Frameworks/Accelerate.framework/Versions/A/Frameworks/vecLib.framework/Versions/A/vecLib
0x000000000a2ac000 	/System/Library/Frameworks/Accelerate.framework/Versions/A/Frameworks/vecLib.framework/Versions/A/libvDSP.dylib
0x000000000a2ac000 	/System/Library/Frameworks/Accelerate.framework/Versions/A/Frameworks/vecLib.framework/Versions/A/libvMisc.dylib
0x000000000a2ac000 	/System/Library/Frameworks/Accelerate.framework/Versions/A/Frameworks/vecLib.framework/Versions/A/libLAPACK.dylib
0x000000000a2ac000 	/System/Library/Frameworks/Accelerate.framework/Versions/A/Frameworks/vecLib.framework/Versions/A/libBLAS.dylib
0x000000000a2ac000 	/System/Library/Frameworks/Accelerate.framework/Versions/A/Frameworks/vecLib.framework/Versions/A/libLinearAlgebra.dylib
0x000000000a2ac000 	/System/Library/Frameworks/ApplicationServices.framework/Versions/A/Frameworks/ATS.framework/Versions/A/Resources/libFontParser.dylib
0x000000000a2ac000 	/System/Library/Frameworks/ApplicationServices.framework/Versions/A/Frameworks/ATS.framework/Versions/A/Resources/libFontRegistry.dylib
0x000000000a2ac000 	/System/Library/PrivateFrameworks/AppleVPA.framework/Versions/A/AppleVPA
0x000000000a2ac000 	/System/Library/PrivateFrameworks/AppleJPEG.framework/Versions/A/AppleJPEG
0x000000000a2ac000 	/System/Library/Frameworks/ImageIO.framework/Versions/A/Resources/libJPEG.dylib
0x000000000a2ac000 	/System/Library/Frameworks/ImageIO.framework/Versions/A/Resources/libTIFF.dylib
0x000000000a2ac000 	/System/Library/Frameworks/ImageIO.framework/Versions/A/Resources/libPng.dylib
0x000000000a2ac000 	/System/Library/Frameworks/ImageIO.framework/Versions/A/Resources/libGIF.dylib
0x000000000a2ac000 	/System/Library/Frameworks/ImageIO.framework/Versions/A/Resources/libJP2.dylib
0x000000000a2ac000 	/System/Library/Frameworks/ImageIO.framework/Versions/A/Resources/libRadiance.dylib
0x000000000a2ac000 	/System/Library/Frameworks/CoreVideo.framework/Versions/A/CoreVideo
0x000000000a2ac000 	/System/Library/Frameworks/OpenGL.framework/Versions/A/Libraries/libGLU.dylib
0x000000000a2ac000 	/System/Library/Frameworks/OpenGL.framework/Versions/A/Libraries/libGFXShared.dylib
0x000000000a2ac000 	/System/Library/Frameworks/OpenGL.framework/Versions/A/Libraries/libGL.dylib
0x000000000a2ac000 	/System/Library/Frameworks/OpenGL.framework/Versions/A/Libraries/libGLImage.dylib
0x000000000a2ac000 	/System/Library/Frameworks/OpenGL.framework/Versions/A/Libraries/libCVMSPluginSupport.dylib
0x000000000a2ac000 	/System/Library/Frameworks/OpenGL.framework/Versions/A/Libraries/libCoreVMClient.dylib
0x000000000a2ac000 	/usr/lib/libcups.2.dylib
0x000000000a2ac000 	/System/Library/Frameworks/Kerberos.framework/Versions/A/Kerberos
0x000000000a2ac000 	/System/Library/Frameworks/GSS.framework/Versions/A/GSS
0x000000000a2ac000 	/usr/lib/libresolv.9.dylib
0x000000000a2ac000 	/usr/lib/libiconv.2.dylib
0x000000000a2ac000 	/System/Library/PrivateFrameworks/Heimdal.framework/Versions/A/Heimdal
0x000000000a2ac000 	/usr/lib/libheimdal-asn1.dylib
0x000000000a2ac000 	/System/Library/Frameworks/OpenDirectory.framework/Versions/A/OpenDirectory
0x000000000a2ac000 	/System/Library/PrivateFrameworks/CommonAuth.framework/Versions/A/CommonAuth
0x000000000a2ac000 	/System/Library/Frameworks/OpenDirectory.framework/Versions/A/Frameworks/CFOpenDirectory.framework/Versions/A/CFOpenDirectory
0x000000000a2ac000 	/System/Library/Frameworks/SecurityFoundation.framework/Versions/A/SecurityFoundation
0x000000000a2ac000 	/System/Library/PrivateFrameworks/LanguageModeling.framework/Versions/A/LanguageModeling
0x000000000a2ac000 	/usr/lib/libcmph.dylib
0x000000000a2ac000 	/System/Library/Frameworks/ServiceManagement.framework/Versions/A/ServiceManagement
0x000000000a2ac000 	/usr/lib/libxslt.1.dylib
0x000000000a2ac000 	/System/Library/Frameworks/Carbon.framework/Versions/A/Frameworks/Ink.framework/Versions/A/Ink
0x000000000a2ac000 	/System/Library/Frameworks/QuartzCore.framework/Versions/A/Frameworks/CoreImage.framework/Versions/A/CoreImage
0x000000000a2ac000 	/System/Library/PrivateFrameworks/CrashReporterSupport.framework/Versions/A/CrashReporterSupport
0x000000000a2ac000 	/System/Library/Frameworks/OpenCL.framework/Versions/A/OpenCL
0x000000000a2ac000 	/System/Library/PrivateFrameworks/FaceCore.framework/Versions/A/FaceCore
0x000000000a2ac000 	/System/Library/PrivateFrameworks/Ubiquity.framework/Versions/A/Ubiquity
0x000000000a2ac000 	/System/Library/PrivateFrameworks/IconServices.framework/Versions/A/IconServices
0x000000000a2ac000 	/System/Library/PrivateFrameworks/ChunkingLibrary.framework/Versions/A/ChunkingLibrary
0x000000000a2ac000 	/System/Library/PrivateFrameworks/Apple80211.framework/Versions/A/Apple80211
0x000000000a2ac000 	/System/Library/Frameworks/CoreWLAN.framework/Versions/A/CoreWLAN
0x000000000a2ac000 	/System/Library/Frameworks/IOBluetooth.framework/Versions/A/IOBluetooth
0x000000000a2ac000 	/System/Library/PrivateFrameworks/CoreWiFi.framework/Versions/A/CoreWiFi
0x000000000a2ac000 	/System/Library/Frameworks/CoreBluetooth.framework/Versions/A/CoreBluetooth
0x000000000a2ac000 	/System/Library/PrivateFrameworks/DebugSymbols.framework/Versions/A/DebugSymbols
0x000000000a2ac000 	/System/Library/PrivateFrameworks/CoreSymbolication.framework/Versions/A/CoreSymbolication
0x000000000a2ac000 	/System/Library/PrivateFrameworks/Symbolication.framework/Versions/A/Symbolication
0x000000000a2ac000 	/System/Library/PrivateFrameworks/SpeechRecognitionCore.framework/Versions/A/SpeechRecognitionCore
0x000000010c000000 	/Library/Java/JavaVirtualMachines/jdk1.8.0_102.jdk/Contents/Home/jre/lib/server/libjvm.dylib
0x000000000a2ac000 	/usr/lib/libstdc++.6.dylib
0x000000010cff1000 	/Library/Java/JavaVirtualMachines/jdk1.8.0_102.jdk/Contents/Home/jre/lib/libverify.dylib
0x000000010cfff000 	/Library/Java/JavaVirtualMachines/jdk1.8.0_102.jdk/Contents/Home/jre/lib/libjava.dylib
0x000000010d03c000 	/Library/Java/JavaVirtualMachines/jdk1.8.0_102.jdk/Contents/Home/jre/lib/libzip.dylib
0x00000001a0d60000 	/System/Library/Frameworks/JavaVM.framework/Frameworks/JavaRuntimeSupport.framework/JavaRuntimeSupport
0x00000001a0d7b000 	/System/Library/Frameworks/JavaVM.framework/Versions/A/Frameworks/JavaNativeFoundation.framework/Versions/A/JavaNativeFoundation
0x000000011c5f3000 	/System/Library/Frameworks/JavaVM.framework/Versions/A/JavaVM
0x000000000a2ac000 	/System/Library/Frameworks/Carbon.framework/Versions/A/Carbon
0x00000001a0d90000 	/System/Library/PrivateFrameworks/JavaLaunching.framework/Versions/A/JavaLaunching
0x000000000a2ac000 	/System/Library/Frameworks/Carbon.framework/Versions/A/Frameworks/CommonPanels.framework/Versions/A/CommonPanels
0x000000000a2ac000 	/System/Library/Frameworks/Carbon.framework/Versions/A/Frameworks/Help.framework/Versions/A/Help
0x000000000a2ac000 	/System/Library/Frameworks/Carbon.framework/Versions/A/Frameworks/ImageCapture.framework/Versions/A/ImageCapture
0x000000000a2ac000 	/System/Library/Frameworks/Carbon.framework/Versions/A/Frameworks/OpenScripting.framework/Versions/A/OpenScripting
0x000000000a2ac000 	/System/Library/Frameworks/Carbon.framework/Versions/A/Frameworks/Print.framework/Versions/A/Print
0x000000000a2ac000 	/System/Library/Frameworks/Carbon.framework/Versions/A/Frameworks/SecurityHI.framework/Versions/A/SecurityHI
0x00000001a2c59000 	/Library/Java/JavaVirtualMachines/jdk1.8.0_102.jdk/Contents/Home/jre/lib/libawt.dylib
0x00000001a2d01000 	/Library/Java/JavaVirtualMachines/jdk1.8.0_102.jdk/Contents/Home/jre/lib/./libmlib_image.dylib
0x00000001a2dcd000 	/Library/Java/JavaVirtualMachines/jdk1.8.0_102.jdk/Contents/Home/jre/lib/libawt_lwawt.dylib
0x00000001a2e82000 	/Library/Java/JavaVirtualMachines/jdk1.8.0_102.jdk/Contents/Home/jre/lib/./libosxapp.dylib
0x000000000a2ac000 	/System/Library/Frameworks/ExceptionHandling.framework/Versions/A/ExceptionHandling
0x000000000a2ac000 	/System/Library/PrivateFrameworks/CoreServicesInternal.framework/Versions/A/CoreServicesInternal
0x000000000a2ac000 	/System/Library/PrivateFrameworks/CloudDocs.framework/Versions/A/CloudDocs
0x000000000a2ac000 	/System/Library/PrivateFrameworks/CoreDuet.framework/Versions/A/CoreDuet
0x000000000a2ac000 	/System/Library/Frameworks/CloudKit.framework/Versions/A/CloudKit
0x000000000a2ac000 	/System/Library/PrivateFrameworks/ProtocolBuffer.framework/Versions/A/ProtocolBuffer
0x000000000a2ac000 	/System/Library/PrivateFrameworks/CoreDuetDaemonProtocol.framework/Versions/A/CoreDuetDaemonProtocol
0x000000000a2ac000 	/System/Library/PrivateFrameworks/CoreDuetDebugLogging.framework/Versions/A/CoreDuetDebugLogging
0x000000000a2ac000 	/System/Library/PrivateFrameworks/MMCS.framework/Versions/A/MMCS
0x000000000a2ac000 	/System/Library/Frameworks/CoreLocation.framework/Versions/A/CoreLocation
0x000000000a2ac000 	/System/Library/PrivateFrameworks/ProtectedCloudStorage.framework/Versions/A/ProtectedCloudStorage
0x000000000a2ac000 	/System/Library/PrivateFrameworks/GeoServices.framework/Versions/A/GeoServices
0x00000001a3350000 	/System/Library/Frameworks/CoreGraphics.framework/Versions/A/Resources/libCGCMS.A.dylib
0x00000001a5140000 	/System/Library/Frameworks/CoreGraphics.framework/Versions/A/Resources/libRIP.A.dylib
0x00000001a53b0000 	/System/Library/Frameworks/CoreGraphics.framework/Versions/A/Resources/libCGXType.A.dylib
0x000000000a2ac000 	/System/Library/Frameworks/OpenCL.framework/Versions/A/Libraries/libcldcpuengine.dylib
0x000000000a2ac000 	/System/Library/PrivateFrameworks/DiskImages.framework/Versions/A/DiskImages
0x000000000a2ac000 	/System/Library/Frameworks/DiscRecording.framework/Versions/A/DiscRecording
0x000000000a2ac000 	/usr/lib/libcsfde.dylib
0x000000000a2ac000 	/usr/lib/libcurl.4.dylib
0x000000000a2ac000 	/System/Library/PrivateFrameworks/MediaKit.framework/Versions/A/MediaKit
0x000000000a2ac000 	/usr/lib/libCoreStorage.dylib
0x000000000a2ac000 	/System/Library/PrivateFrameworks/EFILogin.framework/Versions/A/EFILogin
0x000000000a2ac000 	/usr/lib/libutil.dylib
0x000000000a2ac000 	/System/Library/PrivateFrameworks/FindMyDevice.framework/Versions/A/FindMyDevice
0x000000000a2ac000 	/System/Library/Frameworks/LDAP.framework/Versions/A/LDAP
0x000000000a2ac000 	/usr/lib/libsasl2.2.dylib
0x000000000a2ac000 	/System/Library/PrivateFrameworks/CoreDaemon.framework/Versions/B/CoreDaemon
0x000000000a2ac000 	/usr/lib/libcrypto.0.9.8.dylib
0x000000000a2ac000 	/System/Library/PrivateFrameworks/AppleSRP.framework/Versions/A/AppleSRP
0x000000000a2ac000 	/System/Library/PrivateFrameworks/TrustEvaluationAgent.framework/Versions/A/TrustEvaluationAgent
0x00000001a5e20000 	cl_kernels
0x00000001a5e22000 	/System/Library/Frameworks/OpenCL.framework/Versions/A/Libraries/ImageFormats/unorm8_bgra.dylib
0x00000001a5e11000 	cl_kernels
0x000000000a2ac000 	/System/Library/PrivateFrameworks/FamilyControls.framework/Versions/A/FamilyControls
0x000000000a2ac000 	/System/Library/PrivateFrameworks/CommerceKit.framework/Versions/A/Frameworks/CommerceCore.framework/Versions/A/CommerceCore
0x000000000a2ac000 	/System/Library/PrivateFrameworks/SystemAdministration.framework/Versions/A/SystemAdministration
0x000000000a2ac000 	/System/Library/PrivateFrameworks/AppContainer.framework/Versions/A/AppContainer
0x000000000a2ac000 	/System/Library/PrivateFrameworks/SecCodeWrapper.framework/Versions/A/SecCodeWrapper
0x000000000a2ac000 	/System/Library/Frameworks/DirectoryService.framework/Versions/A/DirectoryService
0x000000000a2ac000 	/System/Library/PrivateFrameworks/LoginUIKit.framework/Versions/A/Frameworks/LoginUICore.framework/Versions/A/LoginUICore
0x000000000a2ac000 	/usr/lib/libodfde.dylib
0x00000001a706b000 	/Library/Java/JavaVirtualMachines/jdk1.8.0_102.jdk/Contents/Home/jre/lib/libfontmanager.dylib
0x00000001a70d2000 	/Users/EnemyBoss/Projects/Game/lib/jars/lwjgl_2.9.3/native/macosx/liblwjgl.dylib
0x00000001a5351000 	/Library/Java/JavaVirtualMachines/jdk1.8.0_102.jdk/Contents/Home/jre/lib/libjawt.dylib
0x00000001a7154000 	/System/Library/Frameworks/OpenGL.framework/Resources/GLEngine.bundle/GLEngine
0x000000000a2ac000 	/System/Library/Frameworks/OpenGL.framework/Versions/A/Libraries/libGLProgrammability.dylib
0x00000001a733f000 	/System/Library/Extensions/AppleIntelBDWGraphicsGLDriver.bundle/Contents/MacOS/AppleIntelBDWGraphicsGLDriver
0x000000000a2ac000 	/System/Library/PrivateFrameworks/IOAccelerator.framework/Versions/A/IOAccelerator
0x000000000a2ac000 	/System/Library/PrivateFrameworks/GPUSupport.framework/Versions/A/Libraries/libGPUSupportMercury.dylib
0x00000001a7a35000 	/System/Library/Frameworks/OpenGL.framework/Resources//GLRendererFloat.bundle/GLRendererFloat

VM Arguments:
jvm_args: -Djava.library.path=/Users/EnemyBoss/Projects/Game/lib/jars/lwjgl_2.9.3/native/macosx -Dfile.encoding=UTF-8 
java_command: data.Boot
java_class_path (initial): /Users/EnemyBoss/Projects/Game/GameTutorial/bin:/Users/EnemyBoss/Projects/Game/lib/jars/slick-util.jar:/Users/EnemyBoss/Projects/Game/lib/jars/lwjgl_2.9.3/jar/lwjgl_util.jar:/Users/EnemyBoss/Projects/Game/lib/jars/lwjgl_2.9.3/jar/lwjgl.jar
Launcher Type: SUN_STANDARD

Environment Variables:
PATH=/usr/bin:/bin:/usr/sbin:/sbin
SHELL=/bin/zsh

Signal Handlers:
SIGSEGV: [libjvm.dylib+0x57d451], sa_mask[0]=11111111011111110111111111111111, sa_flags=SA_ONSTACK|SA_RESTART|SA_SIGINFO
SIGBUS: [libjvm.dylib+0x57d451], sa_mask[0]=11111111011111110111111111111111, sa_flags=SA_RESTART|SA_SIGINFO
SIGFPE: [libjvm.dylib+0x45744c], sa_mask[0]=11111111011111110111111111111111, sa_flags=SA_RESTART|SA_SIGINFO
SIGPIPE: [libjvm.dylib+0x45744c], sa_mask[0]=11111111011111110111111111111111, sa_flags=SA_RESTART|SA_SIGINFO
SIGXFSZ: [libjvm.dylib+0x45744c], sa_mask[0]=11111111011111110111111111111111, sa_flags=SA_RESTART|SA_SIGINFO
SIGILL: [libjvm.dylib+0x45744c], sa_mask[0]=11111111011111110111111111111111, sa_flags=SA_RESTART|SA_SIGINFO
SIGUSR1: SIG_DFL, sa_mask[0]=00000000000000000000000000000000, sa_flags=none
SIGUSR2: [libjvm.dylib+0x456f6a], sa_mask[0]=00100000000000000000000000000000, sa_flags=SA_RESTART|SA_SIGINFO
SIGHUP: [libjvm.dylib+0x455541], sa_mask[0]=11111111011111110111111111111111, sa_flags=SA_RESTART|SA_SIGINFO
SIGINT: [libjvm.dylib+0x455541], sa_mask[0]=11111111011111110111111111111111, sa_flags=SA_RESTART|SA_SIGINFO
SIGTERM: [libjvm.dylib+0x455541], sa_mask[0]=11111111011111110111111111111111, sa_flags=SA_RESTART|SA_SIGINFO
SIGQUIT: [libjvm.dylib+0x455541], sa_mask[0]=11111111011111110111111111111111, sa_flags=SA_RESTART|SA_SIGINFO


---------------  S Y S T E M  ---------------

OS:Bsduname:Darwin 14.5.0 Darwin Kernel Version 14.5.0: Mon Aug 29 21:14:16 PDT 2016; root:xnu-2782.50.6~1/RELEASE_X86_64 x86_64
rlimit: STACK 8192k, CORE 0k, NPROC 709, NOFILE 10240, AS infinity
load average:2.37 2.11 2.01

CPU:total 4 (2 cores per cpu, 2 threads per core) family 6 model 61 stepping 4, cmov, cx8, fxsr, mmx, sse, sse2, sse3, ssse3, sse4.1, sse4.2, popcnt, avx, avx2, aes, clmul, erms, 3dnowpref, lzcnt, ht, tsc, tscinvbit, bmi1, bmi2, adx

Memory: 4k page, physical 4194304k(49316k free)

/proc/meminfo:


vm_info: Java HotSpot(TM) 64-Bit Server VM (25.102-b04) for bsd-amd64 JRE (1.8.0_102-ea-b04), built on Apr 25 2016 14:13:06 by "java_re" with gcc 4.2.1 (Based on Apple Inc. build 5658) (LLVM build 2336.11.00)

time: Mon Sep 12 17:07:01 2016
elapsed time: 3 seconds (0d 0h 0m 3s)

