#
# A fatal error has been detected by the Java Runtime Environment:
#
#  SIGSEGV (0xb) at pc=0x00007fff8fa690dd, pid=3658, tid=0x0000000000000713
#
# JRE version: Java(TM) SE Runtime Environment (8.0_102-b04) (build 1.8.0_102-ea-b04)
# Java VM: Java HotSpot(TM) 64-Bit Server VM (25.102-b04 mixed mode bsd-amd64 compressed oops)
# Problematic frame:
# C  [libobjc.A.dylib+0x10dd]  objc_msgSend+0x1d
#
# Failed to write core dump. Core dumps have been disabled. To enable core dumping, try "ulimit -c unlimited" before starting Java again
#
# If you would like to submit a bug report, please visit:
#   http://bugreport.java.com/bugreport/crash.jsp
# The crash happened outside the Java Virtual Machine in native code.
# See problematic frame for where to report the bug.
#

---------------  T H R E A D  ---------------

Current thread (0x00007fe00c250000):  JavaThread "AppKit Thread" daemon [_thread_in_native, id=1811, stack(0x00007fff5777e000,0x00007fff57f7e000)]

siginfo: si_signo: 11 (SIGSEGV), si_code: 1 (SEGV_MAPERR), si_addr: 0x000007fe00be50a0

Registers:
RAX=0x0000000000000000, RBX=0x00007fe00bc1c590, RCX=0x0000000000000000, RDX=0x00007fe00bc1c590
RSP=0x00007fff57f78e08, RBP=0x00007fff57f78e30, RSI=0x00007fff93aa737c, RDI=0x00007fe00be56640
R8 =0x0000000000000001, R9 =0x0000000000000001, R10=0x00007fff93aa737c, R11=0x000007fe00be5088
R12=0x0000000000000094, R13=0x00007fe00be4e180, R14=0x00007fe00be56640, R15=0x00007fff57f79320
RIP=0x00007fff8fa690dd, EFLAGS=0x0000000000010206, ERR=0x0000000000000004
  TRAPNO=0x000000000000000e

Top of Stack: (sp=0x00007fff57f78e08)
0x00007fff57f78e08:   00000001234f8598 00007fe00bc1c590
0x00007fff57f78e18:   000000012352cc60 00007fe00be4e180
0x00007fff57f78e28:   00007fe00bc1c590 00007fff57f79310
0x00007fff57f78e38:   00007fff93187f45 0000000000000000
0x00007fff57f78e48:   0000000000000000 4096000000000000
0x00007fff57f78e58:   408a000000000000 0000000000000000
0x00007fff57f78e68:   0000000000000000 4096000000000000
0x00007fff57f78e78:   408a000000000000 4096000000000000
0x00007fff57f78e88:   408ab00000000000 401c000000000000
0x00007fff57f78e98:   408a180000000000 402c000000000000
0x00007fff57f78ea8:   4030000000000000 401c000000000000
0x00007fff57f78eb8:   0000000000000000 0000000000000000
0x00007fff57f78ec8:   4030000000000000 00007fff93a6a129
0x00007fff57f78ed8:   4008000000000000 00007fe00bc0f9e0
0x00007fff57f78ee8:   0000000100000000 0000000000000000
0x00007fff57f78ef8:   00007fe00bf37bb0 00007fff57f79050
0x00007fff57f78f08:   00007fff9318cb36 00007fff57f79050
0x00007fff57f78f18:   00007fff9318ee82 402c000000000000
0x00007fff57f78f28:   4030000000000000 401c000000000000
0x00007fff57f78f38:   408a180000000000 402c000000000000
0x00007fff57f78f48:   4030000000000000 0000000000000000
0x00007fff57f78f58:   0000000000000000 4096000000000000
0x00007fff57f78f68:   408ab00000000000 401c000000000000
0x00007fff57f78f78:   408a180000000000 0000000107ca0a00
0x00007fff57f78f88:   00007fe00bf111c0 00000000000000b0
0x00007fff57f78f98:   0000000000000000 0000000000000110
0x00007fff57f78fa8:   0000000107c9d000 00007fff57f79050
0x00007fff57f78fb8:   00007fff8b2e3e7f 0000000000000000
0x00007fff57f78fc8:   0000000107c9d000 00007fff57f79070
0x00007fff57f78fd8:   0000000000000111 00007fff57f790df
0x00007fff57f78fe8:   0000000010000000 00007fe00bffc080
0x00007fff57f78ff8:   00007fe00bf11110 0000000000000005 

Instructions: (pc=0x00007fff8fa690dd)
0x00007fff8fa690bd:   00 00 00 48 85 ff 2e 74 7a 40 f6 c7 01 2e 75 7e
0x00007fff8fa690cd:   49 bb f8 ff ff ff ff 7f 00 00 4c 23 1f 49 89 f2
0x00007fff8fa690dd:   45 23 53 18 49 c1 e2 04 4d 03 53 10 49 3b 32 75
0x00007fff8fa690ed:   04 41 ff 62 08 49 83 3a 00 74 6a 4d 3b 53 10 74 

Register to memory mapping:

RAX=0x0000000000000000 is an unknown value
RBX=0x00007fe00bc1c590 is an unknown value
RCX=0x0000000000000000 is an unknown value
RDX=0x00007fe00bc1c590 is an unknown value
RSP=0x00007fff57f78e08 is pointing into the stack for thread: 0x00007fe00c250000
RBP=0x00007fff57f78e30 is pointing into the stack for thread: 0x00007fe00c250000
RSI=0x00007fff93aa737c: -[NSTitlebarContainerView transparent]+0x5e270 in /System/Library/Frameworks/AppKit.framework/Versions/C/AppKit at 0x00007fff930a6000
RDI=0x00007fe00be56640 is an unknown value
R8 =0x0000000000000001 is an unknown value
R9 =0x0000000000000001 is an unknown value
R10=0x00007fff93aa737c: -[NSTitlebarContainerView transparent]+0x5e270 in /System/Library/Frameworks/AppKit.framework/Versions/C/AppKit at 0x00007fff930a6000
R11=0x000007fe00be5088 is an unknown value
R12=0x0000000000000094 is an unknown value
R13=0x00007fe00be4e180 is an unknown value
R14=0x00007fe00be56640 is an unknown value
R15=0x00007fff57f79320 is pointing into the stack for thread: 0x00007fe00c250000


Stack: [0x00007fff5777e000,0x00007fff57f7e000],  sp=0x00007fff57f78e08,  free space=8171k
Native frames: (J=compiled Java code, j=interpreted, Vv=VM code, C=native code)
C  [libobjc.A.dylib+0x10dd]  objc_msgSend+0x1d
C  [AppKit+0xe1f45]  -[NSView _recursiveDisplayRectIfNeededIgnoringOpacity:isVisibleRect:rectIsVisibleRectForView:topView:]+0x740
C  [AppKit+0xe2fa0]  -[NSView _recursiveDisplayRectIfNeededIgnoringOpacity:isVisibleRect:rectIsVisibleRectForView:topView:]+0x179b
C  [AppKit+0xe12f3]  -[NSThemeFrame _recursiveDisplayRectIfNeededIgnoringOpacity:isVisibleRect:rectIsVisibleRectForView:topView:]+0x14d
C  [AppKit+0xdd68b]  -[NSView _displayRectIgnoringOpacity:isVisibleRect:rectIsVisibleRectForView:]+0xac9
C  [AppKit+0x951ae]  -[NSView displayIfNeeded]+0x754
C  [AppKit+0x94a09]  -[NSWindow displayIfNeeded]+0xec
C  [AppKit+0x94672]  _handleWindowNeedsDisplayOrLayoutOrUpdateConstraints+0x3a8
C  [AppKit+0x7ca171]  __83-[NSWindow _postWindowNeedsDisplayOrLayoutOrUpdateConstraintsUnlessPostingDisabled]_block_invoke1540+0x2e
C  [CoreFoundation+0x80127]  __CFRUNLOOP_IS_CALLING_OUT_TO_AN_OBSERVER_CALLBACK_FUNCTION__+0x17
C  [CoreFoundation+0x80080]  __CFRunLoopDoObservers+0x170
C  [CoreFoundation+0x72188]  __CFRunLoopRun+0x368
C  [CoreFoundation+0x71bd8]  CFRunLoopRunSpecific+0x128
C  [HIToolbox+0x3256f]  RunCurrentEventLoopInMode+0xeb
C  [HIToolbox+0x321ee]  ReceiveNextEventCommon+0xb3
C  [HIToolbox+0x3212b]  _BlockUntilNextEventMatchingListInModeWithFilter+0x47
C  [AppKit+0x918ab]  _DPSNextEvent+0x3d2
C  [AppKit+0x90e58]  -[NSApplication nextEventMatchingMask:untilDate:inMode:dequeue:]+0x15a
C  [libosxapp.dylib+0x23aa]  -[NSApplicationAWT nextEventMatchingMask:untilDate:inMode:dequeue:]+0x7c
C  [AppKit+0x86af3]  -[NSApplication run]+0x252
C  [libosxapp.dylib+0x214d]  +[NSApplicationAWT runAWTLoopWithApp:]+0x9c
C  [libawt_lwawt.dylib+0x444b3]  -[AWTStarter starter:]+0x389
C  [Foundation+0x92dd0]  __NSThreadPerformPerform+0x125
C  [CoreFoundation+0x80a01]  __CFRUNLOOP_IS_CALLING_OUT_TO_A_SOURCE0_PERFORM_FUNCTION__+0x11
C  [CoreFoundation+0x72b8d]  __CFRunLoopDoSources0+0x10d
C  [CoreFoundation+0x721bf]  __CFRunLoopRun+0x39f
C  [CoreFoundation+0x71bd8]  CFRunLoopRunSpecific+0x128
C  [java+0x6465]  CreateExecutionEnvironment+0x367
C  [java+0x218c]  JLI_Launch+0x7a0
C  [java+0x84c2]  main+0x65
C  [java+0x19e4]  start+0x34
C  0x0000000000000006


---------------  P R O C E S S  ---------------

Java Threads: ( => current thread )
  0x00007fe00c007000 JavaThread "AWT-Shutdown" [_thread_blocked, id=12303, stack(0x0000000120b00000,0x0000000120c00000)]
=>0x00007fe00c250000 JavaThread "AppKit Thread" daemon [_thread_in_native, id=1811, stack(0x00007fff5777e000,0x00007fff57f7e000)]
  0x00007fe00c02f000 JavaThread "Service Thread" daemon [_thread_blocked, id=18179, stack(0x000000011ee1f000,0x000000011ef1f000)]
  0x00007fe00c808800 JavaThread "C1 CompilerThread2" daemon [_thread_blocked, id=17667, stack(0x000000011ed1c000,0x000000011ee1c000)]
  0x00007fe00c808000 JavaThread "C2 CompilerThread1" daemon [_thread_blocked, id=17155, stack(0x000000011ec19000,0x000000011ed19000)]
  0x00007fe00c800800 JavaThread "C2 CompilerThread0" daemon [_thread_blocked, id=16643, stack(0x000000011eb16000,0x000000011ec16000)]
  0x00007fe00c80d000 JavaThread "Signal Dispatcher" daemon [_thread_blocked, id=13335, stack(0x000000011ea13000,0x000000011eb13000)]
  0x00007fe00d808000 JavaThread "Finalizer" daemon [_thread_blocked, id=11523, stack(0x000000011cffc000,0x000000011d0fc000)]
  0x00007fe00d005800 JavaThread "Reference Handler" daemon [_thread_blocked, id=11011, stack(0x000000011cef9000,0x000000011cff9000)]
  0x00007fe00d007800 JavaThread "main" [_thread_in_native, id=4867, stack(0x00000001094ef000,0x00000001095ef000)]

Other Threads:
  0x00007fe00c02b800 VMThread [stack: 0x000000011cdf6000,0x000000011cef6000] [id=10499]
  0x00007fe00d811000 WatcherThread [stack: 0x000000011ef22000,0x000000011f022000] [id=18691]

VM state:not at safepoint (normal execution)

VM Mutex/Monitor currently owned by a thread: None

Heap:
 PSYoungGen      total 18944K, used 6669K [0x00000007aab00000, 0x00000007ac000000, 0x00000007c0000000)
  eden space 16384K, 28% used [0x00000007aab00000,0x00000007aaf7f5f0,0x00000007abb00000)
  from space 2560K, 80% used [0x00000007abb00000,0x00000007abd04010,0x00000007abd80000)
  to   space 2560K, 0% used [0x00000007abd80000,0x00000007abd80000,0x00000007ac000000)
 ParOldGen       total 44032K, used 8K [0x0000000780000000, 0x0000000782b00000, 0x00000007aab00000)
  object space 44032K, 0% used [0x0000000780000000,0x0000000780002000,0x0000000782b00000)
 Metaspace       used 6620K, capacity 6779K, committed 6912K, reserved 1056768K
  class space    used 645K, capacity 696K, committed 768K, reserved 1048576K

Card table byte_map: [0x00000001189b1000,0x0000000118bb2000] byte_map_base: 0x0000000114db1000

Marking Bits: (ParMarkBitMap*) 0x0000000108e91610
 Begin Bits: [0x0000000119114000, 0x000000011a114000)
 End Bits:   [0x000000011a114000, 0x000000011b114000)

Polling page: 0x0000000107ddb000

CodeCache: size=245760Kb used=2891Kb max_used=2902Kb free=242868Kb
 bounds [0x00000001095f1000, 0x00000001098d1000, 0x00000001185f1000]
 total_blobs=1122 nmethods=762 adapters=275
 compilation: enabled

Compilation events (10 events):
Event: 13.034 Thread 0x00007fe00c808800  758       3       org.lwjgl.opengl.MacOSXNativeMouse::putMouseEventWithCoords (58 bytes)
Event: 13.035 Thread 0x00007fe00c808800 nmethod 758 0x00000001098c3b90 code [0x00000001098c3d80, 0x00000001098c4628]
Event: 13.035 Thread 0x00007fe00c808800  759       3       java.nio.HeapByteBuffer::putLong (21 bytes)
Event: 13.036 Thread 0x00007fe00c808800 nmethod 759 0x00000001098c49d0 code [0x00000001098c4b60, 0x00000001098c4f28]
Event: 13.268 Thread 0x00007fe00c808800  760  s    3       org.lwjgl.opengl.MacOSXNativeMouse::mouseMoved (138 bytes)
Event: 13.269 Thread 0x00007fe00c808800 nmethod 760 0x00000001098c5090 code [0x00000001098c52a0, 0x00000001098c5b28]
Event: 15.233 Thread 0x00007fe00c800800  761       4       java.nio.Bits::copyFromArray (70 bytes)
Event: 15.234 Thread 0x00007fe00c800800 nmethod 761 0x00000001098340d0 code [0x0000000109834220, 0x00000001098342b8]
Event: 15.423 Thread 0x00007fe00c808000  762       4       java.nio.DirectByteBuffer::put (18 bytes)
Event: 15.423 Thread 0x00007fe00c808000 nmethod 762 0x00000001098b6190 code [0x00000001098b62e0, 0x00000001098b6398]

GC Heap History (2 events):
Event: 0.903 GC heap before
{Heap before GC invocations=1 (full 0):
 PSYoungGen      total 18944K, used 16384K [0x00000007aab00000, 0x00000007ac000000, 0x00000007c0000000)
  eden space 16384K, 100% used [0x00000007aab00000,0x00000007abb00000,0x00000007abb00000)
  from space 2560K, 0% used [0x00000007abd80000,0x00000007abd80000,0x00000007ac000000)
  to   space 2560K, 0% used [0x00000007abb00000,0x00000007abb00000,0x00000007abd80000)
 ParOldGen       total 44032K, used 0K [0x0000000780000000, 0x0000000782b00000, 0x00000007aab00000)
  object space 44032K, 0% used [0x0000000780000000,0x0000000780000000,0x0000000782b00000)
 Metaspace       used 6487K, capacity 6651K, committed 6912K, reserved 1056768K
  class space    used 639K, capacity 696K, committed 768K, reserved 1048576K
Event: 0.910 GC heap after
Heap after GC invocations=1 (full 0):
 PSYoungGen      total 18944K, used 2064K [0x00000007aab00000, 0x00000007ac000000, 0x00000007c0000000)
  eden space 16384K, 0% used [0x00000007aab00000,0x00000007aab00000,0x00000007abb00000)
  from space 2560K, 80% used [0x00000007abb00000,0x00000007abd04010,0x00000007abd80000)
  to   space 2560K, 0% used [0x00000007abd80000,0x00000007abd80000,0x00000007ac000000)
 ParOldGen       total 44032K, used 8K [0x0000000780000000, 0x0000000782b00000, 0x00000007aab00000)
  object space 44032K, 0% used [0x0000000780000000,0x0000000780002000,0x0000000782b00000)
 Metaspace       used 6487K, capacity 6651K, committed 6912K, reserved 1056768K
  class space    used 639K, capacity 696K, committed 768K, reserved 1048576K
}

Deoptimization events (2 events):
Event: 0.640 Thread 0x00007fe00d007800 Uncommon trap: reason=unstable_if action=reinterpret pc=0x000000010979f91c method=java.lang.String.replace(CC)Ljava/lang/String; @ 26
Event: 1.008 Thread 0x00007fe00d007800 Uncommon trap: reason=unstable_if action=reinterpret pc=0x000000010982e6a0 method=java.nio.DirectByteBuffer.put([BII)Ljava/nio/ByteBuffer; @ 8

Internal exceptions (10 events):
Event: 0.158 Thread 0x00007fe00d007800 Exception <a 'java/security/PrivilegedActionException'> (0x00000007aacc05e0) thrown at [/HUDSON3/workspace/8-2-build-macosx-x86_64/jdk8u102/6817.nc/hotspot/src/share/vm/prims/jvm.cpp, line 1386]
Event: 0.158 Thread 0x00007fe00d007800 Exception <a 'java/security/PrivilegedActionException'> (0x00000007aacc07f0) thrown at [/HUDSON3/workspace/8-2-build-macosx-x86_64/jdk8u102/6817.nc/hotspot/src/share/vm/prims/jvm.cpp, line 1386]
Event: 0.158 Thread 0x00007fe00d007800 Exception <a 'java/security/PrivilegedActionException'> (0x00000007aacc33d8) thrown at [/HUDSON3/workspace/8-2-build-macosx-x86_64/jdk8u102/6817.nc/hotspot/src/share/vm/prims/jvm.cpp, line 1386]
Event: 0.158 Thread 0x00007fe00d007800 Exception <a 'java/security/PrivilegedActionException'> (0x00000007aacc35e8) thrown at [/HUDSON3/workspace/8-2-build-macosx-x86_64/jdk8u102/6817.nc/hotspot/src/share/vm/prims/jvm.cpp, line 1386]
Event: 0.158 Thread 0x00007fe00d007800 Exception <a 'java/security/PrivilegedActionException'> (0x00000007aacc4518) thrown at [/HUDSON3/workspace/8-2-build-macosx-x86_64/jdk8u102/6817.nc/hotspot/src/share/vm/prims/jvm.cpp, line 1386]
Event: 0.158 Thread 0x00007fe00d007800 Exception <a 'java/security/PrivilegedActionException'> (0x00000007aacc4728) thrown at [/HUDSON3/workspace/8-2-build-macosx-x86_64/jdk8u102/6817.nc/hotspot/src/share/vm/prims/jvm.cpp, line 1386]
Event: 0.205 Thread 0x00007fe00d007800 Exception <a 'java/lang/NoSuchFieldError': method resolution failed> (0x00000007aad92958) thrown at [/HUDSON3/workspace/8-2-build-macosx-x86_64/jdk8u102/6817.nc/hotspot/src/share/vm/prims/methodHandles.cpp, line 1146]
Event: 0.207 Thread 0x00007fe00d007800 Exception <a 'java/lang/NoSuchFieldError': method resolution failed> (0x00000007aada00a8) thrown at [/HUDSON3/workspace/8-2-build-macosx-x86_64/jdk8u102/6817.nc/hotspot/src/share/vm/prims/methodHandles.cpp, line 1146]
Event: 0.360 Thread 0x00007fe00d007800 Exception <a 'java/io/FileNotFoundException'> (0x00000007aae1abb0) thrown at [/HUDSON3/workspace/8-2-build-macosx-x86_64/jdk8u102/6817.nc/hotspot/src/share/vm/prims/jni.cpp, line 709]
Event: 0.360 Thread 0x00007fe00d007800 Exception <a 'java/io/FileNotFoundException'> (0x00000007aae1b738) thrown at [/HUDSON3/workspace/8-2-build-macosx-x86_64/jdk8u102/6817.nc/hotspot/src/share/vm/prims/jni.cpp, line 709]

Events (10 events):
Event: 10.121 loading class java/util/IdentityHashMap$IdentityHashMapIterator done
Event: 10.121 loading class java/util/IdentityHashMap$ValueIterator done
Event: 10.121 loading class java/util/HashMap$KeySet
Event: 10.121 loading class java/util/HashMap$KeySet done
Event: 10.122 loading class java/util/HashMap$KeyIterator
Event: 10.122 loading class java/util/HashMap$KeyIterator done
Event: 10.122 Thread 0x00007fe00c007000 Thread exited: 0x00007fe00c007000
Event: 10.647 Thread 0x00007fe00c007000 Thread added: 0x00007fe00c007000
Event: 15.421 loading class org/lwjgl/opengl/CallbackUtil
Event: 15.421 loading class org/lwjgl/opengl/CallbackUtil done


Dynamic libraries:
0x0000000006d28000 	/System/Library/Frameworks/Cocoa.framework/Versions/A/Cocoa
0x0000000006d28000 	/System/Library/Frameworks/Security.framework/Versions/A/Security
0x0000000006d28000 	/System/Library/Frameworks/ApplicationServices.framework/Versions/A/ApplicationServices
0x0000000006d28000 	/usr/lib/libz.1.dylib
0x0000000006d28000 	/usr/lib/libSystem.B.dylib
0x0000000006d28000 	/usr/lib/libobjc.A.dylib
0x0000000006d28000 	/System/Library/Frameworks/CoreFoundation.framework/Versions/A/CoreFoundation
0x0000000006d28000 	/System/Library/Frameworks/Foundation.framework/Versions/C/Foundation
0x0000000006d28000 	/System/Library/Frameworks/AppKit.framework/Versions/C/AppKit
0x0000000006d28000 	/System/Library/Frameworks/CoreData.framework/Versions/A/CoreData
0x0000000006d28000 	/System/Library/PrivateFrameworks/RemoteViewServices.framework/Versions/A/RemoteViewServices
0x0000000006d28000 	/System/Library/PrivateFrameworks/UIFoundation.framework/Versions/A/UIFoundation
0x0000000006d28000 	/System/Library/Frameworks/IOSurface.framework/Versions/A/IOSurface
0x0000000006d28000 	/System/Library/Frameworks/AudioToolbox.framework/Versions/A/AudioToolbox
0x0000000006d28000 	/System/Library/Frameworks/AudioUnit.framework/Versions/A/AudioUnit
0x0000000006d28000 	/System/Library/PrivateFrameworks/DataDetectorsCore.framework/Versions/A/DataDetectorsCore
0x0000000006d28000 	/System/Library/PrivateFrameworks/DesktopServicesPriv.framework/Versions/A/DesktopServicesPriv
0x0000000006d28000 	/System/Library/Frameworks/Carbon.framework/Versions/A/Frameworks/HIToolbox.framework/Versions/A/HIToolbox
0x0000000006d28000 	/System/Library/Frameworks/QuartzCore.framework/Versions/A/QuartzCore
0x0000000006d28000 	/System/Library/Frameworks/Carbon.framework/Versions/A/Frameworks/SpeechRecognition.framework/Versions/A/SpeechRecognition
0x0000000006d28000 	/usr/lib/libauto.dylib
0x0000000006d28000 	/usr/lib/libicucore.A.dylib
0x0000000006d28000 	/usr/lib/libxml2.2.dylib
0x0000000006d28000 	/System/Library/PrivateFrameworks/CoreUI.framework/Versions/A/CoreUI
0x0000000006d28000 	/System/Library/Frameworks/CoreAudio.framework/Versions/A/CoreAudio
0x0000000006d28000 	/System/Library/Frameworks/DiskArbitration.framework/Versions/A/DiskArbitration
0x0000000006d28000 	/usr/lib/liblangid.dylib
0x0000000006d28000 	/System/Library/PrivateFrameworks/MultitouchSupport.framework/Versions/A/MultitouchSupport
0x0000000006d28000 	/System/Library/Frameworks/IOKit.framework/Versions/A/IOKit
0x0000000006d28000 	/usr/lib/libDiagnosticMessagesClient.dylib
0x0000000006d28000 	/System/Library/Frameworks/CoreServices.framework/Versions/A/CoreServices
0x0000000006d28000 	/System/Library/PrivateFrameworks/PerformanceAnalysis.framework/Versions/A/PerformanceAnalysis
0x0000000006d28000 	/System/Library/PrivateFrameworks/GenerationalStorage.framework/Versions/A/GenerationalStorage
0x0000000006d28000 	/System/Library/Frameworks/OpenGL.framework/Versions/A/OpenGL
0x0000000006d28000 	/System/Library/PrivateFrameworks/Sharing.framework/Versions/A/Sharing
0x0000000006d28000 	/System/Library/Frameworks/CoreGraphics.framework/Versions/A/CoreGraphics
0x0000000006d28000 	/System/Library/Frameworks/CoreText.framework/Versions/A/CoreText
0x0000000006d28000 	/System/Library/Frameworks/ImageIO.framework/Versions/A/ImageIO
0x0000000006d28000 	/usr/lib/libextension.dylib
0x0000000006d28000 	/System/Library/PrivateFrameworks/Backup.framework/Versions/A/Backup
0x0000000006d28000 	/usr/lib/libarchive.2.dylib
0x0000000006d28000 	/System/Library/Frameworks/CFNetwork.framework/Versions/A/CFNetwork
0x0000000006d28000 	/System/Library/Frameworks/SystemConfiguration.framework/Versions/A/SystemConfiguration
0x0000000006d28000 	/usr/lib/libCRFSuite.dylib
0x0000000006d28000 	/usr/lib/libc++.1.dylib
0x0000000006d28000 	/usr/lib/libc++abi.dylib
0x0000000006d28000 	/usr/lib/system/libcache.dylib
0x0000000006d28000 	/usr/lib/system/libcommonCrypto.dylib
0x0000000006d28000 	/usr/lib/system/libcompiler_rt.dylib
0x0000000006d28000 	/usr/lib/system/libcopyfile.dylib
0x0000000006d28000 	/usr/lib/system/libcorecrypto.dylib
0x0000000006d28000 	/usr/lib/system/libdispatch.dylib
0x0000000006d28000 	/usr/lib/system/libdyld.dylib
0x0000000006d28000 	/usr/lib/system/libkeymgr.dylib
0x0000000006d28000 	/usr/lib/system/liblaunch.dylib
0x0000000006d28000 	/usr/lib/system/libmacho.dylib
0x0000000006d28000 	/usr/lib/system/libquarantine.dylib
0x0000000006d28000 	/usr/lib/system/libremovefile.dylib
0x0000000006d28000 	/usr/lib/system/libsystem_asl.dylib
0x0000000006d28000 	/usr/lib/system/libsystem_blocks.dylib
0x0000000006d28000 	/usr/lib/system/libsystem_c.dylib
0x0000000006d28000 	/usr/lib/system/libsystem_configuration.dylib
0x0000000006d28000 	/usr/lib/system/libsystem_coreservices.dylib
0x0000000006d28000 	/usr/lib/system/libsystem_coretls.dylib
0x0000000006d28000 	/usr/lib/system/libsystem_dnssd.dylib
0x0000000006d28000 	/usr/lib/system/libsystem_info.dylib
0x0000000006d28000 	/usr/lib/system/libsystem_kernel.dylib
0x0000000006d28000 	/usr/lib/system/libsystem_m.dylib
0x0000000006d28000 	/usr/lib/system/libsystem_malloc.dylib
0x0000000006d28000 	/usr/lib/system/libsystem_network.dylib
0x0000000006d28000 	/usr/lib/system/libsystem_networkextension.dylib
0x0000000006d28000 	/usr/lib/system/libsystem_notify.dylib
0x0000000006d28000 	/usr/lib/system/libsystem_platform.dylib
0x0000000006d28000 	/usr/lib/system/libsystem_pthread.dylib
0x0000000006d28000 	/usr/lib/system/libsystem_sandbox.dylib
0x0000000006d28000 	/usr/lib/system/libsystem_secinit.dylib
0x0000000006d28000 	/usr/lib/system/libsystem_stats.dylib
0x0000000006d28000 	/usr/lib/system/libsystem_trace.dylib
0x0000000006d28000 	/usr/lib/system/libunc.dylib
0x0000000006d28000 	/usr/lib/system/libunwind.dylib
0x0000000006d28000 	/usr/lib/system/libxpc.dylib
0x0000000006d28000 	/usr/lib/libbz2.1.0.dylib
0x0000000006d28000 	/usr/lib/liblzma.5.dylib
0x0000000006d28000 	/usr/lib/libbsm.0.dylib
0x0000000006d28000 	/usr/lib/libsqlite3.dylib
0x0000000006d28000 	/usr/lib/system/libkxld.dylib
0x0000000006d28000 	/usr/lib/libxar.1.dylib
0x0000000006d28000 	/usr/lib/libpam.2.dylib
0x0000000006d28000 	/usr/lib/libOpenScriptingUtil.dylib
0x0000000006d28000 	/System/Library/Frameworks/CoreServices.framework/Versions/A/Frameworks/FSEvents.framework/Versions/A/FSEvents
0x0000000006d28000 	/System/Library/Frameworks/CoreServices.framework/Versions/A/Frameworks/CarbonCore.framework/Versions/A/CarbonCore
0x0000000006d28000 	/System/Library/Frameworks/CoreServices.framework/Versions/A/Frameworks/Metadata.framework/Versions/A/Metadata
0x0000000006d28000 	/System/Library/Frameworks/CoreServices.framework/Versions/A/Frameworks/OSServices.framework/Versions/A/OSServices
0x0000000006d28000 	/System/Library/Frameworks/CoreServices.framework/Versions/A/Frameworks/SearchKit.framework/Versions/A/SearchKit
0x0000000006d28000 	/System/Library/Frameworks/CoreServices.framework/Versions/A/Frameworks/AE.framework/Versions/A/AE
0x0000000006d28000 	/System/Library/Frameworks/CoreServices.framework/Versions/A/Frameworks/LaunchServices.framework/Versions/A/LaunchServices
0x0000000006d28000 	/System/Library/Frameworks/CoreServices.framework/Versions/A/Frameworks/DictionaryServices.framework/Versions/A/DictionaryServices
0x0000000006d28000 	/System/Library/Frameworks/NetFS.framework/Versions/A/NetFS
0x0000000006d28000 	/System/Library/PrivateFrameworks/NetAuth.framework/Versions/A/NetAuth
0x0000000006d28000 	/System/Library/PrivateFrameworks/login.framework/Versions/A/Frameworks/loginsupport.framework/Versions/A/loginsupport
0x0000000006d28000 	/System/Library/PrivateFrameworks/TCC.framework/Versions/A/TCC
0x0000000006d28000 	/usr/lib/libmecabra.dylib
0x0000000006d28000 	/System/Library/Frameworks/ApplicationServices.framework/Versions/A/Frameworks/ATS.framework/Versions/A/ATS
0x0000000006d28000 	/System/Library/Frameworks/ApplicationServices.framework/Versions/A/Frameworks/ColorSync.framework/Versions/A/ColorSync
0x0000000006d28000 	/System/Library/Frameworks/ApplicationServices.framework/Versions/A/Frameworks/HIServices.framework/Versions/A/HIServices
0x0000000006d28000 	/System/Library/Frameworks/ApplicationServices.framework/Versions/A/Frameworks/LangAnalysis.framework/Versions/A/LangAnalysis
0x0000000006d28000 	/System/Library/Frameworks/ApplicationServices.framework/Versions/A/Frameworks/PrintCore.framework/Versions/A/PrintCore
0x0000000006d28000 	/System/Library/Frameworks/ApplicationServices.framework/Versions/A/Frameworks/QD.framework/Versions/A/QD
0x0000000006d28000 	/System/Library/Frameworks/ApplicationServices.framework/Versions/A/Frameworks/SpeechSynthesis.framework/Versions/A/SpeechSynthesis
0x0000000006d28000 	/System/Library/Frameworks/Accelerate.framework/Versions/A/Accelerate
0x0000000006d28000 	/System/Library/Frameworks/Accelerate.framework/Versions/A/Frameworks/vImage.framework/Versions/A/vImage
0x0000000006d28000 	/System/Library/Frameworks/Accelerate.framework/Versions/A/Frameworks/vecLib.framework/Versions/A/vecLib
0x0000000006d28000 	/System/Library/Frameworks/Accelerate.framework/Versions/A/Frameworks/vecLib.framework/Versions/A/libvDSP.dylib
0x0000000006d28000 	/System/Library/Frameworks/Accelerate.framework/Versions/A/Frameworks/vecLib.framework/Versions/A/libvMisc.dylib
0x0000000006d28000 	/System/Library/Frameworks/Accelerate.framework/Versions/A/Frameworks/vecLib.framework/Versions/A/libLAPACK.dylib
0x0000000006d28000 	/System/Library/Frameworks/Accelerate.framework/Versions/A/Frameworks/vecLib.framework/Versions/A/libBLAS.dylib
0x0000000006d28000 	/System/Library/Frameworks/Accelerate.framework/Versions/A/Frameworks/vecLib.framework/Versions/A/libLinearAlgebra.dylib
0x0000000006d28000 	/System/Library/Frameworks/ApplicationServices.framework/Versions/A/Frameworks/ATS.framework/Versions/A/Resources/libFontParser.dylib
0x0000000006d28000 	/System/Library/Frameworks/ApplicationServices.framework/Versions/A/Frameworks/ATS.framework/Versions/A/Resources/libFontRegistry.dylib
0x0000000006d28000 	/System/Library/PrivateFrameworks/AppleVPA.framework/Versions/A/AppleVPA
0x0000000006d28000 	/System/Library/PrivateFrameworks/AppleJPEG.framework/Versions/A/AppleJPEG
0x0000000006d28000 	/System/Library/Frameworks/ImageIO.framework/Versions/A/Resources/libJPEG.dylib
0x0000000006d28000 	/System/Library/Frameworks/ImageIO.framework/Versions/A/Resources/libTIFF.dylib
0x0000000006d28000 	/System/Library/Frameworks/ImageIO.framework/Versions/A/Resources/libPng.dylib
0x0000000006d28000 	/System/Library/Frameworks/ImageIO.framework/Versions/A/Resources/libGIF.dylib
0x0000000006d28000 	/System/Library/Frameworks/ImageIO.framework/Versions/A/Resources/libJP2.dylib
0x0000000006d28000 	/System/Library/Frameworks/ImageIO.framework/Versions/A/Resources/libRadiance.dylib
0x0000000006d28000 	/System/Library/Frameworks/CoreVideo.framework/Versions/A/CoreVideo
0x0000000006d28000 	/System/Library/Frameworks/OpenGL.framework/Versions/A/Libraries/libGLU.dylib
0x0000000006d28000 	/System/Library/Frameworks/OpenGL.framework/Versions/A/Libraries/libGFXShared.dylib
0x0000000006d28000 	/System/Library/Frameworks/OpenGL.framework/Versions/A/Libraries/libGL.dylib
0x0000000006d28000 	/System/Library/Frameworks/OpenGL.framework/Versions/A/Libraries/libGLImage.dylib
0x0000000006d28000 	/System/Library/Frameworks/OpenGL.framework/Versions/A/Libraries/libCVMSPluginSupport.dylib
0x0000000006d28000 	/System/Library/Frameworks/OpenGL.framework/Versions/A/Libraries/libCoreVMClient.dylib
0x0000000006d28000 	/usr/lib/libcups.2.dylib
0x0000000006d28000 	/System/Library/Frameworks/Kerberos.framework/Versions/A/Kerberos
0x0000000006d28000 	/System/Library/Frameworks/GSS.framework/Versions/A/GSS
0x0000000006d28000 	/usr/lib/libresolv.9.dylib
0x0000000006d28000 	/usr/lib/libiconv.2.dylib
0x0000000006d28000 	/System/Library/PrivateFrameworks/Heimdal.framework/Versions/A/Heimdal
0x0000000006d28000 	/usr/lib/libheimdal-asn1.dylib
0x0000000006d28000 	/System/Library/Frameworks/OpenDirectory.framework/Versions/A/OpenDirectory
0x0000000006d28000 	/System/Library/PrivateFrameworks/CommonAuth.framework/Versions/A/CommonAuth
0x0000000006d28000 	/System/Library/Frameworks/OpenDirectory.framework/Versions/A/Frameworks/CFOpenDirectory.framework/Versions/A/CFOpenDirectory
0x0000000006d28000 	/System/Library/Frameworks/SecurityFoundation.framework/Versions/A/SecurityFoundation
0x0000000006d28000 	/System/Library/PrivateFrameworks/LanguageModeling.framework/Versions/A/LanguageModeling
0x0000000006d28000 	/usr/lib/libcmph.dylib
0x0000000006d28000 	/System/Library/Frameworks/ServiceManagement.framework/Versions/A/ServiceManagement
0x0000000006d28000 	/usr/lib/libxslt.1.dylib
0x0000000006d28000 	/System/Library/Frameworks/Carbon.framework/Versions/A/Frameworks/Ink.framework/Versions/A/Ink
0x0000000006d28000 	/System/Library/Frameworks/QuartzCore.framework/Versions/A/Frameworks/CoreImage.framework/Versions/A/CoreImage
0x0000000006d28000 	/System/Library/PrivateFrameworks/CrashReporterSupport.framework/Versions/A/CrashReporterSupport
0x0000000006d28000 	/System/Library/Frameworks/OpenCL.framework/Versions/A/OpenCL
0x0000000006d28000 	/System/Library/PrivateFrameworks/FaceCore.framework/Versions/A/FaceCore
0x0000000006d28000 	/System/Library/PrivateFrameworks/Ubiquity.framework/Versions/A/Ubiquity
0x0000000006d28000 	/System/Library/PrivateFrameworks/IconServices.framework/Versions/A/IconServices
0x0000000006d28000 	/System/Library/PrivateFrameworks/ChunkingLibrary.framework/Versions/A/ChunkingLibrary
0x0000000006d28000 	/System/Library/PrivateFrameworks/Apple80211.framework/Versions/A/Apple80211
0x0000000006d28000 	/System/Library/Frameworks/CoreWLAN.framework/Versions/A/CoreWLAN
0x0000000006d28000 	/System/Library/Frameworks/IOBluetooth.framework/Versions/A/IOBluetooth
0x0000000006d28000 	/System/Library/PrivateFrameworks/CoreWiFi.framework/Versions/A/CoreWiFi
0x0000000006d28000 	/System/Library/Frameworks/CoreBluetooth.framework/Versions/A/CoreBluetooth
0x0000000006d28000 	/System/Library/PrivateFrameworks/DebugSymbols.framework/Versions/A/DebugSymbols
0x0000000006d28000 	/System/Library/PrivateFrameworks/CoreSymbolication.framework/Versions/A/CoreSymbolication
0x0000000006d28000 	/System/Library/PrivateFrameworks/Symbolication.framework/Versions/A/Symbolication
0x0000000006d28000 	/System/Library/PrivateFrameworks/SpeechRecognitionCore.framework/Versions/A/SpeechRecognitionCore
0x0000000108600000 	/Library/Java/JavaVirtualMachines/jdk1.8.0_102.jdk/Contents/Home/jre/lib/server/libjvm.dylib
0x0000000006d28000 	/usr/lib/libstdc++.6.dylib
0x0000000107d98000 	/Library/Java/JavaVirtualMachines/jdk1.8.0_102.jdk/Contents/Home/jre/lib/libverify.dylib
0x0000000107da6000 	/Library/Java/JavaVirtualMachines/jdk1.8.0_102.jdk/Contents/Home/jre/lib/libjava.dylib
0x0000000107de5000 	/Library/Java/JavaVirtualMachines/jdk1.8.0_102.jdk/Contents/Home/jre/lib/libzip.dylib
0x000000011d0fe000 	/System/Library/Frameworks/JavaVM.framework/Frameworks/JavaRuntimeSupport.framework/JavaRuntimeSupport
0x000000011d119000 	/System/Library/Frameworks/JavaVM.framework/Versions/A/Frameworks/JavaNativeFoundation.framework/Versions/A/JavaNativeFoundation
0x0000000107def000 	/System/Library/Frameworks/JavaVM.framework/Versions/A/JavaVM
0x0000000006d28000 	/System/Library/Frameworks/Carbon.framework/Versions/A/Carbon
0x000000011d12e000 	/System/Library/PrivateFrameworks/JavaLaunching.framework/Versions/A/JavaLaunching
0x0000000006d28000 	/System/Library/Frameworks/Carbon.framework/Versions/A/Frameworks/CommonPanels.framework/Versions/A/CommonPanels
0x0000000006d28000 	/System/Library/Frameworks/Carbon.framework/Versions/A/Frameworks/Help.framework/Versions/A/Help
0x0000000006d28000 	/System/Library/Frameworks/Carbon.framework/Versions/A/Frameworks/ImageCapture.framework/Versions/A/ImageCapture
0x0000000006d28000 	/System/Library/Frameworks/Carbon.framework/Versions/A/Frameworks/OpenScripting.framework/Versions/A/OpenScripting
0x0000000006d28000 	/System/Library/Frameworks/Carbon.framework/Versions/A/Frameworks/Print.framework/Versions/A/Print
0x0000000006d28000 	/System/Library/Frameworks/Carbon.framework/Versions/A/Frameworks/SecurityHI.framework/Versions/A/SecurityHI
0x000000011f076000 	/Library/Java/JavaVirtualMachines/jdk1.8.0_102.jdk/Contents/Home/jre/lib/libawt.dylib
0x000000011f11e000 	/Library/Java/JavaVirtualMachines/jdk1.8.0_102.jdk/Contents/Home/jre/lib/./libmlib_image.dylib
0x000000011f1ea000 	/Library/Java/JavaVirtualMachines/jdk1.8.0_102.jdk/Contents/Home/jre/lib/libawt_lwawt.dylib
0x000000011f29f000 	/Library/Java/JavaVirtualMachines/jdk1.8.0_102.jdk/Contents/Home/jre/lib/./libosxapp.dylib
0x0000000006d28000 	/System/Library/Frameworks/ExceptionHandling.framework/Versions/A/ExceptionHandling
0x0000000006d28000 	/System/Library/PrivateFrameworks/CoreServicesInternal.framework/Versions/A/CoreServicesInternal
0x0000000006d28000 	/System/Library/PrivateFrameworks/CloudDocs.framework/Versions/A/CloudDocs
0x0000000006d28000 	/System/Library/PrivateFrameworks/CoreDuet.framework/Versions/A/CoreDuet
0x0000000006d28000 	/System/Library/Frameworks/CloudKit.framework/Versions/A/CloudKit
0x0000000006d28000 	/System/Library/PrivateFrameworks/ProtocolBuffer.framework/Versions/A/ProtocolBuffer
0x0000000006d28000 	/System/Library/PrivateFrameworks/CoreDuetDaemonProtocol.framework/Versions/A/CoreDuetDaemonProtocol
0x0000000006d28000 	/System/Library/PrivateFrameworks/CoreDuetDebugLogging.framework/Versions/A/CoreDuetDebugLogging
0x0000000006d28000 	/System/Library/PrivateFrameworks/MMCS.framework/Versions/A/MMCS
0x0000000006d28000 	/System/Library/Frameworks/CoreLocation.framework/Versions/A/CoreLocation
0x0000000006d28000 	/System/Library/PrivateFrameworks/ProtectedCloudStorage.framework/Versions/A/ProtectedCloudStorage
0x0000000006d28000 	/System/Library/PrivateFrameworks/GeoServices.framework/Versions/A/GeoServices
0x0000000120af0000 	/System/Library/Frameworks/CoreGraphics.framework/Versions/A/Resources/libCGCMS.A.dylib
0x00000001215d3000 	/System/Library/Frameworks/CoreGraphics.framework/Versions/A/Resources/libRIP.A.dylib
0x000000012184e000 	/System/Library/Frameworks/CoreGraphics.framework/Versions/A/Resources/libCGXType.A.dylib
0x0000000006d28000 	/System/Library/Frameworks/OpenCL.framework/Versions/A/Libraries/libcldcpuengine.dylib
0x0000000006d28000 	/System/Library/PrivateFrameworks/DiskImages.framework/Versions/A/DiskImages
0x0000000006d28000 	/System/Library/Frameworks/DiscRecording.framework/Versions/A/DiscRecording
0x0000000006d28000 	/usr/lib/libcsfde.dylib
0x0000000006d28000 	/usr/lib/libcurl.4.dylib
0x0000000006d28000 	/System/Library/PrivateFrameworks/MediaKit.framework/Versions/A/MediaKit
0x0000000006d28000 	/usr/lib/libCoreStorage.dylib
0x0000000006d28000 	/System/Library/PrivateFrameworks/EFILogin.framework/Versions/A/EFILogin
0x0000000006d28000 	/usr/lib/libutil.dylib
0x0000000006d28000 	/System/Library/PrivateFrameworks/FindMyDevice.framework/Versions/A/FindMyDevice
0x0000000006d28000 	/System/Library/Frameworks/LDAP.framework/Versions/A/LDAP
0x0000000006d28000 	/usr/lib/libsasl2.2.dylib
0x0000000006d28000 	/System/Library/PrivateFrameworks/CoreDaemon.framework/Versions/B/CoreDaemon
0x0000000006d28000 	/usr/lib/libcrypto.0.9.8.dylib
0x0000000006d28000 	/System/Library/PrivateFrameworks/AppleSRP.framework/Versions/A/AppleSRP
0x0000000006d28000 	/System/Library/PrivateFrameworks/TrustEvaluationAgent.framework/Versions/A/TrustEvaluationAgent
0x00000001222bf000 	cl_kernels
0x00000001222c1000 	/System/Library/Frameworks/OpenCL.framework/Versions/A/Libraries/ImageFormats/unorm8_bgra.dylib
0x00000001222b0000 	cl_kernels
0x0000000006d28000 	/System/Library/PrivateFrameworks/FamilyControls.framework/Versions/A/FamilyControls
0x0000000006d28000 	/System/Library/PrivateFrameworks/CommerceKit.framework/Versions/A/Frameworks/CommerceCore.framework/Versions/A/CommerceCore
0x0000000006d28000 	/System/Library/PrivateFrameworks/SystemAdministration.framework/Versions/A/SystemAdministration
0x0000000006d28000 	/System/Library/PrivateFrameworks/AppContainer.framework/Versions/A/AppContainer
0x0000000006d28000 	/System/Library/PrivateFrameworks/SecCodeWrapper.framework/Versions/A/SecCodeWrapper
0x0000000006d28000 	/System/Library/Frameworks/DirectoryService.framework/Versions/A/DirectoryService
0x0000000006d28000 	/System/Library/PrivateFrameworks/LoginUIKit.framework/Versions/A/Frameworks/LoginUICore.framework/Versions/A/LoginUICore
0x0000000006d28000 	/usr/lib/libodfde.dylib
0x0000000123487000 	/Library/Java/JavaVirtualMachines/jdk1.8.0_102.jdk/Contents/Home/jre/lib/libfontmanager.dylib
0x00000001234ee000 	/Users/EnemyBoss/Projects/Game/lib/jars/lwjgl_2.9.3/native/macosx/liblwjgl.dylib
0x00000001217e4000 	/Library/Java/JavaVirtualMachines/jdk1.8.0_102.jdk/Contents/Home/jre/lib/libjawt.dylib
0x0000000123570000 	/System/Library/Frameworks/OpenGL.framework/Resources/GLEngine.bundle/GLEngine
0x0000000006d28000 	/System/Library/Frameworks/OpenGL.framework/Versions/A/Libraries/libGLProgrammability.dylib
0x000000012375b000 	/System/Library/Extensions/AppleIntelBDWGraphicsGLDriver.bundle/Contents/MacOS/AppleIntelBDWGraphicsGLDriver
0x0000000006d28000 	/System/Library/PrivateFrameworks/IOAccelerator.framework/Versions/A/IOAccelerator
0x0000000006d28000 	/System/Library/PrivateFrameworks/GPUSupport.framework/Versions/A/Libraries/libGPUSupportMercury.dylib
0x0000000123e51000 	/System/Library/Frameworks/OpenGL.framework/Resources//GLRendererFloat.bundle/GLRendererFloat

VM Arguments:
jvm_args: -Djava.library.path=/Users/EnemyBoss/Projects/Game/lib/jars/lwjgl_2.9.3/native/macosx -Dfile.encoding=UTF-8 
java_command: data.Boot
java_class_path (initial): /Users/EnemyBoss/Projects/Game/GameTutorial/bin:/Users/EnemyBoss/Projects/Game/lib/jars/slick-util.jar:/Users/EnemyBoss/Projects/Game/lib/jars/lwjgl_2.9.3/jar/lwjgl_util.jar:/Users/EnemyBoss/Projects/Game/lib/jars/lwjgl_2.9.3/jar/lwjgl.jar
Launcher Type: SUN_STANDARD

Environment Variables:
PATH=/usr/bin:/bin:/usr/sbin:/sbin
SHELL=/bin/zsh

Signal Handlers:
SIGSEGV: [libjvm.dylib+0x57d451], sa_mask[0]=11111111011111110111111111111111, sa_flags=SA_ONSTACK|SA_RESTART|SA_SIGINFO
SIGBUS: [libjvm.dylib+0x57d451], sa_mask[0]=11111111011111110111111111111111, sa_flags=SA_RESTART|SA_SIGINFO
SIGFPE: [libjvm.dylib+0x45744c], sa_mask[0]=11111111011111110111111111111111, sa_flags=SA_RESTART|SA_SIGINFO
SIGPIPE: [libjvm.dylib+0x45744c], sa_mask[0]=11111111011111110111111111111111, sa_flags=SA_RESTART|SA_SIGINFO
SIGXFSZ: [libjvm.dylib+0x45744c], sa_mask[0]=11111111011111110111111111111111, sa_flags=SA_RESTART|SA_SIGINFO
SIGILL: [libjvm.dylib+0x45744c], sa_mask[0]=11111111011111110111111111111111, sa_flags=SA_RESTART|SA_SIGINFO
SIGUSR1: SIG_DFL, sa_mask[0]=00000000000000000000000000000000, sa_flags=none
SIGUSR2: [libjvm.dylib+0x456f6a], sa_mask[0]=00100000000000000000000000000000, sa_flags=SA_RESTART|SA_SIGINFO
SIGHUP: [libjvm.dylib+0x455541], sa_mask[0]=11111111011111110111111111111111, sa_flags=SA_RESTART|SA_SIGINFO
SIGINT: [libjvm.dylib+0x455541], sa_mask[0]=11111111011111110111111111111111, sa_flags=SA_RESTART|SA_SIGINFO
SIGTERM: [libjvm.dylib+0x455541], sa_mask[0]=11111111011111110111111111111111, sa_flags=SA_RESTART|SA_SIGINFO
SIGQUIT: [libjvm.dylib+0x455541], sa_mask[0]=11111111011111110111111111111111, sa_flags=SA_RESTART|SA_SIGINFO


---------------  S Y S T E M  ---------------

OS:Bsduname:Darwin 14.5.0 Darwin Kernel Version 14.5.0: Mon Aug 29 21:14:16 PDT 2016; root:xnu-2782.50.6~1/RELEASE_X86_64 x86_64
rlimit: STACK 8192k, CORE 0k, NPROC 709, NOFILE 10240, AS infinity
load average:1.93 2.01 1.89

CPU:total 4 (2 cores per cpu, 2 threads per core) family 6 model 61 stepping 4, cmov, cx8, fxsr, mmx, sse, sse2, sse3, ssse3, sse4.1, sse4.2, popcnt, avx, avx2, aes, clmul, erms, 3dnowpref, lzcnt, ht, tsc, tscinvbit, bmi1, bmi2, adx

Memory: 4k page, physical 4194304k(55868k free)

/proc/meminfo:


vm_info: Java HotSpot(TM) 64-Bit Server VM (25.102-b04) for bsd-amd64 JRE (1.8.0_102-ea-b04), built on Apr 25 2016 14:13:06 by "java_re" with gcc 4.2.1 (Based on Apple Inc. build 5658) (LLVM build 2336.11.00)

time: Fri Sep  9 12:10:19 2016
elapsed time: 15 seconds (0d 0h 0m 15s)

