#
# A fatal error has been detected by the Java Runtime Environment:
#
#  SIGSEGV (0xb) at pc=0x00007fff918330dd, pid=29844, tid=0x0000000000000713
#
# JRE version: Java(TM) SE Runtime Environment (8.0_102-b04) (build 1.8.0_102-ea-b04)
# Java VM: Java HotSpot(TM) 64-Bit Server VM (25.102-b04 mixed mode bsd-amd64 compressed oops)
# Problematic frame:
# C  [libobjc.A.dylib+0x10dd]  objc_msgSend+0x1d
#
# Failed to write core dump. Core dumps have been disabled. To enable core dumping, try "ulimit -c unlimited" before starting Java again
#
# If you would like to submit a bug report, please visit:
#   http://bugreport.java.com/bugreport/crash.jsp
# The crash happened outside the Java Virtual Machine in native code.
# See problematic frame for where to report the bug.
#

---------------  T H R E A D  ---------------

Current thread (0x00007fe02b155800):  JavaThread "AppKit Thread" daemon [_thread_in_native, id=1811, stack(0x00007fff51281000,0x00007fff51a81000)]

siginfo: si_signo: 11 (SIGSEGV), si_code: 1 (SEGV_MAPERR), si_addr: 0x0000000000000018

Registers:
RAX=0x00007fe02944df50, RBX=0x00007fff51a7ca48, RCX=0x0000000000000000, RDX=0x00007fe02945fec0
RSP=0x00007fff51a7c868, RBP=0x00007fff51a7c870, RSI=0x00007fff8ce6441e, RDI=0x00007fe02944df50
R8 =0x00007fff51a7c850, R9 =0x0000000000000055, R10=0x00007fff8ce6441e, R11=0x0000000000000000
R12=0x00007fe02940bf80, R13=0x00000000000f42f5, R14=0x00007fe0297801e0, R15=0x00007fff51a7c9a8
RIP=0x00007fff918330dd, EFLAGS=0x0000000000010246, ERR=0x0000000000000004
  TRAPNO=0x000000000000000e

Top of Stack: (sp=0x00007fff51a7c868)
0x00007fff51a7c868:   00007fff91f2c45c 00007fff51a7cbd0
0x00007fff51a7c878:   00007fff91e1c634 00007fff51a7c8fc
0x00007fff51a7c888:   00007fff51a7c900 00007fff51a7c904
0x00007fff51a7c898:   00007fff74280e00 ffffffffffffffff
0x00007fff51a7c8a8:   00000000000007f8 00007fff74280e18
0x00007fff51a7c8b8:   00007fe0297801e0 0000000000000000
0x00007fff51a7c8c8:   00007fff51a7c9a0 0000000000000000
0x00007fff51a7c8d8:   00007fe02977f800 00007fff51a7ca20
0x00007fff51a7c8e8:   0000000000000055 00000000000f42f7
0x00007fff51a7c8f8:   00007fe02945fec0 00007fe02977f2a0
0x00007fff51a7c908:   00007fe02940bf80 0000000000000001
0x00007fff51a7c918:   00000000000f42f5 00007fe02940bf70
0x00007fff51a7c928:   00007fff85919c05 0000000129673400
0x00007fff51a7c938:   00007fff750d70d0 0000000042000000
0x00007fff51a7c948:   00007fff85920e63 00007fff7424b240
0x00007fff51a7c958:   00007fff51a7ca28 00007fff51a7c980
0x00007fff51a7c968:   00007fff51a7c9a0 0000000000000000
0x00007fff51a7c978:   0000000000000000 000ad10300000001
0x00007fff51a7c988:   00007fe02940bfa4 0000000000000000
0x00007fff51a7c998:   0000000000000000 00007fe02977f880
0x00007fff51a7c9a8:   00007fe0297801e0 0000002000000000
0x00007fff51a7c9b8:   0000000000000000 00007fff750d70d0
0x00007fff51a7c9c8:   0000000042000000 00007fff859204f8
0x00007fff51a7c9d8:   00007fff7424b350 00007fff51a7c938
0x00007fff51a7c9e8:   0000000000000000 00007fff51a7cab8
0x00007fff51a7c9f8:   00007fff752e4ea0 00007fff51a7caf0
0x00007fff51a7ca08:   00007fff9384c770 00007fff51a7caa0
0x00007fff51a7ca18:   00007fff8c5984ed 0000000000000051
0x00007fff51a7ca28:   0000000000000000 00000000000f42e3
0x00007fff51a7ca38:   0000000000000053 0000000000000000
0x00007fff51a7ca48:   00000000000f42f5 00007fff51a7cac4
0x00007fff51a7ca58:   00000000003f0501 00000000ffffffff 

Instructions: (pc=0x00007fff918330dd)
0x00007fff918330bd:   00 00 00 48 85 ff 2e 74 7a 40 f6 c7 01 2e 75 7e
0x00007fff918330cd:   49 bb f8 ff ff ff ff 7f 00 00 4c 23 1f 49 89 f2
0x00007fff918330dd:   45 23 53 18 49 c1 e2 04 4d 03 53 10 49 3b 32 75
0x00007fff918330ed:   04 41 ff 62 08 49 83 3a 00 74 6a 4d 3b 53 10 74 

Register to memory mapping:

RAX=0x00007fe02944df50 is an unknown value
RBX=0x00007fff51a7ca48 is pointing into the stack for thread: 0x00007fe02b155800
RCX=0x0000000000000000 is an unknown value
RDX=0x00007fe02945fec0 is an unknown value
RSP=0x00007fff51a7c868 is pointing into the stack for thread: 0x00007fe02b155800
RBP=0x00007fff51a7c870 is pointing into the stack for thread: 0x00007fe02b155800
RSI=0x00007fff8ce6441e: -[NSTitlebarContainerView transparent]+0x5e312 in /System/Library/Frameworks/AppKit.framework/Versions/C/AppKit at 0x00007fff8c463000
RDI=0x00007fe02944df50 is an unknown value
R8 =0x00007fff51a7c850 is pointing into the stack for thread: 0x00007fe02b155800
R9 =0x0000000000000055 is an unknown value
R10=0x00007fff8ce6441e: -[NSTitlebarContainerView transparent]+0x5e312 in /System/Library/Frameworks/AppKit.framework/Versions/C/AppKit at 0x00007fff8c463000
R11=0x0000000000000000 is an unknown value
R12=0x00007fe02940bf80 is an unknown value
R13=0x00000000000f42f5 is an unknown value
R14=0x00007fe0297801e0 is an unknown value
R15=0x00007fff51a7c9a8 is pointing into the stack for thread: 0x00007fe02b155800


Stack: [0x00007fff51281000,0x00007fff51a81000],  sp=0x00007fff51a7c868,  free space=8174k
Native frames: (J=compiled Java code, j=interpreted, Vv=VM code, C=native code)
C  [libobjc.A.dylib+0x10dd]  objc_msgSend+0x1d
C  [CoreFoundation+0x10634]  _CFXNotificationPost+0xc44
C  [Foundation+0x7aa1]  -[NSNotificationCenter postNotificationName:object:userInfo:]+0x42
C  [AppKit+0x439c2]  -[NSSurface _disposeSurface]+0x98
C  [AppKit+0x43426]  -[NSSurface setWindow:]+0x42
C  [AppKit+0x33910]  -[NSView _setWindow:]+0xa33
C  [AppKit+0x6af91]  -[NSView removeFromSuperview]+0x1c5
C  [AppKit+0x14bd99]  -[NSView removeFromSuperviewWithoutNeedingDisplay]+0x26
C  [liblwjgl.dylib+0xa205]  +[MacOSXKeyableWindow destroyWindow]+0xb5
C  [Foundation+0x92dd0]  __NSThreadPerformPerform+0x125
C  [CoreFoundation+0x80a01]  __CFRUNLOOP_IS_CALLING_OUT_TO_A_SOURCE0_PERFORM_FUNCTION__+0x11
C  [CoreFoundation+0x72b8d]  __CFRunLoopDoSources0+0x10d
C  [CoreFoundation+0x721bf]  __CFRunLoopRun+0x39f
C  [CoreFoundation+0x71bd8]  CFRunLoopRunSpecific+0x128
C  [HIToolbox+0x3256f]  RunCurrentEventLoopInMode+0xeb
C  [HIToolbox+0x322ea]  ReceiveNextEventCommon+0x1af
C  [HIToolbox+0x3212b]  _BlockUntilNextEventMatchingListInModeWithFilter+0x47
C  [AppKit+0x918ab]  _DPSNextEvent+0x3d2
C  [AppKit+0x90e58]  -[NSApplication nextEventMatchingMask:untilDate:inMode:dequeue:]+0x15a
C  [libosxapp.dylib+0x23aa]  -[NSApplicationAWT nextEventMatchingMask:untilDate:inMode:dequeue:]+0x7c
C  [AppKit+0x86af3]  -[NSApplication run]+0x252
C  [libosxapp.dylib+0x214d]  +[NSApplicationAWT runAWTLoopWithApp:]+0x9c
C  [libawt_lwawt.dylib+0x444b3]  -[AWTStarter starter:]+0x389
C  [Foundation+0x92dd0]  __NSThreadPerformPerform+0x125
C  [CoreFoundation+0x80a01]  __CFRUNLOOP_IS_CALLING_OUT_TO_A_SOURCE0_PERFORM_FUNCTION__+0x11
C  [CoreFoundation+0x72b8d]  __CFRunLoopDoSources0+0x10d
C  [CoreFoundation+0x721bf]  __CFRunLoopRun+0x39f
C  [CoreFoundation+0x71bd8]  CFRunLoopRunSpecific+0x128
C  [java+0x6465]  CreateExecutionEnvironment+0x367
C  [java+0x218c]  JLI_Launch+0x7a0
C  [java+0x84c2]  main+0x65
C  [java+0x19e4]  start+0x34
C  0x0000000000000006


---------------  P R O C E S S  ---------------

Java Threads: ( => current thread )
  0x00007fe02b460000 JavaThread "AWT-Shutdown" [_thread_blocked, id=36903, stack(0x0000000126f8b000,0x000000012708b000)]
=>0x00007fe02b155800 JavaThread "AppKit Thread" daemon [_thread_in_native, id=1811, stack(0x00007fff51281000,0x00007fff51a81000)]
  0x00007fe02a83e000 JavaThread "Service Thread" daemon [_thread_blocked, id=18179, stack(0x000000012531d000,0x000000012541d000)]
  0x00007fe02a823000 JavaThread "C1 CompilerThread2" daemon [_thread_blocked, id=17667, stack(0x000000012521a000,0x000000012531a000)]
  0x00007fe029836800 JavaThread "C2 CompilerThread1" daemon [_thread_blocked, id=17155, stack(0x0000000125117000,0x0000000125217000)]
  0x00007fe02b02f800 JavaThread "C2 CompilerThread0" daemon [_thread_blocked, id=16643, stack(0x0000000125014000,0x0000000125114000)]
  0x00007fe02a806800 JavaThread "Signal Dispatcher" daemon [_thread_blocked, id=13335, stack(0x0000000124f11000,0x0000000125011000)]
  0x00007fe02b001000 JavaThread "Finalizer" daemon [_thread_blocked, id=11523, stack(0x00000001234fa000,0x00000001235fa000)]
  0x00007fe02a017000 JavaThread "Reference Handler" daemon [_thread_blocked, id=11011, stack(0x00000001233f7000,0x00000001234f7000)]
  0x00007fe02a809000 JavaThread "main" [_thread_in_native, id=4867, stack(0x000000010fa01000,0x000000010fb01000)]

Other Threads:
  0x00007fe02a811800 VMThread [stack: 0x00000001232f4000,0x00000001233f4000] [id=10499]
  0x00007fe02b02d800 WatcherThread [stack: 0x0000000125420000,0x0000000125520000] [id=18691]

VM state:not at safepoint (normal execution)

VM Mutex/Monitor currently owned by a thread: None

Heap:
 PSYoungGen      total 18944K, used 17364K [0x00000007aab00000, 0x00000007ac000000, 0x00000007c0000000)
  eden space 16384K, 95% used [0x00000007aab00000,0x00000007aba3d378,0x00000007abb00000)
  from space 2560K, 68% used [0x00000007abd80000,0x00000007abf38020,0x00000007ac000000)
  to   space 2560K, 0% used [0x00000007abb00000,0x00000007abb00000,0x00000007abd80000)
 ParOldGen       total 44032K, used 24K [0x0000000780000000, 0x0000000782b00000, 0x00000007aab00000)
  object space 44032K, 0% used [0x0000000780000000,0x0000000780006000,0x0000000782b00000)
 Metaspace       used 6877K, capacity 7067K, committed 7168K, reserved 1056768K
  class space    used 660K, capacity 728K, committed 768K, reserved 1048576K

Card table byte_map: [0x000000011eec3000,0x000000011f0c4000] byte_map_base: 0x000000011b2c3000

Marking Bits: (ParMarkBitMap*) 0x000000010eb0f610
 Begin Bits: [0x000000011f626000, 0x0000000120626000)
 End Bits:   [0x0000000120626000, 0x0000000121626000)

Polling page: 0x000000010f1c6000

CodeCache: size=245760Kb used=3857Kb max_used=3861Kb free=241902Kb
 bounds [0x000000010fb03000, 0x000000010fed3000, 0x000000011eb03000]
 total_blobs=1361 nmethods=989 adapters=287
 compilation: enabled

Compilation events (10 events):
Event: 54.604 Thread 0x00007fe02b02f800  985  s    4       org.lwjgl.opengl.EventQueue::copyEvents (77 bytes)
Event: 54.619 Thread 0x00007fe02b02f800 nmethod 985 0x000000010fec6150 code [0x000000010fec6320, 0x000000010fec6dd8]
Event: 60.302 Thread 0x00007fe02a823000  986   !   3       java.net.URLClassLoader::findClass (47 bytes)
Event: 60.302 Thread 0x00007fe02a823000 nmethod 986 0x000000010fec81d0 code [0x000000010fec8380, 0x000000010fec8958]
Event: 60.302 Thread 0x00007fe02a823000  987       3       java.net.URLClassLoader$1::<init> (15 bytes)
Event: 60.303 Thread 0x00007fe02a823000 nmethod 987 0x000000010fec5cd0 code [0x000000010fec5e40, 0x000000010fec6030]
Event: 60.303 Thread 0x00007fe02a823000  988  s    3       sun.misc.Resource::cachedInputStream (20 bytes)
Event: 60.303 Thread 0x00007fe02a823000 nmethod 988 0x000000010fec44d0 code [0x000000010fec4640, 0x000000010fec4a28]
Event: 60.303 Thread 0x00007fe02a823000  989       3       java.security.CodeSource::getCertificates (98 bytes)
Event: 60.304 Thread 0x00007fe02a823000 nmethod 989 0x000000010feca190 code [0x000000010feca3c0, 0x000000010fecafb8]

GC Heap History (4 events):
Event: 2.075 GC heap before
{Heap before GC invocations=1 (full 0):
 PSYoungGen      total 18944K, used 16384K [0x00000007aab00000, 0x00000007ac000000, 0x00000007c0000000)
  eden space 16384K, 100% used [0x00000007aab00000,0x00000007abb00000,0x00000007abb00000)
  from space 2560K, 0% used [0x00000007abd80000,0x00000007abd80000,0x00000007ac000000)
  to   space 2560K, 0% used [0x00000007abb00000,0x00000007abb00000,0x00000007abd80000)
 ParOldGen       total 44032K, used 0K [0x0000000780000000, 0x0000000782b00000, 0x00000007aab00000)
  object space 44032K, 0% used [0x0000000780000000,0x0000000780000000,0x0000000782b00000)
 Metaspace       used 6504K, capacity 6587K, committed 6912K, reserved 1056768K
  class space    used 644K, capacity 696K, committed 768K, reserved 1048576K
Event: 2.079 GC heap after
Heap after GC invocations=1 (full 0):
 PSYoungGen      total 18944K, used 2048K [0x00000007aab00000, 0x00000007ac000000, 0x00000007c0000000)
  eden space 16384K, 0% used [0x00000007aab00000,0x00000007aab00000,0x00000007abb00000)
  from space 2560K, 80% used [0x00000007abb00000,0x00000007abd00000,0x00000007abd80000)
  to   space 2560K, 0% used [0x00000007abd80000,0x00000007abd80000,0x00000007ac000000)
 ParOldGen       total 44032K, used 16K [0x0000000780000000, 0x0000000782b00000, 0x00000007aab00000)
  object space 44032K, 0% used [0x0000000780000000,0x0000000780004000,0x0000000782b00000)
 Metaspace       used 6504K, capacity 6587K, committed 6912K, reserved 1056768K
  class space    used 644K, capacity 696K, committed 768K, reserved 1048576K
}
Event: 21.593 GC heap before
{Heap before GC invocations=2 (full 0):
 PSYoungGen      total 18944K, used 18432K [0x00000007aab00000, 0x00000007ac000000, 0x00000007c0000000)
  eden space 16384K, 100% used [0x00000007aab00000,0x00000007abb00000,0x00000007abb00000)
  from space 2560K, 80% used [0x00000007abb00000,0x00000007abd00000,0x00000007abd80000)
  to   space 2560K, 0% used [0x00000007abd80000,0x00000007abd80000,0x00000007ac000000)
 ParOldGen       total 44032K, used 16K [0x0000000780000000, 0x0000000782b00000, 0x00000007aab00000)
  object space 44032K, 0% used [0x0000000780000000,0x0000000780004000,0x0000000782b00000)
 Metaspace       used 6769K, capacity 6939K, committed 7168K, reserved 1056768K
  class space    used 655K, capacity 728K, committed 768K, reserved 1048576K
Event: 21.600 GC heap after
Heap after GC invocations=2 (full 0):
 PSYoungGen      total 18944K, used 1760K [0x00000007aab00000, 0x00000007ac000000, 0x00000007c0000000)
  eden space 16384K, 0% used [0x00000007aab00000,0x00000007aab00000,0x00000007abb00000)
  from space 2560K, 68% used [0x00000007abd80000,0x00000007abf38020,0x00000007ac000000)
  to   space 2560K, 0% used [0x00000007abb00000,0x00000007abb00000,0x00000007abd80000)
 ParOldGen       total 44032K, used 24K [0x0000000780000000, 0x0000000782b00000, 0x00000007aab00000)
  object space 44032K, 0% used [0x0000000780000000,0x0000000780006000,0x0000000782b00000)
 Metaspace       used 6769K, capacity 6939K, committed 7168K, reserved 1056768K
  class space    used 655K, capacity 728K, committed 768K, reserved 1048576K
}

Deoptimization events (3 events):
Event: 0.760 Thread 0x00007fe02a809000 Uncommon trap: reason=unstable_if action=reinterpret pc=0x000000010fc9e19c method=java.lang.String.replace(CC)Ljava/lang/String; @ 26
Event: 5.152 Thread 0x00007fe02a809000 Uncommon trap: reason=unstable_if action=reinterpret pc=0x000000010fda8d80 method=org.newdawn.slick.opengl.TextureImpl.bind()V @ 4
Event: 5.158 Thread 0x00007fe02a809000 Uncommon trap: reason=unstable_if action=reinterpret pc=0x000000010fda46f4 method=org.newdawn.slick.opengl.TextureImpl.bind()V @ 4

Internal exceptions (10 events):
Event: 0.219 Thread 0x00007fe02a809000 Exception <a 'java/security/PrivilegedActionException'> (0x00000007aacc0da0) thrown at [/HUDSON3/workspace/8-2-build-macosx-x86_64/jdk8u102/6817.nc/hotspot/src/share/vm/prims/jvm.cpp, line 1386]
Event: 0.219 Thread 0x00007fe02a809000 Exception <a 'java/security/PrivilegedActionException'> (0x00000007aacc0fb0) thrown at [/HUDSON3/workspace/8-2-build-macosx-x86_64/jdk8u102/6817.nc/hotspot/src/share/vm/prims/jvm.cpp, line 1386]
Event: 0.220 Thread 0x00007fe02a809000 Exception <a 'java/security/PrivilegedActionException'> (0x00000007aacc3b98) thrown at [/HUDSON3/workspace/8-2-build-macosx-x86_64/jdk8u102/6817.nc/hotspot/src/share/vm/prims/jvm.cpp, line 1386]
Event: 0.220 Thread 0x00007fe02a809000 Exception <a 'java/security/PrivilegedActionException'> (0x00000007aacc3da8) thrown at [/HUDSON3/workspace/8-2-build-macosx-x86_64/jdk8u102/6817.nc/hotspot/src/share/vm/prims/jvm.cpp, line 1386]
Event: 0.220 Thread 0x00007fe02a809000 Exception <a 'java/security/PrivilegedActionException'> (0x00000007aacc4cd8) thrown at [/HUDSON3/workspace/8-2-build-macosx-x86_64/jdk8u102/6817.nc/hotspot/src/share/vm/prims/jvm.cpp, line 1386]
Event: 0.220 Thread 0x00007fe02a809000 Exception <a 'java/security/PrivilegedActionException'> (0x00000007aacc4ee8) thrown at [/HUDSON3/workspace/8-2-build-macosx-x86_64/jdk8u102/6817.nc/hotspot/src/share/vm/prims/jvm.cpp, line 1386]
Event: 0.281 Thread 0x00007fe02a809000 Exception <a 'java/lang/NoSuchFieldError': method resolution failed> (0x00000007aad93150) thrown at [/HUDSON3/workspace/8-2-build-macosx-x86_64/jdk8u102/6817.nc/hotspot/src/share/vm/prims/methodHandles.cpp, line 1146]
Event: 0.285 Thread 0x00007fe02a809000 Exception <a 'java/lang/NoSuchFieldError': method resolution failed> (0x00000007aada08a0) thrown at [/HUDSON3/workspace/8-2-build-macosx-x86_64/jdk8u102/6817.nc/hotspot/src/share/vm/prims/methodHandles.cpp, line 1146]
Event: 0.492 Thread 0x00007fe02a809000 Exception <a 'java/io/FileNotFoundException'> (0x00000007aae1b3a8) thrown at [/HUDSON3/workspace/8-2-build-macosx-x86_64/jdk8u102/6817.nc/hotspot/src/share/vm/prims/jni.cpp, line 709]
Event: 0.492 Thread 0x00007fe02a809000 Exception <a 'java/io/FileNotFoundException'> (0x00000007aae1bf30) thrown at [/HUDSON3/workspace/8-2-build-macosx-x86_64/jdk8u102/6817.nc/hotspot/src/share/vm/prims/jni.cpp, line 709]

Events (10 events):
Event: 53.057 Executing VM operation: RevokeBias
Event: 53.057 Executing VM operation: RevokeBias done
Event: 53.057 Thread 0x00007fe029a0d800 Thread exited: 0x00007fe029a0d800
Event: 55.498 Thread 0x00007fe02a1a8800 Thread added: 0x00007fe02a1a8800
Event: 58.950 Executing VM operation: RevokeBias
Event: 58.950 Executing VM operation: RevokeBias done
Event: 58.950 Thread 0x00007fe02a1a8800 Thread exited: 0x00007fe02a1a8800
Event: 60.168 Thread 0x00007fe02b460000 Thread added: 0x00007fe02b460000
Event: 60.302 loading class org/lwjgl/opengl/CallbackUtil
Event: 60.302 loading class org/lwjgl/opengl/CallbackUtil done


Dynamic libraries:
0x0000000003df7000 	/System/Library/Frameworks/Cocoa.framework/Versions/A/Cocoa
0x0000000003df7000 	/System/Library/Frameworks/Security.framework/Versions/A/Security
0x0000000003df7000 	/System/Library/Frameworks/ApplicationServices.framework/Versions/A/ApplicationServices
0x0000000003df7000 	/usr/lib/libz.1.dylib
0x0000000003df7000 	/usr/lib/libSystem.B.dylib
0x0000000003df7000 	/usr/lib/libobjc.A.dylib
0x0000000003df7000 	/System/Library/Frameworks/CoreFoundation.framework/Versions/A/CoreFoundation
0x0000000003df7000 	/System/Library/Frameworks/Foundation.framework/Versions/C/Foundation
0x0000000003df7000 	/System/Library/Frameworks/AppKit.framework/Versions/C/AppKit
0x0000000003df7000 	/System/Library/Frameworks/CoreData.framework/Versions/A/CoreData
0x0000000003df7000 	/System/Library/PrivateFrameworks/RemoteViewServices.framework/Versions/A/RemoteViewServices
0x0000000003df7000 	/System/Library/PrivateFrameworks/UIFoundation.framework/Versions/A/UIFoundation
0x0000000003df7000 	/System/Library/Frameworks/IOSurface.framework/Versions/A/IOSurface
0x0000000003df7000 	/System/Library/Frameworks/AudioToolbox.framework/Versions/A/AudioToolbox
0x0000000003df7000 	/System/Library/Frameworks/AudioUnit.framework/Versions/A/AudioUnit
0x0000000003df7000 	/System/Library/PrivateFrameworks/DataDetectorsCore.framework/Versions/A/DataDetectorsCore
0x0000000003df7000 	/System/Library/PrivateFrameworks/DesktopServicesPriv.framework/Versions/A/DesktopServicesPriv
0x0000000003df7000 	/System/Library/Frameworks/Carbon.framework/Versions/A/Frameworks/HIToolbox.framework/Versions/A/HIToolbox
0x0000000003df7000 	/System/Library/Frameworks/QuartzCore.framework/Versions/A/QuartzCore
0x0000000003df7000 	/System/Library/Frameworks/Carbon.framework/Versions/A/Frameworks/SpeechRecognition.framework/Versions/A/SpeechRecognition
0x0000000003df7000 	/usr/lib/libauto.dylib
0x0000000003df7000 	/usr/lib/libicucore.A.dylib
0x0000000003df7000 	/usr/lib/libxml2.2.dylib
0x0000000003df7000 	/System/Library/PrivateFrameworks/CoreUI.framework/Versions/A/CoreUI
0x0000000003df7000 	/System/Library/Frameworks/CoreAudio.framework/Versions/A/CoreAudio
0x0000000003df7000 	/System/Library/Frameworks/DiskArbitration.framework/Versions/A/DiskArbitration
0x0000000003df7000 	/usr/lib/liblangid.dylib
0x0000000003df7000 	/System/Library/PrivateFrameworks/MultitouchSupport.framework/Versions/A/MultitouchSupport
0x0000000003df7000 	/System/Library/Frameworks/IOKit.framework/Versions/A/IOKit
0x0000000003df7000 	/usr/lib/libDiagnosticMessagesClient.dylib
0x0000000003df7000 	/System/Library/Frameworks/CoreServices.framework/Versions/A/CoreServices
0x0000000003df7000 	/System/Library/PrivateFrameworks/PerformanceAnalysis.framework/Versions/A/PerformanceAnalysis
0x0000000003df7000 	/System/Library/PrivateFrameworks/GenerationalStorage.framework/Versions/A/GenerationalStorage
0x0000000003df7000 	/System/Library/Frameworks/OpenGL.framework/Versions/A/OpenGL
0x0000000003df7000 	/System/Library/PrivateFrameworks/Sharing.framework/Versions/A/Sharing
0x0000000003df7000 	/System/Library/Frameworks/CoreGraphics.framework/Versions/A/CoreGraphics
0x0000000003df7000 	/System/Library/Frameworks/CoreText.framework/Versions/A/CoreText
0x0000000003df7000 	/System/Library/Frameworks/ImageIO.framework/Versions/A/ImageIO
0x0000000003df7000 	/usr/lib/libextension.dylib
0x0000000003df7000 	/System/Library/PrivateFrameworks/Backup.framework/Versions/A/Backup
0x0000000003df7000 	/usr/lib/libarchive.2.dylib
0x0000000003df7000 	/System/Library/Frameworks/CFNetwork.framework/Versions/A/CFNetwork
0x0000000003df7000 	/System/Library/Frameworks/SystemConfiguration.framework/Versions/A/SystemConfiguration
0x0000000003df7000 	/usr/lib/libCRFSuite.dylib
0x0000000003df7000 	/usr/lib/libc++.1.dylib
0x0000000003df7000 	/usr/lib/libc++abi.dylib
0x0000000003df7000 	/usr/lib/system/libcache.dylib
0x0000000003df7000 	/usr/lib/system/libcommonCrypto.dylib
0x0000000003df7000 	/usr/lib/system/libcompiler_rt.dylib
0x0000000003df7000 	/usr/lib/system/libcopyfile.dylib
0x0000000003df7000 	/usr/lib/system/libcorecrypto.dylib
0x0000000003df7000 	/usr/lib/system/libdispatch.dylib
0x0000000003df7000 	/usr/lib/system/libdyld.dylib
0x0000000003df7000 	/usr/lib/system/libkeymgr.dylib
0x0000000003df7000 	/usr/lib/system/liblaunch.dylib
0x0000000003df7000 	/usr/lib/system/libmacho.dylib
0x0000000003df7000 	/usr/lib/system/libquarantine.dylib
0x0000000003df7000 	/usr/lib/system/libremovefile.dylib
0x0000000003df7000 	/usr/lib/system/libsystem_asl.dylib
0x0000000003df7000 	/usr/lib/system/libsystem_blocks.dylib
0x0000000003df7000 	/usr/lib/system/libsystem_c.dylib
0x0000000003df7000 	/usr/lib/system/libsystem_configuration.dylib
0x0000000003df7000 	/usr/lib/system/libsystem_coreservices.dylib
0x0000000003df7000 	/usr/lib/system/libsystem_coretls.dylib
0x0000000003df7000 	/usr/lib/system/libsystem_dnssd.dylib
0x0000000003df7000 	/usr/lib/system/libsystem_info.dylib
0x0000000003df7000 	/usr/lib/system/libsystem_kernel.dylib
0x0000000003df7000 	/usr/lib/system/libsystem_m.dylib
0x0000000003df7000 	/usr/lib/system/libsystem_malloc.dylib
0x0000000003df7000 	/usr/lib/system/libsystem_network.dylib
0x0000000003df7000 	/usr/lib/system/libsystem_networkextension.dylib
0x0000000003df7000 	/usr/lib/system/libsystem_notify.dylib
0x0000000003df7000 	/usr/lib/system/libsystem_platform.dylib
0x0000000003df7000 	/usr/lib/system/libsystem_pthread.dylib
0x0000000003df7000 	/usr/lib/system/libsystem_sandbox.dylib
0x0000000003df7000 	/usr/lib/system/libsystem_secinit.dylib
0x0000000003df7000 	/usr/lib/system/libsystem_stats.dylib
0x0000000003df7000 	/usr/lib/system/libsystem_trace.dylib
0x0000000003df7000 	/usr/lib/system/libunc.dylib
0x0000000003df7000 	/usr/lib/system/libunwind.dylib
0x0000000003df7000 	/usr/lib/system/libxpc.dylib
0x0000000003df7000 	/usr/lib/libbz2.1.0.dylib
0x0000000003df7000 	/usr/lib/liblzma.5.dylib
0x0000000003df7000 	/usr/lib/libbsm.0.dylib
0x0000000003df7000 	/usr/lib/libsqlite3.dylib
0x0000000003df7000 	/usr/lib/system/libkxld.dylib
0x0000000003df7000 	/usr/lib/libxar.1.dylib
0x0000000003df7000 	/usr/lib/libpam.2.dylib
0x0000000003df7000 	/usr/lib/libOpenScriptingUtil.dylib
0x0000000003df7000 	/System/Library/Frameworks/CoreServices.framework/Versions/A/Frameworks/FSEvents.framework/Versions/A/FSEvents
0x0000000003df7000 	/System/Library/Frameworks/CoreServices.framework/Versions/A/Frameworks/CarbonCore.framework/Versions/A/CarbonCore
0x0000000003df7000 	/System/Library/Frameworks/CoreServices.framework/Versions/A/Frameworks/Metadata.framework/Versions/A/Metadata
0x0000000003df7000 	/System/Library/Frameworks/CoreServices.framework/Versions/A/Frameworks/OSServices.framework/Versions/A/OSServices
0x0000000003df7000 	/System/Library/Frameworks/CoreServices.framework/Versions/A/Frameworks/SearchKit.framework/Versions/A/SearchKit
0x0000000003df7000 	/System/Library/Frameworks/CoreServices.framework/Versions/A/Frameworks/AE.framework/Versions/A/AE
0x0000000003df7000 	/System/Library/Frameworks/CoreServices.framework/Versions/A/Frameworks/LaunchServices.framework/Versions/A/LaunchServices
0x0000000003df7000 	/System/Library/Frameworks/CoreServices.framework/Versions/A/Frameworks/DictionaryServices.framework/Versions/A/DictionaryServices
0x0000000003df7000 	/System/Library/Frameworks/NetFS.framework/Versions/A/NetFS
0x0000000003df7000 	/System/Library/PrivateFrameworks/NetAuth.framework/Versions/A/NetAuth
0x0000000003df7000 	/System/Library/PrivateFrameworks/login.framework/Versions/A/Frameworks/loginsupport.framework/Versions/A/loginsupport
0x0000000003df7000 	/System/Library/PrivateFrameworks/TCC.framework/Versions/A/TCC
0x0000000003df7000 	/usr/lib/libmecabra.dylib
0x0000000003df7000 	/System/Library/Frameworks/ApplicationServices.framework/Versions/A/Frameworks/ATS.framework/Versions/A/ATS
0x0000000003df7000 	/System/Library/Frameworks/ApplicationServices.framework/Versions/A/Frameworks/ColorSync.framework/Versions/A/ColorSync
0x0000000003df7000 	/System/Library/Frameworks/ApplicationServices.framework/Versions/A/Frameworks/HIServices.framework/Versions/A/HIServices
0x0000000003df7000 	/System/Library/Frameworks/ApplicationServices.framework/Versions/A/Frameworks/LangAnalysis.framework/Versions/A/LangAnalysis
0x0000000003df7000 	/System/Library/Frameworks/ApplicationServices.framework/Versions/A/Frameworks/PrintCore.framework/Versions/A/PrintCore
0x0000000003df7000 	/System/Library/Frameworks/ApplicationServices.framework/Versions/A/Frameworks/QD.framework/Versions/A/QD
0x0000000003df7000 	/System/Library/Frameworks/ApplicationServices.framework/Versions/A/Frameworks/SpeechSynthesis.framework/Versions/A/SpeechSynthesis
0x0000000003df7000 	/System/Library/Frameworks/Accelerate.framework/Versions/A/Accelerate
0x0000000003df7000 	/System/Library/Frameworks/Accelerate.framework/Versions/A/Frameworks/vImage.framework/Versions/A/vImage
0x0000000003df7000 	/System/Library/Frameworks/Accelerate.framework/Versions/A/Frameworks/vecLib.framework/Versions/A/vecLib
0x0000000003df7000 	/System/Library/Frameworks/Accelerate.framework/Versions/A/Frameworks/vecLib.framework/Versions/A/libvDSP.dylib
0x0000000003df7000 	/System/Library/Frameworks/Accelerate.framework/Versions/A/Frameworks/vecLib.framework/Versions/A/libvMisc.dylib
0x0000000003df7000 	/System/Library/Frameworks/Accelerate.framework/Versions/A/Frameworks/vecLib.framework/Versions/A/libLAPACK.dylib
0x0000000003df7000 	/System/Library/Frameworks/Accelerate.framework/Versions/A/Frameworks/vecLib.framework/Versions/A/libBLAS.dylib
0x0000000003df7000 	/System/Library/Frameworks/Accelerate.framework/Versions/A/Frameworks/vecLib.framework/Versions/A/libLinearAlgebra.dylib
0x0000000003df7000 	/System/Library/Frameworks/ApplicationServices.framework/Versions/A/Frameworks/ATS.framework/Versions/A/Resources/libFontParser.dylib
0x0000000003df7000 	/System/Library/Frameworks/ApplicationServices.framework/Versions/A/Frameworks/ATS.framework/Versions/A/Resources/libFontRegistry.dylib
0x0000000003df7000 	/System/Library/PrivateFrameworks/AppleVPA.framework/Versions/A/AppleVPA
0x0000000003df7000 	/System/Library/PrivateFrameworks/AppleJPEG.framework/Versions/A/AppleJPEG
0x0000000003df7000 	/System/Library/Frameworks/ImageIO.framework/Versions/A/Resources/libJPEG.dylib
0x0000000003df7000 	/System/Library/Frameworks/ImageIO.framework/Versions/A/Resources/libTIFF.dylib
0x0000000003df7000 	/System/Library/Frameworks/ImageIO.framework/Versions/A/Resources/libPng.dylib
0x0000000003df7000 	/System/Library/Frameworks/ImageIO.framework/Versions/A/Resources/libGIF.dylib
0x0000000003df7000 	/System/Library/Frameworks/ImageIO.framework/Versions/A/Resources/libJP2.dylib
0x0000000003df7000 	/System/Library/Frameworks/ImageIO.framework/Versions/A/Resources/libRadiance.dylib
0x0000000003df7000 	/System/Library/Frameworks/CoreVideo.framework/Versions/A/CoreVideo
0x0000000003df7000 	/System/Library/Frameworks/OpenGL.framework/Versions/A/Libraries/libGLU.dylib
0x0000000003df7000 	/System/Library/Frameworks/OpenGL.framework/Versions/A/Libraries/libGFXShared.dylib
0x0000000003df7000 	/System/Library/Frameworks/OpenGL.framework/Versions/A/Libraries/libGL.dylib
0x0000000003df7000 	/System/Library/Frameworks/OpenGL.framework/Versions/A/Libraries/libGLImage.dylib
0x0000000003df7000 	/System/Library/Frameworks/OpenGL.framework/Versions/A/Libraries/libCVMSPluginSupport.dylib
0x0000000003df7000 	/System/Library/Frameworks/OpenGL.framework/Versions/A/Libraries/libCoreVMClient.dylib
0x0000000003df7000 	/usr/lib/libcups.2.dylib
0x0000000003df7000 	/System/Library/Frameworks/Kerberos.framework/Versions/A/Kerberos
0x0000000003df7000 	/System/Library/Frameworks/GSS.framework/Versions/A/GSS
0x0000000003df7000 	/usr/lib/libresolv.9.dylib
0x0000000003df7000 	/usr/lib/libiconv.2.dylib
0x0000000003df7000 	/System/Library/PrivateFrameworks/Heimdal.framework/Versions/A/Heimdal
0x0000000003df7000 	/usr/lib/libheimdal-asn1.dylib
0x0000000003df7000 	/System/Library/Frameworks/OpenDirectory.framework/Versions/A/OpenDirectory
0x0000000003df7000 	/System/Library/PrivateFrameworks/CommonAuth.framework/Versions/A/CommonAuth
0x0000000003df7000 	/System/Library/Frameworks/OpenDirectory.framework/Versions/A/Frameworks/CFOpenDirectory.framework/Versions/A/CFOpenDirectory
0x0000000003df7000 	/System/Library/Frameworks/SecurityFoundation.framework/Versions/A/SecurityFoundation
0x0000000003df7000 	/System/Library/PrivateFrameworks/LanguageModeling.framework/Versions/A/LanguageModeling
0x0000000003df7000 	/usr/lib/libcmph.dylib
0x0000000003df7000 	/System/Library/Frameworks/ServiceManagement.framework/Versions/A/ServiceManagement
0x0000000003df7000 	/usr/lib/libxslt.1.dylib
0x0000000003df7000 	/System/Library/Frameworks/Carbon.framework/Versions/A/Frameworks/Ink.framework/Versions/A/Ink
0x0000000003df7000 	/System/Library/Frameworks/QuartzCore.framework/Versions/A/Frameworks/CoreImage.framework/Versions/A/CoreImage
0x0000000003df7000 	/System/Library/PrivateFrameworks/CrashReporterSupport.framework/Versions/A/CrashReporterSupport
0x0000000003df7000 	/System/Library/Frameworks/OpenCL.framework/Versions/A/OpenCL
0x0000000003df7000 	/System/Library/PrivateFrameworks/FaceCore.framework/Versions/A/FaceCore
0x0000000003df7000 	/System/Library/PrivateFrameworks/Ubiquity.framework/Versions/A/Ubiquity
0x0000000003df7000 	/System/Library/PrivateFrameworks/IconServices.framework/Versions/A/IconServices
0x0000000003df7000 	/System/Library/PrivateFrameworks/ChunkingLibrary.framework/Versions/A/ChunkingLibrary
0x0000000003df7000 	/System/Library/PrivateFrameworks/Apple80211.framework/Versions/A/Apple80211
0x0000000003df7000 	/System/Library/Frameworks/CoreWLAN.framework/Versions/A/CoreWLAN
0x0000000003df7000 	/System/Library/Frameworks/IOBluetooth.framework/Versions/A/IOBluetooth
0x0000000003df7000 	/System/Library/PrivateFrameworks/CoreWiFi.framework/Versions/A/CoreWiFi
0x0000000003df7000 	/System/Library/Frameworks/CoreBluetooth.framework/Versions/A/CoreBluetooth
0x0000000003df7000 	/System/Library/PrivateFrameworks/DebugSymbols.framework/Versions/A/DebugSymbols
0x0000000003df7000 	/System/Library/PrivateFrameworks/CoreSymbolication.framework/Versions/A/CoreSymbolication
0x0000000003df7000 	/System/Library/PrivateFrameworks/Symbolication.framework/Versions/A/Symbolication
0x0000000003df7000 	/System/Library/PrivateFrameworks/SpeechRecognitionCore.framework/Versions/A/SpeechRecognitionCore
0x000000010e27e000 	/Library/Java/JavaVirtualMachines/jdk1.8.0_102.jdk/Contents/Home/jre/lib/server/libjvm.dylib
0x0000000003df7000 	/usr/lib/libstdc++.6.dylib
0x000000010f183000 	/Library/Java/JavaVirtualMachines/jdk1.8.0_102.jdk/Contents/Home/jre/lib/libverify.dylib
0x000000010f191000 	/Library/Java/JavaVirtualMachines/jdk1.8.0_102.jdk/Contents/Home/jre/lib/libjava.dylib
0x000000010f1d0000 	/Library/Java/JavaVirtualMachines/jdk1.8.0_102.jdk/Contents/Home/jre/lib/libzip.dylib
0x00000001235fc000 	/System/Library/Frameworks/JavaVM.framework/Frameworks/JavaRuntimeSupport.framework/JavaRuntimeSupport
0x0000000123617000 	/System/Library/Frameworks/JavaVM.framework/Versions/A/Frameworks/JavaNativeFoundation.framework/Versions/A/JavaNativeFoundation
0x000000010f1ee000 	/System/Library/Frameworks/JavaVM.framework/Versions/A/JavaVM
0x0000000003df7000 	/System/Library/Frameworks/Carbon.framework/Versions/A/Carbon
0x000000012362c000 	/System/Library/PrivateFrameworks/JavaLaunching.framework/Versions/A/JavaLaunching
0x0000000003df7000 	/System/Library/Frameworks/Carbon.framework/Versions/A/Frameworks/CommonPanels.framework/Versions/A/CommonPanels
0x0000000003df7000 	/System/Library/Frameworks/Carbon.framework/Versions/A/Frameworks/Help.framework/Versions/A/Help
0x0000000003df7000 	/System/Library/Frameworks/Carbon.framework/Versions/A/Frameworks/ImageCapture.framework/Versions/A/ImageCapture
0x0000000003df7000 	/System/Library/Frameworks/Carbon.framework/Versions/A/Frameworks/OpenScripting.framework/Versions/A/OpenScripting
0x0000000003df7000 	/System/Library/Frameworks/Carbon.framework/Versions/A/Frameworks/Print.framework/Versions/A/Print
0x0000000003df7000 	/System/Library/Frameworks/Carbon.framework/Versions/A/Frameworks/SecurityHI.framework/Versions/A/SecurityHI
0x0000000125573000 	/Library/Java/JavaVirtualMachines/jdk1.8.0_102.jdk/Contents/Home/jre/lib/libawt.dylib
0x000000012561b000 	/Library/Java/JavaVirtualMachines/jdk1.8.0_102.jdk/Contents/Home/jre/lib/./libmlib_image.dylib
0x00000001256e7000 	/Library/Java/JavaVirtualMachines/jdk1.8.0_102.jdk/Contents/Home/jre/lib/libawt_lwawt.dylib
0x000000012579c000 	/Library/Java/JavaVirtualMachines/jdk1.8.0_102.jdk/Contents/Home/jre/lib/./libosxapp.dylib
0x0000000003df7000 	/System/Library/Frameworks/ExceptionHandling.framework/Versions/A/ExceptionHandling
0x0000000003df7000 	/System/Library/PrivateFrameworks/CoreServicesInternal.framework/Versions/A/CoreServicesInternal
0x0000000003df7000 	/System/Library/PrivateFrameworks/CloudDocs.framework/Versions/A/CloudDocs
0x0000000003df7000 	/System/Library/PrivateFrameworks/CoreDuet.framework/Versions/A/CoreDuet
0x0000000003df7000 	/System/Library/Frameworks/CloudKit.framework/Versions/A/CloudKit
0x0000000003df7000 	/System/Library/PrivateFrameworks/ProtocolBuffer.framework/Versions/A/ProtocolBuffer
0x0000000003df7000 	/System/Library/PrivateFrameworks/CoreDuetDaemonProtocol.framework/Versions/A/CoreDuetDaemonProtocol
0x0000000003df7000 	/System/Library/PrivateFrameworks/CoreDuetDebugLogging.framework/Versions/A/CoreDuetDebugLogging
0x0000000003df7000 	/System/Library/PrivateFrameworks/MMCS.framework/Versions/A/MMCS
0x0000000003df7000 	/System/Library/Frameworks/CoreLocation.framework/Versions/A/CoreLocation
0x0000000003df7000 	/System/Library/PrivateFrameworks/ProtectedCloudStorage.framework/Versions/A/ProtectedCloudStorage
0x0000000003df7000 	/System/Library/PrivateFrameworks/GeoServices.framework/Versions/A/GeoServices
0x0000000003df7000 	/System/Library/Frameworks/CoreGraphics.framework/Versions/A/Resources/libCGCMS.A.dylib
0x0000000003df7000 	/System/Library/Frameworks/CoreGraphics.framework/Versions/A/Resources/libRIP.A.dylib
0x0000000003df7000 	/System/Library/Frameworks/CoreGraphics.framework/Versions/A/Resources/libCGXType.A.dylib
0x0000000003df7000 	/System/Library/Frameworks/OpenCL.framework/Versions/A/Libraries/libcldcpuengine.dylib
0x0000000003df7000 	/System/Library/PrivateFrameworks/DiskImages.framework/Versions/A/DiskImages
0x0000000003df7000 	/System/Library/Frameworks/DiscRecording.framework/Versions/A/DiscRecording
0x0000000003df7000 	/usr/lib/libcsfde.dylib
0x0000000003df7000 	/usr/lib/libcurl.4.dylib
0x0000000003df7000 	/System/Library/PrivateFrameworks/MediaKit.framework/Versions/A/MediaKit
0x0000000003df7000 	/usr/lib/libCoreStorage.dylib
0x0000000003df7000 	/System/Library/PrivateFrameworks/EFILogin.framework/Versions/A/EFILogin
0x0000000003df7000 	/usr/lib/libutil.dylib
0x0000000003df7000 	/System/Library/PrivateFrameworks/FindMyDevice.framework/Versions/A/FindMyDevice
0x0000000003df7000 	/System/Library/Frameworks/LDAP.framework/Versions/A/LDAP
0x0000000003df7000 	/usr/lib/libsasl2.2.dylib
0x0000000003df7000 	/System/Library/PrivateFrameworks/CoreDaemon.framework/Versions/B/CoreDaemon
0x0000000003df7000 	/usr/lib/libcrypto.0.9.8.dylib
0x0000000003df7000 	/System/Library/PrivateFrameworks/AppleSRP.framework/Versions/A/AppleSRP
0x0000000003df7000 	/System/Library/PrivateFrameworks/TrustEvaluationAgent.framework/Versions/A/TrustEvaluationAgent
0x00000001286eb000 	cl_kernels
0x00000001286ed000 	/System/Library/Frameworks/OpenCL.framework/Versions/A/Libraries/ImageFormats/unorm8_bgra.dylib
0x00000001286dc000 	cl_kernels
0x0000000003df7000 	/System/Library/PrivateFrameworks/FamilyControls.framework/Versions/A/FamilyControls
0x0000000003df7000 	/System/Library/PrivateFrameworks/CommerceKit.framework/Versions/A/Frameworks/CommerceCore.framework/Versions/A/CommerceCore
0x0000000003df7000 	/System/Library/PrivateFrameworks/SystemAdministration.framework/Versions/A/SystemAdministration
0x0000000003df7000 	/System/Library/PrivateFrameworks/AppContainer.framework/Versions/A/AppContainer
0x0000000003df7000 	/System/Library/PrivateFrameworks/SecCodeWrapper.framework/Versions/A/SecCodeWrapper
0x0000000003df7000 	/System/Library/Frameworks/DirectoryService.framework/Versions/A/DirectoryService
0x0000000003df7000 	/System/Library/PrivateFrameworks/LoginUIKit.framework/Versions/A/Frameworks/LoginUICore.framework/Versions/A/LoginUICore
0x0000000003df7000 	/usr/lib/libodfde.dylib
0x00000001298b3000 	/Library/Java/JavaVirtualMachines/jdk1.8.0_102.jdk/Contents/Home/jre/lib/libfontmanager.dylib
0x000000012991a000 	/Users/EnemyBoss/Projects/Game/lib/jars/lwjgl_2.9.3/native/macosx/liblwjgl.dylib
0x0000000127c37000 	/Library/Java/JavaVirtualMachines/jdk1.8.0_102.jdk/Contents/Home/jre/lib/libjawt.dylib
0x0000000003df7000 	/System/Library/Frameworks/OpenGL.framework/Versions/A/Resources/GLEngine.bundle/GLEngine
0x0000000003df7000 	/System/Library/Frameworks/OpenGL.framework/Versions/A/Libraries/libGLProgrammability.dylib
0x000000012999c000 	/System/Library/Extensions/AppleIntelBDWGraphicsGLDriver.bundle/Contents/MacOS/AppleIntelBDWGraphicsGLDriver
0x0000000003df7000 	/System/Library/PrivateFrameworks/IOAccelerator.framework/Versions/A/IOAccelerator
0x0000000003df7000 	/System/Library/PrivateFrameworks/GPUSupport.framework/Versions/A/Libraries/libGPUSupportMercury.dylib
0x0000000003df7000 	/System/Library/Frameworks/OpenGL.framework/Versions/A/Resources/GLRendererFloat.bundle/GLRendererFloat

VM Arguments:
jvm_args: -Djava.library.path=/Users/EnemyBoss/Projects/Game/lib/jars/lwjgl_2.9.3/native/macosx -Dfile.encoding=UTF-8 
java_command: data.Boot
java_class_path (initial): /Users/EnemyBoss/Projects/Game/GameTutorial/bin:/Users/EnemyBoss/Projects/Game/lib/jars/slick-util.jar:/Users/EnemyBoss/Projects/Game/lib/jars/lwjgl_2.9.3/jar/lwjgl_util.jar:/Users/EnemyBoss/Projects/Game/lib/jars/lwjgl_2.9.3/jar/lwjgl.jar
Launcher Type: SUN_STANDARD

Environment Variables:
PATH=/usr/bin:/bin:/usr/sbin:/sbin
SHELL=/bin/zsh

Signal Handlers:
SIGSEGV: [libjvm.dylib+0x57d451], sa_mask[0]=11111111011111110111111111111111, sa_flags=SA_ONSTACK|SA_RESTART|SA_SIGINFO
SIGBUS: [libjvm.dylib+0x57d451], sa_mask[0]=11111111011111110111111111111111, sa_flags=SA_RESTART|SA_SIGINFO
SIGFPE: [libjvm.dylib+0x45744c], sa_mask[0]=11111111011111110111111111111111, sa_flags=SA_RESTART|SA_SIGINFO
SIGPIPE: [libjvm.dylib+0x45744c], sa_mask[0]=11111111011111110111111111111111, sa_flags=SA_RESTART|SA_SIGINFO
SIGXFSZ: [libjvm.dylib+0x45744c], sa_mask[0]=11111111011111110111111111111111, sa_flags=SA_RESTART|SA_SIGINFO
SIGILL: [libjvm.dylib+0x45744c], sa_mask[0]=11111111011111110111111111111111, sa_flags=SA_RESTART|SA_SIGINFO
SIGUSR1: SIG_DFL, sa_mask[0]=00000000000000000000000000000000, sa_flags=none
SIGUSR2: [libjvm.dylib+0x456f6a], sa_mask[0]=00100000000000000000000000000000, sa_flags=SA_RESTART|SA_SIGINFO
SIGHUP: [libjvm.dylib+0x455541], sa_mask[0]=11111111011111110111111111111111, sa_flags=SA_RESTART|SA_SIGINFO
SIGINT: [libjvm.dylib+0x455541], sa_mask[0]=11111111011111110111111111111111, sa_flags=SA_RESTART|SA_SIGINFO
SIGTERM: [libjvm.dylib+0x455541], sa_mask[0]=11111111011111110111111111111111, sa_flags=SA_RESTART|SA_SIGINFO
SIGQUIT: [libjvm.dylib+0x455541], sa_mask[0]=11111111011111110111111111111111, sa_flags=SA_RESTART|SA_SIGINFO


---------------  S Y S T E M  ---------------

OS:Bsduname:Darwin 14.5.0 Darwin Kernel Version 14.5.0: Mon Aug 29 21:14:16 PDT 2016; root:xnu-2782.50.6~1/RELEASE_X86_64 x86_64
rlimit: STACK 8192k, CORE 0k, NPROC 709, NOFILE 10240, AS infinity
load average:1.82 1.84 1.70

CPU:total 4 (2 cores per cpu, 2 threads per core) family 6 model 61 stepping 4, cmov, cx8, fxsr, mmx, sse, sse2, sse3, ssse3, sse4.1, sse4.2, popcnt, avx, avx2, aes, clmul, erms, 3dnowpref, lzcnt, ht, tsc, tscinvbit, bmi1, bmi2, adx

Memory: 4k page, physical 4194304k(63704k free)

/proc/meminfo:


vm_info: Java HotSpot(TM) 64-Bit Server VM (25.102-b04) for bsd-amd64 JRE (1.8.0_102-ea-b04), built on Apr 25 2016 14:13:06 by "java_re" with gcc 4.2.1 (Based on Apple Inc. build 5658) (LLVM build 2336.11.00)

time: Thu Sep 29 13:41:18 2016
elapsed time: 60 seconds (0d 0h 1m 0s)

